<?xml version="1.0" ?>
<XML><RUNS><RUN DATE="2006-03-15" ID="00071" PLATFORM="win32" TYPE="re-test"><FILE NAME="assoc.py" RESULT="OK"/><FILE NAME="ensemble.py" RESULT="OK"/><FILE NAME="ensemble2.py" RESULT="OK"/><FILE NAME="ensemble3.py" RESULT="OK"/><FILE NAME="fss1.py" RESULT="OK"/><FILE NAME="fss2.py" RESULT="OK"/><FILE NAME="fss3.py" RESULT="OK"/><FILE NAME="fss4.py" RESULT="OK"/><FILE NAME="fss5.py" RESULT="OK"/><FILE NAME="fss6.py" RESULT="OK"/><FILE NAME="fss7.py" RESULT="OK"/><FILE NAME="mds1.py" RESULT="OK"/><FILE NAME="misc_bestOnTheFly.py" RESULT="OK"/><FILE NAME="test.py" RESULT="OK"/><FILE NAME="tree1.py" RESULT="OK"/><FILE NAME="tree2.py" RESULT="OK"/><FILE NAME="tree3.py" RESULT="OK"/><FILE NAME="tree4.py" RESULT="OK"/><FILE NAME="tree5.py" RESULT="OK"/><FILE NAME="tree6.py" RESULT="OK"/><FILE NAME="tree7.py" RESULT="OK"/><FILE NAME="tree8.py" RESULT="OK"/><FILE NAME="tree9.py" RESULT="OK"/><FILE NAME="accuracy.py" RESULT="OK"/><FILE NAME="accuracy2.py" RESULT="OK"/><FILE NAME="accuracy3.py" RESULT="OK"/><FILE NAME="accuracy4.py" RESULT="OK"/><FILE NAME="accuracy5.py" RESULT="OK"/><FILE NAME="accuracy6.py" RESULT="OK"/><FILE NAME="accuracy7.py" RESULT="OK"/><FILE NAME="assoc1.py" RESULT="OK"/><FILE NAME="assoc2.py" RESULT="OK"/><FILE NAME="assoc3.py" RESULT="OK"/><FILE NAME="bagging.py" RESULT="OK"/><FILE NAME="bagging_test.py" RESULT="OK"/><FILE NAME="bayes.py" RESULT="OK"/><FILE NAME="bayes_test.py" RESULT="OK"/><FILE NAME="classifier.py" RESULT="OK"/><FILE NAME="classifier2.py" RESULT="OK"/><FILE NAME="data_characteristics.py" RESULT="OK"/><FILE NAME="data_characteristics2.py" RESULT="OK"/><FILE NAME="data_characteristics3.py" RESULT="OK"/><FILE NAME="data_characteristics4.py" RESULT="OK"/><FILE NAME="disc.py" RESULT="OK"/><FILE NAME="disc1.py" RESULT="OK"/><FILE NAME="disc2.py" RESULT="OK"/><FILE NAME="disc3.py" RESULT="OK"/><FILE NAME="disc4.py" RESULT="OK"/><FILE NAME="disc5.py" RESULT="OK"/><FILE NAME="disc6.py" RESULT="OK"/><FILE NAME="domain1.py" RESULT="OK"/><FILE NAME="domain10.py" RESULT="OK"/><FILE NAME="domain11.py" RESULT="OK"/><FILE NAME="domain12.py" RESULT="OK"/><FILE NAME="domain13.py" RESULT="OK"/><FILE NAME="domain2.py" RESULT="OK"/><FILE NAME="domain3.py" RESULT="OK"/><FILE NAME="domain4.py" RESULT="OK"/><FILE NAME="domain5.py" RESULT="OK"/><FILE NAME="domain6.py" RESULT="OK"/><FILE NAME="domain7.py" RESULT="OK"/><FILE NAME="domain8.py" RESULT="OK"/><FILE NAME="domain9.py" RESULT="OK"/><FILE NAME="ensemble2.py" RESULT="OK"/><FILE NAME="ensemble3.py" RESULT="OK"/><FILE NAME="handful.py" RESULT="OK"/><FILE NAME="lenses.py" RESULT="OK"/><FILE NAME="nbdisc.py" RESULT="OK"/><FILE NAME="nbdisc_test.py" RESULT="OK"/><FILE NAME="regression1.py" RESULT="OK"/><FILE NAME="regression2.py" RESULT="OK"/><FILE NAME="regression3.py" RESULT="OK"/><FILE NAME="report_missing.py" RESULT="OK"/><FILE NAME="roc.py" RESULT="OK"/><FILE NAME="sample_adult.py" RESULT="OK"/><FILE NAME="tree.py" RESULT="OK"/><FILE NAME="tree_print.py" RESULT="OK"/><FILE NAME="ClassifierByExampleTable.py" RESULT="OK"/><FILE NAME="ClassifierByLookupTable.py" RESULT="OK"/><FILE NAME="CostMatrix.py" RESULT="OK"/><FILE NAME="MeasureAttribute1.py" RESULT="OK"/><FILE NAME="MeasureAttribute1a.py" RESULT="OK"/><FILE NAME="MeasureAttribute1b.py" RESULT="OK"/><FILE NAME="MeasureAttribute2.py" RESULT="OK"/><FILE NAME="MeasureAttribute3.py" RESULT="OK"/><FILE NAME="RandomClassifier.py" RESULT="OK"/><FILE NAME="assoc-agrawal.py" RESULT="OK"/><FILE NAME="assoc-rule.py" RESULT="OK"/><FILE NAME="assoc.py" RESULT="OK"/><FILE NAME="basicattrstat.py" RESULT="OK"/><FILE NAME="basket.py" RESULT="OK"/><FILE NAME="c45.py" RESULT="OK"/><FILE NAME="cb-classifier.py" RESULT="OK"/><FILE NAME="cb-descender.py" RESULT="OK"/><FILE NAME="cb-filter.py" RESULT="OK"/><FILE NAME="cb-learner.py" RESULT="OK"/><FILE NAME="cb-measureattribute.py" RESULT="OK"/><FILE NAME="cb-mydomain.py" RESULT="OK"/><FILE NAME="cb-splitconstructor.py" RESULT="OK"/><FILE NAME="cb-stopcriteria.py" RESULT="OK"/><FILE NAME="classifierFromVar.py" RESULT="OK"/><FILE NAME="contingency1.py" RESULT="OK"/><FILE NAME="contingency2.py" RESULT="OK"/><FILE NAME="contingency3.py" RESULT="OK"/><FILE NAME="contingency4.py" RESULT="OK"/><FILE NAME="contingency5.py" RESULT="OK"/><FILE NAME="contingency6.py" RESULT="OK"/><FILE NAME="contingency7.py" RESULT="OK"/><FILE NAME="contingency8.py" RESULT="OK"/><FILE NAME="discretization.py" RESULT="OK"/><FILE NAME="distributions.py" RESULT="OK"/><FILE NAME="domain1.py" RESULT="OK"/><FILE NAME="domain2.py" RESULT="OK"/><FILE NAME="domainDepot.py" RESULT="OK"/><FILE NAME="example.py" RESULT="OK"/><FILE NAME="example2.py" RESULT="OK"/><FILE NAME="example3.py" RESULT="OK"/><FILE NAME="example_merge.py" RESULT="OK"/><FILE NAME="examplesdistance-missing.py" RESULT="OK"/><FILE NAME="examplesdistance.py" RESULT="OK"/><FILE NAME="exampletable1.py" RESULT="OK"/><FILE NAME="exampletable2.py" RESULT="OK"/><FILE NAME="exampletable3.py" RESULT="OK"/><FILE NAME="exampletable4.py" RESULT="OK"/><FILE NAME="exampletable5.py" RESULT="OK"/><FILE NAME="exampletable_merge.py" RESULT="OK"/><FILE NAME="filter.py" RESULT="OK"/><FILE NAME="filters.py" RESULT="OK"/><FILE NAME="filterv.py" RESULT="OK"/><FILE NAME="findnearest.py" RESULT="OK"/><FILE NAME="graph.py" RESULT="OK"/><FILE NAME="graph_obj.py" RESULT="OK"/><FILE NAME="hclust.py" RESULT="OK"/><FILE NAME="hclust_art.py" RESULT="OK"/><FILE NAME="imputation.py" RESULT="OK"/><FILE NAME="knnlearner.py" RESULT="OK"/><FILE NAME="majority.py" RESULT="OK"/><FILE NAME="output.py" RESULT="OK"/><FILE NAME="pp-attributes.py" RESULT="OK"/><FILE NAME="pp-censoring.py" RESULT="OK"/><FILE NAME="pp-discretization.py" RESULT="OK"/><FILE NAME="pp-duplicates.py" RESULT="OK"/><FILE NAME="pp-missing.py" RESULT="OK"/><FILE NAME="pp-noise.py" RESULT="OK"/><FILE NAME="pp-select.py" RESULT="OK"/><FILE NAME="pp-weights.py" RESULT="OK"/><FILE NAME="pythonvariable1.py" RESULT="OK"/><FILE NAME="pythonvariable2a.py" RESULT="OK"/><FILE NAME="pythonvariable2b.py" RESULT="OK"/><FILE NAME="pythonvariable2c.py" RESULT="OK"/><FILE NAME="pythonvariable2d.py" RESULT="OK"/><FILE NAME="randomindices2.py" RESULT="OK"/><FILE NAME="randomindicescv.py" RESULT="OK"/><FILE NAME="randomindicesn.py" RESULT="OK"/><FILE NAME="subsetsgenerators.py" RESULT="OK"/><FILE NAME="symmatrix.py" RESULT="OK"/><FILE NAME="testRulelearner.py" RESULT="OK"/><FILE NAME="transformvalue-d2c.py" RESULT="OK"/><FILE NAME="transformvalue-domain.py" RESULT="OK"/><FILE NAME="transformvalue-miv.py" RESULT="OK"/><FILE NAME="transformvalue-nc.py" RESULT="OK"/><FILE NAME="transformvalue-o2c.py" RESULT="OK"/><FILE NAME="treelearner.py" RESULT="OK"/><FILE NAME="treestructure.py" RESULT="OK"/><FILE NAME="undefineds.py" RESULT="OK"/><FILE NAME="unusedValues.py" RESULT="OK"/><FILE NAME="values.py" RESULT="OK"/><FILE NAME="variable.py" RESULT="OK"/><FILE NAME="variable2.py" RESULT="OK"/></RUN><RUN DATE="2006-03-15" ID="00070" PLATFORM="win32" TYPE="update"><FILE NAME="misc_bestOnTheFly.py" RESULT="OK"/><FILE NAME="ensemble3.py" RESULT="changed"/></RUN><RUN DATE="2006-03-14" ID="00069" PLATFORM="win32" TYPE="update"><FILE NAME="ensemble3.py" RESULT="changed"/><FILE NAME="pp-missing.py" RESULT="OK"/><FILE NAME="pp-noise.py" RESULT="OK"/><FILE NAME="testRulelearner.py" RESULT="OK"/></RUN><RUN DATE="2006-03-14" ID="00068" PLATFORM="win32" TYPE="re-test"><FILE NAME="assoc.py" RESULT="OK"/><FILE NAME="ensemble.py" RESULT="OK"/><FILE NAME="ensemble2.py" RESULT="OK"/><FILE NAME="ensemble3.py" RESULT="OK"/><FILE NAME="fss1.py" RESULT="OK"/><FILE NAME="fss2.py" RESULT="OK"/><FILE NAME="fss3.py" RESULT="OK"/><FILE NAME="fss4.py" RESULT="OK"/><FILE NAME="fss5.py" RESULT="OK"/><FILE NAME="fss6.py" RESULT="OK"/><FILE NAME="fss7.py" RESULT="OK"/><FILE NAME="mds1.py" RESULT="OK"/><FILE NAME="test.py" RESULT="OK"/><FILE NAME="tree1.py" RESULT="OK"/><FILE NAME="tree2.py" RESULT="OK"/><FILE NAME="tree3.py" RESULT="OK"/><FILE NAME="tree4.py" RESULT="OK"/><FILE NAME="tree5.py" RESULT="OK"/><FILE NAME="tree6.py" RESULT="OK"/><FILE NAME="tree7.py" RESULT="OK"/><FILE NAME="tree8.py" RESULT="OK"/><FILE NAME="tree9.py" RESULT="OK"/><FILE NAME="accuracy.py" RESULT="OK"/><FILE NAME="accuracy2.py" RESULT="OK"/><FILE NAME="accuracy3.py" RESULT="OK"/><FILE NAME="accuracy4.py" RESULT="OK"/><FILE NAME="accuracy5.py" RESULT="OK"/><FILE NAME="accuracy6.py" RESULT="OK"/><FILE NAME="accuracy7.py" RESULT="OK"/><FILE NAME="assoc1.py" RESULT="OK"/><FILE NAME="assoc2.py" RESULT="OK"/><FILE NAME="assoc3.py" RESULT="OK"/><FILE NAME="bagging.py" RESULT="OK"/><FILE NAME="bagging_test.py" RESULT="OK"/><FILE NAME="bayes.py" RESULT="OK"/><FILE NAME="bayes_test.py" RESULT="OK"/><FILE NAME="classifier.py" RESULT="OK"/><FILE NAME="classifier2.py" RESULT="OK"/><FILE NAME="data_characteristics.py" RESULT="OK"/><FILE NAME="data_characteristics2.py" RESULT="OK"/><FILE NAME="data_characteristics3.py" RESULT="OK"/><FILE NAME="data_characteristics4.py" RESULT="OK"/><FILE NAME="disc.py" RESULT="OK"/><FILE NAME="disc1.py" RESULT="OK"/><FILE NAME="disc2.py" RESULT="OK"/><FILE NAME="disc3.py" RESULT="OK"/><FILE NAME="disc4.py" RESULT="OK"/><FILE NAME="disc5.py" RESULT="OK"/><FILE NAME="disc6.py" RESULT="OK"/><FILE NAME="domain1.py" RESULT="OK"/><FILE NAME="domain10.py" RESULT="OK"/><FILE NAME="domain11.py" RESULT="OK"/><FILE NAME="domain12.py" RESULT="OK"/><FILE NAME="domain13.py" RESULT="OK"/><FILE NAME="domain2.py" RESULT="OK"/><FILE NAME="domain3.py" RESULT="OK"/><FILE NAME="domain4.py" RESULT="OK"/><FILE NAME="domain5.py" RESULT="OK"/><FILE NAME="domain6.py" RESULT="OK"/><FILE NAME="domain7.py" RESULT="OK"/><FILE NAME="domain8.py" RESULT="OK"/><FILE NAME="domain9.py" RESULT="OK"/><FILE NAME="ensemble2.py" RESULT="OK"/><FILE NAME="ensemble3.py" RESULT="changed"/><FILE NAME="handful.py" RESULT="OK"/><FILE NAME="lenses.py" RESULT="OK"/><FILE NAME="nbdisc.py" RESULT="OK"/><FILE NAME="nbdisc_test.py" RESULT="OK"/><FILE NAME="regression1.py" RESULT="OK"/><FILE NAME="regression2.py" RESULT="OK"/><FILE NAME="regression3.py" RESULT="OK"/><FILE NAME="report_missing.py" RESULT="OK"/><FILE NAME="roc.py" RESULT="OK"/><FILE NAME="sample_adult.py" RESULT="OK"/><FILE NAME="tree.py" RESULT="OK"/><FILE NAME="tree_print.py" RESULT="OK"/><FILE NAME="ClassifierByExampleTable.py" RESULT="OK"/><FILE NAME="ClassifierByLookupTable.py" RESULT="OK"/><FILE NAME="CostMatrix.py" RESULT="OK"/><FILE NAME="MeasureAttribute1.py" RESULT="OK"/><FILE NAME="MeasureAttribute1a.py" RESULT="OK"/><FILE NAME="MeasureAttribute1b.py" RESULT="OK"/><FILE NAME="MeasureAttribute2.py" RESULT="OK"/><FILE NAME="MeasureAttribute3.py" RESULT="OK"/><FILE NAME="RandomClassifier.py" RESULT="OK"/><FILE NAME="assoc-agrawal.py" RESULT="OK"/><FILE NAME="assoc-rule.py" RESULT="OK"/><FILE NAME="assoc.py" RESULT="OK"/><FILE NAME="basicattrstat.py" RESULT="OK"/><FILE NAME="basket.py" RESULT="OK"/><FILE NAME="c45.py" RESULT="OK"/><FILE NAME="cb-classifier.py" RESULT="OK"/><FILE NAME="cb-descender.py" RESULT="OK"/><FILE NAME="cb-filter.py" RESULT="OK"/><FILE NAME="cb-learner.py" RESULT="OK"/><FILE NAME="cb-measureattribute.py" RESULT="OK"/><FILE NAME="cb-mydomain.py" RESULT="OK"/><FILE NAME="cb-splitconstructor.py" RESULT="OK"/><FILE NAME="cb-stopcriteria.py" RESULT="OK"/><FILE NAME="classifierFromVar.py" RESULT="OK"/><FILE NAME="contingency1.py" RESULT="OK"/><FILE NAME="contingency2.py" RESULT="OK"/><FILE NAME="contingency3.py" RESULT="OK"/><FILE NAME="contingency4.py" RESULT="OK"/><FILE NAME="contingency5.py" RESULT="OK"/><FILE NAME="contingency6.py" RESULT="OK"/><FILE NAME="contingency7.py" RESULT="OK"/><FILE NAME="contingency8.py" RESULT="OK"/><FILE NAME="discretization.py" RESULT="OK"/><FILE NAME="distributions.py" RESULT="OK"/><FILE NAME="domain1.py" RESULT="OK"/><FILE NAME="domain2.py" RESULT="OK"/><FILE NAME="domainDepot.py" RESULT="OK"/><FILE NAME="example.py" RESULT="OK"/><FILE NAME="example2.py" RESULT="OK"/><FILE NAME="example3.py" RESULT="OK"/><FILE NAME="example_merge.py" RESULT="OK"/><FILE NAME="examplesdistance-missing.py" RESULT="OK"/><FILE NAME="examplesdistance.py" RESULT="OK"/><FILE NAME="exampletable1.py" RESULT="OK"/><FILE NAME="exampletable2.py" RESULT="OK"/><FILE NAME="exampletable3.py" RESULT="OK"/><FILE NAME="exampletable4.py" RESULT="OK"/><FILE NAME="exampletable5.py" RESULT="OK"/><FILE NAME="exampletable_merge.py" RESULT="OK"/><FILE NAME="filter.py" RESULT="OK"/><FILE NAME="filters.py" RESULT="OK"/><FILE NAME="filterv.py" RESULT="OK"/><FILE NAME="findnearest.py" RESULT="OK"/><FILE NAME="graph.py" RESULT="OK"/><FILE NAME="graph_obj.py" RESULT="OK"/><FILE NAME="hclust.py" RESULT="OK"/><FILE NAME="hclust_art.py" RESULT="OK"/><FILE NAME="imputation.py" RESULT="OK"/><FILE NAME="knnlearner.py" RESULT="OK"/><FILE NAME="majority.py" RESULT="OK"/><FILE NAME="output.py" RESULT="OK"/><FILE NAME="pp-attributes.py" RESULT="OK"/><FILE NAME="pp-censoring.py" RESULT="OK"/><FILE NAME="pp-discretization.py" RESULT="OK"/><FILE NAME="pp-duplicates.py" RESULT="OK"/><FILE NAME="pp-missing.py" RESULT="changed"/><FILE NAME="pp-noise.py" RESULT="changed"/><FILE NAME="pp-select.py" RESULT="OK"/><FILE NAME="pp-weights.py" RESULT="OK"/><FILE NAME="pythonvariable1.py" RESULT="OK"/><FILE NAME="pythonvariable2a.py" RESULT="OK"/><FILE NAME="pythonvariable2b.py" RESULT="OK"/><FILE NAME="pythonvariable2c.py" RESULT="OK"/><FILE NAME="pythonvariable2d.py" RESULT="OK"/><FILE NAME="randomindices2.py" RESULT="OK"/><FILE NAME="randomindicescv.py" RESULT="OK"/><FILE NAME="randomindicesn.py" RESULT="OK"/><FILE NAME="subsetsgenerators.py" RESULT="OK"/><FILE NAME="symmatrix.py" RESULT="OK"/><FILE NAME="testRulelearner.py" RESULT="changed"/><FILE NAME="transformvalue-d2c.py" RESULT="OK"/><FILE NAME="transformvalue-domain.py" RESULT="OK"/><FILE NAME="transformvalue-miv.py" RESULT="OK"/><FILE NAME="transformvalue-nc.py" RESULT="OK"/><FILE NAME="transformvalue-o2c.py" RESULT="OK"/><FILE NAME="treelearner.py" RESULT="OK"/><FILE NAME="treestructure.py" RESULT="OK"/><FILE NAME="undefineds.py" RESULT="OK"/><FILE NAME="unusedValues.py" RESULT="OK"/><FILE NAME="values.py" RESULT="OK"/><FILE NAME="variable.py" RESULT="OK"/><FILE NAME="variable2.py" RESULT="OK"/></RUN><RUN DATE="2006-03-14" ID="00067" PLATFORM="win32" TYPE="re-test"><FILE NAME="assoc.py" RESULT="OK"/><FILE NAME="ensemble.py" RESULT="OK"/><FILE NAME="ensemble2.py" RESULT="OK"/><FILE NAME="ensemble3.py" RESULT="OK"/><FILE NAME="fss1.py" RESULT="OK"/><FILE NAME="fss2.py" RESULT="OK"/><FILE NAME="fss3.py" RESULT="OK"/><FILE NAME="fss4.py" RESULT="OK"/><FILE NAME="fss5.py" RESULT="OK"/><FILE NAME="fss6.py" RESULT="OK"/><FILE NAME="fss7.py" RESULT="OK"/><FILE NAME="mds1.py" RESULT="OK"/></RUN><RUN DATE="2006-03-14" ID="00066" PLATFORM="win32" TYPE="update"><FILE NAME="ensemble3.py" RESULT="changed"/></RUN><RUN DATE="2006-03-13" ID="00065" PLATFORM="win32" TYPE="update"><FILE NAME="ensemble3.py" RESULT="changed"/><FILE NAME="pp-missing.py" RESULT="OK"/><FILE NAME="pp-noise.py" RESULT="OK"/><FILE NAME="pythonvariable1.py" RESULT="OK"/></RUN><RUN DATE="2006-03-13" ID="00064" PLATFORM="win32" TYPE="update"><FILE NAME="ensemble3.py" RESULT="changed"/><FILE NAME="pp-missing.py" RESULT="changed"/><FILE NAME="pp-noise.py" RESULT="changed"/><FILE NAME="pythonvariable1.py" RESULT="changed"/><FILE NAME="testRulelearner.py" RESULT="OK"/></RUN><RUN DATE="2006-03-13" ID="00063" PLATFORM="win32" TYPE="update"><FILE NAME="ensemble3.py" RESULT="OK"/><FILE NAME="ensemble3.py" RESULT="changed"/><FILE NAME="exampletable4.py" RESULT="OK"/><FILE NAME="exampletable5.py" RESULT="OK"/><FILE NAME="imputation.py" RESULT="OK"/><FILE NAME="pp-missing.py" RESULT="changed"/><FILE NAME="pp-noise.py" RESULT="changed"/><FILE NAME="pythonvariable1.py" RESULT="changed"/></RUN><RUN DATE="2006-03-12" ID="00062" PLATFORM="win32" TYPE="update"><FILE NAME="ensemble3.py" RESULT="changed"/><FILE NAME="ensemble3.py" RESULT="changed"/><FILE NAME="exampletable4.py" RESULT="changed"/><FILE NAME="exampletable5.py" RESULT=""/><FILE NAME="imputation.py" RESULT="changed"/></RUN><RUN DATE="2006-03-12" ID="00061" PLATFORM="win32" TYPE="update"><FILE NAME="ensemble.py" RESULT="OK"/><FILE ITERATION="0" NAME="ensemble3.py" RESULT="error" xml:space="preserve">Traceback (most recent call last):
  File &quot;C:/D/ai/Orange/regressionTests/xtest1.py&quot;, line 92, in ?
    execfile(t__name)
  File &quot;ensemble3.py&quot;, line 17, in ?
    tree.split = orngEnsemble.SplitConstructor_AttributeSubset(tree.split, 3)
  File &quot;c:\d\ai\orange\orngEnsemble.py&quot;, line 149, in __init__
    sefl.rand.seed(0)
NameError: global name 'sefl' is not defined
</FILE><FILE NAME="bayes_test.py" RESULT="OK"/><FILE NAME="ensemble3.py" RESULT="changed"/><FILE NAME="MeasureAttribute1.py" RESULT="OK"/><FILE NAME="exampletable4.py" RESULT="changed"/><FILE NAME="exampletable5.py" RESULT=""/><FILE NAME="imputation.py" RESULT="changed"/><FILE NAME="pp-missing.py" RESULT="changed"/><FILE NAME="pp-noise.py" RESULT="changed"/><FILE NAME="pythonvariable1.py" RESULT="changed"/></RUN><RUN DATE="2006-03-12" ID="00060" PLATFORM="win32" TYPE="update"><FILE NAME="ensemble.py" RESULT="changed"/><FILE NAME="ensemble3.py" RESULT="random"/><FILE NAME="accuracy3.py" RESULT="OK"/><FILE NAME="bayes_test.py" RESULT="changed"/><FILE NAME="ensemble3.py" RESULT="changed"/><FILE NAME="MeasureAttribute1.py" RESULT=""/><FILE NAME="exampletable4.py" RESULT="changed"/><FILE NAME="exampletable5.py" RESULT=""/><FILE NAME="imputation.py" RESULT="changed"/><FILE NAME="pp-missing.py" RESULT="changed"/><FILE NAME="pp-noise.py" RESULT="changed"/><FILE NAME="pythonvariable1.py" RESULT="changed"/><FILE NAME="testRulelearner.py" RESULT=""/></RUN><RUN DATE="2006-03-10" ID="00059" PLATFORM="win32" TYPE="update"><FILE NAME="ensemble.py" RESULT="changed"/><FILE NAME="ensemble3.py" RESULT="random"/><FILE NAME="accuracy2.py" RESULT="OK"/><FILE NAME="accuracy3.py" RESULT="changed"/><FILE NAME="accuracy4.py" RESULT="OK"/><FILE NAME="accuracy5.py" RESULT="OK"/><FILE NAME="accuracy6.py" RESULT="OK"/><FILE NAME="bagging_test.py" RESULT="OK"/><FILE NAME="bayes_test.py" RESULT="changed"/><FILE NAME="ensemble3.py" RESULT="changed"/><FILE NAME="MeasureAttribute1.py" RESULT=""/><FILE NAME="exampletable4.py" RESULT="changed"/><FILE NAME="exampletable5.py" RESULT=""/><FILE NAME="imputation.py" RESULT="changed"/><FILE NAME="pp-missing.py" RESULT="changed"/><FILE NAME="pp-noise.py" RESULT="changed"/><FILE NAME="pythonvariable1.py" RESULT="changed"/><FILE NAME="testRulelearner.py" RESULT=""/></RUN><RUN DATE="2006-03-10" ID="00058" PLATFORM="win32" TYPE="re-test"><FILE NAME="assoc.py" RESULT="OK"/><FILE NAME="ensemble.py" RESULT="changed"/><FILE NAME="ensemble2.py" RESULT="OK"/><FILE NAME="ensemble3.py" RESULT="random"/><FILE NAME="fss1.py" RESULT="OK"/><FILE NAME="fss2.py" RESULT="OK"/><FILE NAME="fss3.py" RESULT="OK"/><FILE NAME="fss4.py" RESULT="OK"/><FILE NAME="fss5.py" RESULT="OK"/><FILE NAME="fss6.py" RESULT="OK"/><FILE NAME="fss7.py" RESULT="OK"/><FILE NAME="mds1.py" RESULT="OK"/><FILE NAME="test.py" RESULT="OK"/><FILE NAME="tree1.py" RESULT="OK"/><FILE NAME="tree2.py" RESULT="OK"/><FILE NAME="tree3.py" RESULT="OK"/><FILE NAME="tree4.py" RESULT="OK"/><FILE NAME="tree5.py" RESULT="OK"/><FILE NAME="tree6.py" RESULT="OK"/><FILE NAME="tree7.py" RESULT="OK"/><FILE NAME="tree8.py" RESULT="OK"/><FILE NAME="tree9.py" RESULT="OK"/><FILE NAME="accuracy.py" RESULT="OK"/><FILE ITERATION="0" NAME="accuracy2.py" RESULT="error" xml:space="preserve">Traceback (most recent call last):
  File &quot;C:/D/ai/Orange/regressionTests/xtest1.py&quot;, line 92, in ?
    execfile(t__name)
  File &quot;accuracy2.py&quot;, line 27, in ?
    acc = accuracy(data, classifiers)
  File &quot;accuracy2.py&quot;, line 12, in accuracy
    if classifiers[i](ex) == ex.getclass():
TypeError: Value.compare: can't compare values of different types
</FILE><FILE ITERATION="0" NAME="accuracy3.py" RESULT="error" xml:space="preserve">Traceback (most recent call last):
  File &quot;C:/D/ai/Orange/regressionTests/xtest1.py&quot;, line 92, in ?
    execfile(t__name)
  File &quot;accuracy3.py&quot;, line 32, in ?
    acc = accuracy(test_data, classifiers)
  File &quot;accuracy3.py&quot;, line 13, in accuracy
    if classifiers[i](ex) == ex.getclass():
TypeError: Value.compare: can't compare values of different types
</FILE><FILE ITERATION="0" NAME="accuracy4.py" RESULT="error" xml:space="preserve">Traceback (most recent call last):
  File &quot;C:/D/ai/Orange/regressionTests/xtest1.py&quot;, line 92, in ?
    execfile(t__name)
  File &quot;accuracy4.py&quot;, line 49, in ?
    acc = test_rnd_sampling(data, learners)
  File &quot;accuracy4.py&quot;, line 30, in test_rnd_sampling
    acc1 = accuracy(test_data, classifiers)
  File &quot;accuracy4.py&quot;, line 15, in accuracy
    if classifiers[i](ex) == ex.getclass():
TypeError: Value.compare: can't compare values of different types
</FILE><FILE ITERATION="0" NAME="accuracy5.py" RESULT="error" xml:space="preserve">Traceback (most recent call last):
  File &quot;C:/D/ai/Orange/regressionTests/xtest1.py&quot;, line 92, in ?
    execfile(t__name)
  File &quot;accuracy5.py&quot;, line 48, in ?
    acc = cross_validation(data, learners, k=10)
  File &quot;accuracy5.py&quot;, line 29, in cross_validation
    acc1 = accuracy(test_data, classifiers)
  File &quot;accuracy5.py&quot;, line 14, in accuracy
    if classifiers[i](ex) == ex.getclass():
TypeError: Value.compare: can't compare values of different types
</FILE><FILE ITERATION="0" NAME="accuracy6.py" RESULT="error" xml:space="preserve">Traceback (most recent call last):
  File &quot;C:/D/ai/Orange/regressionTests/xtest1.py&quot;, line 92, in ?
    execfile(t__name)
  File &quot;accuracy6.py&quot;, line 37, in ?
    acc = leave_one_out(data, learners)
  File &quot;accuracy6.py&quot;, line 19, in leave_one_out
    if classifier(data[i]) == data[i].getclass():
TypeError: Value.compare: can't compare values of different types
</FILE><FILE NAME="accuracy7.py" RESULT="OK"/><FILE NAME="assoc1.py" RESULT="OK"/><FILE NAME="assoc2.py" RESULT="OK"/><FILE NAME="assoc3.py" RESULT="OK"/><FILE NAME="bagging.py" RESULT="OK"/><FILE NAME="bagging_test.py" RESULT="changed"/><FILE NAME="bayes.py" RESULT="OK"/><FILE NAME="bayes_test.py" RESULT="changed"/><FILE NAME="classifier.py" RESULT="OK"/><FILE NAME="classifier2.py" RESULT="OK"/><FILE NAME="data_characteristics.py" RESULT="OK"/><FILE NAME="data_characteristics2.py" RESULT="OK"/><FILE NAME="data_characteristics3.py" RESULT="OK"/><FILE NAME="data_characteristics4.py" RESULT="OK"/><FILE NAME="disc.py" RESULT="OK"/><FILE NAME="disc1.py" RESULT="OK"/><FILE NAME="disc2.py" RESULT="OK"/><FILE NAME="disc3.py" RESULT="OK"/><FILE NAME="disc4.py" RESULT="OK"/><FILE NAME="disc5.py" RESULT="OK"/><FILE NAME="disc6.py" RESULT="OK"/><FILE NAME="domain1.py" RESULT="OK"/><FILE NAME="domain10.py" RESULT="OK"/><FILE NAME="domain11.py" RESULT="OK"/><FILE NAME="domain12.py" RESULT="OK"/><FILE NAME="domain13.py" RESULT="OK"/><FILE NAME="domain2.py" RESULT="OK"/><FILE NAME="domain3.py" RESULT="OK"/><FILE NAME="domain4.py" RESULT="OK"/><FILE NAME="domain5.py" RESULT="OK"/><FILE NAME="domain6.py" RESULT="OK"/><FILE NAME="domain7.py" RESULT="OK"/><FILE NAME="domain8.py" RESULT="OK"/><FILE NAME="domain9.py" RESULT="OK"/><FILE NAME="ensemble2.py" RESULT="OK"/><FILE NAME="ensemble3.py" RESULT="changed"/><FILE NAME="handful.py" RESULT="OK"/><FILE NAME="lenses.py" RESULT="OK"/><FILE NAME="nbdisc.py" RESULT="OK"/><FILE NAME="nbdisc_test.py" RESULT="OK"/><FILE NAME="regression1.py" RESULT="OK"/><FILE NAME="regression2.py" RESULT="OK"/><FILE NAME="regression3.py" RESULT="OK"/><FILE NAME="report_missing.py" RESULT="OK"/><FILE NAME="roc.py" RESULT="OK"/><FILE NAME="sample_adult.py" RESULT="OK"/><FILE NAME="tree.py" RESULT="OK"/><FILE NAME="tree_print.py" RESULT="OK"/><FILE NAME="ClassifierByExampleTable.py" RESULT="OK"/><FILE NAME="ClassifierByLookupTable.py" RESULT="OK"/><FILE NAME="CostMatrix.py" RESULT="OK"/><FILE NAME="MeasureAttribute1.py" RESULT=""/><FILE NAME="MeasureAttribute1a.py" RESULT="OK"/><FILE NAME="MeasureAttribute1b.py" RESULT="OK"/><FILE NAME="MeasureAttribute2.py" RESULT="OK"/><FILE NAME="MeasureAttribute3.py" RESULT="OK"/><FILE NAME="RandomClassifier.py" RESULT="OK"/><FILE NAME="assoc-agrawal.py" RESULT="OK"/><FILE NAME="assoc-rule.py" RESULT="OK"/><FILE NAME="assoc.py" RESULT="OK"/><FILE NAME="basicattrstat.py" RESULT="OK"/><FILE NAME="basket.py" RESULT="OK"/><FILE NAME="c45.py" RESULT="OK"/><FILE NAME="cb-classifier.py" RESULT="OK"/><FILE NAME="cb-descender.py" RESULT="OK"/><FILE NAME="cb-filter.py" RESULT="OK"/><FILE NAME="cb-learner.py" RESULT="OK"/><FILE NAME="cb-measureattribute.py" RESULT="OK"/><FILE NAME="cb-mydomain.py" RESULT="OK"/><FILE NAME="cb-splitconstructor.py" RESULT="OK"/><FILE NAME="cb-stopcriteria.py" RESULT="OK"/><FILE NAME="classifierFromVar.py" RESULT="OK"/><FILE NAME="contingency1.py" RESULT="OK"/><FILE NAME="contingency2.py" RESULT="OK"/><FILE NAME="contingency3.py" RESULT="OK"/><FILE NAME="contingency4.py" RESULT="OK"/><FILE NAME="contingency5.py" RESULT="OK"/><FILE NAME="contingency6.py" RESULT="OK"/><FILE NAME="contingency7.py" RESULT="OK"/><FILE NAME="contingency8.py" RESULT="OK"/><FILE NAME="discretization.py" RESULT="OK"/><FILE NAME="distributions.py" RESULT="OK"/><FILE NAME="domain1.py" RESULT="OK"/><FILE NAME="domain2.py" RESULT="OK"/><FILE NAME="domainDepot.py" RESULT="OK"/><FILE NAME="example.py" RESULT="OK"/><FILE NAME="example2.py" RESULT="OK"/><FILE NAME="example3.py" RESULT="OK"/><FILE NAME="example_merge.py" RESULT="OK"/><FILE NAME="examplesdistance-missing.py" RESULT="OK"/><FILE NAME="examplesdistance.py" RESULT="OK"/><FILE NAME="exampletable1.py" RESULT="OK"/><FILE NAME="exampletable2.py" RESULT="OK"/><FILE NAME="exampletable3.py" RESULT="OK"/><FILE NAME="exampletable4.py" RESULT="changed"/><FILE NAME="exampletable5.py" RESULT=""/><FILE NAME="exampletable_merge.py" RESULT="OK"/><FILE NAME="filter.py" RESULT="OK"/><FILE NAME="filters.py" RESULT="OK"/><FILE NAME="filterv.py" RESULT="OK"/><FILE NAME="findnearest.py" RESULT="OK"/><FILE NAME="graph.py" RESULT="OK"/><FILE NAME="graph_obj.py" RESULT="OK"/><FILE NAME="hclust.py" RESULT="OK"/><FILE NAME="hclust_art.py" RESULT="OK"/><FILE NAME="imputation.py" RESULT="changed"/><FILE NAME="knnlearner.py" RESULT="OK"/><FILE NAME="majority.py" RESULT="OK"/><FILE NAME="output.py" RESULT="OK"/><FILE NAME="pp-attributes.py" RESULT="OK"/><FILE NAME="pp-censoring.py" RESULT="OK"/><FILE NAME="pp-discretization.py" RESULT="OK"/><FILE NAME="pp-duplicates.py" RESULT="OK"/><FILE NAME="pp-missing.py" RESULT="changed"/><FILE NAME="pp-noise.py" RESULT="changed"/><FILE NAME="pp-select.py" RESULT="OK"/><FILE NAME="pp-weights.py" RESULT="OK"/><FILE NAME="pythonvariable1.py" RESULT="changed"/><FILE NAME="pythonvariable2a.py" RESULT="OK"/><FILE NAME="pythonvariable2b.py" RESULT="OK"/><FILE NAME="pythonvariable2c.py" RESULT="OK"/><FILE NAME="pythonvariable2d.py" RESULT="OK"/><FILE NAME="randomindices2.py" RESULT="OK"/><FILE NAME="randomindicescv.py" RESULT="OK"/><FILE NAME="randomindicesn.py" RESULT="OK"/><FILE NAME="subsetsgenerators.py" RESULT="OK"/><FILE NAME="symmatrix.py" RESULT="OK"/><FILE ITERATION="0" NAME="testRulelearner.py" RESULT="error" xml:space="preserve">Traceback (most recent call last):
  File &quot;C:/D/ai/Orange/regressionTests/xtest1.py&quot;, line 92, in ?
    execfile(t__name)
  File &quot;testRulelearner.py&quot;, line 9, in ?
    cl = learner(data)
KernelException: 'orange.ExampleTable.resize': out of memory
</FILE><FILE NAME="transformvalue-d2c.py" RESULT="OK"/><FILE NAME="transformvalue-domain.py" RESULT="OK"/><FILE NAME="transformvalue-miv.py" RESULT="OK"/><FILE NAME="transformvalue-nc.py" RESULT="OK"/><FILE NAME="transformvalue-o2c.py" RESULT="OK"/><FILE NAME="treelearner.py" RESULT="OK"/><FILE NAME="treestructure.py" RESULT="OK"/><FILE NAME="undefineds.py" RESULT="OK"/><FILE NAME="unusedValues.py" RESULT="OK"/></RUN><RUN DATE="2006-02-15" ID="00057" PLATFORM="win32" TYPE="re-test"><FILE NAME="assoc.py" RESULT="OK"/></RUN><RUN DATE="2005-06-18" ID="00056" PLATFORM="win32" TYPE="re-test"><FILE NAME="assoc.py" RESULT="OK"/><FILE NAME="ensemble.py" RESULT="OK"/><FILE NAME="fss1.py" RESULT="OK"/><FILE NAME="fss2.py" RESULT="OK"/><FILE NAME="fss3.py" RESULT="OK"/><FILE NAME="fss4.py" RESULT="OK"/><FILE NAME="fss5.py" RESULT="OK"/><FILE NAME="fss6.py" RESULT="OK"/><FILE NAME="fss7.py" RESULT="OK"/><FILE NAME="test.py" RESULT="OK"/><FILE NAME="tree1.py" RESULT="OK"/><FILE NAME="tree2.py" RESULT="OK"/><FILE NAME="tree3.py" RESULT="OK"/><FILE NAME="tree4.py" RESULT="OK"/><FILE NAME="tree5.py" RESULT="OK"/><FILE NAME="tree6.py" RESULT="OK"/><FILE NAME="tree7.py" RESULT="OK"/><FILE NAME="tree8.py" RESULT="OK"/><FILE NAME="tree9.py" RESULT="OK"/><FILE NAME="accuracy.py" RESULT="OK"/><FILE NAME="accuracy2.py" RESULT="OK"/><FILE NAME="accuracy3.py" RESULT="OK"/><FILE NAME="accuracy4.py" RESULT="OK"/><FILE NAME="accuracy5.py" RESULT="OK"/><FILE NAME="accuracy6.py" RESULT="OK"/><FILE NAME="accuracy7.py" RESULT="OK"/><FILE NAME="assoc1.py" RESULT="OK"/><FILE NAME="assoc2.py" RESULT="OK"/><FILE NAME="assoc3.py" RESULT="OK"/><FILE NAME="bagging.py" RESULT="OK"/><FILE NAME="bagging_test.py" RESULT="OK"/><FILE NAME="bayes.py" RESULT="OK"/><FILE NAME="bayes_test.py" RESULT="OK"/><FILE NAME="classifier.py" RESULT="OK"/><FILE NAME="classifier2.py" RESULT="OK"/><FILE NAME="data_characteristics.py" RESULT="OK"/><FILE NAME="data_characteristics2.py" RESULT="OK"/><FILE NAME="data_characteristics3.py" RESULT="OK"/><FILE NAME="data_characteristics4.py" RESULT="OK"/><FILE NAME="disc.py" RESULT="OK"/><FILE NAME="disc1.py" RESULT="OK"/><FILE NAME="disc2.py" RESULT="OK"/><FILE NAME="disc3.py" RESULT="OK"/><FILE NAME="disc4.py" RESULT="OK"/><FILE NAME="disc5.py" RESULT="OK"/><FILE NAME="disc6.py" RESULT="OK"/><FILE NAME="domain1.py" RESULT="OK"/><FILE NAME="domain10.py" RESULT="OK"/><FILE NAME="domain11.py" RESULT="OK"/><FILE NAME="domain12.py" RESULT="OK"/><FILE NAME="domain13.py" RESULT="OK"/><FILE NAME="domain2.py" RESULT="OK"/><FILE NAME="domain3.py" RESULT="OK"/><FILE NAME="domain4.py" RESULT="OK"/><FILE NAME="domain5.py" RESULT="OK"/><FILE NAME="domain6.py" RESULT="OK"/><FILE NAME="domain7.py" RESULT="OK"/><FILE NAME="domain8.py" RESULT="OK"/><FILE NAME="domain9.py" RESULT="OK"/><FILE NAME="ensemble2.py" RESULT="OK"/><FILE NAME="ensemble3.py" RESULT="changed"/><FILE NAME="handful.py" RESULT="OK"/><FILE NAME="lenses.py" RESULT="OK"/><FILE NAME="nbdisc.py" RESULT="OK"/><FILE NAME="nbdisc_test.py" RESULT="OK"/><FILE NAME="regression1.py" RESULT="OK"/><FILE NAME="regression2.py" RESULT="OK"/><FILE NAME="regression3.py" RESULT="OK"/><FILE NAME="report_missing.py" RESULT="OK"/><FILE NAME="roc.py" RESULT="OK"/><FILE NAME="sample_adult.py" RESULT="OK"/><FILE NAME="tree.py" RESULT="OK"/><FILE NAME="tree_print.py" RESULT="OK"/><FILE NAME="ClassifierByExampleTable.py" RESULT="OK"/><FILE NAME="ClassifierByLookupTable.py" RESULT="OK"/><FILE NAME="CostMatrix.py" RESULT="OK"/><FILE NAME="MeasureAttribute1.py" RESULT="OK"/><FILE NAME="MeasureAttribute1a.py" RESULT="OK"/><FILE NAME="MeasureAttribute1b.py" RESULT="OK"/><FILE NAME="MeasureAttribute2.py" RESULT="OK"/><FILE NAME="MeasureAttribute3.py" RESULT="OK"/><FILE NAME="RandomClassifier.py" RESULT="OK"/><FILE NAME="assoc-agrawal.py" RESULT="OK"/><FILE NAME="assoc-rule.py" RESULT="OK"/><FILE NAME="assoc.py" RESULT="OK"/><FILE NAME="basicattrstat.py" RESULT="OK"/><FILE NAME="basket.py" RESULT="OK"/><FILE NAME="c45.py" RESULT="OK"/><FILE NAME="cb-classifier.py" RESULT="OK"/><FILE NAME="cb-descender.py" RESULT="OK"/><FILE NAME="cb-filter.py" RESULT="OK"/><FILE NAME="cb-learner.py" RESULT="OK"/><FILE NAME="cb-measureattribute.py" RESULT="OK"/><FILE NAME="cb-mydomain.py" RESULT="OK"/><FILE NAME="cb-splitconstructor.py" RESULT="OK"/><FILE NAME="cb-stopcriteria.py" RESULT="OK"/><FILE NAME="classifierFromVar.py" RESULT="OK"/><FILE NAME="contingency1.py" RESULT="OK"/><FILE NAME="contingency2.py" RESULT="OK"/><FILE NAME="contingency3.py" RESULT="OK"/><FILE NAME="contingency4.py" RESULT="OK"/><FILE NAME="contingency5.py" RESULT="OK"/><FILE NAME="contingency6.py" RESULT="OK"/><FILE NAME="contingency7.py" RESULT="OK"/><FILE NAME="contingency8.py" RESULT="OK"/><FILE NAME="discretization.py" RESULT="OK"/><FILE NAME="distributions.py" RESULT="OK"/><FILE NAME="domain1.py" RESULT="OK"/><FILE NAME="domain2.py" RESULT="OK"/><FILE NAME="domainDepot.py" RESULT="OK"/><FILE NAME="example.py" RESULT="OK"/><FILE NAME="example2.py" RESULT="OK"/><FILE NAME="example3.py" RESULT="OK"/><FILE NAME="example_merge.py" RESULT="OK"/><FILE NAME="examplesdistance-missing.py" RESULT="OK"/><FILE NAME="examplesdistance.py" RESULT="OK"/><FILE NAME="exampletable1.py" RESULT="OK"/><FILE NAME="exampletable2.py" RESULT="OK"/><FILE NAME="exampletable3.py" RESULT="OK"/><FILE NAME="exampletable4.py" RESULT="OK"/><FILE NAME="exampletable5.py" RESULT="OK"/><FILE NAME="exampletable_merge.py" RESULT="OK"/><FILE NAME="filter.py" RESULT="OK"/><FILE NAME="filters.py" RESULT="OK"/><FILE NAME="filterv.py" RESULT="OK"/><FILE NAME="findnearest.py" RESULT="OK"/><FILE NAME="graph.py" RESULT="OK"/><FILE NAME="hclust.py" RESULT="OK"/><FILE NAME="hclust_art.py" RESULT="OK"/><FILE NAME="imputation.py" RESULT="changed"/><FILE NAME="knnlearner.py" RESULT="OK"/><FILE NAME="majority.py" RESULT="OK"/><FILE NAME="output.py" RESULT="OK"/><FILE NAME="pp-attributes.py" RESULT="OK"/><FILE NAME="pp-censoring.py" RESULT="OK"/><FILE NAME="pp-discretization.py" RESULT="OK"/><FILE NAME="pp-duplicates.py" RESULT="OK"/><FILE NAME="pp-missing.py" RESULT="OK"/><FILE NAME="pp-noise.py" RESULT="OK"/><FILE NAME="pp-select.py" RESULT="OK"/><FILE NAME="pp-weights.py" RESULT="OK"/><FILE NAME="pythonvariable1.py" RESULT="OK"/><FILE NAME="pythonvariable2a.py" RESULT="OK"/><FILE NAME="pythonvariable2b.py" RESULT="OK"/><FILE NAME="pythonvariable2c.py" RESULT="OK"/><FILE NAME="pythonvariable2d.py" RESULT="OK"/><FILE NAME="randomindices2.py" RESULT="OK"/><FILE NAME="randomindicescv.py" RESULT="OK"/><FILE NAME="randomindicesn.py" RESULT="OK"/><FILE NAME="subsetsgenerators.py" RESULT="OK"/><FILE NAME="symmatrix.py" RESULT="OK"/><FILE NAME="transformvalue-d2c.py" RESULT="OK"/><FILE NAME="transformvalue-domain.py" RESULT="OK"/><FILE NAME="transformvalue-miv.py" RESULT="OK"/><FILE NAME="transformvalue-nc.py" RESULT="OK"/><FILE NAME="transformvalue-o2c.py" RESULT="OK"/><FILE NAME="treelearner.py" RESULT="OK"/><FILE NAME="treestructure.py" RESULT="OK"/><FILE NAME="undefineds.py" RESULT="OK"/><FILE NAME="unusedValues.py" RESULT="OK"/><FILE NAME="values.py" RESULT="OK"/><FILE NAME="variable.py" RESULT="OK"/><FILE NAME="variable2.py" RESULT="OK"/></RUN><RUN DATE="2005-03-09" ID="00055" PLATFORM="win32" TYPE="re-test"><FILE NAME="assoc.py" RESULT="OK"/><FILE NAME="ensemble.py" RESULT="OK"/><FILE NAME="fss1.py" RESULT="OK"/><FILE NAME="fss2.py" RESULT="OK"/><FILE NAME="fss3.py" RESULT="OK"/><FILE NAME="fss4.py" RESULT="OK"/><FILE NAME="fss5.py" RESULT="OK"/><FILE NAME="fss6.py" RESULT="OK"/><FILE NAME="fss7.py" RESULT="OK"/><FILE NAME="test.py" RESULT="OK"/><FILE NAME="tree1.py" RESULT="OK"/><FILE NAME="tree2.py" RESULT="OK"/><FILE NAME="tree3.py" RESULT="OK"/><FILE NAME="tree4.py" RESULT="OK"/><FILE NAME="tree5.py" RESULT="OK"/><FILE NAME="tree6.py" RESULT="OK"/><FILE NAME="tree7.py" RESULT="OK"/><FILE NAME="tree8.py" RESULT="OK"/><FILE NAME="tree9.py" RESULT="OK"/><FILE NAME="accuracy.py" RESULT="OK"/><FILE NAME="accuracy2.py" RESULT="OK"/><FILE NAME="accuracy3.py" RESULT="OK"/><FILE NAME="accuracy4.py" RESULT="OK"/><FILE NAME="accuracy5.py" RESULT="OK"/><FILE NAME="accuracy6.py" RESULT="OK"/><FILE NAME="accuracy7.py" RESULT="OK"/><FILE NAME="assoc1.py" RESULT="OK"/><FILE NAME="assoc2.py" RESULT="OK"/><FILE NAME="assoc3.py" RESULT="OK"/><FILE NAME="bagging.py" RESULT="OK"/><FILE NAME="bagging_test.py" RESULT="OK"/><FILE NAME="bayes.py" RESULT="OK"/><FILE NAME="bayes_test.py" RESULT="OK"/><FILE NAME="classifier.py" RESULT="OK"/><FILE NAME="classifier2.py" RESULT="OK"/><FILE NAME="data_characteristics.py" RESULT="OK"/><FILE NAME="data_characteristics2.py" RESULT="OK"/><FILE NAME="data_characteristics3.py" RESULT="OK"/><FILE NAME="data_characteristics4.py" RESULT="OK"/><FILE NAME="disc.py" RESULT="OK"/><FILE NAME="disc1.py" RESULT="OK"/><FILE NAME="disc2.py" RESULT="OK"/><FILE NAME="disc3.py" RESULT="OK"/><FILE NAME="disc4.py" RESULT="OK"/><FILE NAME="disc5.py" RESULT="OK"/><FILE NAME="disc6.py" RESULT="OK"/><FILE NAME="domain1.py" RESULT="OK"/><FILE NAME="domain10.py" RESULT="OK"/><FILE NAME="domain11.py" RESULT="OK"/><FILE NAME="domain12.py" RESULT="OK"/><FILE NAME="domain13.py" RESULT="OK"/><FILE NAME="domain2.py" RESULT="OK"/><FILE NAME="domain3.py" RESULT="OK"/><FILE NAME="domain4.py" RESULT="OK"/><FILE NAME="domain5.py" RESULT="OK"/><FILE NAME="domain6.py" RESULT="OK"/><FILE NAME="domain7.py" RESULT="OK"/><FILE NAME="domain8.py" RESULT="OK"/><FILE NAME="domain9.py" RESULT="OK"/><FILE NAME="ensemble2.py" RESULT="OK"/><FILE NAME="ensemble3.py" RESULT="changed"/><FILE NAME="handful.py" RESULT="OK"/><FILE NAME="lenses.py" RESULT="OK"/><FILE NAME="nbdisc.py" RESULT="OK"/><FILE NAME="nbdisc_test.py" RESULT="OK"/><FILE NAME="regression1.py" RESULT="OK"/><FILE NAME="regression2.py" RESULT="OK"/><FILE NAME="regression3.py" RESULT="OK"/><FILE NAME="report_missing.py" RESULT="OK"/><FILE NAME="roc.py" RESULT="OK"/><FILE NAME="sample_adult.py" RESULT="OK"/><FILE NAME="tree.py" RESULT="OK"/><FILE NAME="tree_print.py" RESULT="OK"/><FILE NAME="ClassifierByExampleTable.py" RESULT="OK"/><FILE NAME="ClassifierByLookupTable.py" RESULT="OK"/><FILE NAME="CostMatrix.py" RESULT="OK"/><FILE NAME="MeasureAttribute1.py" RESULT="OK"/><FILE NAME="MeasureAttribute1a.py" RESULT="OK"/><FILE NAME="MeasureAttribute1b.py" RESULT="OK"/><FILE NAME="MeasureAttribute2.py" RESULT="OK"/><FILE NAME="MeasureAttribute3.py" RESULT="OK"/><FILE NAME="RandomClassifier.py" RESULT="OK"/><FILE NAME="assoc-agrawal.py" RESULT="OK"/><FILE NAME="assoc-rule.py" RESULT="OK"/><FILE NAME="assoc.py" RESULT="OK"/><FILE NAME="basicattrstat.py" RESULT="OK"/><FILE NAME="basket.py" RESULT="OK"/><FILE NAME="c45.py" RESULT="OK"/><FILE NAME="cb-classifier.py" RESULT="OK"/><FILE NAME="cb-descender.py" RESULT="OK"/><FILE NAME="cb-filter.py" RESULT="OK"/><FILE NAME="cb-learner.py" RESULT="OK"/><FILE NAME="cb-measureattribute.py" RESULT="OK"/><FILE NAME="cb-mydomain.py" RESULT="OK"/><FILE NAME="cb-splitconstructor.py" RESULT="OK"/><FILE NAME="cb-stopcriteria.py" RESULT="OK"/><FILE NAME="classifierFromVar.py" RESULT="OK"/><FILE NAME="contingency1.py" RESULT="OK"/><FILE NAME="contingency2.py" RESULT="OK"/><FILE NAME="contingency3.py" RESULT="OK"/><FILE NAME="contingency4.py" RESULT="OK"/><FILE NAME="contingency5.py" RESULT="OK"/><FILE NAME="contingency6.py" RESULT="OK"/><FILE NAME="contingency7.py" RESULT="OK"/><FILE NAME="contingency8.py" RESULT="OK"/><FILE NAME="discretization.py" RESULT="OK"/><FILE NAME="distributions.py" RESULT="OK"/><FILE NAME="domain1.py" RESULT="OK"/><FILE NAME="domain2.py" RESULT="OK"/><FILE NAME="domainDepot.py" RESULT="OK"/><FILE NAME="example.py" RESULT="OK"/><FILE NAME="example2.py" RESULT="OK"/><FILE NAME="example3.py" RESULT="OK"/><FILE NAME="example_merge.py" RESULT="OK"/><FILE NAME="examplesdistance-missing.py" RESULT="OK"/><FILE NAME="examplesdistance.py" RESULT="OK"/><FILE NAME="exampletable1.py" RESULT="OK"/><FILE NAME="exampletable2.py" RESULT="OK"/><FILE NAME="exampletable3.py" RESULT="OK"/><FILE NAME="exampletable4.py" RESULT="OK"/><FILE NAME="exampletable5.py" RESULT="OK"/><FILE NAME="exampletable_merge.py" RESULT="OK"/><FILE NAME="filter.py" RESULT="OK"/><FILE NAME="filters.py" RESULT="OK"/><FILE NAME="filterv.py" RESULT="OK"/><FILE NAME="findnearest.py" RESULT="OK"/><FILE NAME="graph.py" RESULT="OK"/><FILE NAME="hclust.py" RESULT="OK"/><FILE NAME="hclust_art.py" RESULT="OK"/><FILE NAME="imputation.py" RESULT="OK"/><FILE NAME="knnlearner.py" RESULT="OK"/><FILE NAME="majority.py" RESULT="OK"/><FILE NAME="output.py" RESULT="OK"/><FILE NAME="pp-attributes.py" RESULT="OK"/><FILE NAME="pp-censoring.py" RESULT="OK"/><FILE NAME="pp-discretization.py" RESULT="OK"/><FILE NAME="pp-duplicates.py" RESULT="OK"/><FILE NAME="pp-missing.py" RESULT="OK"/><FILE NAME="pp-noise.py" RESULT="OK"/><FILE NAME="pp-select.py" RESULT="OK"/><FILE NAME="pp-weights.py" RESULT="OK"/><FILE NAME="pythonvariable1.py" RESULT="OK"/><FILE NAME="pythonvariable2a.py" RESULT="OK"/><FILE NAME="pythonvariable2b.py" RESULT="OK"/><FILE NAME="pythonvariable2c.py" RESULT="OK"/><FILE NAME="pythonvariable2d.py" RESULT="OK"/><FILE NAME="randomindices2.py" RESULT="OK"/><FILE NAME="randomindicescv.py" RESULT="OK"/><FILE NAME="randomindicesn.py" RESULT="OK"/><FILE NAME="subsetsgenerators.py" RESULT="OK"/><FILE NAME="symmatrix.py" RESULT="OK"/><FILE NAME="transformvalue-d2c.py" RESULT="OK"/><FILE NAME="transformvalue-domain.py" RESULT="OK"/><FILE NAME="transformvalue-miv.py" RESULT="OK"/><FILE NAME="transformvalue-nc.py" RESULT="OK"/><FILE NAME="transformvalue-o2c.py" RESULT="OK"/><FILE NAME="treelearner.py" RESULT="OK"/><FILE NAME="treestructure.py" RESULT="OK"/><FILE NAME="undefineds.py" RESULT="OK"/><FILE NAME="unusedValues.py" RESULT="OK"/><FILE NAME="values.py" RESULT="OK"/><FILE NAME="variable.py" RESULT="OK"/><FILE NAME="variable2.py" RESULT="OK"/></RUN><RUN DATE="2005-02-11" ID="00054" PLATFORM="win32" TYPE="re-test"><FILE NAME="assoc.py" RESULT="OK"/><FILE NAME="ensemble.py" RESULT="OK"/><FILE NAME="fss1.py" RESULT="OK"/><FILE NAME="fss2.py" RESULT="OK"/><FILE NAME="fss3.py" RESULT="OK"/><FILE NAME="fss4.py" RESULT="OK"/><FILE NAME="fss5.py" RESULT="OK"/><FILE NAME="fss6.py" RESULT="OK"/><FILE NAME="fss7.py" RESULT="OK"/><FILE NAME="test.py" RESULT="changed"/><FILE NAME="tree1.py" RESULT="OK"/><FILE NAME="tree2.py" RESULT="OK"/><FILE NAME="tree3.py" RESULT="OK"/><FILE NAME="tree4.py" RESULT="OK"/><FILE NAME="tree5.py" RESULT="OK"/><FILE NAME="tree6.py" RESULT="OK"/><FILE NAME="tree7.py" RESULT="OK"/><FILE NAME="tree8.py" RESULT="changed"/><FILE NAME="tree9.py" RESULT="OK"/><FILE NAME="accuracy.py" RESULT="OK"/><FILE NAME="accuracy2.py" RESULT="OK"/><FILE NAME="accuracy3.py" RESULT="OK"/><FILE NAME="accuracy4.py" RESULT="OK"/><FILE NAME="accuracy5.py" RESULT="OK"/></RUN><RUN DATE="2005-01-29" ID="00053" PLATFORM="win32" TYPE="re-test"><FILE NAME="assoc.py" RESULT="OK"/><FILE NAME="ensemble.py" RESULT="OK"/><FILE NAME="fss1.py" RESULT="OK"/><FILE NAME="fss2.py" RESULT="OK"/><FILE NAME="fss3.py" RESULT="OK"/><FILE NAME="fss4.py" RESULT="OK"/><FILE NAME="fss5.py" RESULT="OK"/><FILE NAME="fss6.py" RESULT="OK"/><FILE NAME="fss7.py" RESULT="OK"/><FILE NAME="test.py" RESULT="OK"/><FILE NAME="tree1.py" RESULT="OK"/><FILE NAME="tree2.py" RESULT="OK"/><FILE NAME="tree3.py" RESULT="OK"/><FILE NAME="tree4.py" RESULT="OK"/><FILE NAME="tree5.py" RESULT="OK"/><FILE NAME="tree6.py" RESULT="OK"/><FILE NAME="tree7.py" RESULT="OK"/><FILE NAME="tree8.py" RESULT="OK"/><FILE NAME="tree9.py" RESULT="OK"/><FILE NAME="accuracy.py" RESULT="OK"/><FILE NAME="accuracy2.py" RESULT="OK"/><FILE NAME="accuracy3.py" RESULT="OK"/><FILE NAME="accuracy4.py" RESULT="OK"/><FILE NAME="accuracy5.py" RESULT="OK"/><FILE NAME="accuracy6.py" RESULT="OK"/><FILE NAME="accuracy7.py" RESULT="OK"/><FILE NAME="assoc1.py" RESULT="OK"/><FILE NAME="assoc2.py" RESULT="OK"/><FILE NAME="assoc3.py" RESULT="OK"/><FILE NAME="bagging.py" RESULT="OK"/><FILE NAME="bagging_test.py" RESULT="OK"/><FILE NAME="bayes.py" RESULT="OK"/><FILE NAME="bayes_test.py" RESULT="OK"/><FILE NAME="classifier.py" RESULT="OK"/><FILE NAME="classifier2.py" RESULT="OK"/><FILE NAME="data_characteristics.py" RESULT="OK"/><FILE NAME="data_characteristics2.py" RESULT="OK"/><FILE NAME="data_characteristics3.py" RESULT="OK"/><FILE NAME="data_characteristics4.py" RESULT="OK"/><FILE NAME="disc.py" RESULT="OK"/><FILE NAME="disc1.py" RESULT="OK"/><FILE NAME="disc2.py" RESULT="OK"/><FILE NAME="disc3.py" RESULT="OK"/><FILE NAME="disc4.py" RESULT="OK"/><FILE NAME="disc5.py" RESULT="OK"/><FILE NAME="disc6.py" RESULT="OK"/><FILE NAME="domain1.py" RESULT="OK"/><FILE NAME="domain10.py" RESULT="OK"/><FILE NAME="domain11.py" RESULT="OK"/><FILE NAME="domain12.py" RESULT="OK"/><FILE NAME="domain13.py" RESULT="OK"/><FILE NAME="domain2.py" RESULT="OK"/><FILE NAME="domain3.py" RESULT="OK"/><FILE NAME="domain4.py" RESULT="OK"/><FILE NAME="domain5.py" RESULT="OK"/><FILE NAME="domain6.py" RESULT="OK"/><FILE NAME="domain7.py" RESULT="OK"/><FILE NAME="domain8.py" RESULT="OK"/><FILE NAME="domain9.py" RESULT="OK"/><FILE NAME="ensemble2.py" RESULT="OK"/><FILE NAME="ensemble3.py" RESULT="changed"/><FILE NAME="handful.py" RESULT="OK"/><FILE NAME="lenses.py" RESULT="OK"/><FILE NAME="nbdisc.py" RESULT="OK"/><FILE NAME="nbdisc_test.py" RESULT="OK"/><FILE NAME="regression1.py" RESULT="OK"/><FILE NAME="regression2.py" RESULT="OK"/><FILE NAME="regression3.py" RESULT="OK"/><FILE NAME="report_missing.py" RESULT="OK"/><FILE NAME="roc.py" RESULT="OK"/><FILE NAME="sample_adult.py" RESULT="OK"/><FILE NAME="tree.py" RESULT="OK"/><FILE NAME="tree_print.py" RESULT="OK"/><FILE NAME="ClassifierByExampleTable.py" RESULT="OK"/><FILE NAME="ClassifierByLookupTable.py" RESULT="OK"/><FILE NAME="CostMatrix.py" RESULT="OK"/><FILE NAME="MeasureAttribute1.py" RESULT="OK"/><FILE NAME="MeasureAttribute1a.py" RESULT="OK"/><FILE NAME="MeasureAttribute1b.py" RESULT="OK"/><FILE NAME="MeasureAttribute2.py" RESULT="OK"/><FILE NAME="MeasureAttribute3.py" RESULT="OK"/><FILE NAME="RandomClassifier.py" RESULT="OK"/><FILE NAME="assoc-agrawal.py" RESULT="OK"/><FILE NAME="assoc-rule.py" RESULT="OK"/><FILE NAME="assoc.py" RESULT="OK"/><FILE NAME="basicattrstat.py" RESULT="OK"/><FILE NAME="basket.py" RESULT="OK"/><FILE NAME="c45.py" RESULT="OK"/><FILE NAME="cb-classifier.py" RESULT="OK"/><FILE NAME="cb-descender.py" RESULT="OK"/><FILE NAME="cb-filter.py" RESULT="OK"/><FILE NAME="cb-learner.py" RESULT="OK"/><FILE NAME="cb-measureattribute.py" RESULT="OK"/><FILE NAME="cb-mydomain.py" RESULT="OK"/><FILE NAME="cb-splitconstructor.py" RESULT="OK"/><FILE NAME="cb-stopcriteria.py" RESULT="OK"/><FILE NAME="classifierFromVar.py" RESULT="OK"/><FILE NAME="contingency1.py" RESULT="OK"/><FILE NAME="contingency2.py" RESULT="OK"/><FILE NAME="contingency3.py" RESULT="OK"/><FILE NAME="contingency4.py" RESULT="OK"/><FILE NAME="contingency5.py" RESULT="OK"/><FILE NAME="contingency6.py" RESULT="OK"/><FILE NAME="contingency7.py" RESULT="OK"/><FILE NAME="contingency8.py" RESULT="OK"/><FILE NAME="discretization.py" RESULT="OK"/><FILE NAME="distributions.py" RESULT="OK"/><FILE NAME="domain1.py" RESULT="OK"/><FILE NAME="domain2.py" RESULT="OK"/><FILE NAME="domainDepot.py" RESULT="OK"/><FILE NAME="example.py" RESULT="OK"/><FILE NAME="example2.py" RESULT="OK"/><FILE NAME="example3.py" RESULT="OK"/><FILE NAME="example_merge.py" RESULT="changed"/><FILE NAME="examplesdistance-missing.py" RESULT="OK"/><FILE NAME="examplesdistance.py" RESULT="OK"/><FILE NAME="exampletable1.py" RESULT="OK"/><FILE NAME="exampletable2.py" RESULT="OK"/><FILE NAME="exampletable3.py" RESULT="OK"/><FILE NAME="exampletable4.py" RESULT="OK"/><FILE NAME="exampletable5.py" RESULT="OK"/><FILE NAME="exampletable_merge.py" RESULT="changed"/><FILE NAME="filter.py" RESULT="OK"/><FILE NAME="filters.py" RESULT="OK"/><FILE NAME="filterv.py" RESULT="OK"/><FILE NAME="findnearest.py" RESULT="OK"/><FILE NAME="graph.py" RESULT="OK"/><FILE NAME="hclust.py" RESULT="OK"/><FILE NAME="hclust_art.py" RESULT="OK"/><FILE NAME="imputation.py" RESULT="OK"/><FILE NAME="knnlearner.py" RESULT="OK"/><FILE NAME="majority.py" RESULT="OK"/><FILE NAME="output.py" RESULT="OK"/><FILE NAME="pp-attributes.py" RESULT="OK"/><FILE NAME="pp-censoring.py" RESULT="OK"/><FILE NAME="pp-discretization.py" RESULT="OK"/><FILE NAME="pp-duplicates.py" RESULT="OK"/><FILE NAME="pp-missing.py" RESULT="OK"/><FILE NAME="pp-noise.py" RESULT="OK"/><FILE NAME="pp-select.py" RESULT="OK"/><FILE NAME="pp-weights.py" RESULT="OK"/><FILE NAME="pythonvariable1.py" RESULT="OK"/><FILE NAME="pythonvariable2a.py" RESULT="OK"/><FILE NAME="pythonvariable2b.py" RESULT="OK"/><FILE NAME="pythonvariable2c.py" RESULT="OK"/><FILE NAME="pythonvariable2d.py" RESULT="OK"/><FILE NAME="randomindices2.py" RESULT="OK"/><FILE NAME="randomindicescv.py" RESULT="OK"/><FILE NAME="randomindicesn.py" RESULT="OK"/><FILE NAME="subsetsgenerators.py" RESULT="OK"/><FILE NAME="symmatrix.py" RESULT="OK"/><FILE NAME="transformvalue-d2c.py" RESULT="OK"/><FILE NAME="transformvalue-domain.py" RESULT="OK"/><FILE NAME="transformvalue-miv.py" RESULT="OK"/><FILE NAME="transformvalue-nc.py" RESULT="OK"/><FILE NAME="transformvalue-o2c.py" RESULT="OK"/><FILE NAME="treelearner.py" RESULT="OK"/><FILE NAME="treestructure.py" RESULT="OK"/><FILE NAME="undefineds.py" RESULT="OK"/><FILE NAME="unusedValues.py" RESULT="OK"/><FILE NAME="values.py" RESULT="OK"/><FILE NAME="variable.py" RESULT="OK"/><FILE NAME="variable2.py" RESULT="OK"/></RUN><RUN DATE="2005-01-28" ID="00052" PLATFORM="win32" TYPE="update"><FILE NAME="fss6.py" RESULT="OK"/><FILE NAME="accuracy4.py" RESULT="OK"/><FILE NAME="accuracy5.py" RESULT="OK"/><FILE NAME="accuracy6.py" RESULT="OK"/><FILE NAME="accuracy7.py" RESULT="OK"/><FILE NAME="domain2.py" RESULT="changed"/><FILE NAME="ensemble3.py" RESULT="changed"/><FILE NAME="roc.py" RESULT="OK"/><FILE NAME="filterv.py" RESULT="OK"/><FILE NAME="pythonvariable2a.py" RESULT="OK"/><FILE NAME="pythonvariable2b.py" RESULT="OK"/><FILE NAME="pythonvariable2c.py" RESULT="OK"/><FILE NAME="transformvalue-domain.py" RESULT="OK"/></RUN><RUN DATE="2005-01-28" ID="00051" PLATFORM="win32" TYPE="re-test"><FILE NAME="assoc.py" RESULT="OK"/><FILE NAME="ensemble.py" RESULT="OK"/><FILE NAME="fss1.py" RESULT="OK"/><FILE NAME="fss2.py" RESULT="OK"/><FILE NAME="fss3.py" RESULT="OK"/><FILE NAME="fss4.py" RESULT="OK"/><FILE NAME="fss5.py" RESULT="OK"/><FILE NAME="fss6.py" RESULT=""/><FILE NAME="fss7.py" RESULT="OK"/><FILE NAME="test.py" RESULT="OK"/><FILE NAME="tree1.py" RESULT="OK"/><FILE NAME="tree2.py" RESULT="OK"/><FILE NAME="tree3.py" RESULT="OK"/><FILE NAME="tree4.py" RESULT="OK"/><FILE NAME="tree5.py" RESULT="OK"/><FILE NAME="tree6.py" RESULT="OK"/><FILE NAME="tree7.py" RESULT="OK"/><FILE NAME="tree8.py" RESULT="OK"/><FILE NAME="tree9.py" RESULT="OK"/><FILE NAME="accuracy.py" RESULT="OK"/><FILE NAME="accuracy2.py" RESULT="OK"/><FILE NAME="accuracy3.py" RESULT="OK"/><FILE NAME="accuracy4.py" RESULT=""/><FILE NAME="accuracy5.py" RESULT=""/><FILE NAME="accuracy6.py" RESULT=""/><FILE NAME="accuracy7.py" RESULT=""/><FILE NAME="assoc1.py" RESULT="OK"/><FILE NAME="assoc2.py" RESULT="OK"/><FILE NAME="assoc3.py" RESULT="OK"/><FILE NAME="bagging.py" RESULT="OK"/><FILE NAME="bagging_test.py" RESULT="OK"/><FILE NAME="bayes.py" RESULT="OK"/><FILE NAME="bayes_test.py" RESULT="OK"/><FILE NAME="classifier.py" RESULT="OK"/><FILE NAME="classifier2.py" RESULT="OK"/><FILE NAME="data_characteristics.py" RESULT="OK"/><FILE NAME="data_characteristics2.py" RESULT="OK"/><FILE NAME="data_characteristics3.py" RESULT="OK"/><FILE NAME="data_characteristics4.py" RESULT="OK"/><FILE NAME="disc.py" RESULT="OK"/><FILE NAME="disc1.py" RESULT="OK"/><FILE NAME="disc2.py" RESULT="OK"/><FILE NAME="disc3.py" RESULT="OK"/><FILE NAME="disc4.py" RESULT="OK"/><FILE NAME="disc5.py" RESULT="OK"/><FILE NAME="disc6.py" RESULT="OK"/><FILE NAME="domain1.py" RESULT="OK"/><FILE NAME="domain10.py" RESULT="OK"/><FILE NAME="domain11.py" RESULT="OK"/><FILE NAME="domain12.py" RESULT="OK"/><FILE NAME="domain13.py" RESULT="OK"/><FILE NAME="domain2.py" RESULT="changed"/><FILE NAME="domain3.py" RESULT="OK"/><FILE NAME="domain4.py" RESULT="OK"/><FILE NAME="domain5.py" RESULT="OK"/><FILE NAME="domain6.py" RESULT="OK"/><FILE NAME="domain7.py" RESULT="OK"/><FILE NAME="domain8.py" RESULT="OK"/><FILE NAME="domain9.py" RESULT="OK"/><FILE NAME="ensemble2.py" RESULT="OK"/><FILE NAME="ensemble3.py" RESULT="changed"/><FILE NAME="handful.py" RESULT="OK"/><FILE NAME="lenses.py" RESULT="OK"/><FILE NAME="nbdisc.py" RESULT="OK"/><FILE NAME="nbdisc_test.py" RESULT="OK"/><FILE NAME="regression1.py" RESULT="OK"/><FILE NAME="regression2.py" RESULT="OK"/><FILE NAME="regression3.py" RESULT="OK"/><FILE NAME="report_missing.py" RESULT="OK"/><FILE NAME="roc.py" RESULT=""/><FILE NAME="sample_adult.py" RESULT="OK"/><FILE NAME="tree.py" RESULT="OK"/><FILE NAME="tree_print.py" RESULT="OK"/><FILE NAME="ClassifierByExampleTable.py" RESULT="OK"/><FILE NAME="ClassifierByLookupTable.py" RESULT="OK"/><FILE NAME="CostMatrix.py" RESULT="OK"/><FILE NAME="MeasureAttribute1.py" RESULT="OK"/><FILE NAME="MeasureAttribute1a.py" RESULT="OK"/><FILE NAME="MeasureAttribute1b.py" RESULT="OK"/><FILE NAME="MeasureAttribute2.py" RESULT="OK"/><FILE NAME="MeasureAttribute3.py" RESULT="OK"/><FILE NAME="RandomClassifier.py" RESULT="OK"/><FILE NAME="assoc-agrawal.py" RESULT="OK"/><FILE NAME="assoc-rule.py" RESULT="OK"/><FILE NAME="assoc.py" RESULT="OK"/><FILE NAME="basicattrstat.py" RESULT="OK"/><FILE NAME="basket.py" RESULT="OK"/><FILE NAME="c45.py" RESULT="OK"/><FILE NAME="cb-classifier.py" RESULT="OK"/><FILE NAME="cb-descender.py" RESULT="OK"/><FILE NAME="cb-filter.py" RESULT="OK"/><FILE NAME="cb-learner.py" RESULT="OK"/><FILE NAME="cb-measureattribute.py" RESULT="OK"/><FILE NAME="cb-mydomain.py" RESULT="OK"/><FILE NAME="cb-splitconstructor.py" RESULT="OK"/><FILE NAME="cb-stopcriteria.py" RESULT="OK"/><FILE NAME="classifierFromVar.py" RESULT="OK"/><FILE NAME="contingency1.py" RESULT="OK"/><FILE NAME="contingency2.py" RESULT="OK"/><FILE NAME="contingency3.py" RESULT="OK"/><FILE NAME="contingency4.py" RESULT="OK"/><FILE NAME="contingency5.py" RESULT="OK"/><FILE NAME="contingency6.py" RESULT="OK"/><FILE NAME="contingency7.py" RESULT="OK"/><FILE NAME="contingency8.py" RESULT="OK"/><FILE NAME="discretization.py" RESULT="OK"/><FILE NAME="distributions.py" RESULT="OK"/><FILE NAME="domain1.py" RESULT="OK"/><FILE NAME="domain2.py" RESULT="OK"/><FILE NAME="domainDepot.py" RESULT="OK"/><FILE NAME="example.py" RESULT="OK"/><FILE NAME="example2.py" RESULT="OK"/><FILE NAME="example3.py" RESULT="OK"/><FILE NAME="example_merge.py" RESULT="OK"/><FILE NAME="examplesdistance-missing.py" RESULT="OK"/><FILE NAME="examplesdistance.py" RESULT="OK"/><FILE NAME="exampletable1.py" RESULT="OK"/><FILE NAME="exampletable2.py" RESULT="OK"/><FILE NAME="exampletable3.py" RESULT="OK"/><FILE NAME="exampletable4.py" RESULT="OK"/><FILE NAME="exampletable5.py" RESULT="OK"/><FILE NAME="exampletable_merge.py" RESULT="OK"/><FILE NAME="filter.py" RESULT="OK"/><FILE NAME="filters.py" RESULT="OK"/><FILE NAME="filterv.py" RESULT=""/><FILE NAME="findnearest.py" RESULT="OK"/><FILE NAME="graph.py" RESULT="OK"/><FILE NAME="hclust.py" RESULT="OK"/><FILE NAME="hclust_art.py" RESULT="OK"/><FILE NAME="imputation.py" RESULT="OK"/><FILE NAME="knnlearner.py" RESULT="OK"/><FILE NAME="majority.py" RESULT="OK"/><FILE NAME="output.py" RESULT="OK"/><FILE NAME="pp-attributes.py" RESULT="OK"/><FILE NAME="pp-censoring.py" RESULT="OK"/><FILE NAME="pp-discretization.py" RESULT="OK"/><FILE NAME="pp-duplicates.py" RESULT="OK"/><FILE NAME="pp-missing.py" RESULT="OK"/><FILE NAME="pp-noise.py" RESULT="OK"/><FILE NAME="pp-select.py" RESULT="OK"/><FILE NAME="pp-weights.py" RESULT="OK"/><FILE NAME="pythonvariable1.py" RESULT="OK"/><FILE NAME="pythonvariable2a.py" RESULT=""/><FILE NAME="pythonvariable2b.py" RESULT=""/><FILE NAME="pythonvariable2c.py" RESULT=""/><FILE NAME="pythonvariable2d.py" RESULT="OK"/><FILE NAME="randomindices2.py" RESULT="OK"/><FILE NAME="randomindicescv.py" RESULT="OK"/><FILE NAME="randomindicesn.py" RESULT="OK"/><FILE NAME="subsetsgenerators.py" RESULT="OK"/><FILE NAME="symmatrix.py" RESULT="OK"/><FILE NAME="transformvalue-d2c.py" RESULT="OK"/><FILE NAME="transformvalue-domain.py" RESULT=""/><FILE NAME="transformvalue-miv.py" RESULT="OK"/><FILE NAME="transformvalue-nc.py" RESULT="OK"/><FILE NAME="transformvalue-o2c.py" RESULT="OK"/><FILE NAME="treelearner.py" RESULT="OK"/><FILE NAME="treestructure.py" RESULT="OK"/><FILE NAME="undefineds.py" RESULT="OK"/><FILE NAME="unusedValues.py" RESULT="OK"/><FILE NAME="values.py" RESULT="OK"/><FILE NAME="variable.py" RESULT="OK"/><FILE NAME="variable2.py" RESULT="OK"/></RUN><RUN DATE="2005-01-27" ID="00050" PLATFORM="win32" TYPE="re-test"><FILE NAME="assoc.py" RESULT="OK"/><FILE NAME="ensemble.py" RESULT="OK"/><FILE NAME="fss1.py" RESULT="OK"/><FILE NAME="fss2.py" RESULT="OK"/><FILE NAME="fss3.py" RESULT="OK"/><FILE NAME="fss4.py" RESULT="OK"/><FILE NAME="fss5.py" RESULT="OK"/><FILE NAME="fss6.py" RESULT="OK"/><FILE NAME="fss7.py" RESULT="OK"/><FILE NAME="test.py" RESULT="OK"/><FILE NAME="tree1.py" RESULT="OK"/><FILE NAME="tree2.py" RESULT="OK"/><FILE NAME="tree3.py" RESULT="OK"/><FILE NAME="tree4.py" RESULT="OK"/><FILE NAME="tree5.py" RESULT="OK"/><FILE NAME="tree6.py" RESULT="OK"/><FILE NAME="tree7.py" RESULT="OK"/><FILE NAME="tree8.py" RESULT="OK"/><FILE NAME="tree9.py" RESULT="OK"/><FILE NAME="accuracy.py" RESULT="OK"/><FILE NAME="accuracy2.py" RESULT="OK"/><FILE NAME="accuracy3.py" RESULT="OK"/><FILE NAME="accuracy4.py" RESULT="OK"/><FILE NAME="accuracy5.py" RESULT="OK"/><FILE NAME="accuracy6.py" RESULT="OK"/><FILE NAME="accuracy7.py" RESULT="OK"/><FILE NAME="assoc1.py" RESULT="OK"/><FILE NAME="assoc2.py" RESULT="OK"/><FILE NAME="assoc3.py" RESULT="OK"/><FILE NAME="bagging.py" RESULT="OK"/><FILE NAME="bagging_test.py" RESULT="OK"/><FILE NAME="bayes.py" RESULT="OK"/><FILE NAME="bayes_test.py" RESULT="OK"/><FILE NAME="classifier.py" RESULT="OK"/><FILE NAME="classifier2.py" RESULT="OK"/><FILE NAME="data_characteristics.py" RESULT="OK"/><FILE NAME="data_characteristics2.py" RESULT="OK"/><FILE NAME="data_characteristics3.py" RESULT="OK"/><FILE NAME="data_characteristics4.py" RESULT="OK"/><FILE NAME="disc.py" RESULT="OK"/><FILE NAME="disc1.py" RESULT="OK"/><FILE NAME="disc2.py" RESULT="OK"/><FILE NAME="disc3.py" RESULT="OK"/><FILE NAME="disc4.py" RESULT="OK"/><FILE NAME="disc5.py" RESULT="OK"/><FILE NAME="disc6.py" RESULT="OK"/><FILE NAME="domain1.py" RESULT="OK"/><FILE NAME="domain10.py" RESULT="OK"/><FILE NAME="domain11.py" RESULT="OK"/><FILE NAME="domain12.py" RESULT="OK"/><FILE NAME="domain13.py" RESULT="OK"/><FILE NAME="domain2.py" RESULT="OK"/><FILE NAME="domain3.py" RESULT="OK"/><FILE NAME="domain4.py" RESULT="OK"/><FILE NAME="domain5.py" RESULT="OK"/><FILE NAME="domain6.py" RESULT="OK"/><FILE NAME="domain7.py" RESULT="OK"/><FILE NAME="domain8.py" RESULT="OK"/><FILE NAME="domain9.py" RESULT="OK"/><FILE NAME="ensemble2.py" RESULT="OK"/><FILE NAME="ensemble3.py" RESULT="changed"/><FILE NAME="handful.py" RESULT="OK"/><FILE NAME="lenses.py" RESULT="OK"/><FILE NAME="nbdisc.py" RESULT="OK"/><FILE NAME="nbdisc_test.py" RESULT="OK"/><FILE NAME="regression1.py" RESULT="OK"/><FILE NAME="regression2.py" RESULT="OK"/><FILE NAME="regression3.py" RESULT="OK"/><FILE NAME="report_missing.py" RESULT="OK"/><FILE NAME="roc.py" RESULT="OK"/><FILE NAME="sample_adult.py" RESULT="OK"/><FILE NAME="tree.py" RESULT="OK"/><FILE NAME="tree_print.py" RESULT="OK"/><FILE NAME="ClassifierByExampleTable.py" RESULT="OK"/><FILE NAME="ClassifierByLookupTable.py" RESULT="OK"/><FILE NAME="CostMatrix.py" RESULT="OK"/><FILE NAME="MeasureAttribute1.py" RESULT="OK"/><FILE NAME="MeasureAttribute1a.py" RESULT="OK"/><FILE NAME="MeasureAttribute1b.py" RESULT="OK"/><FILE NAME="MeasureAttribute2.py" RESULT="OK"/><FILE NAME="MeasureAttribute3.py" RESULT="OK"/><FILE NAME="RandomClassifier.py" RESULT="OK"/><FILE NAME="assoc-agrawal.py" RESULT="OK"/><FILE NAME="assoc-rule.py" RESULT="OK"/><FILE NAME="assoc.py" RESULT="OK"/><FILE NAME="basicattrstat.py" RESULT="OK"/><FILE NAME="basket.py" RESULT="OK"/><FILE NAME="c45.py" RESULT="OK"/><FILE NAME="cb-classifier.py" RESULT="OK"/><FILE NAME="cb-descender.py" RESULT="OK"/><FILE NAME="cb-filter.py" RESULT="OK"/><FILE NAME="cb-learner.py" RESULT="OK"/><FILE NAME="cb-measureattribute.py" RESULT="OK"/><FILE NAME="cb-mydomain.py" RESULT="OK"/><FILE NAME="cb-splitconstructor.py" RESULT="OK"/><FILE NAME="cb-stopcriteria.py" RESULT="OK"/><FILE NAME="classifierFromVar.py" RESULT="OK"/><FILE NAME="contingency1.py" RESULT="OK"/><FILE NAME="contingency2.py" RESULT="OK"/><FILE NAME="contingency3.py" RESULT="OK"/><FILE NAME="contingency4.py" RESULT="OK"/><FILE NAME="contingency5.py" RESULT="OK"/><FILE NAME="contingency6.py" RESULT="OK"/><FILE NAME="contingency7.py" RESULT="OK"/><FILE NAME="contingency8.py" RESULT="OK"/><FILE NAME="discretization.py" RESULT="OK"/><FILE NAME="distributions.py" RESULT="OK"/><FILE NAME="domain1.py" RESULT="OK"/><FILE NAME="domain2.py" RESULT="OK"/><FILE NAME="domainDepot.py" RESULT="OK"/><FILE NAME="example.py" RESULT="OK"/><FILE NAME="example2.py" RESULT="OK"/><FILE NAME="example3.py" RESULT="OK"/><FILE NAME="example_merge.py" RESULT="OK"/><FILE NAME="examplesdistance-missing.py" RESULT="OK"/><FILE NAME="examplesdistance.py" RESULT="OK"/><FILE NAME="exampletable1.py" RESULT="OK"/><FILE NAME="exampletable2.py" RESULT="OK"/><FILE NAME="exampletable3.py" RESULT="OK"/><FILE NAME="exampletable4.py" RESULT="OK"/><FILE NAME="exampletable5.py" RESULT="OK"/><FILE NAME="exampletable_merge.py" RESULT="OK"/><FILE NAME="filter.py" RESULT="OK"/><FILE NAME="filters.py" RESULT="OK"/><FILE NAME="filterv.py" RESULT="OK"/><FILE NAME="findnearest.py" RESULT="OK"/><FILE NAME="graph.py" RESULT="OK"/><FILE NAME="hclust.py" RESULT="OK"/><FILE NAME="hclust_art.py" RESULT="OK"/><FILE NAME="imputation.py" RESULT="OK"/><FILE NAME="knnlearner.py" RESULT="OK"/><FILE NAME="majority.py" RESULT="OK"/><FILE NAME="output.py" RESULT="OK"/><FILE NAME="pp-attributes.py" RESULT="OK"/><FILE NAME="pp-censoring.py" RESULT="OK"/><FILE NAME="pp-discretization.py" RESULT="OK"/><FILE NAME="pp-duplicates.py" RESULT="OK"/><FILE NAME="pp-missing.py" RESULT="OK"/><FILE NAME="pp-noise.py" RESULT="OK"/><FILE NAME="pp-select.py" RESULT="OK"/><FILE NAME="pp-weights.py" RESULT="OK"/><FILE NAME="pythonvariable1.py" RESULT="OK"/><FILE NAME="pythonvariable2a.py" RESULT="OK"/><FILE NAME="pythonvariable2b.py" RESULT="OK"/><FILE NAME="pythonvariable2c.py" RESULT="OK"/><FILE NAME="pythonvariable2d.py" RESULT="OK"/><FILE NAME="randomindices2.py" RESULT="OK"/><FILE NAME="randomindicescv.py" RESULT="OK"/><FILE NAME="randomindicesn.py" RESULT="OK"/><FILE NAME="subsetsgenerators.py" RESULT="OK"/><FILE NAME="symmatrix.py" RESULT="OK"/><FILE NAME="transformvalue-d2c.py" RESULT="OK"/><FILE NAME="transformvalue-domain.py" RESULT="OK"/><FILE NAME="transformvalue-miv.py" RESULT="OK"/><FILE NAME="transformvalue-nc.py" RESULT="OK"/><FILE NAME="transformvalue-o2c.py" RESULT="OK"/><FILE NAME="treelearner.py" RESULT="OK"/><FILE NAME="treestructure.py" RESULT="OK"/><FILE NAME="unusedValues.py" RESULT="OK"/><FILE NAME="values.py" RESULT="OK"/><FILE NAME="variable.py" RESULT="OK"/><FILE NAME="variable2.py" RESULT="OK"/></RUN><RUN DATE="2005-01-27" ID="00049" PLATFORM="win32" TYPE="update"><FILE NAME="ensemble3.py" RESULT="changed"/><FILE NAME="imputation.py" RESULT="OK"/><FILE NAME="transformvalue-domain.py" RESULT="OK"/></RUN><RUN DATE="2005-01-27" ID="00048" PLATFORM="win32" TYPE="update"><FILE NAME="ensemble3.py" RESULT="changed"/><FILE NAME="example_merge.py" RESULT="OK"/><FILE NAME="exampletable_merge.py" RESULT="OK"/><FILE ITERATION="0" NAME="imputation.py" RESULT="error" xml:space="preserve">Traceback (most recent call last):
  File &quot;D:/ai/orange/regressionTests/xtest1.py&quot;, line 92, in ?
    execfile(t__name)
  File &quot;imputation.py&quot;, line 21, in ?
    impdata = imputer(data)
KernelException: null pointer to 'class TImputer'
</FILE><FILE NAME="pythonvariable1.py" RESULT="OK"/><FILE ITERATION="0" NAME="transformvalue-domain.py" RESULT="error" xml:space="preserve">Traceback (most recent call last):
  File &quot;D:/ai/orange/regressionTests/xtest1.py&quot;, line 92, in ?
    execfile(t__name)
  File &quot;transformvalue-domain.py&quot;, line 29, in ?
    domain0 = continuizer(data)
KernelException: null pointer to 'class TDomainContinuizer'
</FILE></RUN><RUN DATE="2005-01-27" ID="00047" PLATFORM="win32" TYPE="update"><FILE NAME="ensemble3.py" RESULT="changed"/><FILE NAME="example_merge.py" RESULT="changed"/><FILE NAME="exampletable_merge.py" RESULT="changed"/><FILE ITERATION="0" NAME="imputation.py" RESULT="error" xml:space="preserve">Traceback (most recent call last):
  File &quot;D:/ai/orange/regressionTests/xtest1.py&quot;, line 92, in ?
    execfile(t__name)
  File &quot;imputation.py&quot;, line 21, in ?
    impdata = imputer(data)
KernelException: null pointer to 'class TImputer'
</FILE><FILE NAME="pythonvariable1.py" RESULT="changed"/><FILE ITERATION="0" NAME="transformvalue-domain.py" RESULT="error" xml:space="preserve">Traceback (most recent call last):
  File &quot;D:/ai/orange/regressionTests/xtest1.py&quot;, line 92, in ?
    execfile(t__name)
  File &quot;transformvalue-domain.py&quot;, line 29, in ?
    domain0 = continuizer(data)
KernelException: null pointer to 'class TDomainContinuizer'
</FILE></RUN><RUN DATE="2005-01-27" ID="00046" PLATFORM="win32" TYPE="update"><FILE NAME="ensemble3.py" RESULT="changed"/><FILE NAME="domainDepot.py" RESULT="OK"/><FILE NAME="example_merge.py" RESULT="changed"/><FILE NAME="exampletable_merge.py" RESULT="changed"/><FILE ITERATION="0" NAME="imputation.py" RESULT="error" xml:space="preserve">Traceback (most recent call last):
  File &quot;D:/ai/orange/regressionTests/xtest1.py&quot;, line 92, in ?
    execfile(t__name)
  File &quot;imputation.py&quot;, line 21, in ?
    impdata = imputer(data)
KernelException: null pointer to 'class TImputer'
</FILE><FILE NAME="pythonvariable1.py" RESULT="changed"/><FILE ITERATION="0" NAME="transformvalue-domain.py" RESULT="error" xml:space="preserve">Traceback (most recent call last):
  File &quot;D:/ai/orange/regressionTests/xtest1.py&quot;, line 92, in ?
    execfile(t__name)
  File &quot;transformvalue-domain.py&quot;, line 29, in ?
    domain0 = continuizer(data)
KernelException: null pointer to 'class TDomainContinuizer'
</FILE><FILE ITERATION="0" NAME="OWDataSamplerA.py" RESULT="error" xml:space="preserve">Traceback (most recent call last):
  File &quot;D:/ai/orange/regressionTests/xtest1.py&quot;, line 92, in ?
    execfile(t__name)
IndentationError: unindent does not match any outer indentation level (OWDataSamplerA.py, line 24)
</FILE><FILE ITERATION="0" NAME="OWDataSamplerB.py" RESULT="error" xml:space="preserve">Traceback (most recent call last):
  File &quot;D:/ai/orange/regressionTests/xtest1.py&quot;, line 92, in ?
    execfile(t__name)
  File &quot;OWDataSamplerB.py&quot;, line 71, in ?
    dataset = orange.ExampleTable('iris.tab')
KernelException: FileExampleGenerator: cannot open file 'iris.tab'
</FILE><FILE ITERATION="0" NAME="OWDataSamplerC.py" RESULT="error" xml:space="preserve">Traceback (most recent call last):
  File &quot;D:/ai/orange/regressionTests/xtest1.py&quot;, line 92, in ?
    execfile(t__name)
  File &quot;OWDataSamplerC.py&quot;, line 73, in ?
    dataset = orange.ExampleTable('iris.tab')
KernelException: FileExampleGenerator: cannot open file 'iris.tab'
</FILE><FILE ITERATION="0" NAME="OWLearningCurveA.py" RESULT="error" xml:space="preserve">Traceback (most recent call last):
  File &quot;D:/ai/orange/regressionTests/xtest1.py&quot;, line 92, in ?
    execfile(t__name)
  File &quot;OWLearningCurveA.py&quot;, line 176, in ?
    data = orange.ExampleTable('iris.tab')
KernelException: FileExampleGenerator: cannot open file 'iris.tab'
</FILE><FILE ITERATION="0" NAME="OWLearningCurveB.py" RESULT="error" xml:space="preserve">Traceback (most recent call last):
  File &quot;D:/ai/orange/regressionTests/xtest1.py&quot;, line 92, in ?
    execfile(t__name)
  File &quot;OWLearningCurveB.py&quot;, line 188, in ?
    data = orange.ExampleTable('iris.tab')
KernelException: FileExampleGenerator: cannot open file 'iris.tab'
</FILE><FILE ITERATION="0" NAME="OWLearningCurveC.py" RESULT="error" xml:space="preserve">Traceback (most recent call last):
  File &quot;D:/ai/orange/regressionTests/xtest1.py&quot;, line 92, in ?
    execfile(t__name)
  File &quot;OWLearningCurveC.py&quot;, line 290, in ?
    data = orange.ExampleTable('iris.tab')
KernelException: FileExampleGenerator: cannot open file 'iris.tab'
</FILE></RUN><RUN DATE="2005-01-27" ID="00045" PLATFORM="win32" TYPE="update"><FILE NAME="assoc1.py" RESULT="OK"/><FILE NAME="bayes_test.py" RESULT="OK"/><FILE NAME="ensemble3.py" RESULT="changed"/><FILE NAME="handful.py" RESULT="OK"/><FILE NAME="ClassifierByExampleTable.py" RESULT="OK"/><FILE NAME="MeasureAttribute2.py" RESULT="OK"/><FILE NAME="MeasureAttribute3.py" RESULT="OK"/><FILE NAME="RandomClassifier.py" RESULT="OK"/><FILE NAME="domainDepot.py" RESULT="random"/><FILE NAME="example_merge.py" RESULT="random"/><FILE NAME="exampletable_merge.py" RESULT="random"/><FILE NAME="filters.py" RESULT="OK"/><FILE NAME="findnearest.py" RESULT="OK"/><FILE NAME="graph.py" RESULT="OK"/><FILE ITERATION="0" NAME="imputation.py" RESULT="error" xml:space="preserve">Traceback (most recent call last):
  File &quot;D:/ai/orange/regressionTests/xtest1.py&quot;, line 92, in ?
    execfile(t__name)
  File &quot;imputation.py&quot;, line 21, in ?
    impdata = imputer(data)
KernelException: null pointer to 'class TImputer'
</FILE><FILE NAME="knnlearner.py" RESULT="OK"/><FILE NAME="pp-missing.py" RESULT="OK"/><FILE NAME="pp-noise.py" RESULT="OK"/><FILE NAME="pythonvariable1.py" RESULT="random"/><FILE ITERATION="0" NAME="transformvalue-domain.py" RESULT="error" xml:space="preserve">Traceback (most recent call last):
  File &quot;D:/ai/orange/regressionTests/xtest1.py&quot;, line 92, in ?
    execfile(t__name)
  File &quot;transformvalue-domain.py&quot;, line 29, in ?
    domain0 = continuizer(data)
KernelException: null pointer to 'class TDomainContinuizer'
</FILE><FILE ITERATION="0" NAME="OWDataSamplerA.py" RESULT="error" xml:space="preserve">Traceback (most recent call last):
  File &quot;D:/ai/orange/regressionTests/xtest1.py&quot;, line 92, in ?
    execfile(t__name)
IndentationError: unindent does not match any outer indentation level (OWDataSamplerA.py, line 24)
</FILE><FILE ITERATION="0" NAME="OWDataSamplerB.py" RESULT="error" xml:space="preserve">Traceback (most recent call last):
  File &quot;D:/ai/orange/regressionTests/xtest1.py&quot;, line 92, in ?
    execfile(t__name)
  File &quot;OWDataSamplerB.py&quot;, line 71, in ?
    dataset = orange.ExampleTable('iris.tab')
KernelException: FileExampleGenerator: cannot open file 'iris.tab'
</FILE><FILE ITERATION="0" NAME="OWDataSamplerC.py" RESULT="error" xml:space="preserve">Traceback (most recent call last):
  File &quot;D:/ai/orange/regressionTests/xtest1.py&quot;, line 92, in ?
    execfile(t__name)
  File &quot;OWDataSamplerC.py&quot;, line 73, in ?
    dataset = orange.ExampleTable('iris.tab')
KernelException: FileExampleGenerator: cannot open file 'iris.tab'
</FILE><FILE ITERATION="0" NAME="OWLearningCurveA.py" RESULT="error" xml:space="preserve">Traceback (most recent call last):
  File &quot;D:/ai/orange/regressionTests/xtest1.py&quot;, line 92, in ?
    execfile(t__name)
  File &quot;OWLearningCurveA.py&quot;, line 176, in ?
    data = orange.ExampleTable('iris.tab')
KernelException: FileExampleGenerator: cannot open file 'iris.tab'
</FILE><FILE ITERATION="0" NAME="OWLearningCurveB.py" RESULT="error" xml:space="preserve">Traceback (most recent call last):
  File &quot;D:/ai/orange/regressionTests/xtest1.py&quot;, line 92, in ?
    execfile(t__name)
  File &quot;OWLearningCurveB.py&quot;, line 188, in ?
    data = orange.ExampleTable('iris.tab')
KernelException: FileExampleGenerator: cannot open file 'iris.tab'
</FILE><FILE ITERATION="0" NAME="OWLearningCurveC.py" RESULT="error" xml:space="preserve">Traceback (most recent call last):
  File &quot;D:/ai/orange/regressionTests/xtest1.py&quot;, line 92, in ?
    execfile(t__name)
  File &quot;OWLearningCurveC.py&quot;, line 290, in ?
    data = orange.ExampleTable('iris.tab')
KernelException: FileExampleGenerator: cannot open file 'iris.tab'
</FILE></RUN><RUN DATE="2005-01-27" ID="00044" PLATFORM="win32" TYPE="re-test"><FILE NAME="assoc.py" RESULT="OK"/><FILE NAME="ensemble.py" RESULT="OK"/><FILE NAME="fss1.py" RESULT="OK"/><FILE NAME="fss2.py" RESULT="OK"/><FILE NAME="fss3.py" RESULT="OK"/><FILE NAME="fss4.py" RESULT="OK"/><FILE NAME="fss5.py" RESULT="OK"/><FILE NAME="fss6.py" RESULT="OK"/><FILE NAME="fss7.py" RESULT="OK"/><FILE NAME="test.py" RESULT="OK"/><FILE NAME="tree1.py" RESULT="OK"/><FILE NAME="tree2.py" RESULT="OK"/><FILE NAME="tree3.py" RESULT="OK"/><FILE NAME="tree4.py" RESULT="OK"/><FILE NAME="tree5.py" RESULT="OK"/><FILE NAME="tree6.py" RESULT="OK"/><FILE NAME="tree7.py" RESULT="OK"/><FILE NAME="tree8.py" RESULT="OK"/><FILE NAME="tree9.py" RESULT="OK"/><FILE NAME="accuracy.py" RESULT="OK"/><FILE NAME="accuracy2.py" RESULT="OK"/><FILE NAME="accuracy3.py" RESULT="OK"/><FILE NAME="accuracy4.py" RESULT="OK"/><FILE NAME="accuracy5.py" RESULT="OK"/><FILE NAME="accuracy6.py" RESULT="OK"/><FILE NAME="accuracy7.py" RESULT="OK"/><FILE NAME="assoc1.py" RESULT="changed"/><FILE NAME="assoc2.py" RESULT="OK"/><FILE NAME="assoc3.py" RESULT="OK"/><FILE NAME="bagging.py" RESULT="OK"/><FILE NAME="bagging_test.py" RESULT="OK"/><FILE NAME="bayes.py" RESULT="OK"/><FILE NAME="bayes_test.py" RESULT="changed"/><FILE NAME="classifier.py" RESULT="OK"/><FILE NAME="classifier2.py" RESULT="OK"/><FILE NAME="data_characteristics.py" RESULT="OK"/><FILE NAME="data_characteristics2.py" RESULT="OK"/><FILE NAME="data_characteristics3.py" RESULT="OK"/><FILE NAME="data_characteristics4.py" RESULT="OK"/><FILE NAME="disc.py" RESULT="OK"/><FILE NAME="disc1.py" RESULT="OK"/><FILE NAME="disc2.py" RESULT="OK"/><FILE NAME="disc3.py" RESULT="OK"/><FILE NAME="disc4.py" RESULT="OK"/><FILE NAME="disc5.py" RESULT="OK"/><FILE NAME="disc6.py" RESULT="OK"/><FILE NAME="domain1.py" RESULT="OK"/><FILE NAME="domain10.py" RESULT="OK"/><FILE NAME="domain11.py" RESULT="OK"/><FILE NAME="domain12.py" RESULT="OK"/><FILE NAME="domain13.py" RESULT="OK"/><FILE NAME="domain2.py" RESULT="OK"/><FILE NAME="domain3.py" RESULT="OK"/><FILE NAME="domain4.py" RESULT="OK"/><FILE NAME="domain5.py" RESULT="OK"/><FILE NAME="domain6.py" RESULT="OK"/><FILE NAME="domain7.py" RESULT="OK"/><FILE NAME="domain8.py" RESULT="OK"/><FILE NAME="domain9.py" RESULT="OK"/><FILE NAME="ensemble2.py" RESULT="OK"/><FILE NAME="ensemble3.py" RESULT="changed"/><FILE NAME="handful.py" RESULT="changed"/><FILE NAME="lenses.py" RESULT="OK"/><FILE NAME="nbdisc.py" RESULT="OK"/><FILE NAME="nbdisc_test.py" RESULT="OK"/><FILE NAME="regression1.py" RESULT="OK"/><FILE NAME="regression2.py" RESULT="OK"/><FILE NAME="regression3.py" RESULT="OK"/><FILE NAME="report_missing.py" RESULT="OK"/><FILE NAME="roc.py" RESULT="OK"/><FILE NAME="sample_adult.py" RESULT="OK"/><FILE NAME="tree.py" RESULT="OK"/><FILE NAME="tree_print.py" RESULT="OK"/><FILE NAME="ClassifierByExampleTable.py" RESULT="changed"/><FILE NAME="ClassifierByLookupTable.py" RESULT="OK"/><FILE NAME="CostMatrix.py" RESULT="OK"/><FILE NAME="MeasureAttribute1.py" RESULT="OK"/><FILE NAME="MeasureAttribute1a.py" RESULT="OK"/><FILE NAME="MeasureAttribute1b.py" RESULT="OK"/><FILE NAME="MeasureAttribute2.py" RESULT="changed"/><FILE NAME="MeasureAttribute3.py" RESULT="changed"/><FILE NAME="RandomClassifier.py" RESULT="changed"/><FILE NAME="assoc-agrawal.py" RESULT="OK"/><FILE NAME="assoc-rule.py" RESULT="OK"/><FILE NAME="assoc.py" RESULT="OK"/><FILE NAME="basicattrstat.py" RESULT="OK"/><FILE NAME="basket.py" RESULT="OK"/><FILE NAME="c45.py" RESULT="OK"/><FILE NAME="cb-classifier.py" RESULT="OK"/><FILE NAME="cb-descender.py" RESULT="OK"/><FILE NAME="cb-filter.py" RESULT="OK"/><FILE NAME="cb-learner.py" RESULT="OK"/><FILE NAME="cb-measureattribute.py" RESULT="OK"/><FILE NAME="cb-mydomain.py" RESULT="OK"/><FILE NAME="cb-splitconstructor.py" RESULT="OK"/><FILE NAME="cb-stopcriteria.py" RESULT="OK"/><FILE NAME="classifierFromVar.py" RESULT="OK"/><FILE NAME="contingency1.py" RESULT="OK"/><FILE NAME="contingency2.py" RESULT="OK"/><FILE NAME="contingency3.py" RESULT="OK"/><FILE NAME="contingency4.py" RESULT="OK"/><FILE NAME="contingency5.py" RESULT="OK"/><FILE NAME="contingency6.py" RESULT="OK"/><FILE NAME="contingency7.py" RESULT="OK"/><FILE NAME="contingency8.py" RESULT="OK"/><FILE NAME="discretization.py" RESULT="OK"/><FILE NAME="distributions.py" RESULT="OK"/><FILE NAME="domain1.py" RESULT="OK"/><FILE NAME="domain2.py" RESULT="OK"/><FILE NAME="domainDepot.py" RESULT="random"/><FILE NAME="example.py" RESULT="OK"/><FILE NAME="example2.py" RESULT="OK"/><FILE NAME="example3.py" RESULT="OK"/><FILE NAME="example_merge.py" RESULT="random"/><FILE NAME="examplesdistance-missing.py" RESULT="OK"/><FILE NAME="examplesdistance.py" RESULT="OK"/><FILE NAME="exampletable1.py" RESULT="OK"/><FILE NAME="exampletable2.py" RESULT="OK"/><FILE NAME="exampletable3.py" RESULT="OK"/><FILE NAME="exampletable4.py" RESULT="OK"/><FILE NAME="exampletable5.py" RESULT="OK"/><FILE NAME="exampletable_merge.py" RESULT="random"/><FILE NAME="filter.py" RESULT="OK"/><FILE NAME="filters.py" RESULT="changed"/><FILE NAME="filterv.py" RESULT="OK"/><FILE NAME="findnearest.py" RESULT="changed"/><FILE NAME="graph.py" RESULT="changed"/><FILE NAME="hclust.py" RESULT="OK"/><FILE NAME="hclust_art.py" RESULT="OK"/><FILE ITERATION="0" NAME="imputation.py" RESULT="error" xml:space="preserve">Traceback (most recent call last):
  File &quot;D:/ai/Orange/regressionTests/xtest1.py&quot;, line 92, in ?
    execfile(t__name)
  File &quot;imputation.py&quot;, line 21, in ?
    impdata = imputer(data)
KernelException: null pointer to 'class TImputer'
</FILE><FILE NAME="knnlearner.py" RESULT="changed"/><FILE NAME="majority.py" RESULT="OK"/><FILE NAME="output.py" RESULT="OK"/><FILE NAME="pp-attributes.py" RESULT="OK"/><FILE NAME="pp-censoring.py" RESULT="OK"/><FILE NAME="pp-discretization.py" RESULT="OK"/><FILE NAME="pp-duplicates.py" RESULT="OK"/><FILE NAME="pp-missing.py" RESULT="changed"/><FILE NAME="pp-noise.py" RESULT="changed"/><FILE NAME="pp-select.py" RESULT="OK"/><FILE NAME="pp-weights.py" RESULT="OK"/><FILE NAME="pythonvariable1.py" RESULT="random"/><FILE NAME="pythonvariable2a.py" RESULT="OK"/><FILE NAME="pythonvariable2b.py" RESULT="OK"/><FILE NAME="pythonvariable2c.py" RESULT="OK"/><FILE NAME="pythonvariable2d.py" RESULT="OK"/><FILE NAME="randomindices2.py" RESULT="OK"/><FILE NAME="randomindicescv.py" RESULT="OK"/><FILE NAME="randomindicesn.py" RESULT="OK"/><FILE NAME="subsetsgenerators.py" RESULT="OK"/><FILE NAME="symmatrix.py" RESULT="OK"/><FILE NAME="transformvalue-d2c.py" RESULT="OK"/><FILE ITERATION="0" NAME="transformvalue-domain.py" RESULT="error" xml:space="preserve">Traceback (most recent call last):
  File &quot;D:/ai/Orange/regressionTests/xtest1.py&quot;, line 92, in ?
    execfile(t__name)
  File &quot;transformvalue-domain.py&quot;, line 29, in ?
    domain0 = continuizer(data)
KernelException: null pointer to 'class TDomainContinuizer'
</FILE><FILE NAME="transformvalue-miv.py" RESULT="OK"/><FILE NAME="transformvalue-nc.py" RESULT="OK"/><FILE NAME="transformvalue-o2c.py" RESULT="OK"/><FILE NAME="treelearner.py" RESULT="OK"/><FILE NAME="treestructure.py" RESULT="OK"/><FILE NAME="unusedValues.py" RESULT="OK"/><FILE NAME="values.py" RESULT="OK"/><FILE NAME="variable.py" RESULT="OK"/><FILE NAME="variable2.py" RESULT="OK"/><FILE ITERATION="0" NAME="OWDataSamplerA.py" RESULT="error" xml:space="preserve">Traceback (most recent call last):
  File &quot;D:/ai/Orange/regressionTests/xtest1.py&quot;, line 92, in ?
    execfile(t__name)
IndentationError: unindent does not match any outer indentation level (OWDataSamplerA.py, line 24)
</FILE><FILE ITERATION="0" NAME="OWDataSamplerB.py" RESULT="error" xml:space="preserve">Traceback (most recent call last):
  File &quot;D:/ai/Orange/regressionTests/xtest1.py&quot;, line 92, in ?
    execfile(t__name)
  File &quot;OWDataSamplerB.py&quot;, line 71, in ?
    dataset = orange.ExampleTable('iris.tab')
KernelException: FileExampleGenerator: cannot open file 'iris.tab'
</FILE><FILE ITERATION="0" NAME="OWDataSamplerC.py" RESULT="error" xml:space="preserve">Traceback (most recent call last):
  File &quot;D:/ai/Orange/regressionTests/xtest1.py&quot;, line 92, in ?
    execfile(t__name)
  File &quot;OWDataSamplerC.py&quot;, line 73, in ?
    dataset = orange.ExampleTable('iris.tab')
KernelException: FileExampleGenerator: cannot open file 'iris.tab'
</FILE><FILE ITERATION="0" NAME="OWLearningCurveA.py" RESULT="error" xml:space="preserve">Traceback (most recent call last):
  File &quot;D:/ai/Orange/regressionTests/xtest1.py&quot;, line 92, in ?
    execfile(t__name)
  File &quot;OWLearningCurveA.py&quot;, line 176, in ?
    data = orange.ExampleTable('iris.tab')
KernelException: FileExampleGenerator: cannot open file 'iris.tab'
</FILE><FILE ITERATION="0" NAME="OWLearningCurveB.py" RESULT="error" xml:space="preserve">Traceback (most recent call last):
  File &quot;D:/ai/Orange/regressionTests/xtest1.py&quot;, line 92, in ?
    execfile(t__name)
  File &quot;OWLearningCurveB.py&quot;, line 188, in ?
    data = orange.ExampleTable('iris.tab')
KernelException: FileExampleGenerator: cannot open file 'iris.tab'
</FILE><FILE ITERATION="0" NAME="OWLearningCurveC.py" RESULT="error" xml:space="preserve">Traceback (most recent call last):
  File &quot;D:/ai/Orange/regressionTests/xtest1.py&quot;, line 92, in ?
    execfile(t__name)
  File &quot;OWLearningCurveC.py&quot;, line 290, in ?
    data = orange.ExampleTable('iris.tab')
KernelException: FileExampleGenerator: cannot open file 'iris.tab'
</FILE></RUN><RUN DATE="2005-01-27" ID="00043" PLATFORM="win32" TYPE="re-test"><FILE NAME="assoc.py" RESULT="OK"/><FILE ITERATION="0" NAME="ensemble.py" RESULT="error" xml:space="preserve">Traceback (most recent call last):
  File &quot;D:/ai/Orange/regressionTests/xtest1.py&quot;, line 92, in ?
    execfile(t__name)
  File &quot;ensemble.py&quot;, line 20, in ?
    results = orngTest.crossValidation(learners, data)
  File &quot;d:\ai\orange\orngTest.py&quot;, line 159, in crossValidation
    indices = orange.MakeRandomIndicesCV(examples, folds, stratified = strat, randomGenerator = randomGenerator)
TypeError: invalid parameter type for MakeRandomIndicesCV.folds', (int expected)
</FILE><FILE NAME="fss1.py" RESULT="OK"/><FILE NAME="fss2.py" RESULT="OK"/><FILE ITERATION="0" NAME="fss3.py" RESULT="error" xml:space="preserve">Traceback (most recent call last):
  File &quot;D:/ai/Orange/regressionTests/xtest1.py&quot;, line 92, in ?
    execfile(t__name)
  File &quot;fss3.py&quot;, line 42, in ?
    results = orngTest.crossValidation(learners, data)
  File &quot;d:\ai\orange\orngTest.py&quot;, line 159, in crossValidation
    indices = orange.MakeRandomIndicesCV(examples, folds, stratified = strat, randomGenerator = randomGenerator)
TypeError: invalid parameter type for MakeRandomIndicesCV.folds', (int expected)
</FILE><FILE ITERATION="0" NAME="fss4.py" RESULT="error" xml:space="preserve">Traceback (most recent call last):
  File &quot;D:/ai/Orange/regressionTests/xtest1.py&quot;, line 92, in ?
    execfile(t__name)
  File &quot;fss4.py&quot;, line 17, in ?
    results = orngTest.crossValidation(learners, data, storeClassifiers=1)
  File &quot;d:\ai\orange\orngTest.py&quot;, line 159, in crossValidation
    indices = orange.MakeRandomIndicesCV(examples, folds, stratified = strat, randomGenerator = randomGenerator)
TypeError: invalid parameter type for MakeRandomIndicesCV.folds', (int expected)
</FILE><FILE NAME="fss5.py" RESULT="OK"/><FILE NAME="fss6.py" RESULT="OK"/><FILE ITERATION="0" NAME="fss7.py" RESULT="error" xml:space="preserve">Traceback (most recent call last):
  File &quot;D:/ai/Orange/regressionTests/xtest1.py&quot;, line 92, in ?
    execfile(t__name)
  File &quot;fss7.py&quot;, line 24, in ?
    results = orngTest.crossValidation(learners, data, folds=10, storeClassifiers=1)
  File &quot;d:\ai\orange\orngTest.py&quot;, line 159, in crossValidation
    indices = orange.MakeRandomIndicesCV(examples, folds, stratified = strat, randomGenerator = randomGenerator)
TypeError: invalid parameter type for MakeRandomIndicesCV.folds', (int expected)
</FILE><FILE ITERATION="0" NAME="test.py" RESULT="error" xml:space="preserve">Traceback (most recent call last):
  File &quot;D:/ai/Orange/regressionTests/xtest1.py&quot;, line 92, in ?
    execfile(t__name)
  File &quot;test.py&quot;, line 46, in ?
    res = orngTest.crossValidation(learners, data)
  File &quot;d:\ai\orange\orngTest.py&quot;, line 159, in crossValidation
    indices = orange.MakeRandomIndicesCV(examples, folds, stratified = strat, randomGenerator = randomGenerator)
TypeError: invalid parameter type for MakeRandomIndicesCV.folds', (int expected)
</FILE><FILE NAME="tree1.py" RESULT="OK"/><FILE NAME="tree2.py" RESULT="OK"/><FILE NAME="tree3.py" RESULT="OK"/><FILE NAME="tree4.py" RESULT="OK"/><FILE NAME="tree5.py" RESULT="OK"/><FILE NAME="tree6.py" RESULT="OK"/><FILE NAME="tree7.py" RESULT="OK"/><FILE ITERATION="0" NAME="tree8.py" RESULT="error" xml:space="preserve">Traceback (most recent call last):
  File &quot;D:/ai/Orange/regressionTests/xtest1.py&quot;, line 92, in ?
    execfile(t__name)
  File &quot;tree8.py&quot;, line 14, in ?
    trees = [(0, tree.tree)] + [(m, prunner(tree, m=m)) for m in [0.0, 0.1, 0.5, 1, 5, 10, 50, 100]]
AttributeError: this function accepts no keyword arguments
</FILE><FILE NAME="tree9.py" RESULT="OK"/><FILE NAME="accuracy.py" RESULT="OK"/><FILE NAME="accuracy2.py" RESULT="OK"/><FILE NAME="accuracy3.py" RESULT="OK"/><FILE NAME="accuracy4.py" RESULT="OK"/><FILE NAME="accuracy5.py" RESULT="OK"/><FILE NAME="accuracy6.py" RESULT="OK"/><FILE ITERATION="0" NAME="accuracy7.py" RESULT="error" xml:space="preserve">Traceback (most recent call last):
  File &quot;D:/ai/Orange/regressionTests/xtest1.py&quot;, line 92, in ?
    execfile(t__name)
  File &quot;accuracy7.py&quot;, line 18, in ?
    results = orngTest.crossValidation(learners, data, folds=10)
  File &quot;d:\ai\orange\orngTest.py&quot;, line 159, in crossValidation
    indices = orange.MakeRandomIndicesCV(examples, folds, stratified = strat, randomGenerator = randomGenerator)
TypeError: invalid parameter type for MakeRandomIndicesCV.folds', (int expected)
</FILE><FILE NAME="assoc1.py" RESULT="changed"/><FILE NAME="assoc2.py" RESULT="OK"/><FILE NAME="assoc3.py" RESULT="OK"/><FILE NAME="bagging.py" RESULT="OK"/><FILE ITERATION="0" NAME="bagging_test.py" RESULT="error" xml:space="preserve">Traceback (most recent call last):
  File &quot;D:/ai/Orange/regressionTests/xtest1.py&quot;, line 92, in ?
    execfile(t__name)
  File &quot;bagging_test.py&quot;, line 16, in ?
    results = orngTest.crossValidation(learners, data, folds=5)
  File &quot;d:\ai\orange\orngTest.py&quot;, line 159, in crossValidation
    indices = orange.MakeRandomIndicesCV(examples, folds, stratified = strat, randomGenerator = randomGenerator)
TypeError: invalid parameter type for MakeRandomIndicesCV.folds', (int expected)
</FILE><FILE NAME="bayes.py" RESULT="OK"/><FILE ITERATION="0" NAME="bayes_test.py" RESULT="error" xml:space="preserve">Traceback (most recent call last):
  File &quot;D:/ai/Orange/regressionTests/xtest1.py&quot;, line 92, in ?
    execfile(t__name)
  File &quot;bayes_test.py&quot;, line 15, in ?
    results = orngTest.crossValidation(learners, data)
  File &quot;d:\ai\orange\orngTest.py&quot;, line 159, in crossValidation
    indices = orange.MakeRandomIndicesCV(examples, folds, stratified = strat, randomGenerator = randomGenerator)
TypeError: invalid parameter type for MakeRandomIndicesCV.folds', (int expected)
</FILE><FILE NAME="classifier.py" RESULT="OK"/><FILE NAME="classifier2.py" RESULT="OK"/><FILE NAME="data_characteristics.py" RESULT="OK"/><FILE NAME="data_characteristics2.py" RESULT="OK"/><FILE NAME="data_characteristics3.py" RESULT="OK"/><FILE NAME="data_characteristics4.py" RESULT="OK"/><FILE NAME="disc.py" RESULT="OK"/><FILE NAME="disc1.py" RESULT="OK"/><FILE NAME="disc2.py" RESULT="OK"/><FILE NAME="disc3.py" RESULT="OK"/><FILE NAME="disc4.py" RESULT="OK"/><FILE NAME="disc5.py" RESULT="OK"/><FILE NAME="disc6.py" RESULT="OK"/><FILE NAME="domain1.py" RESULT="OK"/><FILE ITERATION="0" NAME="domain10.py" RESULT="error" xml:space="preserve">Traceback (most recent call last):
  File &quot;D:/ai/Orange/regressionTests/xtest1.py&quot;, line 92, in ?
    execfile(t__name)
  File &quot;domain10.py&quot;, line 91, in ?
    results = orngTest.crossValidation(learners, data, folds=10)
  File &quot;d:\ai\orange\orngTest.py&quot;, line 159, in crossValidation
    indices = orange.MakeRandomIndicesCV(examples, folds, stratified = strat, randomGenerator = randomGenerator)
TypeError: invalid parameter type for MakeRandomIndicesCV.folds', (int expected)
</FILE><FILE NAME="domain11.py" RESULT="OK"/><FILE NAME="domain12.py" RESULT="OK"/><FILE NAME="domain13.py" RESULT="OK"/><FILE NAME="domain2.py" RESULT="OK"/><FILE NAME="domain3.py" RESULT="OK"/><FILE NAME="domain4.py" RESULT="OK"/><FILE NAME="domain5.py" RESULT="OK"/><FILE NAME="domain6.py" RESULT="OK"/><FILE NAME="domain7.py" RESULT="OK"/><FILE ITERATION="0" NAME="domain8.py" RESULT="error" xml:space="preserve">Traceback (most recent call last):
  File &quot;D:/ai/Orange/regressionTests/xtest1.py&quot;, line 92, in ?
    execfile(t__name)
  File &quot;domain8.py&quot;, line 25, in ?
    results = orngTest.crossValidation([learner], d, folds=10)
  File &quot;d:\ai\orange\orngTest.py&quot;, line 159, in crossValidation
    indices = orange.MakeRandomIndicesCV(examples, folds, stratified = strat, randomGenerator = randomGenerator)
TypeError: invalid parameter type for MakeRandomIndicesCV.folds', (int expected)
</FILE><FILE ITERATION="0" NAME="domain9.py" RESULT="error" xml:space="preserve">Traceback (most recent call last):
  File &quot;D:/ai/Orange/regressionTests/xtest1.py&quot;, line 92, in ?
    execfile(t__name)
  File &quot;domain9.py&quot;, line 49, in ?
    bestDomain = WrapperFSS(data, learner, verbose=1)
  File &quot;domain9.py&quot;, line 16, in WrapperFSS
    results = orngTest.crossValidation([learner], d, folds=folds)
  File &quot;d:\ai\orange\orngTest.py&quot;, line 159, in crossValidation
    indices = orange.MakeRandomIndicesCV(examples, folds, stratified = strat, randomGenerator = randomGenerator)
TypeError: invalid parameter type for MakeRandomIndicesCV.folds', (int expected)
</FILE><FILE ITERATION="0" NAME="ensemble2.py" RESULT="error" xml:space="preserve">Traceback (most recent call last):
  File &quot;D:/ai/Orange/regressionTests/xtest1.py&quot;, line 92, in ?
    execfile(t__name)
  File &quot;ensemble2.py&quot;, line 71, in ?
    results = orngTest.crossValidation(learners, data)
  File &quot;d:\ai\orange\orngTest.py&quot;, line 159, in crossValidation
    indices = orange.MakeRandomIndicesCV(examples, folds, stratified = strat, randomGenerator = randomGenerator)
TypeError: invalid parameter type for MakeRandomIndicesCV.folds', (int expected)
</FILE><FILE ITERATION="0" NAME="ensemble3.py" RESULT="error" xml:space="preserve">Traceback (most recent call last):
  File &quot;D:/ai/Orange/regressionTests/xtest1.py&quot;, line 92, in ?
    execfile(t__name)
  File &quot;ensemble3.py&quot;, line 21, in ?
    results = orngTest.crossValidation(learners, data, folds=10)
  File &quot;d:\ai\orange\orngTest.py&quot;, line 159, in crossValidation
    indices = orange.MakeRandomIndicesCV(examples, folds, stratified = strat, randomGenerator = randomGenerator)
TypeError: invalid parameter type for MakeRandomIndicesCV.folds', (int expected)
</FILE><FILE NAME="handful.py" RESULT="changed"/><FILE NAME="lenses.py" RESULT="OK"/><FILE NAME="nbdisc.py" RESULT="OK"/><FILE ITERATION="0" NAME="nbdisc_test.py" RESULT="error" xml:space="preserve">Traceback (most recent call last):
  File &quot;D:/ai/Orange/regressionTests/xtest1.py&quot;, line 92, in ?
    execfile(t__name)
  File &quot;nbdisc_test.py&quot;, line 9, in ?
    results = orngTest.crossValidation([nbdisc.Learner()], data, folds=10)
  File &quot;d:\ai\orange\orngTest.py&quot;, line 159, in crossValidation
    indices = orange.MakeRandomIndicesCV(examples, folds, stratified = strat, randomGenerator = randomGenerator)
TypeError: invalid parameter type for MakeRandomIndicesCV.folds', (int expected)
</FILE><FILE NAME="regression1.py" RESULT="OK"/><FILE NAME="regression2.py" RESULT="OK"/><FILE ITERATION="0" NAME="regression3.py" RESULT="error" xml:space="preserve">Traceback (most recent call last):
  File &quot;D:/ai/Orange/regressionTests/xtest1.py&quot;, line 92, in ?
    execfile(t__name)
  File &quot;regression3.py&quot;, line 21, in ?
    results = orngTest.crossValidation(learners, data, folds=10)
  File &quot;d:\ai\orange\orngTest.py&quot;, line 159, in crossValidation
    indices = orange.MakeRandomIndicesCV(examples, folds, stratified = strat, randomGenerator = randomGenerator)
TypeError: invalid parameter type for MakeRandomIndicesCV.folds', (int expected)
</FILE><FILE NAME="report_missing.py" RESULT="OK"/><FILE NAME="roc.py" RESULT="OK"/><FILE NAME="sample_adult.py" RESULT="OK"/><FILE NAME="tree.py" RESULT="OK"/><FILE NAME="tree_print.py" RESULT="OK"/><FILE NAME="ClassifierByExampleTable.py" RESULT="changed"/><FILE NAME="ClassifierByLookupTable.py" RESULT="OK"/><FILE NAME="CostMatrix.py" RESULT="OK"/><FILE NAME="MeasureAttribute1.py" RESULT="OK"/><FILE NAME="MeasureAttribute1a.py" RESULT="OK"/><FILE NAME="MeasureAttribute1b.py" RESULT="OK"/><FILE NAME="MeasureAttribute2.py" RESULT="changed"/><FILE NAME="MeasureAttribute3.py" RESULT="changed"/><FILE NAME="RandomClassifier.py" RESULT="changed"/><FILE NAME="assoc-agrawal.py" RESULT="OK"/><FILE NAME="assoc-rule.py" RESULT="OK"/><FILE NAME="assoc.py" RESULT="OK"/><FILE NAME="basicattrstat.py" RESULT="OK"/><FILE NAME="basket.py" RESULT="OK"/><FILE ITERATION="0" NAME="c45.py" RESULT="error" xml:space="preserve">Traceback (most recent call last):
  File &quot;D:/ai/Orange/regressionTests/xtest1.py&quot;, line 92, in ?
    execfile(t__name)
  File &quot;c45.py&quot;, line 42, in ?
    res = orngTest.crossValidation([orange.C45Learner(), orange.C45Learner(convertToOrange=1)], data)
  File &quot;d:\ai\orange\orngTest.py&quot;, line 159, in crossValidation
    indices = orange.MakeRandomIndicesCV(examples, folds, stratified = strat, randomGenerator = randomGenerator)
TypeError: invalid parameter type for MakeRandomIndicesCV.folds', (int expected)
</FILE><FILE NAME="cb-classifier.py" RESULT="OK"/><FILE NAME="cb-descender.py" RESULT="OK"/><FILE NAME="cb-filter.py" RESULT="OK"/><FILE NAME="cb-learner.py" RESULT="OK"/><FILE NAME="cb-measureattribute.py" RESULT="OK"/><FILE NAME="cb-mydomain.py" RESULT="OK"/><FILE NAME="cb-splitconstructor.py" RESULT="OK"/><FILE NAME="cb-stopcriteria.py" RESULT="OK"/><FILE NAME="classifierFromVar.py" RESULT="OK"/><FILE NAME="contingency1.py" RESULT="OK"/><FILE NAME="contingency2.py" RESULT="OK"/><FILE NAME="contingency3.py" RESULT="OK"/><FILE NAME="contingency4.py" RESULT="OK"/><FILE NAME="contingency5.py" RESULT="OK"/><FILE NAME="contingency6.py" RESULT="OK"/><FILE NAME="contingency7.py" RESULT="OK"/><FILE NAME="contingency8.py" RESULT="OK"/><FILE NAME="discretization.py" RESULT="OK"/><FILE NAME="distributions.py" RESULT="OK"/><FILE NAME="domain1.py" RESULT="OK"/><FILE NAME="domain2.py" RESULT="OK"/><FILE NAME="domainDepot.py" RESULT="random"/><FILE NAME="example.py" RESULT="OK"/><FILE NAME="example2.py" RESULT="OK"/><FILE NAME="example3.py" RESULT="OK"/><FILE NAME="example_merge.py" RESULT="random"/><FILE NAME="examplesdistance-missing.py" RESULT="OK"/><FILE NAME="examplesdistance.py" RESULT="OK"/><FILE NAME="exampletable1.py" RESULT="OK"/><FILE NAME="exampletable2.py" RESULT="OK"/><FILE NAME="exampletable3.py" RESULT="OK"/><FILE NAME="exampletable4.py" RESULT="OK"/><FILE NAME="exampletable5.py" RESULT="OK"/><FILE NAME="exampletable_merge.py" RESULT="random"/><FILE NAME="filter.py" RESULT="OK"/><FILE ITERATION="0" NAME="filters.py" RESULT="error" xml:space="preserve">Traceback (most recent call last):
  File &quot;D:/ai/Orange/regressionTests/xtest1.py&quot;, line 92, in ?
    execfile(t__name)
  File &quot;filters.py&quot;, line 17, in ?
    fspec.check = [1] * len(data.domain)
TypeError: invalid parameter type for 'Filter_isDefined.check', (expected 'AttributedBoolList', got 'list')
</FILE><FILE NAME="filterv.py" RESULT="OK"/><FILE NAME="findnearest.py" RESULT="changed"/><FILE NAME="graph.py" RESULT="changed"/><FILE NAME="hclust.py" RESULT="OK"/><FILE NAME="hclust_art.py" RESULT="OK"/><FILE ITERATION="0" NAME="imputation.py" RESULT="error" xml:space="preserve">Traceback (most recent call last):
  File &quot;D:/ai/Orange/regressionTests/xtest1.py&quot;, line 92, in ?
    execfile(t__name)
  File &quot;imputation.py&quot;, line 21, in ?
    impdata = imputer(data)
KernelException: null pointer to 'class TImputer'
</FILE><FILE NAME="knnlearner.py" RESULT="changed"/><FILE ITERATION="0" NAME="majority.py" RESULT="error" xml:space="preserve">Traceback (most recent call last):
  File &quot;D:/ai/Orange/regressionTests/xtest1.py&quot;, line 92, in ?
    execfile(t__name)
  File &quot;majority.py&quot;, line 16, in ?
    res = orngTest.crossValidation(learners, data)
  File &quot;d:\ai\orange\orngTest.py&quot;, line 159, in crossValidation
    indices = orange.MakeRandomIndicesCV(examples, folds, stratified = strat, randomGenerator = randomGenerator)
TypeError: invalid parameter type for MakeRandomIndicesCV.folds', (int expected)
</FILE><FILE NAME="output.py" RESULT="OK"/><FILE NAME="pp-attributes.py" RESULT="OK"/><FILE NAME="pp-censoring.py" RESULT="OK"/><FILE NAME="pp-discretization.py" RESULT="OK"/><FILE NAME="pp-duplicates.py" RESULT="OK"/><FILE NAME="pp-missing.py" RESULT="changed"/><FILE NAME="pp-noise.py" RESULT="changed"/><FILE NAME="pp-select.py" RESULT="OK"/><FILE NAME="pp-weights.py" RESULT="OK"/><FILE NAME="pythonvariable1.py" RESULT="random"/><FILE NAME="pythonvariable2a.py" RESULT="OK"/><FILE NAME="pythonvariable2b.py" RESULT="OK"/><FILE NAME="pythonvariable2c.py" RESULT="OK"/><FILE NAME="pythonvariable2d.py" RESULT="OK"/><FILE NAME="randomindices2.py" RESULT="OK"/><FILE NAME="randomindicescv.py" RESULT="OK"/><FILE NAME="randomindicesn.py" RESULT="OK"/><FILE ITERATION="0" NAME="subsetsgenerators.py" RESULT="error" xml:space="preserve">Traceback (most recent call last):
  File &quot;D:/ai/Orange/regressionTests/xtest1.py&quot;, line 92, in ?
    execfile(t__name)
  File &quot;subsetsgenerators.py&quot;, line 18, in ?
    for attrs in gen2(data.domain.attributes, B=3):
AttributeError: this function accepts no keyword arguments
</FILE><FILE NAME="symmatrix.py" RESULT="OK"/><FILE NAME="transformvalue-d2c.py" RESULT="OK"/><FILE ITERATION="0" NAME="transformvalue-domain.py" RESULT="error" xml:space="preserve">Traceback (most recent call last):
  File &quot;D:/ai/Orange/regressionTests/xtest1.py&quot;, line 92, in ?
    execfile(t__name)
  File &quot;transformvalue-domain.py&quot;, line 29, in ?
    domain0 = continuizer(data)
KernelException: null pointer to 'class TDomainContinuizer'
</FILE><FILE NAME="transformvalue-miv.py" RESULT="OK"/><FILE NAME="transformvalue-nc.py" RESULT="OK"/><FILE NAME="transformvalue-o2c.py" RESULT="OK"/><FILE NAME="treelearner.py" RESULT="OK"/><FILE NAME="treestructure.py" RESULT="OK"/><FILE NAME="unusedValues.py" RESULT="OK"/><FILE NAME="values.py" RESULT="OK"/><FILE NAME="variable.py" RESULT="OK"/><FILE NAME="variable2.py" RESULT="OK"/><FILE ITERATION="0" NAME="OWDataSamplerA.py" RESULT="error" xml:space="preserve">Traceback (most recent call last):
  File &quot;D:/ai/Orange/regressionTests/xtest1.py&quot;, line 92, in ?
    execfile(t__name)
  File &quot;OWDataSamplerA.py&quot;, line 46, in ?
    dataset = orange.ExampleTable('iris.tab')
KernelException: FileExampleGenerator: cannot open file 'iris.tab'
</FILE><FILE ITERATION="0" NAME="OWDataSamplerB.py" RESULT="error" xml:space="preserve">Traceback (most recent call last):
  File &quot;D:/ai/Orange/regressionTests/xtest1.py&quot;, line 92, in ?
    execfile(t__name)
  File &quot;OWDataSamplerB.py&quot;, line 71, in ?
    dataset = orange.ExampleTable('iris.tab')
KernelException: FileExampleGenerator: cannot open file 'iris.tab'
</FILE><FILE ITERATION="0" NAME="OWDataSamplerC.py" RESULT="error" xml:space="preserve">Traceback (most recent call last):
  File &quot;D:/ai/Orange/regressionTests/xtest1.py&quot;, line 92, in ?
    execfile(t__name)
  File &quot;OWDataSamplerC.py&quot;, line 73, in ?
    dataset = orange.ExampleTable('iris.tab')
KernelException: FileExampleGenerator: cannot open file 'iris.tab'
</FILE><FILE ITERATION="0" NAME="OWLearningCurveA.py" RESULT="error" xml:space="preserve">Traceback (most recent call last):
  File &quot;D:/ai/Orange/regressionTests/xtest1.py&quot;, line 92, in ?
    execfile(t__name)
  File &quot;OWLearningCurveA.py&quot;, line 176, in ?
    data = orange.ExampleTable('iris.tab')
KernelException: FileExampleGenerator: cannot open file 'iris.tab'
</FILE><FILE ITERATION="0" NAME="OWLearningCurveB.py" RESULT="error" xml:space="preserve">Traceback (most recent call last):
  File &quot;D:/ai/Orange/regressionTests/xtest1.py&quot;, line 92, in ?
    execfile(t__name)
  File &quot;OWLearningCurveB.py&quot;, line 188, in ?
    data = orange.ExampleTable('iris.tab')
KernelException: FileExampleGenerator: cannot open file 'iris.tab'
</FILE><FILE ITERATION="0" NAME="OWLearningCurveC.py" RESULT="error" xml:space="preserve">Traceback (most recent call last):
  File &quot;D:/ai/Orange/regressionTests/xtest1.py&quot;, line 92, in ?
    execfile(t__name)
  File &quot;OWLearningCurveC.py&quot;, line 290, in ?
    data = orange.ExampleTable('iris.tab')
KernelException: FileExampleGenerator: cannot open file 'iris.tab'
</FILE></RUN><RUN DATE="2005-01-21" ID="00042" PLATFORM="win32" TYPE="update"><FILE ITERATION="0" NAME="accuracy7.py" RESULT="error" xml:space="preserve">Traceback (most recent call last):
  File &quot;D:/ai/Orange/regressionTests/xtest1.py&quot;, line 92, in ?
    execfile(t__name)
  File &quot;accuracy7.py&quot;, line 19, in ?
    cdt = orngStat.computeCDT(results) # req. for AUC
  File &quot;d:\ai\orange\orngStat.py&quot;, line 890, in computeCDT
    import corn
ImportError: DLL load failed: A dynamic link library (DLL) initialization routine failed.
</FILE><FILE NAME="assoc1.py" RESULT="changed"/><FILE ITERATION="0" NAME="domain10.py" RESULT="error" xml:space="preserve">Traceback (most recent call last):
  File &quot;D:/ai/Orange/regressionTests/xtest1.py&quot;, line 92, in ?
    execfile(t__name)
  File &quot;domain10.py&quot;, line 92, in ?
    cdt = orngStat.computeCDT(results) # req. for AUC
  File &quot;d:\ai\orange\orngStat.py&quot;, line 890, in computeCDT
    import corn
ImportError: DLL load failed: A dynamic link library (DLL) initialization routine failed.
</FILE><FILE NAME="domain11.py" RESULT="OK"/><FILE NAME="domain12.py" RESULT="OK"/><FILE NAME="domain13.py" RESULT="OK"/><FILE NAME="ClassifierByExampleTable.py" RESULT="changed"/><FILE NAME="MeasureAttribute2.py" RESULT="changed"/><FILE NAME="MeasureAttribute3.py" RESULT="changed"/><FILE NAME="domainDepot.py" RESULT="random"/><FILE ITERATION="0" NAME="example_merge.py" RESULT="error" xml:space="preserve">Traceback (most recent call last):
  File &quot;D:/ai/Orange/regressionTests/xtest1.py&quot;, line 92, in ?
    execfile(t__name)
  File &quot;example_merge.py&quot;, line 17, in ?
    merge = orange.Example(newdomain, [data1[0], data2[0]])
KernelException: 'orange.Example': ambiguous value of attribute 'a1'
</FILE><FILE ITERATION="0" NAME="exampletable_merge.py" RESULT="error" xml:space="preserve">Traceback (most recent call last):
  File &quot;D:/ai/Orange/regressionTests/xtest1.py&quot;, line 92, in ?
    execfile(t__name)
  File &quot;exampletable_merge.py&quot;, line 6, in ?
    merged = orange.ExampleTable([data1, data2])
KernelException: 'orange.ExampleTable': mismatching value of attribute 'a1' in example #0
</FILE><FILE ITERATION="0" NAME="filters.py" RESULT="error" xml:space="preserve">Traceback (most recent call last):
  File &quot;D:/ai/Orange/regressionTests/xtest1.py&quot;, line 92, in ?
    execfile(t__name)
  File &quot;filters.py&quot;, line 17, in ?
    fspec.check = [1] * len(data.domain)
TypeError: invalid parameter type for 'Filter_isDefined.check', (expected 'AttributedBoolList', got 'list')
</FILE><FILE ITERATION="0" NAME="graph.py" RESULT="error" xml:space="preserve">Traceback (most recent call last):
  File &quot;D:/ai/Orange/regressionTests/xtest1.py&quot;, line 92, in ?
    execfile(t__name)
  File &quot;graph.py&quot;, line 16, in ?
    asdf
NameError: name 'asdf' is not defined
</FILE><FILE ITERATION="0" NAME="imputation.py" RESULT="error" xml:space="preserve">Traceback (most recent call last):
  File &quot;D:/ai/Orange/regressionTests/xtest1.py&quot;, line 92, in ?
    execfile(t__name)
  File &quot;imputation.py&quot;, line 21, in ?
    impdata = imputer(data)
KernelException: invalid (null or wrong type) pointer to 'class TImputer'
</FILE><FILE NAME="pp-missing.py" RESULT="changed"/><FILE NAME="pp-noise.py" RESULT=""/><FILE NAME="pythonvariable1.py" RESULT="random"/><FILE NAME="pythonvariable2a.py" RESULT="OK"/><FILE NAME="pythonvariable2b.py" RESULT="OK"/><FILE NAME="pythonvariable2c.py" RESULT="OK"/><FILE ITERATION="0" NAME="transformvalue-domain.py" RESULT="error" xml:space="preserve">Traceback (most recent call last):
  File &quot;D:/ai/Orange/regressionTests/xtest1.py&quot;, line 92, in ?
    execfile(t__name)
  File &quot;transformvalue-domain.py&quot;, line 29, in ?
    domain0 = continuizer(data)
KernelException: invalid (null or wrong type) pointer to 'class TDomainContinuizer'
</FILE><FILE ITERATION="0" NAME="OWDataSamplerA.py" RESULT="error" xml:space="preserve">Traceback (most recent call last):
  File &quot;D:/ai/Orange/regressionTests/xtest1.py&quot;, line 92, in ?
    execfile(t__name)
  File &quot;OWDataSamplerA.py&quot;, line 46, in ?
    dataset = orange.ExampleTable('iris.tab')
KernelException: FileExampleGenerator: cannot open file 'iris.tab'
</FILE><FILE ITERATION="0" NAME="OWDataSamplerB.py" RESULT="error" xml:space="preserve">Traceback (most recent call last):
  File &quot;D:/ai/Orange/regressionTests/xtest1.py&quot;, line 92, in ?
    execfile(t__name)
  File &quot;OWDataSamplerB.py&quot;, line 71, in ?
    dataset = orange.ExampleTable('iris.tab')
KernelException: FileExampleGenerator: cannot open file 'iris.tab'
</FILE><FILE ITERATION="0" NAME="OWDataSamplerC.py" RESULT="error" xml:space="preserve">Traceback (most recent call last):
  File &quot;D:/ai/Orange/regressionTests/xtest1.py&quot;, line 92, in ?
    execfile(t__name)
  File &quot;OWDataSamplerC.py&quot;, line 73, in ?
    dataset = orange.ExampleTable('iris.tab')
KernelException: FileExampleGenerator: cannot open file 'iris.tab'
</FILE><FILE ITERATION="0" NAME="OWLearningCurveA.py" RESULT="error" xml:space="preserve">Traceback (most recent call last):
  File &quot;D:/ai/Orange/regressionTests/xtest1.py&quot;, line 92, in ?
    execfile(t__name)
  File &quot;OWLearningCurveA.py&quot;, line 176, in ?
    data = orange.ExampleTable('iris.tab')
KernelException: FileExampleGenerator: cannot open file 'iris.tab'
</FILE><FILE ITERATION="0" NAME="OWLearningCurveB.py" RESULT="error" xml:space="preserve">Traceback (most recent call last):
  File &quot;D:/ai/Orange/regressionTests/xtest1.py&quot;, line 92, in ?
    execfile(t__name)
  File &quot;OWLearningCurveB.py&quot;, line 188, in ?
    data = orange.ExampleTable('iris.tab')
KernelException: FileExampleGenerator: cannot open file 'iris.tab'
</FILE><FILE ITERATION="0" NAME="OWLearningCurveC.py" RESULT="error" xml:space="preserve">Traceback (most recent call last):
  File &quot;D:/ai/Orange/regressionTests/xtest1.py&quot;, line 92, in ?
    execfile(t__name)
  File &quot;OWLearningCurveC.py&quot;, line 290, in ?
    data = orange.ExampleTable('iris.tab')
KernelException: FileExampleGenerator: cannot open file 'iris.tab'
</FILE></RUN><RUN DATE="2005-01-21" ID="00041" PLATFORM="win32" TYPE="update"><FILE ITERATION="0" NAME="accuracy7.py" RESULT="error" xml:space="preserve">Traceback (most recent call last):
  File &quot;D:/ai/Orange/regressionTests/xtest1.py&quot;, line 92, in ?
    execfile(t__name)
  File &quot;accuracy7.py&quot;, line 19, in ?
    cdt = orngStat.computeCDT(results) # req. for AUC
  File &quot;d:\ai\orange\orngStat.py&quot;, line 890, in computeCDT
    import corn
ImportError: DLL load failed: A dynamic link library (DLL) initialization routine failed.
</FILE><FILE NAME="assoc1.py" RESULT="changed"/><FILE ITERATION="0" NAME="domain10.py" RESULT="error" xml:space="preserve">Traceback (most recent call last):
  File &quot;D:/ai/Orange/regressionTests/xtest1.py&quot;, line 92, in ?
    execfile(t__name)
  File &quot;domain10.py&quot;, line 82, in ?
    warnings.filterwarnings(&quot;ignore&quot;, &quot;.*'BayesLearner': .*&quot;, orange.KernelWarning)
AttributeError: 'module' object has no attribute 'KernelWarning'
</FILE><FILE NAME="domain11.py" RESULT=""/><FILE NAME="domain12.py" RESULT=""/><FILE NAME="domain13.py" RESULT=""/><FILE NAME="ClassifierByExampleTable.py" RESULT="changed"/><FILE NAME="MeasureAttribute2.py" RESULT="changed"/><FILE NAME="MeasureAttribute3.py" RESULT="changed"/><FILE NAME="domainDepot.py" RESULT="random"/><FILE ITERATION="0" NAME="example_merge.py" RESULT="error" xml:space="preserve">Traceback (most recent call last):
  File &quot;D:/ai/Orange/regressionTests/xtest1.py&quot;, line 92, in ?
    execfile(t__name)
  File &quot;example_merge.py&quot;, line 17, in ?
    merge = orange.Example(newdomain, [data1[0], data2[0]])
KernelException: 'orange.Example': ambiguous value of attribute 'a1'
</FILE><FILE ITERATION="0" NAME="exampletable_merge.py" RESULT="error" xml:space="preserve">Traceback (most recent call last):
  File &quot;D:/ai/Orange/regressionTests/xtest1.py&quot;, line 92, in ?
    execfile(t__name)
  File &quot;exampletable_merge.py&quot;, line 6, in ?
    merged = orange.ExampleTable([data1, data2])
KernelException: 'orange.ExampleTable': mismatching value of attribute 'a1' in example #0
</FILE><FILE ITERATION="0" NAME="filters.py" RESULT="error" xml:space="preserve">Traceback (most recent call last):
  File &quot;D:/ai/Orange/regressionTests/xtest1.py&quot;, line 92, in ?
    execfile(t__name)
  File &quot;filters.py&quot;, line 17, in ?
    fspec.check = [1] * len(data.domain)
TypeError: invalid parameter type for 'Filter_isDefined.check', (expected 'AttributedBoolList', got 'list')
</FILE><FILE ITERATION="0" NAME="graph.py" RESULT="error" xml:space="preserve">Traceback (most recent call last):
  File &quot;D:/ai/Orange/regressionTests/xtest1.py&quot;, line 92, in ?
    execfile(t__name)
  File &quot;graph.py&quot;, line 16, in ?
    asdf
NameError: name 'asdf' is not defined
</FILE><FILE ITERATION="0" NAME="imputation.py" RESULT="error" xml:space="preserve">Traceback (most recent call last):
  File &quot;D:/ai/Orange/regressionTests/xtest1.py&quot;, line 92, in ?
    execfile(t__name)
  File &quot;imputation.py&quot;, line 21, in ?
    impdata = imputer(data)
KernelException: invalid (null or wrong type) pointer to 'class TImputer'
</FILE><FILE NAME="pp-missing.py" RESULT="changed"/><FILE NAME="pp-noise.py" RESULT=""/><FILE NAME="pythonvariable1.py" RESULT=""/><FILE NAME="pythonvariable2a.py" RESULT=""/><FILE NAME="pythonvariable2b.py" RESULT=""/><FILE NAME="pythonvariable2c.py" RESULT=""/><FILE ITERATION="0" NAME="transformvalue-domain.py" RESULT="error" xml:space="preserve">Traceback (most recent call last):
  File &quot;D:/ai/Orange/regressionTests/xtest1.py&quot;, line 92, in ?
    execfile(t__name)
  File &quot;transformvalue-domain.py&quot;, line 29, in ?
    domain0 = continuizer(data)
KernelException: invalid (null or wrong type) pointer to 'class TDomainContinuizer'
</FILE><FILE ITERATION="0" NAME="OWDataSamplerA.py" RESULT="error" xml:space="preserve">Traceback (most recent call last):
  File &quot;D:/ai/Orange/regressionTests/xtest1.py&quot;, line 92, in ?
    execfile(t__name)
  File &quot;OWDataSamplerA.py&quot;, line 46, in ?
    dataset = orange.ExampleTable('iris.tab')
KernelException: FileExampleGenerator: cannot open file 'iris.tab'
</FILE><FILE ITERATION="0" NAME="OWDataSamplerB.py" RESULT="error" xml:space="preserve">Traceback (most recent call last):
  File &quot;D:/ai/Orange/regressionTests/xtest1.py&quot;, line 92, in ?
    execfile(t__name)
  File &quot;OWDataSamplerB.py&quot;, line 71, in ?
    dataset = orange.ExampleTable('iris.tab')
KernelException: FileExampleGenerator: cannot open file 'iris.tab'
</FILE><FILE ITERATION="0" NAME="OWDataSamplerC.py" RESULT="error" xml:space="preserve">Traceback (most recent call last):
  File &quot;D:/ai/Orange/regressionTests/xtest1.py&quot;, line 92, in ?
    execfile(t__name)
  File &quot;OWDataSamplerC.py&quot;, line 73, in ?
    dataset = orange.ExampleTable('iris.tab')
KernelException: FileExampleGenerator: cannot open file 'iris.tab'
</FILE><FILE ITERATION="0" NAME="OWLearningCurveA.py" RESULT="error" xml:space="preserve">Traceback (most recent call last):
  File &quot;D:/ai/Orange/regressionTests/xtest1.py&quot;, line 92, in ?
    execfile(t__name)
  File &quot;OWLearningCurveA.py&quot;, line 176, in ?
    data = orange.ExampleTable('iris.tab')
KernelException: FileExampleGenerator: cannot open file 'iris.tab'
</FILE><FILE ITERATION="0" NAME="OWLearningCurveB.py" RESULT="error" xml:space="preserve">Traceback (most recent call last):
  File &quot;D:/ai/Orange/regressionTests/xtest1.py&quot;, line 92, in ?
    execfile(t__name)
  File &quot;OWLearningCurveB.py&quot;, line 188, in ?
    data = orange.ExampleTable('iris.tab')
KernelException: FileExampleGenerator: cannot open file 'iris.tab'
</FILE><FILE ITERATION="0" NAME="OWLearningCurveC.py" RESULT="error" xml:space="preserve">Traceback (most recent call last):
  File &quot;D:/ai/Orange/regressionTests/xtest1.py&quot;, line 92, in ?
    execfile(t__name)
  File &quot;OWLearningCurveC.py&quot;, line 282, in ?
    ow = OWLearningCurveC()
  File &quot;OWLearningCurveC.py&quot;, line 34, in __init__
    warnings.filterwarnings(&quot;ignore&quot;, &quot;.*builtin attribute.*&quot;, orange.AttributeWarning)
AttributeError: 'module' object has no attribute 'AttributeWarning'
</FILE></RUN><RUN DATE="2005-01-21" ID="00040" PLATFORM="win32" TYPE="update"><FILE ITERATION="0" NAME="accuracy7.py" RESULT="error" xml:space="preserve">Traceback (most recent call last):
  File &quot;D:/ai/Orange/regressionTests/xtest1.py&quot;, line 92, in ?
    execfile(t__name)
  File &quot;accuracy7.py&quot;, line 19, in ?
    cdt = orngStat.computeCDT(results) # req. for AUC
  File &quot;d:\ai\orange\orngStat.py&quot;, line 890, in computeCDT
    import corn
ImportError: DLL load failed: A dynamic link library (DLL) initialization routine failed.
</FILE><FILE NAME="assoc1.py" RESULT="changed"/><FILE NAME="disc3.py" RESULT="OK"/><FILE NAME="disc5.py" RESULT="OK"/><FILE NAME="disc6.py" RESULT="OK"/><FILE ITERATION="0" NAME="domain10.py" RESULT="error" xml:space="preserve">Traceback (most recent call last):
  File &quot;D:/ai/Orange/regressionTests/xtest1.py&quot;, line 92, in ?
    execfile(t__name)
  File &quot;domain10.py&quot;, line 82, in ?
    warnings.filterwarnings(&quot;ignore&quot;, &quot;.*'BayesLearner': .*&quot;, orange.KernelWarning)
AttributeError: 'module' object has no attribute 'KernelWarning'
</FILE><FILE NAME="domain11.py" RESULT=""/><FILE NAME="domain12.py" RESULT=""/><FILE NAME="domain13.py" RESULT=""/><FILE NAME="ClassifierByExampleTable.py" RESULT="changed"/><FILE NAME="ClassifierByLookupTable.py" RESULT="OK"/><FILE NAME="MeasureAttribute1.py" RESULT="OK"/><FILE NAME="MeasureAttribute2.py" RESULT="changed"/><FILE NAME="MeasureAttribute3.py" RESULT="changed"/><FILE NAME="cb-classifier.py" RESULT="OK"/><FILE NAME="cb-splitconstructor.py" RESULT="OK"/><FILE NAME="classifierFromVar.py" RESULT="OK"/><FILE NAME="discretization.py" RESULT="OK"/><FILE NAME="distributions.py" RESULT="OK"/><FILE NAME="domainDepot.py" RESULT="random"/><FILE NAME="example3.py" RESULT="OK"/><FILE ITERATION="0" NAME="example_merge.py" RESULT="error" xml:space="preserve">Traceback (most recent call last):
  File &quot;D:/ai/Orange/regressionTests/xtest1.py&quot;, line 92, in ?
    execfile(t__name)
  File &quot;example_merge.py&quot;, line 17, in ?
    merge = orange.Example(newdomain, [data1[0], data2[0]])
KernelException: 'orange.Example': ambiguous value of attribute 'a1'
</FILE><FILE NAME="exampletable1.py" RESULT="OK"/><FILE ITERATION="0" NAME="exampletable_merge.py" RESULT="error" xml:space="preserve">Traceback (most recent call last):
  File &quot;D:/ai/Orange/regressionTests/xtest1.py&quot;, line 92, in ?
    execfile(t__name)
  File &quot;exampletable_merge.py&quot;, line 6, in ?
    merged = orange.ExampleTable([data1, data2])
KernelException: 'orange.ExampleTable': mismatching value of attribute 'a1' in example #0
</FILE><FILE ITERATION="0" NAME="filters.py" RESULT="error" xml:space="preserve">Traceback (most recent call last):
  File &quot;D:/ai/Orange/regressionTests/xtest1.py&quot;, line 92, in ?
    execfile(t__name)
  File &quot;filters.py&quot;, line 17, in ?
    fspec.check = [1] * len(data.domain)
TypeError: invalid parameter type for 'Filter_isDefined.check', (expected 'AttributedBoolList', got 'list')
</FILE><FILE ITERATION="0" NAME="graph.py" RESULT="error" xml:space="preserve">Traceback (most recent call last):
  File &quot;D:/ai/Orange/regressionTests/xtest1.py&quot;, line 92, in ?
    execfile(t__name)
  File &quot;graph.py&quot;, line 16, in ?
    asdf
NameError: name 'asdf' is not defined
</FILE><FILE ITERATION="0" NAME="imputation.py" RESULT="error" xml:space="preserve">Traceback (most recent call last):
  File &quot;D:/ai/Orange/regressionTests/xtest1.py&quot;, line 92, in ?
    execfile(t__name)
  File &quot;imputation.py&quot;, line 21, in ?
    impdata = imputer(data)
KernelException: invalid (null or wrong type) pointer to 'class TImputer'
</FILE><FILE NAME="pp-missing.py" RESULT="changed"/><FILE NAME="pp-noise.py" RESULT=""/><FILE NAME="pp-weights.py" RESULT="OK"/><FILE NAME="pythonvariable1.py" RESULT=""/><FILE NAME="pythonvariable2a.py" RESULT=""/><FILE NAME="pythonvariable2b.py" RESULT=""/><FILE NAME="pythonvariable2c.py" RESULT=""/><FILE NAME="randomindicesn.py" RESULT="OK"/><FILE ITERATION="0" NAME="transformvalue-domain.py" RESULT="error" xml:space="preserve">Traceback (most recent call last):
  File &quot;D:/ai/Orange/regressionTests/xtest1.py&quot;, line 92, in ?
    execfile(t__name)
  File &quot;transformvalue-domain.py&quot;, line 29, in ?
    domain0 = continuizer(data)
KernelException: invalid (null or wrong type) pointer to 'class TDomainContinuizer'
</FILE><FILE NAME="transformvalue-miv.py" RESULT="OK"/><FILE NAME="treestructure.py" RESULT="OK"/><FILE NAME="values.py" RESULT="OK"/><FILE NAME="variable.py" RESULT="OK"/><FILE NAME="variable2.py" RESULT="OK"/><FILE ITERATION="0" NAME="OWDataSamplerA.py" RESULT="error" xml:space="preserve">Traceback (most recent call last):
  File &quot;D:/ai/Orange/regressionTests/xtest1.py&quot;, line 92, in ?
    execfile(t__name)
  File &quot;OWDataSamplerA.py&quot;, line 46, in ?
    dataset = orange.ExampleTable('iris.tab')
KernelException: FileExampleGenerator: cannot open file 'iris.tab'
</FILE><FILE ITERATION="0" NAME="OWDataSamplerB.py" RESULT="error" xml:space="preserve">Traceback (most recent call last):
  File &quot;D:/ai/Orange/regressionTests/xtest1.py&quot;, line 92, in ?
    execfile(t__name)
  File &quot;OWDataSamplerB.py&quot;, line 71, in ?
    dataset = orange.ExampleTable('iris.tab')
KernelException: FileExampleGenerator: cannot open file 'iris.tab'
</FILE><FILE ITERATION="0" NAME="OWDataSamplerC.py" RESULT="error" xml:space="preserve">Traceback (most recent call last):
  File &quot;D:/ai/Orange/regressionTests/xtest1.py&quot;, line 92, in ?
    execfile(t__name)
  File &quot;OWDataSamplerC.py&quot;, line 73, in ?
    dataset = orange.ExampleTable('iris.tab')
KernelException: FileExampleGenerator: cannot open file 'iris.tab'
</FILE><FILE ITERATION="0" NAME="OWLearningCurveA.py" RESULT="error" xml:space="preserve">Traceback (most recent call last):
  File &quot;D:/ai/Orange/regressionTests/xtest1.py&quot;, line 92, in ?
    execfile(t__name)
  File &quot;OWLearningCurveA.py&quot;, line 176, in ?
    data = orange.ExampleTable('iris.tab')
KernelException: FileExampleGenerator: cannot open file 'iris.tab'
</FILE><FILE ITERATION="0" NAME="OWLearningCurveB.py" RESULT="error" xml:space="preserve">Traceback (most recent call last):
  File &quot;D:/ai/Orange/regressionTests/xtest1.py&quot;, line 92, in ?
    execfile(t__name)
  File &quot;OWLearningCurveB.py&quot;, line 188, in ?
    data = orange.ExampleTable('iris.tab')
KernelException: FileExampleGenerator: cannot open file 'iris.tab'
</FILE><FILE ITERATION="0" NAME="OWLearningCurveC.py" RESULT="error" xml:space="preserve">Traceback (most recent call last):
  File &quot;D:/ai/Orange/regressionTests/xtest1.py&quot;, line 92, in ?
    execfile(t__name)
  File &quot;OWLearningCurveC.py&quot;, line 282, in ?
    ow = OWLearningCurveC()
  File &quot;OWLearningCurveC.py&quot;, line 34, in __init__
    warnings.filterwarnings(&quot;ignore&quot;, &quot;.*builtin attribute.*&quot;, orange.AttributeWarning)
AttributeError: 'module' object has no attribute 'AttributeWarning'
</FILE></RUN><RUN DATE="2005-01-21" ID="00039" PLATFORM="win32" TYPE="update"><FILE ITERATION="0" NAME="accuracy7.py" RESULT="error" xml:space="preserve">Traceback (most recent call last):
  File &quot;D:/ai/Orange/regressionTests/xtest1.py&quot;, line 92, in ?
    execfile(t__name)
  File &quot;accuracy7.py&quot;, line 19, in ?
    cdt = orngStat.computeCDT(results) # req. for AUC
  File &quot;d:\ai\orange\orngStat.py&quot;, line 890, in computeCDT
    import corn
ImportError: DLL load failed: A dynamic link library (DLL) initialization routine failed.
</FILE><FILE NAME="assoc1.py" RESULT="changed"/><FILE NAME="data_characteristics4.py" RESULT="OK"/><FILE ITERATION="0" NAME="disc3.py" RESULT="error" xml:space="preserve">Traceback (most recent call last):
  File &quot;D:/ai/Orange/regressionTests/xtest1.py&quot;, line 92, in ?
    execfile(t__name)
  File &quot;disc3.py&quot;, line 21, in ?
    pl.values = sl.values = [&quot;very low&quot;, &quot;low&quot;, &quot;high&quot;, &quot;very high&quot;]
SystemError: Orange class OrangeVector&lt;class std::basic_string&lt;char,struct std::char_traits&lt;char&gt;,class std::allocator&lt;char&gt; &gt;,1&gt;, needed for 'EnumVariable.values' not exported to Python
</FILE><FILE ITERATION="0" NAME="disc5.py" RESULT="error" xml:space="preserve">Traceback (most recent call last):
  File &quot;D:/ai/Orange/regressionTests/xtest1.py&quot;, line 92, in ?
    execfile(t__name)
  File &quot;disc5.py&quot;, line 19, in ?
    pl.getValueFrom.transformer.points = points2
SystemError: Orange class OrangeVector&lt;float,1&gt;, needed for 'IntervalDiscretizer.points' not exported to Python
</FILE><FILE ITERATION="0" NAME="disc6.py" RESULT="error" xml:space="preserve">Traceback (most recent call last):
  File &quot;D:/ai/Orange/regressionTests/xtest1.py&quot;, line 92, in ?
    execfile(t__name)
  File &quot;disc6.py&quot;, line 22, in ?
    getValue.transformer.points = [2.0, 4.0]
SystemError: Orange class OrangeVector&lt;float,1&gt;, needed for 'IntervalDiscretizer.points' not exported to Python
</FILE><FILE ITERATION="0" NAME="domain10.py" RESULT="error" xml:space="preserve">Traceback (most recent call last):
  File &quot;D:/ai/Orange/regressionTests/xtest1.py&quot;, line 92, in ?
    execfile(t__name)
  File &quot;domain10.py&quot;, line 82, in ?
    warnings.filterwarnings(&quot;ignore&quot;, &quot;.*'BayesLearner': .*&quot;, orange.KernelWarning)
AttributeError: 'module' object has no attribute 'KernelWarning'
</FILE><FILE NAME="domain11.py" RESULT=""/><FILE ITERATION="0" NAME="domain12.py" RESULT="error" xml:space="preserve">Traceback (most recent call last):
  File &quot;D:/ai/Orange/regressionTests/xtest1.py&quot;, line 92, in ?
    execfile(t__name)
  File &quot;domain12.py&quot;, line 34, in ?
    price = orange.EnumVariable(&quot;price&quot;, values=[&quot;v-high&quot;, &quot;high&quot;, &quot;med&quot;, &quot;low&quot;])
SystemError: Orange class OrangeVector&lt;class std::basic_string&lt;char,struct std::char_traits&lt;char&gt;,class std::allocator&lt;char&gt; &gt;,1&gt;, needed for 'EnumVariable.values' not exported to Python
</FILE><FILE NAME="domain13.py" RESULT=""/><FILE ITERATION="0" NAME="ClassifierByExampleTable.py" RESULT="error" xml:space="preserve">Traceback (most recent call last):
  File &quot;D:/ai/Orange/regressionTests/xtest1.py&quot;, line 92, in ?
    execfile(t__name)
  File &quot;ClassifierByExampleTable.py&quot;, line 26, in ?
    y2 = orange.EnumVariable(&quot;y2&quot;, values = [&quot;0&quot;, &quot;1&quot;])
SystemError: Orange class OrangeVector&lt;class std::basic_string&lt;char,struct std::char_traits&lt;char&gt;,class std::allocator&lt;char&gt; &gt;,1&gt;, needed for 'EnumVariable.values' not exported to Python
</FILE><FILE ITERATION="0" NAME="ClassifierByLookupTable.py" RESULT="error" xml:space="preserve">Traceback (most recent call last):
  File &quot;D:/ai/Orange/regressionTests/xtest1.py&quot;, line 92, in ?
    execfile(t__name)
  File &quot;ClassifierByLookupTable.py&quot;, line 13, in ?
    ab = orange.EnumVariable(&quot;a==b&quot;, values = [&quot;no&quot;, &quot;yes&quot;])
SystemError: Orange class OrangeVector&lt;class std::basic_string&lt;char,struct std::char_traits&lt;char&gt;,class std::allocator&lt;char&gt; &gt;,1&gt;, needed for 'EnumVariable.values' not exported to Python
</FILE><FILE ITERATION="0" NAME="MeasureAttribute1.py" RESULT="error" xml:space="preserve">Traceback (most recent call last):
  File &quot;D:/ai/Orange/regressionTests/xtest1.py&quot;, line 92, in ?
    execfile(t__name)
  File &quot;MeasureAttribute1.py&quot;, line 54, in ?
    cartesian = orange.EnumVariable(&quot;cart&quot;, values = values)
SystemError: Orange class OrangeVector&lt;class std::basic_string&lt;char,struct std::char_traits&lt;char&gt;,class std::allocator&lt;char&gt; &gt;,1&gt;, needed for 'EnumVariable.values' not exported to Python
</FILE><FILE NAME="MeasureAttribute2.py" RESULT="changed"/><FILE NAME="MeasureAttribute3.py" RESULT="changed"/><FILE ITERATION="0" NAME="cb-classifier.py" RESULT="error" xml:space="preserve">Traceback (most recent call last):
  File &quot;D:/ai/Orange/regressionTests/xtest1.py&quot;, line 92, in ?
    execfile(t__name)
  File &quot;cb-classifier.py&quot;, line 29, in ?
    tt =CartesianClassifier(tab.domain[0], tab.domain[1])
  File &quot;cb-classifier.py&quot;, line 16, in __init__
    self.classVar.values = [&quot;%s-%s&quot; % (v1, v2) for v1 in var1.values for v2 in var2.values]
SystemError: Orange class OrangeVector&lt;class std::basic_string&lt;char,struct std::char_traits&lt;char&gt;,class std::allocator&lt;char&gt; &gt;,1&gt;, needed for 'EnumVariable.values' not exported to Python
</FILE><FILE ITERATION="0" NAME="cb-splitconstructor.py" RESULT="error" xml:space="preserve">Traceback (most recent call last):
  File &quot;D:/ai/Orange/regressionTests/xtest1.py&quot;, line 92, in ?
    execfile(t__name)
  File &quot;cb-splitconstructor.py&quot;, line 56, in ?
    tree = treeLearner(tab)
  File &quot;cb-splitconstructor.py&quot;, line 41, in __call__
    cc = CartesianClassifier(var1, var2)
  File &quot;cb-splitconstructor.py&quot;, line 17, in __init__
    self.classVar.values = [&quot;%s-%s&quot; % (v1, v2) for v1 in var1.values for v2 in var2.values]
SystemError: Orange class OrangeVector&lt;class std::basic_string&lt;char,struct std::char_traits&lt;char&gt;,class std::allocator&lt;char&gt; &gt;,1&gt;, needed for 'EnumVariable.values' not exported to Python
</FILE><FILE ITERATION="0" NAME="classifierFromVar.py" RESULT="error" xml:space="preserve">Traceback (most recent call last):
  File &quot;D:/ai/Orange/regressionTests/xtest1.py&quot;, line 92, in ?
    execfile(t__name)
  File &quot;classifierFromVar.py&quot;, line 19, in ?
    e1 = orange.EnumVariable(&quot;e1&quot;, values = [&quot;1&quot;, &quot;not 1&quot;])
SystemError: Orange class OrangeVector&lt;class std::basic_string&lt;char,struct std::char_traits&lt;char&gt;,class std::allocator&lt;char&gt; &gt;,1&gt;, needed for 'EnumVariable.values' not exported to Python
</FILE><FILE ITERATION="0" NAME="discretization.py" RESULT="error" xml:space="preserve">Traceback (most recent call last):
  File &quot;D:/ai/Orange/regressionTests/xtest1.py&quot;, line 92, in ?
    execfile(t__name)
  File &quot;discretization.py&quot;, line 24, in ?
    idisc = orange.IntervalDiscretizer(points = [3.0, 5.0])
SystemError: Orange class OrangeVector&lt;float,1&gt;, needed for 'IntervalDiscretizer.points' not exported to Python
</FILE><FILE ITERATION="0" NAME="distributions.py" RESULT="error" xml:space="preserve">Traceback (most recent call last):
  File &quot;D:/ai/Orange/regressionTests/xtest1.py&quot;, line 92, in ?
    execfile(t__name)
  File &quot;distributions.py&quot;, line 89, in ?
    v = orange.EnumVariable(values = [&quot;red&quot;, &quot;green&quot;, &quot;blue&quot;])
SystemError: Orange class OrangeVector&lt;class std::basic_string&lt;char,struct std::char_traits&lt;char&gt;,class std::allocator&lt;char&gt; &gt;,1&gt;, needed for 'EnumVariable.values' not exported to Python
</FILE><FILE NAME="domainDepot.py" RESULT="random"/><FILE ITERATION="0" NAME="example3.py" RESULT="error" xml:space="preserve">Traceback (most recent call last):
  File &quot;D:/ai/Orange/regressionTests/xtest1.py&quot;, line 92, in ?
    execfile(t__name)
  File &quot;example3.py&quot;, line 19, in ?
    ok = orange.EnumVariable(&quot;ok?&quot;, values=[&quot;no&quot;, &quot;yes&quot;])
SystemError: Orange class OrangeVector&lt;class std::basic_string&lt;char,struct std::char_traits&lt;char&gt;,class std::allocator&lt;char&gt; &gt;,1&gt;, needed for 'EnumVariable.values' not exported to Python
</FILE><FILE ITERATION="0" NAME="example_merge.py" RESULT="error" xml:space="preserve">Traceback (most recent call last):
  File &quot;D:/ai/Orange/regressionTests/xtest1.py&quot;, line 92, in ?
    execfile(t__name)
  File &quot;example_merge.py&quot;, line 17, in ?
    merge = orange.Example(newdomain, [data1[0], data2[0]])
KernelException: 'orange.Example': ambiguous value of attribute 'a1'
</FILE><FILE ITERATION="0" NAME="exampletable1.py" RESULT="error" xml:space="preserve">Traceback (most recent call last):
  File &quot;D:/ai/Orange/regressionTests/xtest1.py&quot;, line 92, in ?
    execfile(t__name)
  File &quot;exampletable1.py&quot;, line 13, in ?
    attributes = [orange.EnumVariable(chr(97+i), values = values[:card[i]])
SystemError: Orange class OrangeVector&lt;class std::basic_string&lt;char,struct std::char_traits&lt;char&gt;,class std::allocator&lt;char&gt; &gt;,1&gt;, needed for 'EnumVariable.values' not exported to Python
</FILE><FILE ITERATION="0" NAME="exampletable_merge.py" RESULT="error" xml:space="preserve">Traceback (most recent call last):
  File &quot;D:/ai/Orange/regressionTests/xtest1.py&quot;, line 92, in ?
    execfile(t__name)
  File &quot;exampletable_merge.py&quot;, line 6, in ?
    merged = orange.ExampleTable([data1, data2])
KernelException: 'orange.ExampleTable': mismatching value of attribute 'a1' in example #0
</FILE><FILE ITERATION="0" NAME="filters.py" RESULT="error" xml:space="preserve">Traceback (most recent call last):
  File &quot;D:/ai/Orange/regressionTests/xtest1.py&quot;, line 92, in ?
    execfile(t__name)
  File &quot;filters.py&quot;, line 17, in ?
    fspec.check = [1] * len(data.domain)
TypeError: invalid parameter type for 'Filter_isDefined.check', (expected 'AttributedBoolList', got 'list')
</FILE><FILE ITERATION="0" NAME="graph.py" RESULT="error" xml:space="preserve">Traceback (most recent call last):
  File &quot;D:/ai/Orange/regressionTests/xtest1.py&quot;, line 92, in ?
    execfile(t__name)
  File &quot;graph.py&quot;, line 16, in ?
    asdf
NameError: name 'asdf' is not defined
</FILE><FILE ITERATION="0" NAME="imputation.py" RESULT="error" xml:space="preserve">Traceback (most recent call last):
  File &quot;D:/ai/Orange/regressionTests/xtest1.py&quot;, line 92, in ?
    execfile(t__name)
  File &quot;imputation.py&quot;, line 21, in ?
    impdata = imputer(data)
KernelException: invalid (null or wrong type) pointer to 'class TImputer'
</FILE><FILE NAME="pp-missing.py" RESULT="changed"/><FILE NAME="pp-noise.py" RESULT=""/><FILE ITERATION="0" NAME="pp-weights.py" RESULT="error" xml:space="preserve">Traceback (most recent call last):
  File &quot;D:/ai/Orange/regressionTests/xtest1.py&quot;, line 92, in ?
    execfile(t__name)
  File &quot;pp-weights.py&quot;, line 12, in ?
    pp.classWeights = [2.0, 1.0, 1.0]
SystemError: Orange class OrangeVector&lt;float,1&gt;, needed for 'Preprocessor_addClassWeight.classWeights' not exported to Python
</FILE><FILE NAME="pythonvariable1.py" RESULT=""/><FILE NAME="pythonvariable2a.py" RESULT=""/><FILE NAME="pythonvariable2b.py" RESULT=""/><FILE NAME="pythonvariable2c.py" RESULT=""/><FILE ITERATION="0" NAME="randomindicesn.py" RESULT="error" xml:space="preserve">Traceback (most recent call last):
  File &quot;D:/ai/Orange/regressionTests/xtest1.py&quot;, line 92, in ?
    execfile(t__name)
  File &quot;randomindicesn.py&quot;, line 11, in ?
    indicesn = orange.MakeRandomIndicesN(p=[0.5, 0.25])
SystemError: Orange class OrangeVector&lt;float,1&gt;, needed for 'MakeRandomIndicesN.p' not exported to Python
</FILE><FILE ITERATION="0" NAME="transformvalue-domain.py" RESULT="error" xml:space="preserve">Traceback (most recent call last):
  File &quot;D:/ai/Orange/regressionTests/xtest1.py&quot;, line 92, in ?
    execfile(t__name)
  File &quot;transformvalue-domain.py&quot;, line 29, in ?
    domain0 = continuizer(data)
KernelException: invalid (null or wrong type) pointer to 'class TDomainContinuizer'
</FILE><FILE ITERATION="0" NAME="transformvalue-miv.py" RESULT="error" xml:space="preserve">Traceback (most recent call last):
  File &quot;D:/ai/Orange/regressionTests/xtest1.py&quot;, line 92, in ?
    execfile(t__name)
  File &quot;transformvalue-miv.py&quot;, line 13, in ?
    age_b = orange.EnumVariable(&quot;age_c&quot;, values = ['young', 'old'])
SystemError: Orange class OrangeVector&lt;class std::basic_string&lt;char,struct std::char_traits&lt;char&gt;,class std::allocator&lt;char&gt; &gt;,1&gt;, needed for 'EnumVariable.values' not exported to Python
</FILE><FILE ITERATION="0" NAME="treestructure.py" RESULT="error" xml:space="preserve">Traceback (most recent call last):
  File &quot;D:/ai/Orange/regressionTests/xtest1.py&quot;, line 92, in ?
    execfile(t__name)
  File &quot;treestructure.py&quot;, line 65, in ?
    cutTree(treeClassifier.tree, 2)
  File &quot;treestructure.py&quot;, line 58, in cutTree
    cutTree(branch, level-1)
  File &quot;treestructure.py&quot;, line 58, in cutTree
    cutTree(branch, level-1)
  File &quot;treestructure.py&quot;, line 62, in cutTree
    node.branchDescriptions = None
SystemError: Orange class OrangeVector&lt;class std::basic_string&lt;char,struct std::char_traits&lt;char&gt;,class std::allocator&lt;char&gt; &gt;,1&gt;, needed for 'TreeNode.branchDescriptions' not exported to Python
</FILE><FILE ITERATION="0" NAME="values.py" RESULT="error" xml:space="preserve">Traceback (most recent call last):
  File &quot;D:/ai/Orange/regressionTests/xtest1.py&quot;, line 92, in ?
    execfile(t__name)
  File &quot;values.py&quot;, line 12, in ?
    fruit = orange.EnumVariable(&quot;fruit&quot;, values = [&quot;plum&quot;, &quot;apple&quot;, &quot;lemon&quot;])
SystemError: Orange class OrangeVector&lt;class std::basic_string&lt;char,struct std::char_traits&lt;char&gt;,class std::allocator&lt;char&gt; &gt;,1&gt;, needed for 'EnumVariable.values' not exported to Python
</FILE><FILE ITERATION="0" NAME="variable.py" RESULT="error" xml:space="preserve">Traceback (most recent call last):
  File &quot;D:/ai/Orange/regressionTests/xtest1.py&quot;, line 92, in ?
    execfile(t__name)
  File &quot;variable.py&quot;, line 11, in ?
    e2 = orange.EnumVariable(&quot;e2&quot;, values = [&quot;not 1&quot;, &quot;1&quot;])
SystemError: Orange class OrangeVector&lt;class std::basic_string&lt;char,struct std::char_traits&lt;char&gt;,class std::allocator&lt;char&gt; &gt;,1&gt;, needed for 'EnumVariable.values' not exported to Python
</FILE><FILE ITERATION="0" NAME="variable2.py" RESULT="error" xml:space="preserve">Traceback (most recent call last):
  File &quot;D:/ai/Orange/regressionTests/xtest1.py&quot;, line 92, in ?
    execfile(t__name)
  File &quot;variable2.py&quot;, line 15, in ?
    e2 = orange.EnumVariable(&quot;e2&quot;, values = [&quot;not 1&quot;, &quot;1&quot;])
SystemError: Orange class OrangeVector&lt;class std::basic_string&lt;char,struct std::char_traits&lt;char&gt;,class std::allocator&lt;char&gt; &gt;,1&gt;, needed for 'EnumVariable.values' not exported to Python
</FILE><FILE ITERATION="0" NAME="OWDataSamplerA.py" RESULT="error" xml:space="preserve">Traceback (most recent call last):
  File &quot;D:/ai/Orange/regressionTests/xtest1.py&quot;, line 92, in ?
    execfile(t__name)
  File &quot;OWDataSamplerA.py&quot;, line 46, in ?
    dataset = orange.ExampleTable('iris.tab')
KernelException: FileExampleGenerator: cannot open file 'iris.tab'
</FILE><FILE ITERATION="0" NAME="OWDataSamplerB.py" RESULT="error" xml:space="preserve">Traceback (most recent call last):
  File &quot;D:/ai/Orange/regressionTests/xtest1.py&quot;, line 92, in ?
    execfile(t__name)
  File &quot;OWDataSamplerB.py&quot;, line 71, in ?
    dataset = orange.ExampleTable('iris.tab')
KernelException: FileExampleGenerator: cannot open file 'iris.tab'
</FILE><FILE ITERATION="0" NAME="OWDataSamplerC.py" RESULT="error" xml:space="preserve">Traceback (most recent call last):
  File &quot;D:/ai/Orange/regressionTests/xtest1.py&quot;, line 92, in ?
    execfile(t__name)
  File &quot;OWDataSamplerC.py&quot;, line 73, in ?
    dataset = orange.ExampleTable('iris.tab')
KernelException: FileExampleGenerator: cannot open file 'iris.tab'
</FILE><FILE ITERATION="0" NAME="OWLearningCurveA.py" RESULT="error" xml:space="preserve">Traceback (most recent call last):
  File &quot;D:/ai/Orange/regressionTests/xtest1.py&quot;, line 92, in ?
    execfile(t__name)
  File &quot;OWLearningCurveA.py&quot;, line 176, in ?
    data = orange.ExampleTable('iris.tab')
KernelException: FileExampleGenerator: cannot open file 'iris.tab'
</FILE><FILE ITERATION="0" NAME="OWLearningCurveB.py" RESULT="error" xml:space="preserve">Traceback (most recent call last):
  File &quot;D:/ai/Orange/regressionTests/xtest1.py&quot;, line 92, in ?
    execfile(t__name)
  File &quot;OWLearningCurveB.py&quot;, line 188, in ?
    data = orange.ExampleTable('iris.tab')
KernelException: FileExampleGenerator: cannot open file 'iris.tab'
</FILE><FILE ITERATION="0" NAME="OWLearningCurveC.py" RESULT="error" xml:space="preserve">Traceback (most recent call last):
  File &quot;D:/ai/Orange/regressionTests/xtest1.py&quot;, line 92, in ?
    execfile(t__name)
  File &quot;OWLearningCurveC.py&quot;, line 282, in ?
    ow = OWLearningCurveC()
  File &quot;OWLearningCurveC.py&quot;, line 34, in __init__
    warnings.filterwarnings(&quot;ignore&quot;, &quot;.*builtin attribute.*&quot;, orange.AttributeWarning)
AttributeError: 'module' object has no attribute 'AttributeWarning'
</FILE></RUN><RUN DATE="2005-01-21" ID="00038" PLATFORM="win32" TYPE="update"><FILE ITERATION="0" NAME="accuracy7.py" RESULT="error" xml:space="preserve">Traceback (most recent call last):
  File &quot;D:/ai/Orange/regressionTests/xtest1.py&quot;, line 92, in ?
    execfile(t__name)
  File &quot;accuracy7.py&quot;, line 19, in ?
    cdt = orngStat.computeCDT(results) # req. for AUC
  File &quot;d:\ai\orange\orngStat.py&quot;, line 890, in computeCDT
    import corn
ImportError: DLL load failed: A dynamic link library (DLL) initialization routine failed.
</FILE><FILE NAME="assoc1.py" RESULT="changed"/><FILE NAME="data_characteristics4.py" RESULT="changed"/><FILE ITERATION="0" NAME="disc3.py" RESULT="error" xml:space="preserve">Traceback (most recent call last):
  File &quot;D:/ai/Orange/regressionTests/xtest1.py&quot;, line 92, in ?
    execfile(t__name)
  File &quot;disc3.py&quot;, line 21, in ?
    pl.values = sl.values = [&quot;very low&quot;, &quot;low&quot;, &quot;high&quot;, &quot;very high&quot;]
SystemError: Orange class OrangeVector&lt;class std::basic_string&lt;char,struct std::char_traits&lt;char&gt;,class std::allocator&lt;char&gt; &gt;,1&gt;, needed for 'EnumVariable.values' not exported to Python
</FILE><FILE ITERATION="0" NAME="disc5.py" RESULT="error" xml:space="preserve">Traceback (most recent call last):
  File &quot;D:/ai/Orange/regressionTests/xtest1.py&quot;, line 92, in ?
    execfile(t__name)
  File &quot;disc5.py&quot;, line 19, in ?
    pl.getValueFrom.transformer.points = points2
SystemError: Orange class OrangeVector&lt;float,1&gt;, needed for 'IntervalDiscretizer.points' not exported to Python
</FILE><FILE ITERATION="0" NAME="disc6.py" RESULT="error" xml:space="preserve">Traceback (most recent call last):
  File &quot;D:/ai/Orange/regressionTests/xtest1.py&quot;, line 92, in ?
    execfile(t__name)
  File &quot;disc6.py&quot;, line 22, in ?
    getValue.transformer.points = [2.0, 4.0]
SystemError: Orange class OrangeVector&lt;float,1&gt;, needed for 'IntervalDiscretizer.points' not exported to Python
</FILE><FILE ITERATION="0" NAME="domain10.py" RESULT="error" xml:space="preserve">Traceback (most recent call last):
  File &quot;D:/ai/Orange/regressionTests/xtest1.py&quot;, line 92, in ?
    execfile(t__name)
  File &quot;domain10.py&quot;, line 82, in ?
    warnings.filterwarnings(&quot;ignore&quot;, &quot;.*'BayesLearner': .*&quot;, orange.KernelWarning)
AttributeError: 'module' object has no attribute 'KernelWarning'
</FILE><FILE NAME="domain11.py" RESULT=""/><FILE ITERATION="0" NAME="domain12.py" RESULT="error" xml:space="preserve">Traceback (most recent call last):
  File &quot;D:/ai/Orange/regressionTests/xtest1.py&quot;, line 92, in ?
    execfile(t__name)
  File &quot;domain12.py&quot;, line 34, in ?
    price = orange.EnumVariable(&quot;price&quot;, values=[&quot;v-high&quot;, &quot;high&quot;, &quot;med&quot;, &quot;low&quot;])
SystemError: Orange class OrangeVector&lt;class std::basic_string&lt;char,struct std::char_traits&lt;char&gt;,class std::allocator&lt;char&gt; &gt;,1&gt;, needed for 'EnumVariable.values' not exported to Python
</FILE><FILE NAME="domain13.py" RESULT=""/><FILE ITERATION="0" NAME="ClassifierByExampleTable.py" RESULT="error" xml:space="preserve">Traceback (most recent call last):
  File &quot;D:/ai/Orange/regressionTests/xtest1.py&quot;, line 92, in ?
    execfile(t__name)
  File &quot;ClassifierByExampleTable.py&quot;, line 26, in ?
    y2 = orange.EnumVariable(&quot;y2&quot;, values = [&quot;0&quot;, &quot;1&quot;])
SystemError: Orange class OrangeVector&lt;class std::basic_string&lt;char,struct std::char_traits&lt;char&gt;,class std::allocator&lt;char&gt; &gt;,1&gt;, needed for 'EnumVariable.values' not exported to Python
</FILE><FILE ITERATION="0" NAME="ClassifierByLookupTable.py" RESULT="error" xml:space="preserve">Traceback (most recent call last):
  File &quot;D:/ai/Orange/regressionTests/xtest1.py&quot;, line 92, in ?
    execfile(t__name)
  File &quot;ClassifierByLookupTable.py&quot;, line 13, in ?
    ab = orange.EnumVariable(&quot;a==b&quot;, values = [&quot;no&quot;, &quot;yes&quot;])
SystemError: Orange class OrangeVector&lt;class std::basic_string&lt;char,struct std::char_traits&lt;char&gt;,class std::allocator&lt;char&gt; &gt;,1&gt;, needed for 'EnumVariable.values' not exported to Python
</FILE><FILE ITERATION="0" NAME="MeasureAttribute1.py" RESULT="error" xml:space="preserve">Traceback (most recent call last):
  File &quot;D:/ai/Orange/regressionTests/xtest1.py&quot;, line 92, in ?
    execfile(t__name)
  File &quot;MeasureAttribute1.py&quot;, line 54, in ?
    cartesian = orange.EnumVariable(&quot;cart&quot;, values = values)
SystemError: Orange class OrangeVector&lt;class std::basic_string&lt;char,struct std::char_traits&lt;char&gt;,class std::allocator&lt;char&gt; &gt;,1&gt;, needed for 'EnumVariable.values' not exported to Python
</FILE><FILE NAME="MeasureAttribute2.py" RESULT="changed"/><FILE NAME="MeasureAttribute3.py" RESULT="changed"/><FILE ITERATION="0" NAME="cb-classifier.py" RESULT="error" xml:space="preserve">Traceback (most recent call last):
  File &quot;D:/ai/Orange/regressionTests/xtest1.py&quot;, line 92, in ?
    execfile(t__name)
  File &quot;cb-classifier.py&quot;, line 29, in ?
    tt =CartesianClassifier(tab.domain[0], tab.domain[1])
  File &quot;cb-classifier.py&quot;, line 16, in __init__
    self.classVar.values = [&quot;%s-%s&quot; % (v1, v2) for v1 in var1.values for v2 in var2.values]
SystemError: Orange class OrangeVector&lt;class std::basic_string&lt;char,struct std::char_traits&lt;char&gt;,class std::allocator&lt;char&gt; &gt;,1&gt;, needed for 'EnumVariable.values' not exported to Python
</FILE><FILE ITERATION="0" NAME="cb-splitconstructor.py" RESULT="error" xml:space="preserve">Traceback (most recent call last):
  File &quot;D:/ai/Orange/regressionTests/xtest1.py&quot;, line 92, in ?
    execfile(t__name)
  File &quot;cb-splitconstructor.py&quot;, line 56, in ?
    tree = treeLearner(tab)
  File &quot;cb-splitconstructor.py&quot;, line 41, in __call__
    cc = CartesianClassifier(var1, var2)
  File &quot;cb-splitconstructor.py&quot;, line 17, in __init__
    self.classVar.values = [&quot;%s-%s&quot; % (v1, v2) for v1 in var1.values for v2 in var2.values]
SystemError: Orange class OrangeVector&lt;class std::basic_string&lt;char,struct std::char_traits&lt;char&gt;,class std::allocator&lt;char&gt; &gt;,1&gt;, needed for 'EnumVariable.values' not exported to Python
</FILE><FILE ITERATION="0" NAME="classifierFromVar.py" RESULT="error" xml:space="preserve">Traceback (most recent call last):
  File &quot;D:/ai/Orange/regressionTests/xtest1.py&quot;, line 92, in ?
    execfile(t__name)
  File &quot;classifierFromVar.py&quot;, line 19, in ?
    e1 = orange.EnumVariable(&quot;e1&quot;, values = [&quot;1&quot;, &quot;not 1&quot;])
SystemError: Orange class OrangeVector&lt;class std::basic_string&lt;char,struct std::char_traits&lt;char&gt;,class std::allocator&lt;char&gt; &gt;,1&gt;, needed for 'EnumVariable.values' not exported to Python
</FILE><FILE ITERATION="0" NAME="discretization.py" RESULT="error" xml:space="preserve">Traceback (most recent call last):
  File &quot;D:/ai/Orange/regressionTests/xtest1.py&quot;, line 92, in ?
    execfile(t__name)
  File &quot;discretization.py&quot;, line 24, in ?
    idisc = orange.IntervalDiscretizer(points = [3.0, 5.0])
SystemError: Orange class OrangeVector&lt;float,1&gt;, needed for 'IntervalDiscretizer.points' not exported to Python
</FILE><FILE ITERATION="0" NAME="distributions.py" RESULT="error" xml:space="preserve">Traceback (most recent call last):
  File &quot;D:/ai/Orange/regressionTests/xtest1.py&quot;, line 92, in ?
    execfile(t__name)
  File &quot;distributions.py&quot;, line 89, in ?
    v = orange.EnumVariable(values = [&quot;red&quot;, &quot;green&quot;, &quot;blue&quot;])
SystemError: Orange class OrangeVector&lt;class std::basic_string&lt;char,struct std::char_traits&lt;char&gt;,class std::allocator&lt;char&gt; &gt;,1&gt;, needed for 'EnumVariable.values' not exported to Python
</FILE><FILE NAME="domainDepot.py" RESULT="random"/><FILE ITERATION="0" NAME="example3.py" RESULT="error" xml:space="preserve">Traceback (most recent call last):
  File &quot;D:/ai/Orange/regressionTests/xtest1.py&quot;, line 92, in ?
    execfile(t__name)
  File &quot;example3.py&quot;, line 19, in ?
    ok = orange.EnumVariable(&quot;ok?&quot;, values=[&quot;no&quot;, &quot;yes&quot;])
SystemError: Orange class OrangeVector&lt;class std::basic_string&lt;char,struct std::char_traits&lt;char&gt;,class std::allocator&lt;char&gt; &gt;,1&gt;, needed for 'EnumVariable.values' not exported to Python
</FILE><FILE ITERATION="0" NAME="example_merge.py" RESULT="error" xml:space="preserve">Traceback (most recent call last):
  File &quot;D:/ai/Orange/regressionTests/xtest1.py&quot;, line 92, in ?
    execfile(t__name)
  File &quot;example_merge.py&quot;, line 17, in ?
    merge = orange.Example(newdomain, [data1[0], data2[0]])
KernelException: 'orange.Example': ambiguous value of attribute 'a1'
</FILE><FILE ITERATION="0" NAME="exampletable1.py" RESULT="error" xml:space="preserve">Traceback (most recent call last):
  File &quot;D:/ai/Orange/regressionTests/xtest1.py&quot;, line 92, in ?
    execfile(t__name)
  File &quot;exampletable1.py&quot;, line 13, in ?
    attributes = [orange.EnumVariable(chr(97+i), values = values[:card[i]])
SystemError: Orange class OrangeVector&lt;class std::basic_string&lt;char,struct std::char_traits&lt;char&gt;,class std::allocator&lt;char&gt; &gt;,1&gt;, needed for 'EnumVariable.values' not exported to Python
</FILE><FILE ITERATION="0" NAME="exampletable_merge.py" RESULT="error" xml:space="preserve">Traceback (most recent call last):
  File &quot;D:/ai/Orange/regressionTests/xtest1.py&quot;, line 92, in ?
    execfile(t__name)
  File &quot;exampletable_merge.py&quot;, line 6, in ?
    merged = orange.ExampleTable([data1, data2])
KernelException: 'orange.ExampleTable': mismatching value of attribute 'a1' in example #0
</FILE><FILE ITERATION="0" NAME="filters.py" RESULT="error" xml:space="preserve">Traceback (most recent call last):
  File &quot;D:/ai/Orange/regressionTests/xtest1.py&quot;, line 92, in ?
    execfile(t__name)
  File &quot;filters.py&quot;, line 17, in ?
    fspec.check = [1] * len(data.domain)
TypeError: invalid parameter type for 'Filter_isDefined.check', (expected 'AttributedBoolList', got 'list')
</FILE><FILE ITERATION="0" NAME="graph.py" RESULT="error" xml:space="preserve">Traceback (most recent call last):
  File &quot;D:/ai/Orange/regressionTests/xtest1.py&quot;, line 92, in ?
    execfile(t__name)
  File &quot;graph.py&quot;, line 16, in ?
    asdf
NameError: name 'asdf' is not defined
</FILE><FILE ITERATION="0" NAME="imputation.py" RESULT="error" xml:space="preserve">Traceback (most recent call last):
  File &quot;D:/ai/Orange/regressionTests/xtest1.py&quot;, line 92, in ?
    execfile(t__name)
  File &quot;imputation.py&quot;, line 21, in ?
    impdata = imputer(data)
KernelException: invalid (null or wrong type) pointer to 'class TImputer'
</FILE><FILE NAME="pp-missing.py" RESULT="changed"/><FILE NAME="pp-noise.py" RESULT=""/><FILE ITERATION="0" NAME="pp-weights.py" RESULT="error" xml:space="preserve">Traceback (most recent call last):
  File &quot;D:/ai/Orange/regressionTests/xtest1.py&quot;, line 92, in ?
    execfile(t__name)
  File &quot;pp-weights.py&quot;, line 12, in ?
    pp.classWeights = [2.0, 1.0, 1.0]
SystemError: Orange class OrangeVector&lt;float,1&gt;, needed for 'Preprocessor_addClassWeight.classWeights' not exported to Python
</FILE><FILE NAME="pythonvariable1.py" RESULT=""/><FILE NAME="pythonvariable2a.py" RESULT=""/><FILE NAME="pythonvariable2b.py" RESULT=""/><FILE NAME="pythonvariable2c.py" RESULT=""/><FILE ITERATION="0" NAME="randomindicesn.py" RESULT="error" xml:space="preserve">Traceback (most recent call last):
  File &quot;D:/ai/Orange/regressionTests/xtest1.py&quot;, line 92, in ?
    execfile(t__name)
  File &quot;randomindicesn.py&quot;, line 11, in ?
    indicesn = orange.MakeRandomIndicesN(p=[0.5, 0.25])
SystemError: Orange class OrangeVector&lt;float,1&gt;, needed for 'MakeRandomIndicesN.p' not exported to Python
</FILE><FILE ITERATION="0" NAME="transformvalue-domain.py" RESULT="error" xml:space="preserve">Traceback (most recent call last):
  File &quot;D:/ai/Orange/regressionTests/xtest1.py&quot;, line 92, in ?
    execfile(t__name)
  File &quot;transformvalue-domain.py&quot;, line 29, in ?
    domain0 = continuizer(data)
KernelException: invalid (null or wrong type) pointer to 'class TDomainContinuizer'
</FILE><FILE ITERATION="0" NAME="transformvalue-miv.py" RESULT="error" xml:space="preserve">Traceback (most recent call last):
  File &quot;D:/ai/Orange/regressionTests/xtest1.py&quot;, line 92, in ?
    execfile(t__name)
  File &quot;transformvalue-miv.py&quot;, line 13, in ?
    age_b = orange.EnumVariable(&quot;age_c&quot;, values = ['young', 'old'])
SystemError: Orange class OrangeVector&lt;class std::basic_string&lt;char,struct std::char_traits&lt;char&gt;,class std::allocator&lt;char&gt; &gt;,1&gt;, needed for 'EnumVariable.values' not exported to Python
</FILE><FILE ITERATION="0" NAME="treestructure.py" RESULT="error" xml:space="preserve">Traceback (most recent call last):
  File &quot;D:/ai/Orange/regressionTests/xtest1.py&quot;, line 92, in ?
    execfile(t__name)
  File &quot;treestructure.py&quot;, line 65, in ?
    cutTree(treeClassifier.tree, 2)
  File &quot;treestructure.py&quot;, line 58, in cutTree
    cutTree(branch, level-1)
  File &quot;treestructure.py&quot;, line 58, in cutTree
    cutTree(branch, level-1)
  File &quot;treestructure.py&quot;, line 62, in cutTree
    node.branchDescriptions = None
SystemError: Orange class OrangeVector&lt;class std::basic_string&lt;char,struct std::char_traits&lt;char&gt;,class std::allocator&lt;char&gt; &gt;,1&gt;, needed for 'TreeNode.branchDescriptions' not exported to Python
</FILE><FILE ITERATION="0" NAME="values.py" RESULT="error" xml:space="preserve">Traceback (most recent call last):
  File &quot;D:/ai/Orange/regressionTests/xtest1.py&quot;, line 92, in ?
    execfile(t__name)
  File &quot;values.py&quot;, line 12, in ?
    fruit = orange.EnumVariable(&quot;fruit&quot;, values = [&quot;plum&quot;, &quot;apple&quot;, &quot;lemon&quot;])
SystemError: Orange class OrangeVector&lt;class std::basic_string&lt;char,struct std::char_traits&lt;char&gt;,class std::allocator&lt;char&gt; &gt;,1&gt;, needed for 'EnumVariable.values' not exported to Python
</FILE><FILE ITERATION="0" NAME="variable.py" RESULT="error" xml:space="preserve">Traceback (most recent call last):
  File &quot;D:/ai/Orange/regressionTests/xtest1.py&quot;, line 92, in ?
    execfile(t__name)
  File &quot;variable.py&quot;, line 11, in ?
    e2 = orange.EnumVariable(&quot;e2&quot;, values = [&quot;not 1&quot;, &quot;1&quot;])
SystemError: Orange class OrangeVector&lt;class std::basic_string&lt;char,struct std::char_traits&lt;char&gt;,class std::allocator&lt;char&gt; &gt;,1&gt;, needed for 'EnumVariable.values' not exported to Python
</FILE><FILE ITERATION="0" NAME="variable2.py" RESULT="error" xml:space="preserve">Traceback (most recent call last):
  File &quot;D:/ai/Orange/regressionTests/xtest1.py&quot;, line 92, in ?
    execfile(t__name)
  File &quot;variable2.py&quot;, line 15, in ?
    e2 = orange.EnumVariable(&quot;e2&quot;, values = [&quot;not 1&quot;, &quot;1&quot;])
SystemError: Orange class OrangeVector&lt;class std::basic_string&lt;char,struct std::char_traits&lt;char&gt;,class std::allocator&lt;char&gt; &gt;,1&gt;, needed for 'EnumVariable.values' not exported to Python
</FILE><FILE ITERATION="0" NAME="OWDataSamplerA.py" RESULT="error" xml:space="preserve">Traceback (most recent call last):
  File &quot;D:/ai/Orange/regressionTests/xtest1.py&quot;, line 92, in ?
    execfile(t__name)
  File &quot;OWDataSamplerA.py&quot;, line 46, in ?
    dataset = orange.ExampleTable('iris.tab')
KernelException: FileExampleGenerator: cannot open file 'iris.tab'
</FILE><FILE ITERATION="0" NAME="OWDataSamplerB.py" RESULT="error" xml:space="preserve">Traceback (most recent call last):
  File &quot;D:/ai/Orange/regressionTests/xtest1.py&quot;, line 92, in ?
    execfile(t__name)
  File &quot;OWDataSamplerB.py&quot;, line 71, in ?
    dataset = orange.ExampleTable('iris.tab')
KernelException: FileExampleGenerator: cannot open file 'iris.tab'
</FILE><FILE ITERATION="0" NAME="OWDataSamplerC.py" RESULT="error" xml:space="preserve">Traceback (most recent call last):
  File &quot;D:/ai/Orange/regressionTests/xtest1.py&quot;, line 92, in ?
    execfile(t__name)
  File &quot;OWDataSamplerC.py&quot;, line 73, in ?
    dataset = orange.ExampleTable('iris.tab')
KernelException: FileExampleGenerator: cannot open file 'iris.tab'
</FILE><FILE ITERATION="0" NAME="OWLearningCurveA.py" RESULT="error" xml:space="preserve">Traceback (most recent call last):
  File &quot;D:/ai/Orange/regressionTests/xtest1.py&quot;, line 92, in ?
    execfile(t__name)
  File &quot;OWLearningCurveA.py&quot;, line 176, in ?
    data = orange.ExampleTable('iris.tab')
KernelException: FileExampleGenerator: cannot open file 'iris.tab'
</FILE><FILE ITERATION="0" NAME="OWLearningCurveB.py" RESULT="error" xml:space="preserve">Traceback (most recent call last):
  File &quot;D:/ai/Orange/regressionTests/xtest1.py&quot;, line 92, in ?
    execfile(t__name)
  File &quot;OWLearningCurveB.py&quot;, line 188, in ?
    data = orange.ExampleTable('iris.tab')
KernelException: FileExampleGenerator: cannot open file 'iris.tab'
</FILE><FILE ITERATION="0" NAME="OWLearningCurveC.py" RESULT="error" xml:space="preserve">Traceback (most recent call last):
  File &quot;D:/ai/Orange/regressionTests/xtest1.py&quot;, line 92, in ?
    execfile(t__name)
  File &quot;OWLearningCurveC.py&quot;, line 282, in ?
    ow = OWLearningCurveC()
  File &quot;OWLearningCurveC.py&quot;, line 34, in __init__
    warnings.filterwarnings(&quot;ignore&quot;, &quot;.*builtin attribute.*&quot;, orange.AttributeWarning)
AttributeError: 'module' object has no attribute 'AttributeWarning'
</FILE></RUN><RUN DATE="2005-01-21" ID="00037" PLATFORM="win32" TYPE="re-test"><FILE NAME="assoc.py" RESULT="OK"/><FILE NAME="ensemble.py" RESULT="OK"/><FILE NAME="fss1.py" RESULT="OK"/><FILE NAME="fss2.py" RESULT="OK"/><FILE NAME="fss3.py" RESULT="OK"/><FILE NAME="fss4.py" RESULT="OK"/><FILE NAME="fss5.py" RESULT="OK"/><FILE NAME="fss6.py" RESULT="OK"/><FILE NAME="fss7.py" RESULT="OK"/><FILE NAME="test.py" RESULT="OK"/><FILE NAME="tree1.py" RESULT="OK"/><FILE NAME="tree2.py" RESULT="OK"/><FILE NAME="tree3.py" RESULT="OK"/><FILE NAME="tree4.py" RESULT="OK"/><FILE NAME="tree5.py" RESULT="OK"/><FILE NAME="tree6.py" RESULT="OK"/><FILE NAME="tree7.py" RESULT="OK"/><FILE NAME="tree8.py" RESULT="OK"/><FILE NAME="tree9.py" RESULT="OK"/><FILE NAME="accuracy.py" RESULT="OK"/><FILE NAME="accuracy2.py" RESULT="OK"/><FILE NAME="accuracy3.py" RESULT="OK"/><FILE NAME="accuracy4.py" RESULT="OK"/><FILE NAME="accuracy5.py" RESULT="OK"/><FILE NAME="accuracy6.py" RESULT="OK"/><FILE ITERATION="0" NAME="accuracy7.py" RESULT="error" xml:space="preserve">Traceback (most recent call last):
  File &quot;D:/ai/Orange/regressionTests/xtest1.py&quot;, line 92, in ?
    execfile(t__name)
  File &quot;accuracy7.py&quot;, line 19, in ?
    cdt = orngStat.computeCDT(results) # req. for AUC
  File &quot;d:\ai\orange\orngStat.py&quot;, line 890, in computeCDT
    import corn
ImportError: DLL load failed: A dynamic link library (DLL) initialization routine failed.
</FILE><FILE NAME="assoc1.py" RESULT="changed"/><FILE NAME="assoc2.py" RESULT="OK"/><FILE NAME="assoc3.py" RESULT="OK"/><FILE NAME="bagging.py" RESULT="OK"/><FILE NAME="bagging_test.py" RESULT="OK"/><FILE NAME="bayes.py" RESULT="OK"/><FILE NAME="bayes_test.py" RESULT="OK"/><FILE NAME="classifier.py" RESULT="OK"/><FILE NAME="classifier2.py" RESULT="OK"/><FILE NAME="data_characteristics.py" RESULT="OK"/><FILE NAME="data_characteristics2.py" RESULT="OK"/><FILE NAME="data_characteristics3.py" RESULT="OK"/><FILE NAME="data_characteristics4.py" RESULT="changed"/><FILE NAME="disc.py" RESULT="OK"/><FILE NAME="disc1.py" RESULT="OK"/><FILE NAME="disc2.py" RESULT="OK"/><FILE ITERATION="0" NAME="disc3.py" RESULT="error" xml:space="preserve">Traceback (most recent call last):
  File &quot;D:/ai/Orange/regressionTests/xtest1.py&quot;, line 92, in ?
    execfile(t__name)
  File &quot;disc3.py&quot;, line 21, in ?
    pl.values = sl.values = [&quot;very low&quot;, &quot;low&quot;, &quot;high&quot;, &quot;very high&quot;]
SystemError: Orange class OrangeVector&lt;class std::basic_string&lt;char,struct std::char_traits&lt;char&gt;,class std::allocator&lt;char&gt; &gt;,1&gt;, needed for 'EnumVariable.values' not exported to Python
</FILE><FILE NAME="disc4.py" RESULT="OK"/><FILE ITERATION="0" NAME="disc5.py" RESULT="error" xml:space="preserve">Traceback (most recent call last):
  File &quot;D:/ai/Orange/regressionTests/xtest1.py&quot;, line 92, in ?
    execfile(t__name)
  File &quot;disc5.py&quot;, line 19, in ?
    pl.getValueFrom.transformer.points = points2
SystemError: Orange class OrangeVector&lt;float,1&gt;, needed for 'IntervalDiscretizer.points' not exported to Python
</FILE><FILE ITERATION="0" NAME="disc6.py" RESULT="error" xml:space="preserve">Traceback (most recent call last):
  File &quot;D:/ai/Orange/regressionTests/xtest1.py&quot;, line 92, in ?
    execfile(t__name)
  File &quot;disc6.py&quot;, line 22, in ?
    getValue.transformer.points = [2.0, 4.0]
SystemError: Orange class OrangeVector&lt;float,1&gt;, needed for 'IntervalDiscretizer.points' not exported to Python
</FILE><FILE NAME="domain1.py" RESULT="OK"/><FILE ITERATION="0" NAME="domain10.py" RESULT="error" xml:space="preserve">Traceback (most recent call last):
  File &quot;D:/ai/Orange/regressionTests/xtest1.py&quot;, line 92, in ?
    execfile(t__name)
  File &quot;domain10.py&quot;, line 82, in ?
    warnings.filterwarnings(&quot;ignore&quot;, &quot;.*'BayesLearner': .*&quot;, orange.KernelWarning)
AttributeError: 'module' object has no attribute 'KernelWarning'
</FILE><FILE NAME="domain11.py" RESULT=""/><FILE ITERATION="0" NAME="domain12.py" RESULT="error" xml:space="preserve">Traceback (most recent call last):
  File &quot;D:/ai/Orange/regressionTests/xtest1.py&quot;, line 92, in ?
    execfile(t__name)
  File &quot;domain12.py&quot;, line 34, in ?
    price = orange.EnumVariable(&quot;price&quot;, values=[&quot;v-high&quot;, &quot;high&quot;, &quot;med&quot;, &quot;low&quot;])
SystemError: Orange class OrangeVector&lt;class std::basic_string&lt;char,struct std::char_traits&lt;char&gt;,class std::allocator&lt;char&gt; &gt;,1&gt;, needed for 'EnumVariable.values' not exported to Python
</FILE><FILE NAME="domain13.py" RESULT=""/><FILE NAME="domain2.py" RESULT="OK"/><FILE NAME="domain3.py" RESULT="OK"/><FILE NAME="domain4.py" RESULT="OK"/><FILE NAME="domain5.py" RESULT="OK"/><FILE NAME="domain6.py" RESULT="OK"/><FILE NAME="domain7.py" RESULT="OK"/><FILE NAME="domain8.py" RESULT="OK"/><FILE NAME="domain9.py" RESULT="OK"/><FILE NAME="ensemble2.py" RESULT="OK"/><FILE NAME="ensemble3.py" RESULT="OK"/><FILE NAME="handful.py" RESULT="OK"/><FILE NAME="lenses.py" RESULT="OK"/><FILE NAME="nbdisc.py" RESULT="OK"/><FILE NAME="nbdisc_test.py" RESULT="OK"/><FILE NAME="regression1.py" RESULT="OK"/><FILE NAME="regression2.py" RESULT="OK"/><FILE NAME="regression3.py" RESULT="OK"/><FILE NAME="report_missing.py" RESULT="OK"/><FILE NAME="roc.py" RESULT="OK"/><FILE NAME="sample_adult.py" RESULT="OK"/><FILE NAME="tree.py" RESULT="OK"/><FILE NAME="tree_print.py" RESULT="OK"/><FILE ITERATION="0" NAME="ClassifierByExampleTable.py" RESULT="error" xml:space="preserve">Traceback (most recent call last):
  File &quot;D:/ai/Orange/regressionTests/xtest1.py&quot;, line 92, in ?
    execfile(t__name)
  File &quot;ClassifierByExampleTable.py&quot;, line 26, in ?
    y2 = orange.EnumVariable(&quot;y2&quot;, values = [&quot;0&quot;, &quot;1&quot;])
SystemError: Orange class OrangeVector&lt;class std::basic_string&lt;char,struct std::char_traits&lt;char&gt;,class std::allocator&lt;char&gt; &gt;,1&gt;, needed for 'EnumVariable.values' not exported to Python
</FILE><FILE ITERATION="0" NAME="ClassifierByLookupTable.py" RESULT="error" xml:space="preserve">Traceback (most recent call last):
  File &quot;D:/ai/Orange/regressionTests/xtest1.py&quot;, line 92, in ?
    execfile(t__name)
  File &quot;ClassifierByLookupTable.py&quot;, line 13, in ?
    ab = orange.EnumVariable(&quot;a==b&quot;, values = [&quot;no&quot;, &quot;yes&quot;])
SystemError: Orange class OrangeVector&lt;class std::basic_string&lt;char,struct std::char_traits&lt;char&gt;,class std::allocator&lt;char&gt; &gt;,1&gt;, needed for 'EnumVariable.values' not exported to Python
</FILE><FILE NAME="CostMatrix.py" RESULT="OK"/><FILE ITERATION="0" NAME="MeasureAttribute1.py" RESULT="error" xml:space="preserve">Traceback (most recent call last):
  File &quot;D:/ai/Orange/regressionTests/xtest1.py&quot;, line 92, in ?
    execfile(t__name)
  File &quot;MeasureAttribute1.py&quot;, line 54, in ?
    cartesian = orange.EnumVariable(&quot;cart&quot;, values = values)
SystemError: Orange class OrangeVector&lt;class std::basic_string&lt;char,struct std::char_traits&lt;char&gt;,class std::allocator&lt;char&gt; &gt;,1&gt;, needed for 'EnumVariable.values' not exported to Python
</FILE><FILE NAME="MeasureAttribute1a.py" RESULT="OK"/><FILE NAME="MeasureAttribute1b.py" RESULT="OK"/><FILE NAME="MeasureAttribute2.py" RESULT="changed"/><FILE NAME="MeasureAttribute3.py" RESULT="changed"/><FILE NAME="RandomClassifier.py" RESULT="OK"/><FILE NAME="assoc-agrawal.py" RESULT="OK"/><FILE NAME="assoc-rule.py" RESULT="OK"/><FILE NAME="assoc.py" RESULT="OK"/><FILE NAME="basicattrstat.py" RESULT="OK"/><FILE NAME="basket.py" RESULT="OK"/><FILE NAME="c45.py" RESULT="OK"/><FILE ITERATION="0" NAME="cb-classifier.py" RESULT="error" xml:space="preserve">Traceback (most recent call last):
  File &quot;D:/ai/Orange/regressionTests/xtest1.py&quot;, line 92, in ?
    execfile(t__name)
  File &quot;cb-classifier.py&quot;, line 29, in ?
    tt =CartesianClassifier(tab.domain[0], tab.domain[1])
  File &quot;cb-classifier.py&quot;, line 16, in __init__
    self.classVar.values = [&quot;%s-%s&quot; % (v1, v2) for v1 in var1.values for v2 in var2.values]
SystemError: Orange class OrangeVector&lt;class std::basic_string&lt;char,struct std::char_traits&lt;char&gt;,class std::allocator&lt;char&gt; &gt;,1&gt;, needed for 'EnumVariable.values' not exported to Python
</FILE><FILE NAME="cb-descender.py" RESULT="OK"/><FILE NAME="cb-filter.py" RESULT="OK"/><FILE NAME="cb-learner.py" RESULT="OK"/><FILE NAME="cb-measureattribute.py" RESULT="OK"/><FILE NAME="cb-mydomain.py" RESULT="OK"/><FILE ITERATION="0" NAME="cb-splitconstructor.py" RESULT="error" xml:space="preserve">Traceback (most recent call last):
  File &quot;D:/ai/Orange/regressionTests/xtest1.py&quot;, line 92, in ?
    execfile(t__name)
  File &quot;cb-splitconstructor.py&quot;, line 56, in ?
    tree = treeLearner(tab)
  File &quot;cb-splitconstructor.py&quot;, line 41, in __call__
    cc = CartesianClassifier(var1, var2)
  File &quot;cb-splitconstructor.py&quot;, line 17, in __init__
    self.classVar.values = [&quot;%s-%s&quot; % (v1, v2) for v1 in var1.values for v2 in var2.values]
SystemError: Orange class OrangeVector&lt;class std::basic_string&lt;char,struct std::char_traits&lt;char&gt;,class std::allocator&lt;char&gt; &gt;,1&gt;, needed for 'EnumVariable.values' not exported to Python
</FILE><FILE NAME="cb-stopcriteria.py" RESULT="OK"/><FILE ITERATION="0" NAME="classifierFromVar.py" RESULT="error" xml:space="preserve">Traceback (most recent call last):
  File &quot;D:/ai/Orange/regressionTests/xtest1.py&quot;, line 92, in ?
    execfile(t__name)
  File &quot;classifierFromVar.py&quot;, line 19, in ?
    e1 = orange.EnumVariable(&quot;e1&quot;, values = [&quot;1&quot;, &quot;not 1&quot;])
SystemError: Orange class OrangeVector&lt;class std::basic_string&lt;char,struct std::char_traits&lt;char&gt;,class std::allocator&lt;char&gt; &gt;,1&gt;, needed for 'EnumVariable.values' not exported to Python
</FILE><FILE NAME="contingency1.py" RESULT="OK"/><FILE NAME="contingency2.py" RESULT="OK"/><FILE NAME="contingency3.py" RESULT="OK"/><FILE NAME="contingency4.py" RESULT="OK"/><FILE NAME="contingency5.py" RESULT="OK"/><FILE NAME="contingency6.py" RESULT="OK"/><FILE NAME="contingency7.py" RESULT="OK"/><FILE NAME="contingency8.py" RESULT="OK"/><FILE ITERATION="0" NAME="discretization.py" RESULT="error" xml:space="preserve">Traceback (most recent call last):
  File &quot;D:/ai/Orange/regressionTests/xtest1.py&quot;, line 92, in ?
    execfile(t__name)
  File &quot;discretization.py&quot;, line 24, in ?
    idisc = orange.IntervalDiscretizer(points = [3.0, 5.0])
SystemError: Orange class OrangeVector&lt;float,1&gt;, needed for 'IntervalDiscretizer.points' not exported to Python
</FILE><FILE ITERATION="0" NAME="distributions.py" RESULT="error" xml:space="preserve">Traceback (most recent call last):
  File &quot;D:/ai/Orange/regressionTests/xtest1.py&quot;, line 92, in ?
    execfile(t__name)
  File &quot;distributions.py&quot;, line 89, in ?
    v = orange.EnumVariable(values = [&quot;red&quot;, &quot;green&quot;, &quot;blue&quot;])
SystemError: Orange class OrangeVector&lt;class std::basic_string&lt;char,struct std::char_traits&lt;char&gt;,class std::allocator&lt;char&gt; &gt;,1&gt;, needed for 'EnumVariable.values' not exported to Python
</FILE><FILE NAME="domain1.py" RESULT="OK"/><FILE NAME="domain2.py" RESULT="OK"/><FILE NAME="domainDepot.py" RESULT="random"/><FILE NAME="example.py" RESULT="OK"/><FILE NAME="example2.py" RESULT="OK"/><FILE ITERATION="0" NAME="example3.py" RESULT="error" xml:space="preserve">Traceback (most recent call last):
  File &quot;D:/ai/Orange/regressionTests/xtest1.py&quot;, line 92, in ?
    execfile(t__name)
  File &quot;example3.py&quot;, line 19, in ?
    ok = orange.EnumVariable(&quot;ok?&quot;, values=[&quot;no&quot;, &quot;yes&quot;])
SystemError: Orange class OrangeVector&lt;class std::basic_string&lt;char,struct std::char_traits&lt;char&gt;,class std::allocator&lt;char&gt; &gt;,1&gt;, needed for 'EnumVariable.values' not exported to Python
</FILE><FILE ITERATION="0" NAME="example_merge.py" RESULT="error" xml:space="preserve">Traceback (most recent call last):
  File &quot;D:/ai/Orange/regressionTests/xtest1.py&quot;, line 92, in ?
    execfile(t__name)
  File &quot;example_merge.py&quot;, line 17, in ?
    merge = orange.Example(newdomain, [data1[0], data2[0]])
KernelException: 'orange.Example': ambiguous value of attribute 'a1'
</FILE><FILE NAME="examplesdistance-missing.py" RESULT="OK"/><FILE NAME="examplesdistance.py" RESULT="OK"/><FILE ITERATION="0" NAME="exampletable1.py" RESULT="error" xml:space="preserve">Traceback (most recent call last):
  File &quot;D:/ai/Orange/regressionTests/xtest1.py&quot;, line 92, in ?
    execfile(t__name)
  File &quot;exampletable1.py&quot;, line 13, in ?
    attributes = [orange.EnumVariable(chr(97+i), values = values[:card[i]])
SystemError: Orange class OrangeVector&lt;class std::basic_string&lt;char,struct std::char_traits&lt;char&gt;,class std::allocator&lt;char&gt; &gt;,1&gt;, needed for 'EnumVariable.values' not exported to Python
</FILE><FILE NAME="exampletable2.py" RESULT="OK"/><FILE NAME="exampletable3.py" RESULT="OK"/><FILE NAME="exampletable4.py" RESULT="OK"/><FILE NAME="exampletable5.py" RESULT="OK"/><FILE ITERATION="0" NAME="exampletable_merge.py" RESULT="error" xml:space="preserve">Traceback (most recent call last):
  File &quot;D:/ai/Orange/regressionTests/xtest1.py&quot;, line 92, in ?
    execfile(t__name)
  File &quot;exampletable_merge.py&quot;, line 6, in ?
    merged = orange.ExampleTable([data1, data2])
KernelException: 'orange.ExampleTable': mismatching value of attribute 'a1' in example #0
</FILE><FILE NAME="filter.py" RESULT="OK"/><FILE ITERATION="0" NAME="filters.py" RESULT="error" xml:space="preserve">Traceback (most recent call last):
  File &quot;D:/ai/Orange/regressionTests/xtest1.py&quot;, line 92, in ?
    execfile(t__name)
  File &quot;filters.py&quot;, line 17, in ?
    fspec.check = [1] * len(data.domain)
TypeError: invalid parameter type for 'Filter_isDefined.check', (expected 'AttributedBoolList', got 'list')
</FILE><FILE NAME="filterv.py" RESULT="OK"/><FILE NAME="findnearest.py" RESULT="OK"/><FILE ITERATION="0" NAME="graph.py" RESULT="error" xml:space="preserve">Traceback (most recent call last):
  File &quot;D:/ai/Orange/regressionTests/xtest1.py&quot;, line 92, in ?
    execfile(t__name)
  File &quot;graph.py&quot;, line 16, in ?
    asdf
NameError: name 'asdf' is not defined
</FILE><FILE NAME="hclust.py" RESULT="OK"/><FILE NAME="hclust_art.py" RESULT="OK"/><FILE ITERATION="0" NAME="imputation.py" RESULT="error" xml:space="preserve">Traceback (most recent call last):
  File &quot;D:/ai/Orange/regressionTests/xtest1.py&quot;, line 92, in ?
    execfile(t__name)
  File &quot;imputation.py&quot;, line 21, in ?
    impdata = imputer(data)
KernelException: invalid (null or wrong type) pointer to 'class TImputer'
</FILE><FILE NAME="knnlearner.py" RESULT="OK"/><FILE NAME="majority.py" RESULT="OK"/><FILE NAME="output.py" RESULT="OK"/><FILE NAME="pp-attributes.py" RESULT="OK"/><FILE NAME="pp-censoring.py" RESULT="OK"/><FILE NAME="pp-discretization.py" RESULT="OK"/><FILE NAME="pp-duplicates.py" RESULT="OK"/><FILE NAME="pp-missing.py" RESULT="changed"/><FILE NAME="pp-noise.py" RESULT=""/><FILE NAME="pp-select.py" RESULT="OK"/><FILE ITERATION="0" NAME="pp-weights.py" RESULT="error" xml:space="preserve">Traceback (most recent call last):
  File &quot;D:/ai/Orange/regressionTests/xtest1.py&quot;, line 92, in ?
    execfile(t__name)
  File &quot;pp-weights.py&quot;, line 12, in ?
    pp.classWeights = [2.0, 1.0, 1.0]
SystemError: Orange class OrangeVector&lt;float,1&gt;, needed for 'Preprocessor_addClassWeight.classWeights' not exported to Python
</FILE><FILE NAME="pythonvariable1.py" RESULT=""/><FILE NAME="pythonvariable2a.py" RESULT=""/><FILE NAME="pythonvariable2b.py" RESULT=""/><FILE NAME="pythonvariable2c.py" RESULT=""/><FILE NAME="pythonvariable2d.py" RESULT="OK"/><FILE NAME="randomindices2.py" RESULT="OK"/><FILE NAME="randomindicescv.py" RESULT="OK"/><FILE ITERATION="0" NAME="randomindicesn.py" RESULT="error" xml:space="preserve">Traceback (most recent call last):
  File &quot;D:/ai/Orange/regressionTests/xtest1.py&quot;, line 92, in ?
    execfile(t__name)
  File &quot;randomindicesn.py&quot;, line 11, in ?
    indicesn = orange.MakeRandomIndicesN(p=[0.5, 0.25])
SystemError: Orange class OrangeVector&lt;float,1&gt;, needed for 'MakeRandomIndicesN.p' not exported to Python
</FILE><FILE NAME="subsetsgenerators.py" RESULT="OK"/><FILE NAME="symmatrix.py" RESULT="OK"/><FILE NAME="transformvalue-d2c.py" RESULT="OK"/><FILE ITERATION="0" NAME="transformvalue-domain.py" RESULT="error" xml:space="preserve">Traceback (most recent call last):
  File &quot;D:/ai/Orange/regressionTests/xtest1.py&quot;, line 92, in ?
    execfile(t__name)
  File &quot;transformvalue-domain.py&quot;, line 29, in ?
    domain0 = continuizer(data)
KernelException: invalid (null or wrong type) pointer to 'class TDomainContinuizer'
</FILE><FILE ITERATION="0" NAME="transformvalue-miv.py" RESULT="error" xml:space="preserve">Traceback (most recent call last):
  File &quot;D:/ai/Orange/regressionTests/xtest1.py&quot;, line 92, in ?
    execfile(t__name)
  File &quot;transformvalue-miv.py&quot;, line 13, in ?
    age_b = orange.EnumVariable(&quot;age_c&quot;, values = ['young', 'old'])
SystemError: Orange class OrangeVector&lt;class std::basic_string&lt;char,struct std::char_traits&lt;char&gt;,class std::allocator&lt;char&gt; &gt;,1&gt;, needed for 'EnumVariable.values' not exported to Python
</FILE><FILE NAME="transformvalue-nc.py" RESULT="OK"/><FILE NAME="transformvalue-o2c.py" RESULT="OK"/><FILE NAME="treelearner.py" RESULT="OK"/><FILE ITERATION="0" NAME="treestructure.py" RESULT="error" xml:space="preserve">Traceback (most recent call last):
  File &quot;D:/ai/Orange/regressionTests/xtest1.py&quot;, line 92, in ?
    execfile(t__name)
  File &quot;treestructure.py&quot;, line 65, in ?
    cutTree(treeClassifier.tree, 2)
  File &quot;treestructure.py&quot;, line 58, in cutTree
    cutTree(branch, level-1)
  File &quot;treestructure.py&quot;, line 58, in cutTree
    cutTree(branch, level-1)
  File &quot;treestructure.py&quot;, line 62, in cutTree
    node.branchDescriptions = None
SystemError: Orange class OrangeVector&lt;class std::basic_string&lt;char,struct std::char_traits&lt;char&gt;,class std::allocator&lt;char&gt; &gt;,1&gt;, needed for 'TreeNode.branchDescriptions' not exported to Python
</FILE><FILE NAME="unusedValues.py" RESULT="OK"/><FILE ITERATION="0" NAME="values.py" RESULT="error" xml:space="preserve">Traceback (most recent call last):
  File &quot;D:/ai/Orange/regressionTests/xtest1.py&quot;, line 92, in ?
    execfile(t__name)
  File &quot;values.py&quot;, line 12, in ?
    fruit = orange.EnumVariable(&quot;fruit&quot;, values = [&quot;plum&quot;, &quot;apple&quot;, &quot;lemon&quot;])
SystemError: Orange class OrangeVector&lt;class std::basic_string&lt;char,struct std::char_traits&lt;char&gt;,class std::allocator&lt;char&gt; &gt;,1&gt;, needed for 'EnumVariable.values' not exported to Python
</FILE><FILE ITERATION="0" NAME="variable.py" RESULT="error" xml:space="preserve">Traceback (most recent call last):
  File &quot;D:/ai/Orange/regressionTests/xtest1.py&quot;, line 92, in ?
    execfile(t__name)
  File &quot;variable.py&quot;, line 11, in ?
    e2 = orange.EnumVariable(&quot;e2&quot;, values = [&quot;not 1&quot;, &quot;1&quot;])
SystemError: Orange class OrangeVector&lt;class std::basic_string&lt;char,struct std::char_traits&lt;char&gt;,class std::allocator&lt;char&gt; &gt;,1&gt;, needed for 'EnumVariable.values' not exported to Python
</FILE><FILE ITERATION="0" NAME="variable2.py" RESULT="error" xml:space="preserve">Traceback (most recent call last):
  File &quot;D:/ai/Orange/regressionTests/xtest1.py&quot;, line 92, in ?
    execfile(t__name)
  File &quot;variable2.py&quot;, line 15, in ?
    e2 = orange.EnumVariable(&quot;e2&quot;, values = [&quot;not 1&quot;, &quot;1&quot;])
SystemError: Orange class OrangeVector&lt;class std::basic_string&lt;char,struct std::char_traits&lt;char&gt;,class std::allocator&lt;char&gt; &gt;,1&gt;, needed for 'EnumVariable.values' not exported to Python
</FILE><FILE ITERATION="0" NAME="OWDataSamplerA.py" RESULT="error" xml:space="preserve">Traceback (most recent call last):
  File &quot;D:/ai/Orange/regressionTests/xtest1.py&quot;, line 92, in ?
    execfile(t__name)
  File &quot;OWDataSamplerA.py&quot;, line 46, in ?
    dataset = orange.ExampleTable('iris.tab')
KernelException: FileExampleGenerator: cannot open file 'iris.tab'
</FILE><FILE ITERATION="0" NAME="OWDataSamplerB.py" RESULT="error" xml:space="preserve">Traceback (most recent call last):
  File &quot;D:/ai/Orange/regressionTests/xtest1.py&quot;, line 92, in ?
    execfile(t__name)
  File &quot;OWDataSamplerB.py&quot;, line 71, in ?
    dataset = orange.ExampleTable('iris.tab')
KernelException: FileExampleGenerator: cannot open file 'iris.tab'
</FILE><FILE ITERATION="0" NAME="OWDataSamplerC.py" RESULT="error" xml:space="preserve">Traceback (most recent call last):
  File &quot;D:/ai/Orange/regressionTests/xtest1.py&quot;, line 92, in ?
    execfile(t__name)
  File &quot;OWDataSamplerC.py&quot;, line 73, in ?
    dataset = orange.ExampleTable('iris.tab')
KernelException: FileExampleGenerator: cannot open file 'iris.tab'
</FILE><FILE ITERATION="0" NAME="OWLearningCurveA.py" RESULT="error" xml:space="preserve">Traceback (most recent call last):
  File &quot;D:/ai/Orange/regressionTests/xtest1.py&quot;, line 92, in ?
    execfile(t__name)
  File &quot;OWLearningCurveA.py&quot;, line 176, in ?
    data = orange.ExampleTable('iris.tab')
KernelException: FileExampleGenerator: cannot open file 'iris.tab'
</FILE><FILE ITERATION="0" NAME="OWLearningCurveB.py" RESULT="error" xml:space="preserve">Traceback (most recent call last):
  File &quot;D:/ai/Orange/regressionTests/xtest1.py&quot;, line 92, in ?
    execfile(t__name)
  File &quot;OWLearningCurveB.py&quot;, line 188, in ?
    data = orange.ExampleTable('iris.tab')
KernelException: FileExampleGenerator: cannot open file 'iris.tab'
</FILE><FILE ITERATION="0" NAME="OWLearningCurveC.py" RESULT="error" xml:space="preserve">Traceback (most recent call last):
  File &quot;D:/ai/Orange/regressionTests/xtest1.py&quot;, line 92, in ?
    execfile(t__name)
  File &quot;OWLearningCurveC.py&quot;, line 282, in ?
    ow = OWLearningCurveC()
  File &quot;OWLearningCurveC.py&quot;, line 34, in __init__
    warnings.filterwarnings(&quot;ignore&quot;, &quot;.*builtin attribute.*&quot;, orange.AttributeWarning)
AttributeError: 'module' object has no attribute 'AttributeWarning'
</FILE></RUN><RUN DATE="2004-11-29" ID="00036" PLATFORM="win32" TYPE="re-test"><FILE NAME="assoc.py" RESULT="OK"/><FILE NAME="ensemble.py" RESULT="OK"/><FILE NAME="fss1.py" RESULT="OK"/><FILE NAME="fss2.py" RESULT="OK"/><FILE NAME="fss3.py" RESULT="OK"/><FILE NAME="fss4.py" RESULT="OK"/><FILE NAME="fss5.py" RESULT="OK"/><FILE NAME="fss6.py" RESULT="OK"/><FILE NAME="fss7.py" RESULT="OK"/><FILE NAME="test.py" RESULT="OK"/><FILE NAME="tree1.py" RESULT="OK"/><FILE NAME="tree2.py" RESULT="OK"/><FILE NAME="tree3.py" RESULT="OK"/><FILE NAME="tree4.py" RESULT="OK"/><FILE NAME="tree5.py" RESULT="OK"/><FILE NAME="tree6.py" RESULT="OK"/><FILE NAME="tree7.py" RESULT="OK"/><FILE NAME="tree8.py" RESULT="OK"/><FILE NAME="tree9.py" RESULT="OK"/><FILE NAME="accuracy.py" RESULT="OK"/><FILE NAME="accuracy2.py" RESULT="OK"/><FILE NAME="accuracy3.py" RESULT="OK"/><FILE NAME="accuracy4.py" RESULT="OK"/><FILE NAME="accuracy5.py" RESULT="OK"/><FILE NAME="accuracy6.py" RESULT="OK"/><FILE NAME="accuracy7.py" RESULT="OK"/><FILE NAME="assoc1.py" RESULT="OK"/><FILE NAME="assoc2.py" RESULT="OK"/><FILE NAME="assoc3.py" RESULT="OK"/><FILE NAME="bagging.py" RESULT="OK"/><FILE NAME="bagging_test.py" RESULT="OK"/><FILE NAME="bayes.py" RESULT="OK"/><FILE NAME="bayes_test.py" RESULT="OK"/><FILE NAME="classifier.py" RESULT="OK"/><FILE NAME="classifier2.py" RESULT="OK"/><FILE NAME="data_characteristics.py" RESULT="OK"/><FILE NAME="data_characteristics2.py" RESULT="OK"/><FILE NAME="data_characteristics3.py" RESULT="OK"/><FILE NAME="data_characteristics4.py" RESULT="OK"/><FILE NAME="disc.py" RESULT="OK"/><FILE NAME="disc1.py" RESULT="OK"/><FILE NAME="disc2.py" RESULT="OK"/><FILE NAME="disc3.py" RESULT="OK"/><FILE NAME="disc4.py" RESULT="OK"/><FILE NAME="disc5.py" RESULT="OK"/><FILE NAME="disc6.py" RESULT="OK"/><FILE NAME="domain1.py" RESULT="OK"/><FILE NAME="domain10.py" RESULT="OK"/><FILE NAME="domain11.py" RESULT="OK"/><FILE NAME="domain12.py" RESULT="OK"/><FILE NAME="domain13.py" RESULT="OK"/><FILE NAME="domain2.py" RESULT="OK"/><FILE NAME="domain3.py" RESULT="OK"/><FILE NAME="domain4.py" RESULT="OK"/><FILE NAME="domain5.py" RESULT="OK"/><FILE NAME="domain6.py" RESULT="OK"/><FILE NAME="domain7.py" RESULT="OK"/><FILE NAME="domain8.py" RESULT="OK"/><FILE NAME="domain9.py" RESULT="OK"/><FILE NAME="ensemble2.py" RESULT="OK"/><FILE NAME="ensemble3.py" RESULT="OK"/><FILE NAME="handful.py" RESULT="OK"/><FILE NAME="lenses.py" RESULT="OK"/><FILE NAME="nbdisc.py" RESULT="OK"/><FILE NAME="nbdisc_test.py" RESULT="OK"/><FILE NAME="regression1.py" RESULT="OK"/><FILE NAME="regression2.py" RESULT="OK"/><FILE NAME="regression3.py" RESULT="OK"/><FILE NAME="report_missing.py" RESULT="OK"/><FILE NAME="roc.py" RESULT="OK"/><FILE NAME="sample_adult.py" RESULT="OK"/><FILE NAME="tree.py" RESULT="OK"/><FILE NAME="tree_print.py" RESULT="OK"/><FILE NAME="ClassifierByExampleTable.py" RESULT="changed"/><FILE NAME="ClassifierByLookupTable.py" RESULT="OK"/><FILE NAME="CostMatrix.py" RESULT="OK"/><FILE NAME="MeasureAttribute1.py" RESULT="OK"/><FILE NAME="MeasureAttribute1a.py" RESULT="OK"/><FILE NAME="MeasureAttribute1b.py" RESULT="OK"/><FILE NAME="MeasureAttribute2.py" RESULT="changed"/><FILE NAME="MeasureAttribute3.py" RESULT="changed"/><FILE NAME="RandomClassifier.py" RESULT="OK"/><FILE NAME="assoc-agrawal.py" RESULT="OK"/><FILE NAME="assoc-rule.py" RESULT="OK"/><FILE NAME="assoc.py" RESULT="OK"/><FILE NAME="basicattrstat.py" RESULT="OK"/><FILE NAME="basket.py" RESULT="OK"/><FILE NAME="c45.py" RESULT="OK"/><FILE NAME="cb-classifier.py" RESULT="OK"/><FILE NAME="cb-descender.py" RESULT="OK"/><FILE NAME="cb-filter.py" RESULT="OK"/><FILE NAME="cb-learner.py" RESULT="OK"/><FILE NAME="cb-measureattribute.py" RESULT="OK"/><FILE NAME="cb-mydomain.py" RESULT="OK"/><FILE NAME="cb-splitconstructor.py" RESULT="OK"/><FILE NAME="cb-stopcriteria.py" RESULT="OK"/><FILE NAME="classifierFromVar.py" RESULT="OK"/><FILE NAME="contingency1.py" RESULT="OK"/><FILE NAME="contingency2.py" RESULT="OK"/><FILE NAME="contingency3.py" RESULT="OK"/><FILE NAME="contingency4.py" RESULT="OK"/><FILE NAME="contingency5.py" RESULT="OK"/><FILE NAME="contingency6.py" RESULT="OK"/><FILE NAME="contingency7.py" RESULT="OK"/><FILE NAME="contingency8.py" RESULT="OK"/><FILE NAME="discretization.py" RESULT="OK"/><FILE NAME="distributions.py" RESULT="OK"/><FILE NAME="domain1.py" RESULT="OK"/><FILE NAME="domain2.py" RESULT="OK"/><FILE NAME="domainDepot.py" RESULT="random"/><FILE NAME="example.py" RESULT="OK"/><FILE NAME="example2.py" RESULT="OK"/><FILE NAME="example3.py" RESULT="OK"/><FILE ITERATION="0" NAME="example_merge.py" RESULT="error" xml:space="preserve">Traceback (most recent call last):
  File &quot;D:/AI/Orange/regressionTests/xtest1.py&quot;, line 92, in ?
    execfile(t__name)
  File &quot;example_merge.py&quot;, line 17, in ?
    merge = orange.Example(newdomain, [data1[0], data2[0]])
KernelException: 'orange.Example': ambiguous value of attribute 'a1'
</FILE><FILE NAME="examplesdistance-missing.py" RESULT="OK"/><FILE NAME="examplesdistance.py" RESULT="OK"/><FILE NAME="exampletable1.py" RESULT="OK"/><FILE NAME="exampletable2.py" RESULT="OK"/><FILE NAME="exampletable3.py" RESULT="OK"/><FILE NAME="exampletable4.py" RESULT="OK"/><FILE NAME="exampletable5.py" RESULT="OK"/><FILE ITERATION="0" NAME="exampletable_merge.py" RESULT="error" xml:space="preserve">Traceback (most recent call last):
  File &quot;D:/AI/Orange/regressionTests/xtest1.py&quot;, line 92, in ?
    execfile(t__name)
  File &quot;exampletable_merge.py&quot;, line 6, in ?
    merged = orange.ExampleTable([data1, data2])
KernelException: 'orange.ExampleTable': mismatching value of attribute 'a1' in example #0
</FILE><FILE NAME="filter.py" RESULT="OK"/><FILE ITERATION="0" NAME="filters.py" RESULT="error" xml:space="preserve">Traceback (most recent call last):
  File &quot;D:/AI/Orange/regressionTests/xtest1.py&quot;, line 92, in ?
    execfile(t__name)
  File &quot;filters.py&quot;, line 17, in ?
    fspec.check = [1] * len(data.domain)
TypeError: invalid parameter type for 'Filter_isDefined.check', (expected 'AttributedBoolList', got 'list')
</FILE><FILE NAME="filterv.py" RESULT="OK"/><FILE NAME="findnearest.py" RESULT="OK"/><FILE ITERATION="0" NAME="graph.py" RESULT="error" xml:space="preserve">Traceback (most recent call last):
  File &quot;D:/AI/Orange/regressionTests/xtest1.py&quot;, line 92, in ?
    execfile(t__name)
  File &quot;graph.py&quot;, line 15, in ?
    print graph.getEdges()
AttributeError: 'GraphAsMatrix' has no attribute 'getEdges'
</FILE><FILE NAME="hclust.py" RESULT="OK"/><FILE NAME="hclust_art.py" RESULT="OK"/><FILE NAME="imputation.py" RESULT="OK"/><FILE NAME="knnlearner.py" RESULT="OK"/><FILE NAME="majority.py" RESULT="OK"/><FILE NAME="output.py" RESULT="OK"/><FILE NAME="pp-attributes.py" RESULT="OK"/><FILE NAME="pp-censoring.py" RESULT="OK"/><FILE NAME="pp-discretization.py" RESULT="OK"/><FILE NAME="pp-duplicates.py" RESULT="OK"/><FILE NAME="pp-missing.py" RESULT="OK"/><FILE NAME="pp-noise.py" RESULT="OK"/><FILE NAME="pp-select.py" RESULT="OK"/><FILE NAME="pp-weights.py" RESULT="OK"/><FILE NAME="pythonvariable1.py" RESULT="random"/><FILE NAME="pythonvariable2a.py" RESULT="OK"/><FILE NAME="pythonvariable2b.py" RESULT="OK"/><FILE NAME="pythonvariable2c.py" RESULT="OK"/><FILE NAME="pythonvariable2d.py" RESULT="OK"/><FILE NAME="randomindices2.py" RESULT="OK"/><FILE NAME="randomindicescv.py" RESULT="OK"/><FILE NAME="randomindicesn.py" RESULT="OK"/><FILE NAME="subsetsgenerators.py" RESULT="OK"/><FILE NAME="symmatrix.py" RESULT="OK"/><FILE NAME="transformvalue-d2c.py" RESULT="OK"/><FILE NAME="transformvalue-domain.py" RESULT="OK"/><FILE NAME="transformvalue-miv.py" RESULT="OK"/><FILE NAME="transformvalue-nc.py" RESULT="OK"/><FILE NAME="transformvalue-o2c.py" RESULT="OK"/><FILE NAME="treelearner.py" RESULT="OK"/><FILE NAME="treestructure.py" RESULT="OK"/><FILE NAME="unusedValues.py" RESULT="OK"/><FILE NAME="values.py" RESULT="OK"/><FILE NAME="variable.py" RESULT="OK"/><FILE NAME="variable2.py" RESULT="OK"/></RUN><RUN DATE="2004-09-17" ID="00035" PLATFORM="win32" TYPE="re-test"><FILE NAME="assoc.py" RESULT="OK"/><FILE NAME="ensemble.py" RESULT="OK"/><FILE NAME="fss1.py" RESULT="OK"/><FILE NAME="fss2.py" RESULT="OK"/><FILE NAME="fss3.py" RESULT="OK"/><FILE NAME="fss4.py" RESULT="OK"/><FILE NAME="fss5.py" RESULT="OK"/><FILE NAME="fss6.py" RESULT="OK"/><FILE NAME="fss7.py" RESULT="OK"/><FILE NAME="test.py" RESULT="OK"/><FILE NAME="tree1.py" RESULT="OK"/><FILE NAME="tree2.py" RESULT="OK"/><FILE NAME="tree3.py" RESULT="OK"/><FILE NAME="tree4.py" RESULT="OK"/><FILE NAME="tree5.py" RESULT="OK"/><FILE NAME="tree6.py" RESULT="OK"/><FILE NAME="tree7.py" RESULT="OK"/><FILE NAME="tree8.py" RESULT="OK"/><FILE NAME="tree9.py" RESULT="OK"/><FILE NAME="accuracy.py" RESULT="OK"/><FILE NAME="accuracy2.py" RESULT="OK"/><FILE NAME="accuracy3.py" RESULT="OK"/><FILE NAME="accuracy4.py" RESULT="OK"/><FILE NAME="accuracy5.py" RESULT="OK"/><FILE NAME="accuracy6.py" RESULT="OK"/><FILE NAME="accuracy7.py" RESULT="OK"/><FILE NAME="assoc1.py" RESULT="OK"/><FILE NAME="assoc2.py" RESULT="OK"/><FILE NAME="assoc3.py" RESULT="OK"/><FILE NAME="bagging.py" RESULT="OK"/><FILE NAME="bagging_test.py" RESULT="OK"/><FILE NAME="bayes.py" RESULT="OK"/><FILE NAME="bayes_test.py" RESULT="OK"/><FILE NAME="classifier.py" RESULT="OK"/><FILE NAME="classifier2.py" RESULT="OK"/><FILE NAME="data_characteristics.py" RESULT="OK"/><FILE NAME="data_characteristics2.py" RESULT="OK"/><FILE NAME="data_characteristics3.py" RESULT="OK"/><FILE NAME="data_characteristics4.py" RESULT="OK"/><FILE NAME="disc.py" RESULT="OK"/><FILE NAME="disc1.py" RESULT="OK"/><FILE NAME="disc2.py" RESULT="OK"/><FILE NAME="disc3.py" RESULT="OK"/><FILE NAME="disc4.py" RESULT="OK"/><FILE NAME="disc5.py" RESULT="OK"/><FILE NAME="disc6.py" RESULT="OK"/><FILE NAME="domain1.py" RESULT="OK"/><FILE NAME="domain10.py" RESULT="OK"/><FILE NAME="domain11.py" RESULT="OK"/><FILE NAME="domain12.py" RESULT="OK"/><FILE NAME="domain13.py" RESULT="OK"/><FILE NAME="domain2.py" RESULT="OK"/><FILE NAME="domain3.py" RESULT="OK"/><FILE NAME="domain4.py" RESULT="OK"/><FILE NAME="domain5.py" RESULT="OK"/><FILE NAME="domain6.py" RESULT="OK"/><FILE NAME="domain7.py" RESULT="OK"/><FILE NAME="domain8.py" RESULT="OK"/><FILE NAME="domain9.py" RESULT="OK"/><FILE NAME="ensemble2.py" RESULT="OK"/><FILE NAME="ensemble3.py" RESULT="OK"/><FILE NAME="handful.py" RESULT="OK"/><FILE NAME="lenses.py" RESULT="OK"/><FILE NAME="nbdisc.py" RESULT="OK"/><FILE NAME="nbdisc_test.py" RESULT="OK"/><FILE NAME="regression1.py" RESULT="OK"/><FILE NAME="regression2.py" RESULT="OK"/><FILE NAME="regression3.py" RESULT="OK"/><FILE NAME="report_missing.py" RESULT="OK"/><FILE NAME="roc.py" RESULT="OK"/><FILE NAME="sample_adult.py" RESULT="OK"/><FILE NAME="tree.py" RESULT="OK"/><FILE NAME="tree_print.py" RESULT="OK"/><FILE NAME="ClassifierByExampleTable.py" RESULT="OK"/><FILE NAME="ClassifierByLookupTable.py" RESULT="OK"/><FILE NAME="CostMatrix.py" RESULT="OK"/><FILE NAME="MeasureAttribute1.py" RESULT="OK"/><FILE NAME="MeasureAttribute1a.py" RESULT="OK"/><FILE NAME="MeasureAttribute1b.py" RESULT="OK"/><FILE NAME="MeasureAttribute2.py" RESULT="OK"/><FILE NAME="MeasureAttribute3.py" RESULT="OK"/><FILE NAME="RandomClassifier.py" RESULT="OK"/><FILE NAME="assoc-agrawal.py" RESULT="OK"/><FILE NAME="assoc-rule.py" RESULT="OK"/><FILE NAME="assoc.py" RESULT="OK"/><FILE NAME="basicattrstat.py" RESULT="OK"/><FILE NAME="basket.py" RESULT="OK"/><FILE NAME="c45.py" RESULT="OK"/><FILE NAME="cb-classifier.py" RESULT="OK"/><FILE NAME="cb-descender.py" RESULT="OK"/><FILE NAME="cb-filter.py" RESULT="OK"/><FILE NAME="cb-learner.py" RESULT="OK"/><FILE NAME="cb-measureattribute.py" RESULT="OK"/><FILE NAME="cb-mydomain.py" RESULT="OK"/><FILE NAME="cb-splitconstructor.py" RESULT="OK"/><FILE NAME="cb-stopcriteria.py" RESULT="OK"/><FILE NAME="classifierFromVar.py" RESULT="OK"/><FILE NAME="contingency1.py" RESULT="OK"/><FILE NAME="contingency2.py" RESULT="OK"/><FILE NAME="contingency3.py" RESULT="OK"/><FILE NAME="contingency4.py" RESULT="OK"/><FILE NAME="contingency5.py" RESULT="OK"/><FILE NAME="contingency6.py" RESULT="OK"/><FILE NAME="contingency7.py" RESULT="OK"/><FILE NAME="contingency8.py" RESULT="OK"/><FILE NAME="discretization.py" RESULT="OK"/><FILE NAME="distributions.py" RESULT="OK"/><FILE NAME="domain1.py" RESULT="OK"/><FILE NAME="domain2.py" RESULT="OK"/><FILE NAME="domainDepot.py" RESULT="random"/><FILE NAME="example.py" RESULT="OK"/><FILE NAME="example2.py" RESULT="OK"/><FILE NAME="example3.py" RESULT="OK"/><FILE NAME="example_merge.py" RESULT="random"/><FILE NAME="examplesdistance-missing.py" RESULT="OK"/><FILE NAME="examplesdistance.py" RESULT="OK"/><FILE NAME="exampletable1.py" RESULT="OK"/><FILE NAME="exampletable2.py" RESULT="OK"/><FILE NAME="exampletable3.py" RESULT="OK"/><FILE NAME="exampletable4.py" RESULT="OK"/><FILE NAME="exampletable5.py" RESULT="OK"/><FILE NAME="exampletable_merge.py" RESULT="random"/><FILE ITERATION="0" NAME="filter.py" RESULT="error" xml:space="preserve">Traceback (most recent call last):
  File &quot;D:/AI/Orange/regressionTests/xtest1.py&quot;, line 92, in ?
    execfile(t__name)
  File &quot;filter.py&quot;, line 34, in ?
    f.check[&quot;age&quot;] = 0
SystemError: Orange class 'AttributedBoolList' not exported to Python
</FILE><FILE NAME="filters.py" RESULT="OK"/><FILE NAME="filterv.py" RESULT="OK"/><FILE NAME="findnearest.py" RESULT="OK"/><FILE NAME="hclust.py" RESULT="OK"/><FILE NAME="hclust_art.py" RESULT="OK"/><FILE NAME="imputation.py" RESULT="OK"/><FILE NAME="knnlearner.py" RESULT="OK"/><FILE NAME="majority.py" RESULT="OK"/><FILE NAME="output.py" RESULT="OK"/><FILE NAME="pp-attributes.py" RESULT="OK"/><FILE NAME="pp-censoring.py" RESULT="OK"/><FILE NAME="pp-discretization.py" RESULT="OK"/><FILE NAME="pp-duplicates.py" RESULT="OK"/><FILE NAME="pp-missing.py" RESULT="changed"/><FILE NAME="pp-noise.py" RESULT="changed"/><FILE NAME="pp-select.py" RESULT="OK"/><FILE NAME="pp-weights.py" RESULT="OK"/><FILE NAME="pythonvariable1.py" RESULT="random"/><FILE NAME="pythonvariable2a.py" RESULT="OK"/><FILE NAME="pythonvariable2b.py" RESULT="OK"/><FILE NAME="pythonvariable2c.py" RESULT="OK"/><FILE NAME="pythonvariable2d.py" RESULT="OK"/><FILE NAME="randomindices2.py" RESULT="OK"/><FILE NAME="randomindicescv.py" RESULT="OK"/><FILE NAME="randomindicesn.py" RESULT="OK"/><FILE NAME="subsetsgenerators.py" RESULT="OK"/><FILE NAME="symmatrix.py" RESULT="OK"/><FILE NAME="transformvalue-d2c.py" RESULT="OK"/><FILE NAME="transformvalue-domain.py" RESULT="OK"/><FILE NAME="transformvalue-miv.py" RESULT="OK"/><FILE NAME="transformvalue-nc.py" RESULT="OK"/><FILE NAME="transformvalue-o2c.py" RESULT="OK"/><FILE NAME="treelearner.py" RESULT="OK"/><FILE NAME="treestructure.py" RESULT="OK"/><FILE NAME="unusedValues.py" RESULT="OK"/><FILE NAME="values.py" RESULT="OK"/><FILE NAME="variable.py" RESULT="OK"/><FILE NAME="variable2.py" RESULT="OK"/></RUN><RUN DATE="2004-09-17" ID="00034" PLATFORM="win32" TYPE="re-test"><FILE NAME="assoc.py" RESULT="OK"/><FILE NAME="ensemble.py" RESULT="OK"/><FILE NAME="fss1.py" RESULT="OK"/><FILE NAME="fss2.py" RESULT="OK"/><FILE NAME="fss3.py" RESULT="OK"/><FILE NAME="fss4.py" RESULT="OK"/><FILE NAME="fss5.py" RESULT="OK"/><FILE NAME="fss6.py" RESULT="OK"/><FILE NAME="fss7.py" RESULT="OK"/><FILE NAME="test.py" RESULT="OK"/><FILE NAME="tree1.py" RESULT="OK"/><FILE NAME="tree2.py" RESULT="OK"/><FILE NAME="tree3.py" RESULT="OK"/><FILE NAME="tree4.py" RESULT="OK"/><FILE NAME="tree5.py" RESULT="OK"/><FILE NAME="tree6.py" RESULT="OK"/><FILE NAME="tree7.py" RESULT="OK"/><FILE NAME="tree8.py" RESULT="OK"/><FILE NAME="tree9.py" RESULT="OK"/><FILE NAME="accuracy.py" RESULT="OK"/><FILE NAME="accuracy2.py" RESULT="OK"/><FILE NAME="accuracy3.py" RESULT="OK"/><FILE NAME="accuracy4.py" RESULT="OK"/><FILE NAME="accuracy5.py" RESULT="OK"/><FILE NAME="accuracy6.py" RESULT="OK"/><FILE NAME="accuracy7.py" RESULT="OK"/><FILE NAME="assoc1.py" RESULT="OK"/><FILE NAME="assoc2.py" RESULT="OK"/><FILE NAME="assoc3.py" RESULT="OK"/><FILE NAME="bagging.py" RESULT="OK"/><FILE NAME="bagging_test.py" RESULT="OK"/><FILE NAME="bayes.py" RESULT="OK"/><FILE NAME="bayes_test.py" RESULT="OK"/><FILE NAME="classifier.py" RESULT="OK"/><FILE NAME="classifier2.py" RESULT="OK"/><FILE NAME="data_characteristics.py" RESULT="OK"/><FILE NAME="data_characteristics2.py" RESULT="OK"/><FILE NAME="data_characteristics3.py" RESULT="OK"/><FILE NAME="data_characteristics4.py" RESULT="OK"/><FILE NAME="disc.py" RESULT="OK"/><FILE NAME="disc1.py" RESULT="OK"/><FILE NAME="disc2.py" RESULT="OK"/><FILE NAME="disc3.py" RESULT="OK"/><FILE NAME="disc4.py" RESULT="OK"/><FILE NAME="disc5.py" RESULT="OK"/><FILE NAME="disc6.py" RESULT="OK"/><FILE NAME="domain1.py" RESULT="OK"/><FILE NAME="domain10.py" RESULT="OK"/><FILE NAME="domain11.py" RESULT="OK"/><FILE NAME="domain12.py" RESULT="OK"/><FILE NAME="domain13.py" RESULT="OK"/><FILE NAME="domain2.py" RESULT="OK"/><FILE NAME="domain3.py" RESULT="OK"/><FILE NAME="domain4.py" RESULT="OK"/><FILE NAME="domain5.py" RESULT="OK"/><FILE NAME="domain6.py" RESULT="OK"/><FILE NAME="domain7.py" RESULT="OK"/><FILE NAME="domain8.py" RESULT="OK"/><FILE NAME="domain9.py" RESULT="OK"/><FILE NAME="ensemble2.py" RESULT="OK"/><FILE NAME="ensemble3.py" RESULT="OK"/><FILE NAME="handful.py" RESULT="OK"/><FILE NAME="lenses.py" RESULT="OK"/><FILE NAME="nbdisc.py" RESULT="OK"/><FILE NAME="nbdisc_test.py" RESULT="OK"/><FILE NAME="regression1.py" RESULT="OK"/><FILE NAME="regression2.py" RESULT="OK"/><FILE NAME="regression3.py" RESULT="OK"/><FILE NAME="report_missing.py" RESULT="OK"/><FILE NAME="roc.py" RESULT="OK"/><FILE NAME="sample_adult.py" RESULT="OK"/><FILE NAME="tree.py" RESULT="OK"/><FILE NAME="tree_print.py" RESULT="OK"/><FILE NAME="ClassifierByExampleTable.py" RESULT="OK"/><FILE NAME="ClassifierByLookupTable.py" RESULT="OK"/><FILE NAME="CostMatrix.py" RESULT="OK"/><FILE NAME="MeasureAttribute1.py" RESULT="OK"/><FILE NAME="MeasureAttribute1a.py" RESULT="OK"/><FILE NAME="MeasureAttribute1b.py" RESULT="OK"/><FILE NAME="MeasureAttribute2.py" RESULT="OK"/><FILE NAME="MeasureAttribute3.py" RESULT="OK"/><FILE NAME="RandomClassifier.py" RESULT="OK"/><FILE NAME="assoc-agrawal.py" RESULT="OK"/><FILE NAME="assoc-rule.py" RESULT="OK"/><FILE NAME="assoc.py" RESULT="OK"/><FILE NAME="basicattrstat.py" RESULT="OK"/><FILE NAME="basket.py" RESULT="OK"/><FILE NAME="c45.py" RESULT="OK"/><FILE NAME="cb-classifier.py" RESULT="OK"/><FILE NAME="cb-descender.py" RESULT="OK"/><FILE NAME="cb-filter.py" RESULT="OK"/><FILE NAME="cb-learner.py" RESULT="OK"/><FILE NAME="cb-measureattribute.py" RESULT="OK"/><FILE NAME="cb-mydomain.py" RESULT="OK"/><FILE NAME="cb-splitconstructor.py" RESULT="OK"/><FILE NAME="cb-stopcriteria.py" RESULT="OK"/><FILE NAME="classifierFromVar.py" RESULT="OK"/><FILE NAME="contingency1.py" RESULT="OK"/><FILE NAME="contingency2.py" RESULT="OK"/><FILE NAME="contingency3.py" RESULT="OK"/><FILE NAME="contingency4.py" RESULT="OK"/><FILE NAME="contingency5.py" RESULT="OK"/><FILE NAME="contingency6.py" RESULT="OK"/><FILE NAME="contingency7.py" RESULT="OK"/><FILE NAME="contingency8.py" RESULT="OK"/><FILE NAME="discretization.py" RESULT="OK"/><FILE NAME="distributions.py" RESULT="OK"/><FILE NAME="domain1.py" RESULT="OK"/><FILE NAME="domain2.py" RESULT="OK"/><FILE NAME="domainDepot.py" RESULT="random"/><FILE NAME="example.py" RESULT="OK"/><FILE NAME="example2.py" RESULT="OK"/><FILE NAME="example3.py" RESULT="OK"/><FILE NAME="example_merge.py" RESULT="random"/><FILE NAME="examplesdistance-missing.py" RESULT="OK"/><FILE NAME="examplesdistance.py" RESULT="OK"/><FILE NAME="exampletable1.py" RESULT="OK"/><FILE NAME="exampletable2.py" RESULT="OK"/><FILE NAME="exampletable3.py" RESULT="OK"/><FILE NAME="exampletable4.py" RESULT="OK"/><FILE NAME="exampletable5.py" RESULT="OK"/><FILE NAME="exampletable_merge.py" RESULT="random"/><FILE NAME="filter.py" RESULT="changed"/><FILE NAME="filters.py" RESULT="OK"/><FILE NAME="filterv.py" RESULT="OK"/><FILE NAME="findnearest.py" RESULT="OK"/><FILE NAME="hclust.py" RESULT="OK"/><FILE NAME="hclust_art.py" RESULT="OK"/><FILE NAME="imputation.py" RESULT="OK"/><FILE NAME="knnlearner.py" RESULT="OK"/><FILE NAME="majority.py" RESULT="OK"/><FILE NAME="output.py" RESULT="OK"/><FILE NAME="pp-attributes.py" RESULT="OK"/><FILE NAME="pp-censoring.py" RESULT="OK"/><FILE NAME="pp-discretization.py" RESULT="OK"/><FILE NAME="pp-duplicates.py" RESULT="OK"/><FILE NAME="pp-missing.py" RESULT="OK"/><FILE NAME="pp-noise.py" RESULT="OK"/><FILE NAME="pp-select.py" RESULT="OK"/><FILE NAME="pp-weights.py" RESULT="OK"/><FILE NAME="pythonvariable1.py" RESULT="random"/><FILE NAME="pythonvariable2a.py" RESULT="OK"/><FILE NAME="pythonvariable2b.py" RESULT="OK"/><FILE NAME="pythonvariable2c.py" RESULT="OK"/><FILE NAME="pythonvariable2d.py" RESULT="OK"/><FILE NAME="randomindices2.py" RESULT="OK"/><FILE NAME="randomindicescv.py" RESULT="OK"/><FILE NAME="randomindicesn.py" RESULT="OK"/><FILE NAME="subsetsgenerators.py" RESULT="OK"/><FILE NAME="symmatrix.py" RESULT="OK"/><FILE NAME="transformvalue-d2c.py" RESULT="OK"/><FILE NAME="transformvalue-domain.py" RESULT="OK"/><FILE NAME="transformvalue-miv.py" RESULT="OK"/><FILE NAME="transformvalue-nc.py" RESULT="OK"/><FILE NAME="transformvalue-o2c.py" RESULT="OK"/><FILE NAME="treelearner.py" RESULT="OK"/><FILE NAME="treestructure.py" RESULT="OK"/><FILE NAME="unusedValues.py" RESULT="OK"/><FILE NAME="values.py" RESULT="OK"/><FILE NAME="variable.py" RESULT="OK"/><FILE NAME="variable2.py" RESULT="OK"/></RUN><RUN DATE="2004-09-17" ID="00033" PLATFORM="win32" TYPE="update"><FILE NAME="domainDepot.py" RESULT="random"/><FILE NAME="example_merge.py" RESULT="random"/><FILE NAME="exampletable_merge.py" RESULT="random"/></RUN><RUN DATE="2004-08-26" ID="00032" PLATFORM="win32" TYPE="update"><FILE NAME="domainDepot.py" RESULT="random"/><FILE NAME="example_merge.py" RESULT="random"/><FILE NAME="exampletable_merge.py" RESULT="random"/><FILE NAME="hclust.py" RESULT="OK"/><FILE ITERATION="0" NAME="pythonvariable1.py" RESULT="error" xml:space="preserve">Traceback (most recent call last):
  File &quot;D:/ai/Orange/regressionTests/xtest1.py&quot;, line 92, in ?
    execfile(t__name)
  File &quot;pythonvariable1.py&quot;, line 15, in ?
    data[1][&quot;foo&quot;] = &quot;a string&quot;
KernelException: 'orange.PythonVariable': cannot intepret string representations for values of type 'PythonVariable'
</FILE></RUN><RUN DATE="2004-08-26" ID="00031" PLATFORM="linux2" TYPE="update"><FILE NAME="ensemble.py" RESULT="changed"/><FILE NAME="test.py" RESULT="changed"/><FILE NAME="tree8.py" RESULT="changed"/><FILE NAME="bagging_test.py" RESULT="changed"/><FILE NAME="domainDepot.py" RESULT="random"/><FILE NAME="example_merge.py" RESULT="random"/><FILE NAME="exampletable_merge.py" RESULT="random"/><FILE NAME="hclust.py" RESULT="changed"/><FILE NAME="pythonvariable1.py" RESULT="random"/></RUN><RUN DATE="2004-08-26" ID="00030" PLATFORM="linux2" TYPE="update"><FILE NAME="assoc.py" RESULT="OK"/><FILE NAME="ensemble.py" RESULT="changed"/><FILE NAME="test.py" RESULT="changed"/><FILE NAME="tree8.py" RESULT="changed"/><FILE NAME="bagging_test.py" RESULT="changed"/><FILE NAME="data_characteristics4.py" RESULT="OK"/><FILE NAME="domainDepot.py" RESULT="random"/><FILE NAME="example_merge.py" RESULT="random"/><FILE NAME="exampletable_merge.py" RESULT="random"/><FILE NAME="hclust.py" RESULT="changed"/><FILE NAME="pythonvariable1.py" RESULT="random"/></RUN></RUNS><FILES><FILE directory="modules" name="assoc.py"><TEST DATE="2006-03-15" ITERATIONS="3" PLATFORM="win32" RESULT="OK" RUN="00071"/><TEST DATE="2006-03-14" ITERATIONS="3" PLATFORM="win32" RESULT="OK" RUN="00068"/><TEST DATE="2006-03-14" ITERATIONS="3" PLATFORM="win32" RESULT="OK" RUN="00067"/><TEST DATE="2006-03-10" ITERATIONS="3" PLATFORM="win32" RESULT="OK" RUN="00058"/><TEST DATE="2006-02-15" ITERATIONS="3" PLATFORM="win32" RESULT="OK" RUN="00057"/><TEST DATE="2005-06-18" ITERATIONS="1" PLATFORM="win32" RESULT="OK" RUN="00056"/><TEST DATE="2005-03-09" ITERATIONS="1" PLATFORM="win32" RESULT="OK" RUN="00055"/><TEST DATE="2005-02-11" ITERATIONS="10" PLATFORM="win32" RESULT="OK" RUN="00054"/><TEST DATE="2005-01-29" ITERATIONS="3" PLATFORM="win32" RESULT="OK" RUN="00053"/><TEST DATE="2005-01-28" ITERATIONS="1" PLATFORM="win32" RESULT="OK" RUN="00051"/><TEST DATE="2005-01-27" ITERATIONS="3" PLATFORM="win32" RESULT="OK" RUN="00050"/><TEST DATE="2005-01-27" ITERATIONS="3" PLATFORM="win32" RESULT="OK" RUN="00044"/><TEST DATE="2005-01-27" ITERATIONS="3" PLATFORM="win32" RESULT="OK" RUN="00043"/><TEST DATE="2005-01-21" ITERATIONS="3" PLATFORM="win32" RESULT="OK" RUN="00037"/><TEST DATE="2004-11-29" ITERATIONS="3" PLATFORM="win32" RESULT="OK" RUN="00036"/><TEST DATE="2004-09-17" ITERATIONS="3" PLATFORM="win32" RESULT="OK" RUN="00035"/><TEST DATE="2004-09-17" ITERATIONS="3" PLATFORM="win32" RESULT="OK" RUN="00034"/><TEST DATE="2004-08-26" ITERATIONS="3" PLATFORM="linux2" RESULT="OK" RUN="00030"/><TEST DATE="2004-08-26" ITERATIONS="3" PLATFORM="linux2" RESULT="changed" RUN="00029"/><TEST DATE="2004-08-26" ITERATIONS="3" PLATFORM="linux2" RESULT="changed" RUN="00028"/><TEST DATE="2004-08-21" ITERATIONS="3" PLATFORM="linux2" RESULT="changed" RUN="00013"/><TEST DATE="2004-08-21" ITERATIONS="3" PLATFORM="win32" RESULT="OK" RUN="00012"/><TEST DATE="2004-08-20" ITERATIONS="3" PLATFORM="win32" RESULT="OK" RUN="00011"/><TEST DATE="2004-08-20" ITERATIONS="3" PLATFORM="win32" RESULT="OK" RUN="00010"/><TEST DATE="2004-08-19" ITERATIONS="3" PLATFORM="win32" RESULT="OK" RUN="00009"/><TEST DATE="2004-08-19" ITERATIONS="3" PLATFORM="win32" RESULT="OK" RUN="00008"/><TEST DATE="2004-08-19" ITERATIONS="3" PLATFORM="win32" RESULT="OK" RUN="00007"/><TEST DATE="2004-08-19" ITERATIONS="3" PLATFORM="win32" RESULT="OK" RUN="00006"/><TEST DATE="2004-07-15" ITERATIONS="3" PLATFORM="win32" RESULT="OK" RUN="00005"/><TEST DATE="2004-06-05" ITERATIONS="3" PLATFORM="win32" RESULT="OK" RUN="00004"/><TEST DATE="2004-06-03" ITERATIONS="1" PLATFORM="win32" RESULT="OK" RUN="00003"/><TEST DATE="2004-06-03" ITERATIONS="1" PLATFORM="win32" RESULT="OK" RUN="00002"/><TEST DATE="2004-06-03" ITERATIONS="1" PLATFORM="win32" RESULT="OK" RUN="00001"/></FILE><FILE directory="modules" name="ensemble.py"><TEST DATE="2006-03-15" ITERATIONS="3" PLATFORM="win32" RESULT="OK" RUN="00071"/><TEST DATE="2006-03-14" ITERATIONS="3" PLATFORM="win32" RESULT="OK" RUN="00068"/><TEST DATE="2006-03-14" ITERATIONS="3" PLATFORM="win32" RESULT="OK" RUN="00067"/><TEST DATE="2006-03-12" ITERATIONS="3" PLATFORM="win32" RESULT="OK" RUN="00061"/><TEST DATE="2006-03-12" ITERATIONS="3" PLATFORM="win32" RESULT="changed" RUN="00060"/><TEST DATE="2006-03-10" ITERATIONS="3" PLATFORM="win32" RESULT="changed" RUN="00059"/><TEST DATE="2006-03-10" ITERATIONS="3" PLATFORM="win32" RESULT="changed" RUN="00058"/><TEST DATE="2005-06-18" ITERATIONS="1" PLATFORM="win32" RESULT="OK" RUN="00056"/><TEST DATE="2005-03-09" ITERATIONS="1" PLATFORM="win32" RESULT="OK" RUN="00055"/><TEST DATE="2005-02-11" ITERATIONS="10" PLATFORM="win32" RESULT="OK" RUN="00054"/><TEST DATE="2005-01-29" ITERATIONS="3" PLATFORM="win32" RESULT="OK" RUN="00053"/><TEST DATE="2005-01-28" ITERATIONS="1" PLATFORM="win32" RESULT="OK" RUN="00051"/><TEST DATE="2005-01-27" ITERATIONS="3" PLATFORM="win32" RESULT="OK" RUN="00050"/><TEST DATE="2005-01-27" ITERATIONS="3" PLATFORM="win32" RESULT="OK" RUN="00044"/><TEST DATE="2005-01-27" ITERATION="0" ITERATIONS="3" PLATFORM="win32" RESULT="error" RUN="00043" xml:space="preserve">Traceback (most recent call last):
  File &quot;D:/ai/Orange/regressionTests/xtest1.py&quot;, line 92, in ?
    execfile(t__name)
  File &quot;ensemble.py&quot;, line 20, in ?
    results = orngTest.crossValidation(learners, data)
  File &quot;d:\ai\orange\orngTest.py&quot;, line 159, in crossValidation
    indices = orange.MakeRandomIndicesCV(examples, folds, stratified = strat, randomGenerator = randomGenerator)
TypeError: invalid parameter type for MakeRandomIndicesCV.folds', (int expected)
</TEST><TEST DATE="2005-01-21" ITERATIONS="3" PLATFORM="win32" RESULT="OK" RUN="00037"/><TEST DATE="2004-11-29" ITERATIONS="3" PLATFORM="win32" RESULT="OK" RUN="00036"/><TEST DATE="2004-09-17" ITERATIONS="3" PLATFORM="win32" RESULT="OK" RUN="00035"/><TEST DATE="2004-09-17" ITERATIONS="3" PLATFORM="win32" RESULT="OK" RUN="00034"/><TEST DATE="2004-08-26" ITERATIONS="3" PLATFORM="linux2" RESULT="changed" RUN="00031"/><TEST DATE="2004-08-26" ITERATIONS="3" PLATFORM="linux2" RESULT="changed" RUN="00030"/><TEST DATE="2004-08-26" ITERATIONS="3" PLATFORM="linux2" RESULT="changed" RUN="00029"/><TEST DATE="2004-08-26" ITERATIONS="3" PLATFORM="linux2" RESULT="changed" RUN="00028"/><TEST DATE="2004-08-21" ITERATIONS="3" PLATFORM="linux2" RESULT="changed" RUN="00013"/><TEST DATE="2004-08-21" ITERATIONS="3" PLATFORM="win32" RESULT="OK" RUN="00012"/><TEST DATE="2004-08-20" ITERATIONS="3" PLATFORM="win32" RESULT="OK" RUN="00011"/><TEST DATE="2004-08-20" ITERATIONS="3" PLATFORM="win32" RESULT="OK" RUN="00010"/><TEST DATE="2004-08-19" ITERATIONS="3" PLATFORM="win32" RESULT="OK" RUN="00009"/><TEST DATE="2004-08-19" ITERATIONS="3" PLATFORM="win32" RESULT="OK" RUN="00008"/><TEST DATE="2004-08-19" ITERATIONS="3" PLATFORM="win32" RESULT="OK" RUN="00007"/><TEST DATE="2004-08-19" ITERATIONS="3" PLATFORM="win32" RESULT="OK" RUN="00006"/><TEST DATE="2004-07-15" ITERATIONS="3" PLATFORM="win32" RESULT="OK" RUN="00005"/><TEST DATE="2004-06-05" ITERATIONS="3" PLATFORM="win32" RESULT="OK" RUN="00004"/><TEST DATE="2004-06-03" ITERATIONS="1" PLATFORM="win32" RESULT="OK" RUN="00003"/><TEST DATE="2004-06-03" ITERATIONS="1" PLATFORM="win32" RESULT="OK" RUN="00002"/><TEST DATE="2004-06-03" ITERATIONS="1" PLATFORM="win32" RESULT="OK" RUN="00001"/></FILE><FILE directory="modules" name="fss1.py"><TEST DATE="2006-03-15" ITERATIONS="3" PLATFORM="win32" RESULT="OK" RUN="00071"/><TEST DATE="2006-03-14" ITERATIONS="3" PLATFORM="win32" RESULT="OK" RUN="00068"/><TEST DATE="2006-03-14" ITERATIONS="3" PLATFORM="win32" RESULT="OK" RUN="00067"/><TEST DATE="2006-03-10" ITERATIONS="3" PLATFORM="win32" RESULT="OK" RUN="00058"/><TEST DATE="2005-06-18" ITERATIONS="1" PLATFORM="win32" RESULT="OK" RUN="00056"/><TEST DATE="2005-03-09" ITERATIONS="1" PLATFORM="win32" RESULT="OK" RUN="00055"/><TEST DATE="2005-02-11" ITERATIONS="10" PLATFORM="win32" RESULT="OK" RUN="00054"/><TEST DATE="2005-01-29" ITERATIONS="3" PLATFORM="win32" RESULT="OK" RUN="00053"/><TEST DATE="2005-01-28" ITERATIONS="1" PLATFORM="win32" RESULT="OK" RUN="00051"/><TEST DATE="2005-01-27" ITERATIONS="3" PLATFORM="win32" RESULT="OK" RUN="00050"/><TEST DATE="2005-01-27" ITERATIONS="3" PLATFORM="win32" RESULT="OK" RUN="00044"/><TEST DATE="2005-01-27" ITERATIONS="3" PLATFORM="win32" RESULT="OK" RUN="00043"/><TEST DATE="2005-01-21" ITERATIONS="3" PLATFORM="win32" RESULT="OK" RUN="00037"/><TEST DATE="2004-11-29" ITERATIONS="3" PLATFORM="win32" RESULT="OK" RUN="00036"/><TEST DATE="2004-09-17" ITERATIONS="3" PLATFORM="win32" RESULT="OK" RUN="00035"/><TEST DATE="2004-09-17" ITERATIONS="3" PLATFORM="win32" RESULT="OK" RUN="00034"/><TEST DATE="2004-08-21" ITERATIONS="3" PLATFORM="linux2" RESULT="OK" RUN="00013"/><TEST DATE="2004-08-21" ITERATIONS="3" PLATFORM="win32" RESULT="OK" RUN="00012"/><TEST DATE="2004-08-20" ITERATIONS="3" PLATFORM="win32" RESULT="OK" RUN="00011"/><TEST DATE="2004-08-20" ITERATIONS="3" PLATFORM="win32" RESULT="OK" RUN="00010"/><TEST DATE="2004-08-19" ITERATIONS="3" PLATFORM="win32" RESULT="OK" RUN="00009"/><TEST DATE="2004-08-19" ITERATIONS="3" PLATFORM="win32" RESULT="OK" RUN="00008"/><TEST DATE="2004-08-19" ITERATIONS="3" PLATFORM="win32" RESULT="OK" RUN="00007"/><TEST DATE="2004-08-19" ITERATIONS="3" PLATFORM="win32" RESULT="OK" RUN="00006"/><TEST DATE="2004-07-15" ITERATIONS="3" PLATFORM="win32" RESULT="changed" RUN="00005"/><TEST DATE="2004-06-05" ITERATIONS="3" PLATFORM="win32" RESULT="changed" RUN="00004"/><TEST DATE="2004-06-03" ITERATIONS="1" PLATFORM="win32" RESULT="changed" RUN="00003"/><TEST DATE="2004-06-03" ITERATIONS="1" PLATFORM="win32" RESULT="OK" RUN="00002"/><TEST DATE="2004-06-03" ITERATIONS="1" PLATFORM="win32" RESULT="OK" RUN="00001"/></FILE><FILE directory="modules" name="fss2.py"><TEST DATE="2006-03-15" ITERATIONS="3" PLATFORM="win32" RESULT="OK" RUN="00071"/><TEST DATE="2006-03-14" ITERATIONS="3" PLATFORM="win32" RESULT="OK" RUN="00068"/><TEST DATE="2006-03-14" ITERATIONS="3" PLATFORM="win32" RESULT="OK" RUN="00067"/><TEST DATE="2006-03-10" ITERATIONS="3" PLATFORM="win32" RESULT="OK" RUN="00058"/><TEST DATE="2005-06-18" ITERATIONS="1" PLATFORM="win32" RESULT="OK" RUN="00056"/><TEST DATE="2005-03-09" ITERATIONS="1" PLATFORM="win32" RESULT="OK" RUN="00055"/><TEST DATE="2005-02-11" ITERATIONS="10" PLATFORM="win32" RESULT="OK" RUN="00054"/><TEST DATE="2005-01-29" ITERATIONS="3" PLATFORM="win32" RESULT="OK" RUN="00053"/><TEST DATE="2005-01-28" ITERATIONS="1" PLATFORM="win32" RESULT="OK" RUN="00051"/><TEST DATE="2005-01-27" ITERATIONS="3" PLATFORM="win32" RESULT="OK" RUN="00050"/><TEST DATE="2005-01-27" ITERATIONS="3" PLATFORM="win32" RESULT="OK" RUN="00044"/><TEST DATE="2005-01-27" ITERATIONS="3" PLATFORM="win32" RESULT="OK" RUN="00043"/><TEST DATE="2005-01-21" ITERATIONS="3" PLATFORM="win32" RESULT="OK" RUN="00037"/><TEST DATE="2004-11-29" ITERATIONS="3" PLATFORM="win32" RESULT="OK" RUN="00036"/><TEST DATE="2004-09-17" ITERATIONS="3" PLATFORM="win32" RESULT="OK" RUN="00035"/><TEST DATE="2004-09-17" ITERATIONS="3" PLATFORM="win32" RESULT="OK" RUN="00034"/><TEST DATE="2004-08-21" ITERATIONS="3" PLATFORM="linux2" RESULT="OK" RUN="00013"/><TEST DATE="2004-08-21" ITERATIONS="3" PLATFORM="win32" RESULT="OK" RUN="00012"/><TEST DATE="2004-08-20" ITERATIONS="3" PLATFORM="win32" RESULT="OK" RUN="00011"/><TEST DATE="2004-08-20" ITERATIONS="3" PLATFORM="win32" RESULT="OK" RUN="00010"/><TEST DATE="2004-08-19" ITERATIONS="3" PLATFORM="win32" RESULT="OK" RUN="00009"/><TEST DATE="2004-08-19" ITERATIONS="3" PLATFORM="win32" RESULT="OK" RUN="00008"/><TEST DATE="2004-08-19" ITERATIONS="3" PLATFORM="win32" RESULT="OK" RUN="00007"/><TEST DATE="2004-08-19" ITERATIONS="3" PLATFORM="win32" RESULT="OK" RUN="00006"/><TEST DATE="2004-07-15" ITERATIONS="3" PLATFORM="win32" RESULT="OK" RUN="00005"/><TEST DATE="2004-06-05" ITERATIONS="3" PLATFORM="win32" RESULT="OK" RUN="00004"/><TEST DATE="2004-06-03" ITERATIONS="1" PLATFORM="win32" RESULT="OK" RUN="00003"/><TEST DATE="2004-06-03" ITERATIONS="1" PLATFORM="win32" RESULT="OK" RUN="00002"/><TEST DATE="2004-06-03" ITERATIONS="1" PLATFORM="win32" RESULT="OK" RUN="00001"/></FILE><FILE directory="modules" name="fss3.py"><TEST DATE="2006-03-15" ITERATIONS="3" PLATFORM="win32" RESULT="OK" RUN="00071"/><TEST DATE="2006-03-14" ITERATIONS="3" PLATFORM="win32" RESULT="OK" RUN="00068"/><TEST DATE="2006-03-14" ITERATIONS="3" PLATFORM="win32" RESULT="OK" RUN="00067"/><TEST DATE="2006-03-10" ITERATIONS="3" PLATFORM="win32" RESULT="OK" RUN="00058"/><TEST DATE="2005-06-18" ITERATIONS="1" PLATFORM="win32" RESULT="OK" RUN="00056"/><TEST DATE="2005-03-09" ITERATIONS="1" PLATFORM="win32" RESULT="OK" RUN="00055"/><TEST DATE="2005-02-11" ITERATIONS="10" PLATFORM="win32" RESULT="OK" RUN="00054"/><TEST DATE="2005-01-29" ITERATIONS="3" PLATFORM="win32" RESULT="OK" RUN="00053"/><TEST DATE="2005-01-28" ITERATIONS="1" PLATFORM="win32" RESULT="OK" RUN="00051"/><TEST DATE="2005-01-27" ITERATIONS="3" PLATFORM="win32" RESULT="OK" RUN="00050"/><TEST DATE="2005-01-27" ITERATIONS="3" PLATFORM="win32" RESULT="OK" RUN="00044"/><TEST DATE="2005-01-27" ITERATION="0" ITERATIONS="3" PLATFORM="win32" RESULT="error" RUN="00043" xml:space="preserve">Traceback (most recent call last):
  File &quot;D:/ai/Orange/regressionTests/xtest1.py&quot;, line 92, in ?
    execfile(t__name)
  File &quot;fss3.py&quot;, line 42, in ?
    results = orngTest.crossValidation(learners, data)
  File &quot;d:\ai\orange\orngTest.py&quot;, line 159, in crossValidation
    indices = orange.MakeRandomIndicesCV(examples, folds, stratified = strat, randomGenerator = randomGenerator)
TypeError: invalid parameter type for MakeRandomIndicesCV.folds', (int expected)
</TEST><TEST DATE="2005-01-21" ITERATIONS="3" PLATFORM="win32" RESULT="OK" RUN="00037"/><TEST DATE="2004-11-29" ITERATIONS="3" PLATFORM="win32" RESULT="OK" RUN="00036"/><TEST DATE="2004-09-17" ITERATIONS="3" PLATFORM="win32" RESULT="OK" RUN="00035"/><TEST DATE="2004-09-17" ITERATIONS="3" PLATFORM="win32" RESULT="OK" RUN="00034"/><TEST DATE="2004-08-21" ITERATIONS="3" PLATFORM="linux2" RESULT="OK" RUN="00013"/><TEST DATE="2004-08-21" ITERATIONS="3" PLATFORM="win32" RESULT="OK" RUN="00012"/><TEST DATE="2004-08-20" ITERATIONS="3" PLATFORM="win32" RESULT="OK" RUN="00011"/><TEST DATE="2004-08-20" ITERATIONS="3" PLATFORM="win32" RESULT="OK" RUN="00010"/><TEST DATE="2004-08-19" ITERATIONS="3" PLATFORM="win32" RESULT="OK" RUN="00009"/><TEST DATE="2004-08-19" ITERATIONS="3" PLATFORM="win32" RESULT="OK" RUN="00008"/><TEST DATE="2004-08-19" ITERATIONS="3" PLATFORM="win32" RESULT="OK" RUN="00007"/><TEST DATE="2004-08-19" ITERATIONS="3" PLATFORM="win32" RESULT="OK" RUN="00006"/><TEST DATE="2004-07-15" ITERATIONS="3" PLATFORM="win32" RESULT="OK" RUN="00005"/><TEST DATE="2004-06-05" ITERATIONS="3" PLATFORM="win32" RESULT="OK" RUN="00004"/><TEST DATE="2004-06-03" ITERATIONS="1" PLATFORM="win32" RESULT="OK" RUN="00003"/><TEST DATE="2004-06-03" ITERATIONS="1" PLATFORM="win32" RESULT="OK" RUN="00002"/><TEST DATE="2004-06-03" ITERATIONS="1" PLATFORM="win32" RESULT="OK" RUN="00001"/></FILE><FILE directory="modules" name="fss4.py"><TEST DATE="2006-03-15" ITERATIONS="3" PLATFORM="win32" RESULT="OK" RUN="00071"/><TEST DATE="2006-03-14" ITERATIONS="3" PLATFORM="win32" RESULT="OK" RUN="00068"/><TEST DATE="2006-03-14" ITERATIONS="3" PLATFORM="win32" RESULT="OK" RUN="00067"/><TEST DATE="2006-03-10" ITERATIONS="3" PLATFORM="win32" RESULT="OK" RUN="00058"/><TEST DATE="2005-06-18" ITERATIONS="1" PLATFORM="win32" RESULT="OK" RUN="00056"/><TEST DATE="2005-03-09" ITERATIONS="1" PLATFORM="win32" RESULT="OK" RUN="00055"/><TEST DATE="2005-02-11" ITERATIONS="10" PLATFORM="win32" RESULT="OK" RUN="00054"/><TEST DATE="2005-01-29" ITERATIONS="3" PLATFORM="win32" RESULT="OK" RUN="00053"/><TEST DATE="2005-01-28" ITERATIONS="1" PLATFORM="win32" RESULT="OK" RUN="00051"/><TEST DATE="2005-01-27" ITERATIONS="3" PLATFORM="win32" RESULT="OK" RUN="00050"/><TEST DATE="2005-01-27" ITERATIONS="3" PLATFORM="win32" RESULT="OK" RUN="00044"/><TEST DATE="2005-01-27" ITERATION="0" ITERATIONS="3" PLATFORM="win32" RESULT="error" RUN="00043" xml:space="preserve">Traceback (most recent call last):
  File &quot;D:/ai/Orange/regressionTests/xtest1.py&quot;, line 92, in ?
    execfile(t__name)
  File &quot;fss4.py&quot;, line 17, in ?
    results = orngTest.crossValidation(learners, data, storeClassifiers=1)
  File &quot;d:\ai\orange\orngTest.py&quot;, line 159, in crossValidation
    indices = orange.MakeRandomIndicesCV(examples, folds, stratified = strat, randomGenerator = randomGenerator)
TypeError: invalid parameter type for MakeRandomIndicesCV.folds', (int expected)
</TEST><TEST DATE="2005-01-21" ITERATIONS="3" PLATFORM="win32" RESULT="OK" RUN="00037"/><TEST DATE="2004-11-29" ITERATIONS="3" PLATFORM="win32" RESULT="OK" RUN="00036"/><TEST DATE="2004-09-17" ITERATIONS="3" PLATFORM="win32" RESULT="OK" RUN="00035"/><TEST DATE="2004-09-17" ITERATIONS="3" PLATFORM="win32" RESULT="OK" RUN="00034"/><TEST DATE="2004-08-21" ITERATIONS="3" PLATFORM="linux2" RESULT="OK" RUN="00013"/><TEST DATE="2004-08-21" ITERATIONS="3" PLATFORM="win32" RESULT="OK" RUN="00012"/><TEST DATE="2004-08-20" ITERATIONS="3" PLATFORM="win32" RESULT="OK" RUN="00011"/><TEST DATE="2004-08-20" ITERATIONS="3" PLATFORM="win32" RESULT="OK" RUN="00010"/><TEST DATE="2004-08-19" ITERATIONS="3" PLATFORM="win32" RESULT="OK" RUN="00009"/><TEST DATE="2004-08-19" ITERATIONS="3" PLATFORM="win32" RESULT="OK" RUN="00008"/><TEST DATE="2004-08-19" ITERATIONS="3" PLATFORM="win32" RESULT="OK" RUN="00007"/><TEST DATE="2004-08-19" ITERATIONS="3" PLATFORM="win32" RESULT="OK" RUN="00006"/><TEST DATE="2004-07-15" ITERATIONS="3" PLATFORM="win32" RESULT="OK" RUN="00005"/><TEST DATE="2004-06-03" ITERATIONS="1" PLATFORM="win32" RESULT="changed" RUN="00002"/><TEST DATE="2004-06-03" ITERATIONS="1" PLATFORM="win32" RESULT="" RUN="00001"/></FILE><FILE directory="modules" name="fss5.py"><TEST DATE="2006-03-15" ITERATIONS="3" PLATFORM="win32" RESULT="OK" RUN="00071"/><TEST DATE="2006-03-14" ITERATIONS="3" PLATFORM="win32" RESULT="OK" RUN="00068"/><TEST DATE="2006-03-14" ITERATIONS="3" PLATFORM="win32" RESULT="OK" RUN="00067"/><TEST DATE="2006-03-10" ITERATIONS="3" PLATFORM="win32" RESULT="OK" RUN="00058"/><TEST DATE="2005-06-18" ITERATIONS="1" PLATFORM="win32" RESULT="OK" RUN="00056"/><TEST DATE="2005-03-09" ITERATIONS="1" PLATFORM="win32" RESULT="OK" RUN="00055"/><TEST DATE="2005-02-11" ITERATIONS="10" PLATFORM="win32" RESULT="OK" RUN="00054"/><TEST DATE="2005-01-29" ITERATIONS="3" PLATFORM="win32" RESULT="OK" RUN="00053"/><TEST DATE="2005-01-28" ITERATIONS="1" PLATFORM="win32" RESULT="OK" RUN="00051"/><TEST DATE="2005-01-27" ITERATIONS="3" PLATFORM="win32" RESULT="OK" RUN="00050"/><TEST DATE="2005-01-27" ITERATIONS="3" PLATFORM="win32" RESULT="OK" RUN="00044"/><TEST DATE="2005-01-27" ITERATIONS="3" PLATFORM="win32" RESULT="OK" RUN="00043"/><TEST DATE="2005-01-21" ITERATIONS="3" PLATFORM="win32" RESULT="OK" RUN="00037"/><TEST DATE="2004-11-29" ITERATIONS="3" PLATFORM="win32" RESULT="OK" RUN="00036"/><TEST DATE="2004-09-17" ITERATIONS="3" PLATFORM="win32" RESULT="OK" RUN="00035"/><TEST DATE="2004-09-17" ITERATIONS="3" PLATFORM="win32" RESULT="OK" RUN="00034"/><TEST DATE="2004-08-21" ITERATIONS="3" PLATFORM="linux2" RESULT="OK" RUN="00013"/><TEST DATE="2004-08-21" ITERATIONS="3" PLATFORM="win32" RESULT="OK" RUN="00012"/><TEST DATE="2004-08-20" ITERATIONS="3" PLATFORM="win32" RESULT="OK" RUN="00011"/><TEST DATE="2004-08-20" ITERATIONS="3" PLATFORM="win32" RESULT="OK" RUN="00010"/><TEST DATE="2004-08-19" ITERATIONS="3" PLATFORM="win32" RESULT="OK" RUN="00009"/><TEST DATE="2004-08-19" ITERATIONS="3" PLATFORM="win32" RESULT="OK" RUN="00008"/><TEST DATE="2004-08-19" ITERATIONS="3" PLATFORM="win32" RESULT="OK" RUN="00007"/><TEST DATE="2004-08-19" ITERATIONS="3" PLATFORM="win32" RESULT="OK" RUN="00006"/><TEST DATE="2004-07-15" ITERATIONS="3" PLATFORM="win32" RESULT="OK" RUN="00005"/><TEST DATE="2004-06-05" ITERATIONS="3" PLATFORM="win32" RESULT="OK" RUN="00004"/><TEST DATE="2004-06-03" ITERATIONS="1" PLATFORM="win32" RESULT="OK" RUN="00003"/><TEST DATE="2004-06-03" ITERATIONS="1" PLATFORM="win32" RESULT="OK" RUN="00002"/></FILE><FILE directory="modules" name="fss6.py"><TEST DATE="2006-03-15" ITERATIONS="3" PLATFORM="win32" RESULT="OK" RUN="00071"/><TEST DATE="2006-03-14" ITERATIONS="3" PLATFORM="win32" RESULT="OK" RUN="00068"/><TEST DATE="2006-03-14" ITERATIONS="3" PLATFORM="win32" RESULT="OK" RUN="00067"/><TEST DATE="2006-03-10" ITERATIONS="3" PLATFORM="win32" RESULT="OK" RUN="00058"/><TEST DATE="2005-06-18" ITERATIONS="1" PLATFORM="win32" RESULT="OK" RUN="00056"/><TEST DATE="2005-03-09" ITERATIONS="1" PLATFORM="win32" RESULT="OK" RUN="00055"/><TEST DATE="2005-02-11" ITERATIONS="10" PLATFORM="win32" RESULT="OK" RUN="00054"/><TEST DATE="2005-01-29" ITERATIONS="3" PLATFORM="win32" RESULT="OK" RUN="00053"/><TEST DATE="2005-01-28" ITERATIONS="1" PLATFORM="win32" RESULT="OK" RUN="00052"/><TEST DATE="2005-01-28" ITERATIONS="1" PLATFORM="win32" RESULT="" RUN="00051"/><TEST DATE="2005-01-27" ITERATIONS="3" PLATFORM="win32" RESULT="OK" RUN="00050"/><TEST DATE="2005-01-27" ITERATIONS="3" PLATFORM="win32" RESULT="OK" RUN="00044"/><TEST DATE="2005-01-27" ITERATIONS="3" PLATFORM="win32" RESULT="OK" RUN="00043"/><TEST DATE="2005-01-21" ITERATIONS="3" PLATFORM="win32" RESULT="OK" RUN="00037"/><TEST DATE="2004-11-29" ITERATIONS="3" PLATFORM="win32" RESULT="OK" RUN="00036"/><TEST DATE="2004-09-17" ITERATIONS="3" PLATFORM="win32" RESULT="OK" RUN="00035"/><TEST DATE="2004-09-17" ITERATIONS="3" PLATFORM="win32" RESULT="OK" RUN="00034"/><TEST DATE="2004-08-21" ITERATIONS="3" PLATFORM="linux2" RESULT="OK" RUN="00013"/><TEST DATE="2004-08-21" ITERATIONS="3" PLATFORM="win32" RESULT="OK" RUN="00012"/><TEST DATE="2004-08-20" ITERATIONS="3" PLATFORM="win32" RESULT="OK" RUN="00011"/><TEST DATE="2004-08-20" ITERATIONS="3" PLATFORM="win32" RESULT="OK" RUN="00010"/><TEST DATE="2004-08-19" ITERATIONS="3" PLATFORM="win32" RESULT="OK" RUN="00009"/><TEST DATE="2004-08-19" ITERATIONS="3" PLATFORM="win32" RESULT="OK" RUN="00008"/><TEST DATE="2004-08-19" ITERATIONS="3" PLATFORM="win32" RESULT="OK" RUN="00007"/><TEST DATE="2004-08-19" ITERATIONS="3" PLATFORM="win32" RESULT="OK" RUN="00006"/><TEST DATE="2004-07-15" ITERATIONS="3" PLATFORM="win32" RESULT="OK" RUN="00005"/><TEST DATE="2004-06-05" ITERATIONS="3" PLATFORM="win32" RESULT="OK" RUN="00004"/><TEST DATE="2004-06-03" ITERATIONS="1" PLATFORM="win32" RESULT="OK" RUN="00003"/><TEST DATE="2004-06-03" ITERATIONS="1" PLATFORM="win32" RESULT="OK" RUN="00002"/></FILE><FILE directory="modules" name="fss7.py"><TEST DATE="2006-03-15" ITERATIONS="3" PLATFORM="win32" RESULT="OK" RUN="00071"/><TEST DATE="2006-03-14" ITERATIONS="3" PLATFORM="win32" RESULT="OK" RUN="00068"/><TEST DATE="2006-03-14" ITERATIONS="3" PLATFORM="win32" RESULT="OK" RUN="00067"/><TEST DATE="2006-03-10" ITERATIONS="3" PLATFORM="win32" RESULT="OK" RUN="00058"/><TEST DATE="2005-06-18" ITERATIONS="1" PLATFORM="win32" RESULT="OK" RUN="00056"/><TEST DATE="2005-03-09" ITERATIONS="1" PLATFORM="win32" RESULT="OK" RUN="00055"/><TEST DATE="2005-02-11" ITERATIONS="10" PLATFORM="win32" RESULT="OK" RUN="00054"/><TEST DATE="2005-01-29" ITERATIONS="3" PLATFORM="win32" RESULT="OK" RUN="00053"/><TEST DATE="2005-01-28" ITERATIONS="1" PLATFORM="win32" RESULT="OK" RUN="00051"/><TEST DATE="2005-01-27" ITERATIONS="3" PLATFORM="win32" RESULT="OK" RUN="00050"/><TEST DATE="2005-01-27" ITERATIONS="3" PLATFORM="win32" RESULT="OK" RUN="00044"/><TEST DATE="2005-01-27" ITERATION="0" ITERATIONS="3" PLATFORM="win32" RESULT="error" RUN="00043" xml:space="preserve">Traceback (most recent call last):
  File &quot;D:/ai/Orange/regressionTests/xtest1.py&quot;, line 92, in ?
    execfile(t__name)
  File &quot;fss7.py&quot;, line 24, in ?
    results = orngTest.crossValidation(learners, data, folds=10, storeClassifiers=1)
  File &quot;d:\ai\orange\orngTest.py&quot;, line 159, in crossValidation
    indices = orange.MakeRandomIndicesCV(examples, folds, stratified = strat, randomGenerator = randomGenerator)
TypeError: invalid parameter type for MakeRandomIndicesCV.folds', (int expected)
</TEST><TEST DATE="2005-01-21" ITERATIONS="3" PLATFORM="win32" RESULT="OK" RUN="00037"/><TEST DATE="2004-11-29" ITERATIONS="3" PLATFORM="win32" RESULT="OK" RUN="00036"/><TEST DATE="2004-09-17" ITERATIONS="3" PLATFORM="win32" RESULT="OK" RUN="00035"/><TEST DATE="2004-09-17" ITERATIONS="3" PLATFORM="win32" RESULT="OK" RUN="00034"/><TEST DATE="2004-08-21" ITERATIONS="3" PLATFORM="linux2" RESULT="OK" RUN="00013"/><TEST DATE="2004-08-21" ITERATIONS="3" PLATFORM="win32" RESULT="OK" RUN="00012"/><TEST DATE="2004-08-20" ITERATIONS="3" PLATFORM="win32" RESULT="OK" RUN="00011"/><TEST DATE="2004-08-20" ITERATIONS="3" PLATFORM="win32" RESULT="OK" RUN="00010"/><TEST DATE="2004-08-19" ITERATIONS="3" PLATFORM="win32" RESULT="OK" RUN="00009"/><TEST DATE="2004-08-19" ITERATIONS="3" PLATFORM="win32" RESULT="OK" RUN="00008"/><TEST DATE="2004-08-19" ITERATIONS="3" PLATFORM="win32" RESULT="OK" RUN="00007"/><TEST DATE="2004-08-19" ITERATIONS="3" PLATFORM="win32" RESULT="OK" RUN="00006"/><TEST DATE="2004-07-15" ITERATIONS="3" PLATFORM="win32" RESULT="OK" RUN="00005"/><TEST DATE="2004-06-05" ITERATIONS="3" PLATFORM="win32" RESULT="OK" RUN="00004"/><TEST DATE="2004-06-03" ITERATIONS="1" PLATFORM="win32" RESULT="OK" RUN="00003"/><TEST DATE="2004-06-03" ITERATIONS="1" PLATFORM="win32" RESULT="OK" RUN="00002"/></FILE><FILE directory="modules" name="test.py"><TEST DATE="2006-03-15" ITERATIONS="3" PLATFORM="win32" RESULT="OK" RUN="00071"/><TEST DATE="2006-03-14" ITERATIONS="3" PLATFORM="win32" RESULT="OK" RUN="00068"/><TEST DATE="2006-03-10" ITERATIONS="3" PLATFORM="win32" RESULT="OK" RUN="00058"/><TEST DATE="2005-06-18" ITERATIONS="1" PLATFORM="win32" RESULT="OK" RUN="00056"/><TEST DATE="2005-03-09" ITERATIONS="1" PLATFORM="win32" RESULT="OK" RUN="00055"/><TEST DATE="2005-02-11" ITERATIONS="10" PLATFORM="win32" RESULT="changed" RUN="00054"/><TEST DATE="2005-01-29" ITERATIONS="3" PLATFORM="win32" RESULT="OK" RUN="00053"/><TEST DATE="2005-01-28" ITERATIONS="1" PLATFORM="win32" RESULT="OK" RUN="00051"/><TEST DATE="2005-01-27" ITERATIONS="3" PLATFORM="win32" RESULT="OK" RUN="00050"/><TEST DATE="2005-01-27" ITERATIONS="3" PLATFORM="win32" RESULT="OK" RUN="00044"/><TEST DATE="2005-01-27" ITERATION="0" ITERATIONS="3" PLATFORM="win32" RESULT="error" RUN="00043" xml:space="preserve">Traceback (most recent call last):
  File &quot;D:/ai/Orange/regressionTests/xtest1.py&quot;, line 92, in ?
    execfile(t__name)
  File &quot;test.py&quot;, line 46, in ?
    res = orngTest.crossValidation(learners, data)
  File &quot;d:\ai\orange\orngTest.py&quot;, line 159, in crossValidation
    indices = orange.MakeRandomIndicesCV(examples, folds, stratified = strat, randomGenerator = randomGenerator)
TypeError: invalid parameter type for MakeRandomIndicesCV.folds', (int expected)
</TEST><TEST DATE="2005-01-21" ITERATIONS="3" PLATFORM="win32" RESULT="OK" RUN="00037"/><TEST DATE="2004-11-29" ITERATIONS="3" PLATFORM="win32" RESULT="OK" RUN="00036"/><TEST DATE="2004-09-17" ITERATIONS="3" PLATFORM="win32" RESULT="OK" RUN="00035"/><TEST DATE="2004-09-17" ITERATIONS="3" PLATFORM="win32" RESULT="OK" RUN="00034"/><TEST DATE="2004-08-26" ITERATIONS="3" PLATFORM="linux2" RESULT="changed" RUN="00031"/><TEST DATE="2004-08-26" ITERATIONS="3" PLATFORM="linux2" RESULT="changed" RUN="00030"/><TEST DATE="2004-08-26" ITERATIONS="3" PLATFORM="linux2" RESULT="changed" RUN="00029"/><TEST DATE="2004-08-26" ITERATIONS="3" PLATFORM="linux2" RESULT="changed" RUN="00028"/><TEST DATE="2004-08-21" ITERATIONS="3" PLATFORM="linux2" RESULT="changed" RUN="00013"/><TEST DATE="2004-08-21" ITERATIONS="3" PLATFORM="win32" RESULT="OK" RUN="00012"/><TEST DATE="2004-08-20" ITERATIONS="3" PLATFORM="win32" RESULT="OK" RUN="00011"/><TEST DATE="2004-08-20" ITERATIONS="3" PLATFORM="win32" RESULT="OK" RUN="00010"/><TEST DATE="2004-08-19" ITERATIONS="3" PLATFORM="win32" RESULT="OK" RUN="00009"/><TEST DATE="2004-08-19" ITERATIONS="3" PLATFORM="win32" RESULT="OK" RUN="00008"/><TEST DATE="2004-08-19" ITERATIONS="3" PLATFORM="win32" RESULT="OK" RUN="00007"/><TEST DATE="2004-08-19" ITERATIONS="3" PLATFORM="win32" RESULT="OK" RUN="00006"/><TEST DATE="2004-07-15" ITERATIONS="3" PLATFORM="win32" RESULT="OK" RUN="00005"/><TEST DATE="2004-06-05" ITERATIONS="3" PLATFORM="win32" RESULT="OK" RUN="00004"/><TEST DATE="2004-06-03" ITERATIONS="1" PLATFORM="win32" RESULT="OK" RUN="00003"/><TEST DATE="2004-06-03" ITERATIONS="1" PLATFORM="win32" RESULT="OK" RUN="00002"/></FILE><FILE directory="modules" name="tree1.py"><TEST DATE="2006-03-15" ITERATIONS="3" PLATFORM="win32" RESULT="OK" RUN="00071"/><TEST DATE="2006-03-14" ITERATIONS="3" PLATFORM="win32" RESULT="OK" RUN="00068"/><TEST DATE="2006-03-10" ITERATIONS="3" PLATFORM="win32" RESULT="OK" RUN="00058"/><TEST DATE="2005-06-18" ITERATIONS="1" PLATFORM="win32" RESULT="OK" RUN="00056"/><TEST DATE="2005-03-09" ITERATIONS="1" PLATFORM="win32" RESULT="OK" RUN="00055"/><TEST DATE="2005-02-11" ITERATIONS="10" PLATFORM="win32" RESULT="OK" RUN="00054"/><TEST DATE="2005-01-29" ITERATIONS="3" PLATFORM="win32" RESULT="OK" RUN="00053"/><TEST DATE="2005-01-28" ITERATIONS="1" PLATFORM="win32" RESULT="OK" RUN="00051"/><TEST DATE="2005-01-27" ITERATIONS="3" PLATFORM="win32" RESULT="OK" RUN="00050"/><TEST DATE="2005-01-27" ITERATIONS="3" PLATFORM="win32" RESULT="OK" RUN="00044"/><TEST DATE="2005-01-27" ITERATIONS="3" PLATFORM="win32" RESULT="OK" RUN="00043"/><TEST DATE="2005-01-21" ITERATIONS="3" PLATFORM="win32" RESULT="OK" RUN="00037"/><TEST DATE="2004-11-29" ITERATIONS="3" PLATFORM="win32" RESULT="OK" RUN="00036"/><TEST DATE="2004-09-17" ITERATIONS="3" PLATFORM="win32" RESULT="OK" RUN="00035"/><TEST DATE="2004-09-17" ITERATIONS="3" PLATFORM="win32" RESULT="OK" RUN="00034"/><TEST DATE="2004-08-21" ITERATIONS="3" PLATFORM="linux2" RESULT="OK" RUN="00013"/><TEST DATE="2004-08-21" ITERATIONS="3" PLATFORM="win32" RESULT="OK" RUN="00012"/><TEST DATE="2004-08-20" ITERATIONS="3" PLATFORM="win32" RESULT="OK" RUN="00011"/><TEST DATE="2004-08-20" ITERATIONS="3" PLATFORM="win32" RESULT="OK" RUN="00010"/><TEST DATE="2004-08-19" ITERATIONS="3" PLATFORM="win32" RESULT="OK" RUN="00009"/><TEST DATE="2004-08-19" ITERATIONS="3" PLATFORM="win32" RESULT="OK" RUN="00008"/><TEST DATE="2004-08-19" ITERATIONS="3" PLATFORM="win32" RESULT="OK" RUN="00007"/><TEST DATE="2004-08-19" ITERATIONS="3" PLATFORM="win32" RESULT="OK" RUN="00006"/><TEST DATE="2004-07-15" ITERATIONS="3" PLATFORM="win32" RESULT="OK" RUN="00005"/><TEST DATE="2004-06-05" ITERATIONS="3" PLATFORM="win32" RESULT="OK" RUN="00004"/><TEST DATE="2004-06-03" ITERATIONS="1" PLATFORM="win32" RESULT="OK" RUN="00003"/><TEST DATE="2004-06-03" ITERATIONS="1" PLATFORM="win32" RESULT="OK" RUN="00002"/></FILE><FILE directory="modules" name="tree2.py"><TEST DATE="2006-03-15" ITERATIONS="3" PLATFORM="win32" RESULT="OK" RUN="00071"/><TEST DATE="2006-03-14" ITERATIONS="3" PLATFORM="win32" RESULT="OK" RUN="00068"/><TEST DATE="2006-03-10" ITERATIONS="3" PLATFORM="win32" RESULT="OK" RUN="00058"/><TEST DATE="2005-06-18" ITERATIONS="1" PLATFORM="win32" RESULT="OK" RUN="00056"/><TEST DATE="2005-03-09" ITERATIONS="1" PLATFORM="win32" RESULT="OK" RUN="00055"/><TEST DATE="2005-02-11" ITERATIONS="10" PLATFORM="win32" RESULT="OK" RUN="00054"/><TEST DATE="2005-01-29" ITERATIONS="3" PLATFORM="win32" RESULT="OK" RUN="00053"/><TEST DATE="2005-01-28" ITERATIONS="1" PLATFORM="win32" RESULT="OK" RUN="00051"/><TEST DATE="2005-01-27" ITERATIONS="3" PLATFORM="win32" RESULT="OK" RUN="00050"/><TEST DATE="2005-01-27" ITERATIONS="3" PLATFORM="win32" RESULT="OK" RUN="00044"/><TEST DATE="2005-01-27" ITERATIONS="3" PLATFORM="win32" RESULT="OK" RUN="00043"/><TEST DATE="2005-01-21" ITERATIONS="3" PLATFORM="win32" RESULT="OK" RUN="00037"/><TEST DATE="2004-11-29" ITERATIONS="3" PLATFORM="win32" RESULT="OK" RUN="00036"/><TEST DATE="2004-09-17" ITERATIONS="3" PLATFORM="win32" RESULT="OK" RUN="00035"/><TEST DATE="2004-09-17" ITERATIONS="3" PLATFORM="win32" RESULT="OK" RUN="00034"/><TEST DATE="2004-08-21" ITERATIONS="3" PLATFORM="linux2" RESULT="OK" RUN="00013"/><TEST DATE="2004-08-21" ITERATIONS="3" PLATFORM="win32" RESULT="OK" RUN="00012"/><TEST DATE="2004-08-20" ITERATIONS="3" PLATFORM="win32" RESULT="OK" RUN="00011"/><TEST DATE="2004-08-20" ITERATIONS="3" PLATFORM="win32" RESULT="OK" RUN="00010"/><TEST DATE="2004-08-19" ITERATIONS="3" PLATFORM="win32" RESULT="OK" RUN="00009"/><TEST DATE="2004-08-19" ITERATIONS="3" PLATFORM="win32" RESULT="OK" RUN="00008"/><TEST DATE="2004-08-19" ITERATIONS="3" PLATFORM="win32" RESULT="OK" RUN="00007"/><TEST DATE="2004-08-19" ITERATIONS="3" PLATFORM="win32" RESULT="OK" RUN="00006"/><TEST DATE="2004-07-15" ITERATIONS="3" PLATFORM="win32" RESULT="OK" RUN="00005"/><TEST DATE="2004-06-05" ITERATIONS="3" PLATFORM="win32" RESULT="OK" RUN="00004"/><TEST DATE="2004-06-03" ITERATIONS="1" PLATFORM="win32" RESULT="OK" RUN="00003"/><TEST DATE="2004-06-03" ITERATIONS="1" PLATFORM="win32" RESULT="OK" RUN="00002"/></FILE><FILE directory="modules" name="tree3.py"><TEST DATE="2006-03-15" ITERATIONS="3" PLATFORM="win32" RESULT="OK" RUN="00071"/><TEST DATE="2006-03-14" ITERATIONS="3" PLATFORM="win32" RESULT="OK" RUN="00068"/><TEST DATE="2006-03-10" ITERATIONS="3" PLATFORM="win32" RESULT="OK" RUN="00058"/><TEST DATE="2005-06-18" ITERATIONS="1" PLATFORM="win32" RESULT="OK" RUN="00056"/><TEST DATE="2005-03-09" ITERATIONS="1" PLATFORM="win32" RESULT="OK" RUN="00055"/><TEST DATE="2005-02-11" ITERATIONS="10" PLATFORM="win32" RESULT="OK" RUN="00054"/><TEST DATE="2005-01-29" ITERATIONS="3" PLATFORM="win32" RESULT="OK" RUN="00053"/><TEST DATE="2005-01-28" ITERATIONS="1" PLATFORM="win32" RESULT="OK" RUN="00051"/><TEST DATE="2005-01-27" ITERATIONS="3" PLATFORM="win32" RESULT="OK" RUN="00050"/><TEST DATE="2005-01-27" ITERATIONS="3" PLATFORM="win32" RESULT="OK" RUN="00044"/><TEST DATE="2005-01-27" ITERATIONS="3" PLATFORM="win32" RESULT="OK" RUN="00043"/><TEST DATE="2005-01-21" ITERATIONS="3" PLATFORM="win32" RESULT="OK" RUN="00037"/><TEST DATE="2004-11-29" ITERATIONS="3" PLATFORM="win32" RESULT="OK" RUN="00036"/><TEST DATE="2004-09-17" ITERATIONS="3" PLATFORM="win32" RESULT="OK" RUN="00035"/><TEST DATE="2004-09-17" ITERATIONS="3" PLATFORM="win32" RESULT="OK" RUN="00034"/><TEST DATE="2004-08-21" ITERATIONS="3" PLATFORM="linux2" RESULT="OK" RUN="00013"/><TEST DATE="2004-08-21" ITERATIONS="3" PLATFORM="win32" RESULT="OK" RUN="00012"/><TEST DATE="2004-08-20" ITERATIONS="3" PLATFORM="win32" RESULT="OK" RUN="00011"/><TEST DATE="2004-08-20" ITERATIONS="3" PLATFORM="win32" RESULT="OK" RUN="00010"/><TEST DATE="2004-08-19" ITERATIONS="3" PLATFORM="win32" RESULT="OK" RUN="00009"/><TEST DATE="2004-08-19" ITERATIONS="3" PLATFORM="win32" RESULT="OK" RUN="00008"/><TEST DATE="2004-08-19" ITERATIONS="3" PLATFORM="win32" RESULT="OK" RUN="00007"/><TEST DATE="2004-08-19" ITERATIONS="3" PLATFORM="win32" RESULT="OK" RUN="00006"/><TEST DATE="2004-07-15" ITERATIONS="3" PLATFORM="win32" RESULT="OK" RUN="00005"/><TEST DATE="2004-06-05" ITERATIONS="3" PLATFORM="win32" RESULT="OK" RUN="00004"/><TEST DATE="2004-06-03" ITERATIONS="1" PLATFORM="win32" RESULT="OK" RUN="00003"/><TEST DATE="2004-06-03" ITERATIONS="1" PLATFORM="win32" RESULT="OK" RUN="00002"/></FILE><FILE directory="modules" name="tree4.py"><TEST DATE="2006-03-15" ITERATIONS="3" PLATFORM="win32" RESULT="OK" RUN="00071"/><TEST DATE="2006-03-14" ITERATIONS="3" PLATFORM="win32" RESULT="OK" RUN="00068"/><TEST DATE="2006-03-10" ITERATIONS="3" PLATFORM="win32" RESULT="OK" RUN="00058"/><TEST DATE="2005-06-18" ITERATIONS="1" PLATFORM="win32" RESULT="OK" RUN="00056"/><TEST DATE="2005-03-09" ITERATIONS="1" PLATFORM="win32" RESULT="OK" RUN="00055"/><TEST DATE="2005-02-11" ITERATIONS="10" PLATFORM="win32" RESULT="OK" RUN="00054"/><TEST DATE="2005-01-29" ITERATIONS="3" PLATFORM="win32" RESULT="OK" RUN="00053"/><TEST DATE="2005-01-28" ITERATIONS="1" PLATFORM="win32" RESULT="OK" RUN="00051"/><TEST DATE="2005-01-27" ITERATIONS="3" PLATFORM="win32" RESULT="OK" RUN="00050"/><TEST DATE="2005-01-27" ITERATIONS="3" PLATFORM="win32" RESULT="OK" RUN="00044"/><TEST DATE="2005-01-27" ITERATIONS="3" PLATFORM="win32" RESULT="OK" RUN="00043"/><TEST DATE="2005-01-21" ITERATIONS="3" PLATFORM="win32" RESULT="OK" RUN="00037"/><TEST DATE="2004-11-29" ITERATIONS="3" PLATFORM="win32" RESULT="OK" RUN="00036"/><TEST DATE="2004-09-17" ITERATIONS="3" PLATFORM="win32" RESULT="OK" RUN="00035"/><TEST DATE="2004-09-17" ITERATIONS="3" PLATFORM="win32" RESULT="OK" RUN="00034"/><TEST DATE="2004-08-21" ITERATIONS="3" PLATFORM="linux2" RESULT="OK" RUN="00013"/><TEST DATE="2004-08-21" ITERATIONS="3" PLATFORM="win32" RESULT="OK" RUN="00012"/><TEST DATE="2004-08-20" ITERATIONS="3" PLATFORM="win32" RESULT="OK" RUN="00011"/><TEST DATE="2004-08-20" ITERATIONS="3" PLATFORM="win32" RESULT="OK" RUN="00010"/><TEST DATE="2004-08-19" ITERATIONS="3" PLATFORM="win32" RESULT="OK" RUN="00009"/><TEST DATE="2004-08-19" ITERATIONS="3" PLATFORM="win32" RESULT="OK" RUN="00008"/><TEST DATE="2004-08-19" ITERATIONS="3" PLATFORM="win32" RESULT="OK" RUN="00007"/><TEST DATE="2004-08-19" ITERATIONS="3" PLATFORM="win32" RESULT="OK" RUN="00006"/><TEST DATE="2004-07-15" ITERATIONS="3" PLATFORM="win32" RESULT="OK" RUN="00005"/><TEST DATE="2004-06-05" ITERATIONS="3" PLATFORM="win32" RESULT="OK" RUN="00004"/><TEST DATE="2004-06-03" ITERATIONS="1" PLATFORM="win32" RESULT="OK" RUN="00003"/><TEST DATE="2004-06-03" ITERATIONS="1" PLATFORM="win32" RESULT="OK" RUN="00002"/></FILE><FILE directory="modules" name="tree5.py"><TEST DATE="2006-03-15" ITERATIONS="3" PLATFORM="win32" RESULT="OK" RUN="00071"/><TEST DATE="2006-03-14" ITERATIONS="3" PLATFORM="win32" RESULT="OK" RUN="00068"/><TEST DATE="2006-03-10" ITERATIONS="3" PLATFORM="win32" RESULT="OK" RUN="00058"/><TEST DATE="2005-06-18" ITERATIONS="1" PLATFORM="win32" RESULT="OK" RUN="00056"/><TEST DATE="2005-03-09" ITERATIONS="1" PLATFORM="win32" RESULT="OK" RUN="00055"/><TEST DATE="2005-02-11" ITERATIONS="10" PLATFORM="win32" RESULT="OK" RUN="00054"/><TEST DATE="2005-01-29" ITERATIONS="3" PLATFORM="win32" RESULT="OK" RUN="00053"/><TEST DATE="2005-01-28" ITERATIONS="1" PLATFORM="win32" RESULT="OK" RUN="00051"/><TEST DATE="2005-01-27" ITERATIONS="3" PLATFORM="win32" RESULT="OK" RUN="00050"/><TEST DATE="2005-01-27" ITERATIONS="3" PLATFORM="win32" RESULT="OK" RUN="00044"/><TEST DATE="2005-01-27" ITERATIONS="3" PLATFORM="win32" RESULT="OK" RUN="00043"/><TEST DATE="2005-01-21" ITERATIONS="3" PLATFORM="win32" RESULT="OK" RUN="00037"/><TEST DATE="2004-11-29" ITERATIONS="3" PLATFORM="win32" RESULT="OK" RUN="00036"/><TEST DATE="2004-09-17" ITERATIONS="3" PLATFORM="win32" RESULT="OK" RUN="00035"/><TEST DATE="2004-09-17" ITERATIONS="3" PLATFORM="win32" RESULT="OK" RUN="00034"/><TEST DATE="2004-08-21" ITERATIONS="3" PLATFORM="linux2" RESULT="OK" RUN="00013"/><TEST DATE="2004-08-21" ITERATIONS="3" PLATFORM="win32" RESULT="OK" RUN="00012"/><TEST DATE="2004-08-20" ITERATIONS="3" PLATFORM="win32" RESULT="OK" RUN="00011"/><TEST DATE="2004-08-20" ITERATIONS="3" PLATFORM="win32" RESULT="OK" RUN="00010"/><TEST DATE="2004-08-19" ITERATIONS="3" PLATFORM="win32" RESULT="OK" RUN="00009"/><TEST DATE="2004-08-19" ITERATIONS="3" PLATFORM="win32" RESULT="OK" RUN="00008"/><TEST DATE="2004-08-19" ITERATIONS="3" PLATFORM="win32" RESULT="OK" RUN="00007"/><TEST DATE="2004-08-19" ITERATIONS="3" PLATFORM="win32" RESULT="OK" RUN="00006"/><TEST DATE="2004-07-15" ITERATIONS="3" PLATFORM="win32" RESULT="OK" RUN="00005"/><TEST DATE="2004-06-05" ITERATIONS="3" PLATFORM="win32" RESULT="OK" RUN="00004"/><TEST DATE="2004-06-03" ITERATIONS="1" PLATFORM="win32" RESULT="OK" RUN="00003"/><TEST DATE="2004-06-03" ITERATIONS="1" PLATFORM="win32" RESULT="OK" RUN="00002"/></FILE><FILE directory="modules" name="tree6.py"><TEST DATE="2006-03-15" ITERATIONS="3" PLATFORM="win32" RESULT="OK" RUN="00071"/><TEST DATE="2006-03-14" ITERATIONS="3" PLATFORM="win32" RESULT="OK" RUN="00068"/><TEST DATE="2006-03-10" ITERATIONS="3" PLATFORM="win32" RESULT="OK" RUN="00058"/><TEST DATE="2005-06-18" ITERATIONS="1" PLATFORM="win32" RESULT="OK" RUN="00056"/><TEST DATE="2005-03-09" ITERATIONS="1" PLATFORM="win32" RESULT="OK" RUN="00055"/><TEST DATE="2005-02-11" ITERATIONS="10" PLATFORM="win32" RESULT="OK" RUN="00054"/><TEST DATE="2005-01-29" ITERATIONS="3" PLATFORM="win32" RESULT="OK" RUN="00053"/><TEST DATE="2005-01-28" ITERATIONS="1" PLATFORM="win32" RESULT="OK" RUN="00051"/><TEST DATE="2005-01-27" ITERATIONS="3" PLATFORM="win32" RESULT="OK" RUN="00050"/><TEST DATE="2005-01-27" ITERATIONS="3" PLATFORM="win32" RESULT="OK" RUN="00044"/><TEST DATE="2005-01-27" ITERATIONS="3" PLATFORM="win32" RESULT="OK" RUN="00043"/><TEST DATE="2005-01-21" ITERATIONS="3" PLATFORM="win32" RESULT="OK" RUN="00037"/><TEST DATE="2004-11-29" ITERATIONS="3" PLATFORM="win32" RESULT="OK" RUN="00036"/><TEST DATE="2004-09-17" ITERATIONS="3" PLATFORM="win32" RESULT="OK" RUN="00035"/><TEST DATE="2004-09-17" ITERATIONS="3" PLATFORM="win32" RESULT="OK" RUN="00034"/><TEST DATE="2004-08-21" ITERATIONS="3" PLATFORM="linux2" RESULT="OK" RUN="00013"/><TEST DATE="2004-08-21" ITERATIONS="3" PLATFORM="win32" RESULT="OK" RUN="00012"/><TEST DATE="2004-08-20" ITERATIONS="3" PLATFORM="win32" RESULT="OK" RUN="00011"/><TEST DATE="2004-08-20" ITERATIONS="3" PLATFORM="win32" RESULT="OK" RUN="00010"/><TEST DATE="2004-08-19" ITERATIONS="3" PLATFORM="win32" RESULT="OK" RUN="00009"/><TEST DATE="2004-08-19" ITERATIONS="3" PLATFORM="win32" RESULT="OK" RUN="00008"/><TEST DATE="2004-08-19" ITERATIONS="3" PLATFORM="win32" RESULT="OK" RUN="00007"/><TEST DATE="2004-08-19" ITERATIONS="3" PLATFORM="win32" RESULT="OK" RUN="00006"/><TEST DATE="2004-07-15" ITERATIONS="3" PLATFORM="win32" RESULT="OK" RUN="00005"/><TEST DATE="2004-06-05" ITERATIONS="3" PLATFORM="win32" RESULT="OK" RUN="00004"/><TEST DATE="2004-06-03" ITERATIONS="1" PLATFORM="win32" RESULT="OK" RUN="00003"/><TEST DATE="2004-06-03" ITERATIONS="1" PLATFORM="win32" RESULT="OK" RUN="00002"/></FILE><FILE directory="modules" name="tree7.py"><TEST DATE="2006-03-15" ITERATIONS="3" PLATFORM="win32" RESULT="OK" RUN="00071"/><TEST DATE="2006-03-14" ITERATIONS="3" PLATFORM="win32" RESULT="OK" RUN="00068"/><TEST DATE="2006-03-10" ITERATIONS="3" PLATFORM="win32" RESULT="OK" RUN="00058"/><TEST DATE="2005-06-18" ITERATIONS="1" PLATFORM="win32" RESULT="OK" RUN="00056"/><TEST DATE="2005-03-09" ITERATIONS="1" PLATFORM="win32" RESULT="OK" RUN="00055"/><TEST DATE="2005-02-11" ITERATIONS="10" PLATFORM="win32" RESULT="OK" RUN="00054"/><TEST DATE="2005-01-29" ITERATIONS="3" PLATFORM="win32" RESULT="OK" RUN="00053"/><TEST DATE="2005-01-28" ITERATIONS="1" PLATFORM="win32" RESULT="OK" RUN="00051"/><TEST DATE="2005-01-27" ITERATIONS="3" PLATFORM="win32" RESULT="OK" RUN="00050"/><TEST DATE="2005-01-27" ITERATIONS="3" PLATFORM="win32" RESULT="OK" RUN="00044"/><TEST DATE="2005-01-27" ITERATIONS="3" PLATFORM="win32" RESULT="OK" RUN="00043"/><TEST DATE="2005-01-21" ITERATIONS="3" PLATFORM="win32" RESULT="OK" RUN="00037"/><TEST DATE="2004-11-29" ITERATIONS="3" PLATFORM="win32" RESULT="OK" RUN="00036"/><TEST DATE="2004-09-17" ITERATIONS="3" PLATFORM="win32" RESULT="OK" RUN="00035"/><TEST DATE="2004-09-17" ITERATIONS="3" PLATFORM="win32" RESULT="OK" RUN="00034"/><TEST DATE="2004-08-21" ITERATIONS="3" PLATFORM="linux2" RESULT="OK" RUN="00013"/><TEST DATE="2004-08-21" ITERATIONS="3" PLATFORM="win32" RESULT="OK" RUN="00012"/><TEST DATE="2004-08-20" ITERATIONS="3" PLATFORM="win32" RESULT="OK" RUN="00011"/><TEST DATE="2004-08-20" ITERATIONS="3" PLATFORM="win32" RESULT="OK" RUN="00010"/><TEST DATE="2004-08-19" ITERATIONS="3" PLATFORM="win32" RESULT="OK" RUN="00009"/><TEST DATE="2004-08-19" ITERATIONS="3" PLATFORM="win32" RESULT="OK" RUN="00008"/><TEST DATE="2004-08-19" ITERATIONS="3" PLATFORM="win32" RESULT="OK" RUN="00007"/><TEST DATE="2004-08-19" ITERATIONS="3" PLATFORM="win32" RESULT="OK" RUN="00006"/><TEST DATE="2004-07-15" ITERATIONS="3" PLATFORM="win32" RESULT="OK" RUN="00005"/><TEST DATE="2004-06-05" ITERATIONS="3" PLATFORM="win32" RESULT="OK" RUN="00004"/><TEST DATE="2004-06-03" ITERATIONS="1" PLATFORM="win32" RESULT="OK" RUN="00003"/><TEST DATE="2004-06-03" ITERATIONS="1" PLATFORM="win32" RESULT="OK" RUN="00002"/></FILE><FILE directory="modules" name="tree8.py"><TEST DATE="2006-03-15" ITERATIONS="3" PLATFORM="win32" RESULT="OK" RUN="00071"/><TEST DATE="2006-03-14" ITERATIONS="3" PLATFORM="win32" RESULT="OK" RUN="00068"/><TEST DATE="2006-03-10" ITERATIONS="3" PLATFORM="win32" RESULT="OK" RUN="00058"/><TEST DATE="2005-06-18" ITERATIONS="1" PLATFORM="win32" RESULT="OK" RUN="00056"/><TEST DATE="2005-03-09" ITERATIONS="1" PLATFORM="win32" RESULT="OK" RUN="00055"/><TEST DATE="2005-02-11" ITERATIONS="10" PLATFORM="win32" RESULT="changed" RUN="00054"/><TEST DATE="2005-01-29" ITERATIONS="3" PLATFORM="win32" RESULT="OK" RUN="00053"/><TEST DATE="2005-01-28" ITERATIONS="1" PLATFORM="win32" RESULT="OK" RUN="00051"/><TEST DATE="2005-01-27" ITERATIONS="3" PLATFORM="win32" RESULT="OK" RUN="00050"/><TEST DATE="2005-01-27" ITERATIONS="3" PLATFORM="win32" RESULT="OK" RUN="00044"/><TEST DATE="2005-01-27" ITERATION="0" ITERATIONS="3" PLATFORM="win32" RESULT="error" RUN="00043" xml:space="preserve">Traceback (most recent call last):
  File &quot;D:/ai/Orange/regressionTests/xtest1.py&quot;, line 92, in ?
    execfile(t__name)
  File &quot;tree8.py&quot;, line 14, in ?
    trees = [(0, tree.tree)] + [(m, prunner(tree, m=m)) for m in [0.0, 0.1, 0.5, 1, 5, 10, 50, 100]]
AttributeError: this function accepts no keyword arguments
</TEST><TEST DATE="2005-01-21" ITERATIONS="3" PLATFORM="win32" RESULT="OK" RUN="00037"/><TEST DATE="2004-11-29" ITERATIONS="3" PLATFORM="win32" RESULT="OK" RUN="00036"/><TEST DATE="2004-09-17" ITERATIONS="3" PLATFORM="win32" RESULT="OK" RUN="00035"/><TEST DATE="2004-09-17" ITERATIONS="3" PLATFORM="win32" RESULT="OK" RUN="00034"/><TEST DATE="2004-08-26" ITERATIONS="3" PLATFORM="linux2" RESULT="changed" RUN="00031"/><TEST DATE="2004-08-26" ITERATIONS="3" PLATFORM="linux2" RESULT="changed" RUN="00030"/><TEST DATE="2004-08-26" ITERATIONS="3" PLATFORM="linux2" RESULT="changed" RUN="00029"/><TEST DATE="2004-08-26" ITERATIONS="3" PLATFORM="linux2" RESULT="changed" RUN="00028"/><TEST DATE="2004-08-21" ITERATIONS="3" PLATFORM="linux2" RESULT="changed" RUN="00013"/><TEST DATE="2004-08-21" ITERATIONS="3" PLATFORM="win32" RESULT="OK" RUN="00012"/><TEST DATE="2004-08-20" ITERATIONS="3" PLATFORM="win32" RESULT="OK" RUN="00011"/><TEST DATE="2004-08-20" ITERATIONS="3" PLATFORM="win32" RESULT="OK" RUN="00010"/><TEST DATE="2004-08-19" ITERATIONS="3" PLATFORM="win32" RESULT="OK" RUN="00009"/><TEST DATE="2004-08-19" ITERATIONS="3" PLATFORM="win32" RESULT="OK" RUN="00008"/><TEST DATE="2004-08-19" ITERATIONS="3" PLATFORM="win32" RESULT="OK" RUN="00007"/><TEST DATE="2004-08-19" ITERATIONS="3" PLATFORM="win32" RESULT="OK" RUN="00006"/><TEST DATE="2004-07-15" ITERATIONS="3" PLATFORM="win32" RESULT="OK" RUN="00005"/><TEST DATE="2004-06-05" ITERATIONS="3" PLATFORM="win32" RESULT="OK" RUN="00004"/><TEST DATE="2004-06-03" ITERATIONS="1" PLATFORM="win32" RESULT="OK" RUN="00003"/><TEST DATE="2004-06-03" ITERATIONS="1" PLATFORM="win32" RESULT="OK" RUN="00002"/></FILE><FILE directory="modules" name="tree9.py"><TEST DATE="2006-03-15" ITERATIONS="3" PLATFORM="win32" RESULT="OK" RUN="00071"/><TEST DATE="2006-03-14" ITERATIONS="3" PLATFORM="win32" RESULT="OK" RUN="00068"/><TEST DATE="2006-03-10" ITERATIONS="3" PLATFORM="win32" RESULT="OK" RUN="00058"/><TEST DATE="2005-06-18" ITERATIONS="1" PLATFORM="win32" RESULT="OK" RUN="00056"/><TEST DATE="2005-03-09" ITERATIONS="1" PLATFORM="win32" RESULT="OK" RUN="00055"/><TEST DATE="2005-02-11" ITERATIONS="10" PLATFORM="win32" RESULT="OK" RUN="00054"/><TEST DATE="2005-01-29" ITERATIONS="3" PLATFORM="win32" RESULT="OK" RUN="00053"/><TEST DATE="2005-01-28" ITERATIONS="1" PLATFORM="win32" RESULT="OK" RUN="00051"/><TEST DATE="2005-01-27" ITERATIONS="3" PLATFORM="win32" RESULT="OK" RUN="00050"/><TEST DATE="2005-01-27" ITERATIONS="3" PLATFORM="win32" RESULT="OK" RUN="00044"/><TEST DATE="2005-01-27" ITERATIONS="3" PLATFORM="win32" RESULT="OK" RUN="00043"/><TEST DATE="2005-01-21" ITERATIONS="3" PLATFORM="win32" RESULT="OK" RUN="00037"/><TEST DATE="2004-11-29" ITERATIONS="3" PLATFORM="win32" RESULT="OK" RUN="00036"/><TEST DATE="2004-09-17" ITERATIONS="3" PLATFORM="win32" RESULT="OK" RUN="00035"/><TEST DATE="2004-09-17" ITERATIONS="3" PLATFORM="win32" RESULT="OK" RUN="00034"/><TEST DATE="2004-08-21" ITERATIONS="3" PLATFORM="linux2" RESULT="OK" RUN="00013"/><TEST DATE="2004-08-21" ITERATIONS="3" PLATFORM="win32" RESULT="OK" RUN="00012"/><TEST DATE="2004-08-20" ITERATIONS="3" PLATFORM="win32" RESULT="OK" RUN="00011"/><TEST DATE="2004-08-20" ITERATIONS="3" PLATFORM="win32" RESULT="OK" RUN="00010"/><TEST DATE="2004-08-19" ITERATIONS="3" PLATFORM="win32" RESULT="OK" RUN="00009"/><TEST DATE="2004-08-19" ITERATIONS="3" PLATFORM="win32" RESULT="OK" RUN="00008"/><TEST DATE="2004-08-19" ITERATIONS="3" PLATFORM="win32" RESULT="OK" RUN="00007"/><TEST DATE="2004-08-19" ITERATIONS="3" PLATFORM="win32" RESULT="OK" RUN="00006"/><TEST DATE="2004-07-15" ITERATIONS="3" PLATFORM="win32" RESULT="OK" RUN="00005"/><TEST DATE="2004-06-05" ITERATIONS="3" PLATFORM="win32" RESULT="OK" RUN="00004"/><TEST DATE="2004-06-03" ITERATIONS="1" PLATFORM="win32" RESULT="OK" RUN="00003"/><TEST DATE="2004-06-03" ITERATIONS="1" PLATFORM="win32" RESULT="OK" RUN="00002"/></FILE><FILE directory="ofb" name="accuracy.py"><TEST DATE="2006-03-15" ITERATIONS="3" PLATFORM="win32" RESULT="OK" RUN="00071"/><TEST DATE="2006-03-14" ITERATIONS="3" PLATFORM="win32" RESULT="OK" RUN="00068"/><TEST DATE="2006-03-10" ITERATIONS="3" PLATFORM="win32" RESULT="OK" RUN="00058"/><TEST DATE="2005-06-18" ITERATIONS="1" PLATFORM="win32" RESULT="OK" RUN="00056"/><TEST DATE="2005-03-09" ITERATIONS="1" PLATFORM="win32" RESULT="OK" RUN="00055"/><TEST DATE="2005-02-11" ITERATIONS="10" PLATFORM="win32" RESULT="OK" RUN="00054"/><TEST DATE="2005-01-29" ITERATIONS="3" PLATFORM="win32" RESULT="OK" RUN="00053"/><TEST DATE="2005-01-28" ITERATIONS="1" PLATFORM="win32" RESULT="OK" RUN="00051"/><TEST DATE="2005-01-27" ITERATIONS="3" PLATFORM="win32" RESULT="OK" RUN="00050"/><TEST DATE="2005-01-27" ITERATIONS="3" PLATFORM="win32" RESULT="OK" RUN="00044"/><TEST DATE="2005-01-27" ITERATIONS="3" PLATFORM="win32" RESULT="OK" RUN="00043"/><TEST DATE="2005-01-21" ITERATIONS="3" PLATFORM="win32" RESULT="OK" RUN="00037"/><TEST DATE="2004-11-29" ITERATIONS="3" PLATFORM="win32" RESULT="OK" RUN="00036"/><TEST DATE="2004-09-17" ITERATIONS="3" PLATFORM="win32" RESULT="OK" RUN="00035"/><TEST DATE="2004-09-17" ITERATIONS="3" PLATFORM="win32" RESULT="OK" RUN="00034"/><TEST DATE="2004-08-21" ITERATIONS="3" PLATFORM="linux2" RESULT="OK" RUN="00013"/><TEST DATE="2004-08-21" ITERATIONS="3" PLATFORM="win32" RESULT="OK" RUN="00012"/><TEST DATE="2004-08-20" ITERATIONS="3" PLATFORM="win32" RESULT="OK" RUN="00011"/><TEST DATE="2004-08-20" ITERATIONS="3" PLATFORM="win32" RESULT="OK" RUN="00010"/><TEST DATE="2004-08-19" ITERATIONS="3" PLATFORM="win32" RESULT="OK" RUN="00009"/><TEST DATE="2004-08-19" ITERATIONS="3" PLATFORM="win32" RESULT="OK" RUN="00008"/><TEST DATE="2004-08-19" ITERATIONS="3" PLATFORM="win32" RESULT="OK" RUN="00007"/><TEST DATE="2004-08-19" ITERATIONS="3" PLATFORM="win32" RESULT="OK" RUN="00006"/><TEST DATE="2004-07-15" ITERATIONS="3" PLATFORM="win32" RESULT="OK" RUN="00005"/><TEST DATE="2004-06-05" ITERATIONS="3" PLATFORM="win32" RESULT="OK" RUN="00004"/><TEST DATE="2004-06-03" ITERATIONS="1" PLATFORM="win32" RESULT="OK" RUN="00003"/><TEST DATE="2004-06-03" ITERATIONS="1" PLATFORM="win32" RESULT="OK" RUN="00002"/></FILE><FILE directory="ofb" name="accuracy2.py"><TEST DATE="2006-03-15" ITERATIONS="3" PLATFORM="win32" RESULT="OK" RUN="00071"/><TEST DATE="2006-03-14" ITERATIONS="3" PLATFORM="win32" RESULT="OK" RUN="00068"/><TEST DATE="2006-03-10" ITERATIONS="3" PLATFORM="win32" RESULT="OK" RUN="00059"/><TEST DATE="2006-03-10" ITERATION="0" ITERATIONS="3" PLATFORM="win32" RESULT="error" RUN="00058" xml:space="preserve">Traceback (most recent call last):
  File &quot;C:/D/ai/Orange/regressionTests/xtest1.py&quot;, line 92, in ?
    execfile(t__name)
  File &quot;accuracy2.py&quot;, line 27, in ?
    acc = accuracy(data, classifiers)
  File &quot;accuracy2.py&quot;, line 12, in accuracy
    if classifiers[i](ex) == ex.getclass():
TypeError: Value.compare: can't compare values of different types
</TEST><TEST DATE="2005-06-18" ITERATIONS="1" PLATFORM="win32" RESULT="OK" RUN="00056"/><TEST DATE="2005-03-09" ITERATIONS="1" PLATFORM="win32" RESULT="OK" RUN="00055"/><TEST DATE="2005-02-11" ITERATIONS="10" PLATFORM="win32" RESULT="OK" RUN="00054"/><TEST DATE="2005-01-29" ITERATIONS="3" PLATFORM="win32" RESULT="OK" RUN="00053"/><TEST DATE="2005-01-28" ITERATIONS="1" PLATFORM="win32" RESULT="OK" RUN="00051"/><TEST DATE="2005-01-27" ITERATIONS="3" PLATFORM="win32" RESULT="OK" RUN="00050"/><TEST DATE="2005-01-27" ITERATIONS="3" PLATFORM="win32" RESULT="OK" RUN="00044"/><TEST DATE="2005-01-27" ITERATIONS="3" PLATFORM="win32" RESULT="OK" RUN="00043"/><TEST DATE="2005-01-21" ITERATIONS="3" PLATFORM="win32" RESULT="OK" RUN="00037"/><TEST DATE="2004-11-29" ITERATIONS="3" PLATFORM="win32" RESULT="OK" RUN="00036"/><TEST DATE="2004-09-17" ITERATIONS="3" PLATFORM="win32" RESULT="OK" RUN="00035"/><TEST DATE="2004-09-17" ITERATIONS="3" PLATFORM="win32" RESULT="OK" RUN="00034"/><TEST DATE="2004-08-21" ITERATIONS="3" PLATFORM="linux2" RESULT="OK" RUN="00013"/><TEST DATE="2004-08-21" ITERATIONS="3" PLATFORM="win32" RESULT="OK" RUN="00012"/><TEST DATE="2004-08-20" ITERATIONS="3" PLATFORM="win32" RESULT="OK" RUN="00011"/><TEST DATE="2004-08-20" ITERATIONS="3" PLATFORM="win32" RESULT="OK" RUN="00010"/><TEST DATE="2004-08-19" ITERATIONS="3" PLATFORM="win32" RESULT="OK" RUN="00009"/><TEST DATE="2004-08-19" ITERATIONS="3" PLATFORM="win32" RESULT="OK" RUN="00008"/><TEST DATE="2004-08-19" ITERATIONS="3" PLATFORM="win32" RESULT="OK" RUN="00007"/><TEST DATE="2004-08-19" ITERATIONS="3" PLATFORM="win32" RESULT="OK" RUN="00006"/><TEST DATE="2004-07-15" ITERATIONS="3" PLATFORM="win32" RESULT="OK" RUN="00005"/><TEST DATE="2004-06-05" ITERATIONS="3" PLATFORM="win32" RESULT="OK" RUN="00004"/><TEST DATE="2004-06-03" ITERATIONS="1" PLATFORM="win32" RESULT="OK" RUN="00003"/><TEST DATE="2004-06-03" ITERATIONS="1" PLATFORM="win32" RESULT="OK" RUN="00002"/></FILE><FILE directory="ofb" name="accuracy3.py"><TEST DATE="2006-03-15" ITERATIONS="3" PLATFORM="win32" RESULT="OK" RUN="00071"/><TEST DATE="2006-03-14" ITERATIONS="3" PLATFORM="win32" RESULT="OK" RUN="00068"/><TEST DATE="2006-03-12" ITERATIONS="3" PLATFORM="win32" RESULT="OK" RUN="00060"/><TEST DATE="2006-03-10" ITERATIONS="3" PLATFORM="win32" RESULT="changed" RUN="00059"/><TEST DATE="2006-03-10" ITERATION="0" ITERATIONS="3" PLATFORM="win32" RESULT="error" RUN="00058" xml:space="preserve">Traceback (most recent call last):
  File &quot;C:/D/ai/Orange/regressionTests/xtest1.py&quot;, line 92, in ?
    execfile(t__name)
  File &quot;accuracy3.py&quot;, line 32, in ?
    acc = accuracy(test_data, classifiers)
  File &quot;accuracy3.py&quot;, line 13, in accuracy
    if classifiers[i](ex) == ex.getclass():
TypeError: Value.compare: can't compare values of different types
</TEST><TEST DATE="2005-06-18" ITERATIONS="1" PLATFORM="win32" RESULT="OK" RUN="00056"/><TEST DATE="2005-03-09" ITERATIONS="1" PLATFORM="win32" RESULT="OK" RUN="00055"/><TEST DATE="2005-02-11" ITERATIONS="10" PLATFORM="win32" RESULT="OK" RUN="00054"/><TEST DATE="2005-01-29" ITERATIONS="3" PLATFORM="win32" RESULT="OK" RUN="00053"/><TEST DATE="2005-01-28" ITERATIONS="1" PLATFORM="win32" RESULT="OK" RUN="00051"/><TEST DATE="2005-01-27" ITERATIONS="3" PLATFORM="win32" RESULT="OK" RUN="00050"/><TEST DATE="2005-01-27" ITERATIONS="3" PLATFORM="win32" RESULT="OK" RUN="00044"/><TEST DATE="2005-01-27" ITERATIONS="3" PLATFORM="win32" RESULT="OK" RUN="00043"/><TEST DATE="2005-01-21" ITERATIONS="3" PLATFORM="win32" RESULT="OK" RUN="00037"/><TEST DATE="2004-11-29" ITERATIONS="3" PLATFORM="win32" RESULT="OK" RUN="00036"/><TEST DATE="2004-09-17" ITERATIONS="3" PLATFORM="win32" RESULT="OK" RUN="00035"/><TEST DATE="2004-09-17" ITERATIONS="3" PLATFORM="win32" RESULT="OK" RUN="00034"/><TEST DATE="2004-08-21" ITERATIONS="3" PLATFORM="linux2" RESULT="OK" RUN="00013"/><TEST DATE="2004-08-21" ITERATIONS="3" PLATFORM="win32" RESULT="OK" RUN="00012"/><TEST DATE="2004-08-20" ITERATIONS="3" PLATFORM="win32" RESULT="OK" RUN="00011"/><TEST DATE="2004-08-20" ITERATIONS="3" PLATFORM="win32" RESULT="OK" RUN="00010"/><TEST DATE="2004-08-19" ITERATIONS="3" PLATFORM="win32" RESULT="OK" RUN="00009"/><TEST DATE="2004-08-19" ITERATIONS="3" PLATFORM="win32" RESULT="OK" RUN="00008"/><TEST DATE="2004-08-19" ITERATIONS="3" PLATFORM="win32" RESULT="OK" RUN="00007"/><TEST DATE="2004-08-19" ITERATIONS="3" PLATFORM="win32" RESULT="OK" RUN="00006"/><TEST DATE="2004-07-15" ITERATIONS="3" PLATFORM="win32" RESULT="OK" RUN="00005"/><TEST DATE="2004-06-05" ITERATIONS="3" PLATFORM="win32" RESULT="OK" RUN="00004"/><TEST DATE="2004-06-03" ITERATIONS="1" PLATFORM="win32" RESULT="OK" RUN="00003"/><TEST DATE="2004-06-03" ITERATIONS="1" PLATFORM="win32" RESULT="OK" RUN="00002"/></FILE><FILE directory="ofb" name="accuracy4.py"><TEST DATE="2006-03-15" ITERATIONS="3" PLATFORM="win32" RESULT="OK" RUN="00071"/><TEST DATE="2006-03-14" ITERATIONS="3" PLATFORM="win32" RESULT="OK" RUN="00068"/><TEST DATE="2006-03-10" ITERATIONS="3" PLATFORM="win32" RESULT="OK" RUN="00059"/><TEST DATE="2006-03-10" ITERATION="0" ITERATIONS="3" PLATFORM="win32" RESULT="error" RUN="00058" xml:space="preserve">Traceback (most recent call last):
  File &quot;C:/D/ai/Orange/regressionTests/xtest1.py&quot;, line 92, in ?
    execfile(t__name)
  File &quot;accuracy4.py&quot;, line 49, in ?
    acc = test_rnd_sampling(data, learners)
  File &quot;accuracy4.py&quot;, line 30, in test_rnd_sampling
    acc1 = accuracy(test_data, classifiers)
  File &quot;accuracy4.py&quot;, line 15, in accuracy
    if classifiers[i](ex) == ex.getclass():
TypeError: Value.compare: can't compare values of different types
</TEST><TEST DATE="2005-06-18" ITERATIONS="1" PLATFORM="win32" RESULT="OK" RUN="00056"/><TEST DATE="2005-03-09" ITERATIONS="1" PLATFORM="win32" RESULT="OK" RUN="00055"/><TEST DATE="2005-02-11" ITERATIONS="10" PLATFORM="win32" RESULT="OK" RUN="00054"/><TEST DATE="2005-01-29" ITERATIONS="3" PLATFORM="win32" RESULT="OK" RUN="00053"/><TEST DATE="2005-01-28" ITERATIONS="1" PLATFORM="win32" RESULT="OK" RUN="00052"/><TEST DATE="2005-01-28" ITERATIONS="1" PLATFORM="win32" RESULT="" RUN="00051"/><TEST DATE="2005-01-27" ITERATIONS="3" PLATFORM="win32" RESULT="OK" RUN="00050"/><TEST DATE="2005-01-27" ITERATIONS="3" PLATFORM="win32" RESULT="OK" RUN="00044"/><TEST DATE="2005-01-27" ITERATIONS="3" PLATFORM="win32" RESULT="OK" RUN="00043"/><TEST DATE="2005-01-21" ITERATIONS="3" PLATFORM="win32" RESULT="OK" RUN="00037"/><TEST DATE="2004-11-29" ITERATIONS="3" PLATFORM="win32" RESULT="OK" RUN="00036"/><TEST DATE="2004-09-17" ITERATIONS="3" PLATFORM="win32" RESULT="OK" RUN="00035"/><TEST DATE="2004-09-17" ITERATIONS="3" PLATFORM="win32" RESULT="OK" RUN="00034"/><TEST DATE="2004-08-21" ITERATIONS="3" PLATFORM="linux2" RESULT="OK" RUN="00013"/><TEST DATE="2004-08-21" ITERATIONS="3" PLATFORM="win32" RESULT="OK" RUN="00012"/><TEST DATE="2004-08-20" ITERATIONS="3" PLATFORM="win32" RESULT="OK" RUN="00011"/><TEST DATE="2004-08-20" ITERATIONS="3" PLATFORM="win32" RESULT="OK" RUN="00010"/><TEST DATE="2004-08-19" ITERATIONS="3" PLATFORM="win32" RESULT="OK" RUN="00009"/><TEST DATE="2004-08-19" ITERATIONS="3" PLATFORM="win32" RESULT="OK" RUN="00008"/><TEST DATE="2004-08-19" ITERATIONS="3" PLATFORM="win32" RESULT="OK" RUN="00007"/><TEST DATE="2004-08-19" ITERATIONS="3" PLATFORM="win32" RESULT="OK" RUN="00006"/><TEST DATE="2004-07-15" ITERATIONS="3" PLATFORM="win32" RESULT="OK" RUN="00005"/><TEST DATE="2004-06-05" ITERATIONS="3" PLATFORM="win32" RESULT="OK" RUN="00004"/><TEST DATE="2004-06-03" ITERATIONS="1" PLATFORM="win32" RESULT="OK" RUN="00003"/><TEST DATE="2004-06-03" ITERATIONS="1" PLATFORM="win32" RESULT="OK" RUN="00002"/></FILE><FILE directory="ofb" name="accuracy5.py"><TEST DATE="2006-03-15" ITERATIONS="3" PLATFORM="win32" RESULT="OK" RUN="00071"/><TEST DATE="2006-03-14" ITERATIONS="3" PLATFORM="win32" RESULT="OK" RUN="00068"/><TEST DATE="2006-03-10" ITERATIONS="3" PLATFORM="win32" RESULT="OK" RUN="00059"/><TEST DATE="2006-03-10" ITERATION="0" ITERATIONS="3" PLATFORM="win32" RESULT="error" RUN="00058" xml:space="preserve">Traceback (most recent call last):
  File &quot;C:/D/ai/Orange/regressionTests/xtest1.py&quot;, line 92, in ?
    execfile(t__name)
  File &quot;accuracy5.py&quot;, line 48, in ?
    acc = cross_validation(data, learners, k=10)
  File &quot;accuracy5.py&quot;, line 29, in cross_validation
    acc1 = accuracy(test_data, classifiers)
  File &quot;accuracy5.py&quot;, line 14, in accuracy
    if classifiers[i](ex) == ex.getclass():
TypeError: Value.compare: can't compare values of different types
</TEST><TEST DATE="2005-06-18" ITERATIONS="1" PLATFORM="win32" RESULT="OK" RUN="00056"/><TEST DATE="2005-03-09" ITERATIONS="1" PLATFORM="win32" RESULT="OK" RUN="00055"/><TEST DATE="2005-02-11" ITERATIONS="10" PLATFORM="win32" RESULT="OK" RUN="00054"/><TEST DATE="2005-01-29" ITERATIONS="3" PLATFORM="win32" RESULT="OK" RUN="00053"/><TEST DATE="2005-01-28" ITERATIONS="1" PLATFORM="win32" RESULT="OK" RUN="00052"/><TEST DATE="2005-01-28" ITERATIONS="1" PLATFORM="win32" RESULT="" RUN="00051"/><TEST DATE="2005-01-27" ITERATIONS="3" PLATFORM="win32" RESULT="OK" RUN="00050"/><TEST DATE="2005-01-27" ITERATIONS="3" PLATFORM="win32" RESULT="OK" RUN="00044"/><TEST DATE="2005-01-27" ITERATIONS="3" PLATFORM="win32" RESULT="OK" RUN="00043"/><TEST DATE="2005-01-21" ITERATIONS="3" PLATFORM="win32" RESULT="OK" RUN="00037"/><TEST DATE="2004-11-29" ITERATIONS="3" PLATFORM="win32" RESULT="OK" RUN="00036"/><TEST DATE="2004-09-17" ITERATIONS="3" PLATFORM="win32" RESULT="OK" RUN="00035"/><TEST DATE="2004-09-17" ITERATIONS="3" PLATFORM="win32" RESULT="OK" RUN="00034"/><TEST DATE="2004-08-21" ITERATIONS="3" PLATFORM="linux2" RESULT="OK" RUN="00013"/><TEST DATE="2004-08-21" ITERATIONS="3" PLATFORM="win32" RESULT="OK" RUN="00012"/><TEST DATE="2004-08-20" ITERATIONS="3" PLATFORM="win32" RESULT="OK" RUN="00011"/><TEST DATE="2004-08-20" ITERATIONS="3" PLATFORM="win32" RESULT="OK" RUN="00010"/><TEST DATE="2004-08-19" ITERATIONS="3" PLATFORM="win32" RESULT="OK" RUN="00009"/><TEST DATE="2004-08-19" ITERATIONS="3" PLATFORM="win32" RESULT="OK" RUN="00008"/><TEST DATE="2004-08-19" ITERATIONS="3" PLATFORM="win32" RESULT="OK" RUN="00007"/><TEST DATE="2004-08-19" ITERATIONS="3" PLATFORM="win32" RESULT="OK" RUN="00006"/><TEST DATE="2004-07-15" ITERATIONS="3" PLATFORM="win32" RESULT="OK" RUN="00005"/><TEST DATE="2004-06-05" ITERATIONS="3" PLATFORM="win32" RESULT="OK" RUN="00004"/><TEST DATE="2004-06-03" ITERATIONS="1" PLATFORM="win32" RESULT="OK" RUN="00003"/><TEST DATE="2004-06-03" ITERATIONS="1" PLATFORM="win32" RESULT="OK" RUN="00002"/></FILE><FILE directory="ofb" name="accuracy6.py"><TEST DATE="2006-03-15" ITERATIONS="3" PLATFORM="win32" RESULT="OK" RUN="00071"/><TEST DATE="2006-03-14" ITERATIONS="3" PLATFORM="win32" RESULT="OK" RUN="00068"/><TEST DATE="2006-03-10" ITERATIONS="3" PLATFORM="win32" RESULT="OK" RUN="00059"/><TEST DATE="2006-03-10" ITERATION="0" ITERATIONS="3" PLATFORM="win32" RESULT="error" RUN="00058" xml:space="preserve">Traceback (most recent call last):
  File &quot;C:/D/ai/Orange/regressionTests/xtest1.py&quot;, line 92, in ?
    execfile(t__name)
  File &quot;accuracy6.py&quot;, line 37, in ?
    acc = leave_one_out(data, learners)
  File &quot;accuracy6.py&quot;, line 19, in leave_one_out
    if classifier(data[i]) == data[i].getclass():
TypeError: Value.compare: can't compare values of different types
</TEST><TEST DATE="2005-06-18" ITERATIONS="1" PLATFORM="win32" RESULT="OK" RUN="00056"/><TEST DATE="2005-03-09" ITERATIONS="1" PLATFORM="win32" RESULT="OK" RUN="00055"/><TEST DATE="2005-01-29" ITERATIONS="3" PLATFORM="win32" RESULT="OK" RUN="00053"/><TEST DATE="2005-01-28" ITERATIONS="1" PLATFORM="win32" RESULT="OK" RUN="00052"/><TEST DATE="2005-01-28" ITERATIONS="1" PLATFORM="win32" RESULT="" RUN="00051"/><TEST DATE="2005-01-27" ITERATIONS="3" PLATFORM="win32" RESULT="OK" RUN="00050"/><TEST DATE="2005-01-27" ITERATIONS="3" PLATFORM="win32" RESULT="OK" RUN="00044"/><TEST DATE="2005-01-27" ITERATIONS="3" PLATFORM="win32" RESULT="OK" RUN="00043"/><TEST DATE="2005-01-21" ITERATIONS="3" PLATFORM="win32" RESULT="OK" RUN="00037"/><TEST DATE="2004-11-29" ITERATIONS="3" PLATFORM="win32" RESULT="OK" RUN="00036"/><TEST DATE="2004-09-17" ITERATIONS="3" PLATFORM="win32" RESULT="OK" RUN="00035"/><TEST DATE="2004-09-17" ITERATIONS="3" PLATFORM="win32" RESULT="OK" RUN="00034"/><TEST DATE="2004-08-21" ITERATIONS="3" PLATFORM="linux2" RESULT="OK" RUN="00013"/><TEST DATE="2004-08-21" ITERATIONS="3" PLATFORM="win32" RESULT="OK" RUN="00012"/><TEST DATE="2004-08-20" ITERATIONS="3" PLATFORM="win32" RESULT="OK" RUN="00011"/><TEST DATE="2004-08-20" ITERATIONS="3" PLATFORM="win32" RESULT="OK" RUN="00010"/><TEST DATE="2004-08-19" ITERATIONS="3" PLATFORM="win32" RESULT="OK" RUN="00009"/><TEST DATE="2004-08-19" ITERATIONS="3" PLATFORM="win32" RESULT="OK" RUN="00008"/><TEST DATE="2004-08-19" ITERATIONS="3" PLATFORM="win32" RESULT="OK" RUN="00007"/><TEST DATE="2004-08-19" ITERATIONS="3" PLATFORM="win32" RESULT="OK" RUN="00006"/><TEST DATE="2004-07-15" ITERATIONS="3" PLATFORM="win32" RESULT="OK" RUN="00005"/><TEST DATE="2004-06-05" ITERATIONS="3" PLATFORM="win32" RESULT="OK" RUN="00004"/><TEST DATE="2004-06-03" ITERATIONS="1" PLATFORM="win32" RESULT="OK" RUN="00003"/><TEST DATE="2004-06-03" ITERATIONS="1" PLATFORM="win32" RESULT="OK" RUN="00002"/></FILE><FILE directory="ofb" name="accuracy7.py"><TEST DATE="2006-03-15" ITERATIONS="3" PLATFORM="win32" RESULT="OK" RUN="00071"/><TEST DATE="2006-03-14" ITERATIONS="3" PLATFORM="win32" RESULT="OK" RUN="00068"/><TEST DATE="2006-03-10" ITERATIONS="3" PLATFORM="win32" RESULT="OK" RUN="00058"/><TEST DATE="2005-06-18" ITERATIONS="1" PLATFORM="win32" RESULT="OK" RUN="00056"/><TEST DATE="2005-03-09" ITERATIONS="1" PLATFORM="win32" RESULT="OK" RUN="00055"/><TEST DATE="2005-01-29" ITERATIONS="3" PLATFORM="win32" RESULT="OK" RUN="00053"/><TEST DATE="2005-01-28" ITERATIONS="1" PLATFORM="win32" RESULT="OK" RUN="00052"/><TEST DATE="2005-01-28" ITERATIONS="1" PLATFORM="win32" RESULT="" RUN="00051"/><TEST DATE="2005-01-27" ITERATIONS="3" PLATFORM="win32" RESULT="OK" RUN="00050"/><TEST DATE="2005-01-27" ITERATIONS="3" PLATFORM="win32" RESULT="OK" RUN="00044"/><TEST DATE="2005-01-27" ITERATION="0" ITERATIONS="3" PLATFORM="win32" RESULT="error" RUN="00043" xml:space="preserve">Traceback (most recent call last):
  File &quot;D:/ai/Orange/regressionTests/xtest1.py&quot;, line 92, in ?
    execfile(t__name)
  File &quot;accuracy7.py&quot;, line 18, in ?
    results = orngTest.crossValidation(learners, data, folds=10)
  File &quot;d:\ai\orange\orngTest.py&quot;, line 159, in crossValidation
    indices = orange.MakeRandomIndicesCV(examples, folds, stratified = strat, randomGenerator = randomGenerator)
TypeError: invalid parameter type for MakeRandomIndicesCV.folds', (int expected)
</TEST><TEST DATE="2005-01-21" ITERATION="0" ITERATIONS="3" PLATFORM="win32" RESULT="error" RUN="00042" xml:space="preserve">Traceback (most recent call last):
  File &quot;D:/ai/Orange/regressionTests/xtest1.py&quot;, line 92, in ?
    execfile(t__name)
  File &quot;accuracy7.py&quot;, line 19, in ?
    cdt = orngStat.computeCDT(results) # req. for AUC
  File &quot;d:\ai\orange\orngStat.py&quot;, line 890, in computeCDT
    import corn
ImportError: DLL load failed: A dynamic link library (DLL) initialization routine failed.
</TEST><TEST DATE="2005-01-21" ITERATION="0" ITERATIONS="3" PLATFORM="win32" RESULT="error" RUN="00041" xml:space="preserve">Traceback (most recent call last):
  File &quot;D:/ai/Orange/regressionTests/xtest1.py&quot;, line 92, in ?
    execfile(t__name)
  File &quot;accuracy7.py&quot;, line 19, in ?
    cdt = orngStat.computeCDT(results) # req. for AUC
  File &quot;d:\ai\orange\orngStat.py&quot;, line 890, in computeCDT
    import corn
ImportError: DLL load failed: A dynamic link library (DLL) initialization routine failed.
</TEST><TEST DATE="2005-01-21" ITERATION="0" ITERATIONS="3" PLATFORM="win32" RESULT="error" RUN="00040" xml:space="preserve">Traceback (most recent call last):
  File &quot;D:/ai/Orange/regressionTests/xtest1.py&quot;, line 92, in ?
    execfile(t__name)
  File &quot;accuracy7.py&quot;, line 19, in ?
    cdt = orngStat.computeCDT(results) # req. for AUC
  File &quot;d:\ai\orange\orngStat.py&quot;, line 890, in computeCDT
    import corn
ImportError: DLL load failed: A dynamic link library (DLL) initialization routine failed.
</TEST><TEST DATE="2005-01-21" ITERATION="0" ITERATIONS="3" PLATFORM="win32" RESULT="error" RUN="00039" xml:space="preserve">Traceback (most recent call last):
  File &quot;D:/ai/Orange/regressionTests/xtest1.py&quot;, line 92, in ?
    execfile(t__name)
  File &quot;accuracy7.py&quot;, line 19, in ?
    cdt = orngStat.computeCDT(results) # req. for AUC
  File &quot;d:\ai\orange\orngStat.py&quot;, line 890, in computeCDT
    import corn
ImportError: DLL load failed: A dynamic link library (DLL) initialization routine failed.
</TEST><TEST DATE="2005-01-21" ITERATION="0" ITERATIONS="3" PLATFORM="win32" RESULT="error" RUN="00038" xml:space="preserve">Traceback (most recent call last):
  File &quot;D:/ai/Orange/regressionTests/xtest1.py&quot;, line 92, in ?
    execfile(t__name)
  File &quot;accuracy7.py&quot;, line 19, in ?
    cdt = orngStat.computeCDT(results) # req. for AUC
  File &quot;d:\ai\orange\orngStat.py&quot;, line 890, in computeCDT
    import corn
ImportError: DLL load failed: A dynamic link library (DLL) initialization routine failed.
</TEST><TEST DATE="2005-01-21" ITERATION="0" ITERATIONS="3" PLATFORM="win32" RESULT="error" RUN="00037" xml:space="preserve">Traceback (most recent call last):
  File &quot;D:/ai/Orange/regressionTests/xtest1.py&quot;, line 92, in ?
    execfile(t__name)
  File &quot;accuracy7.py&quot;, line 19, in ?
    cdt = orngStat.computeCDT(results) # req. for AUC
  File &quot;d:\ai\orange\orngStat.py&quot;, line 890, in computeCDT
    import corn
ImportError: DLL load failed: A dynamic link library (DLL) initialization routine failed.
</TEST><TEST DATE="2004-11-29" ITERATIONS="3" PLATFORM="win32" RESULT="OK" RUN="00036"/><TEST DATE="2004-09-17" ITERATIONS="3" PLATFORM="win32" RESULT="OK" RUN="00035"/><TEST DATE="2004-09-17" ITERATIONS="3" PLATFORM="win32" RESULT="OK" RUN="00034"/><TEST DATE="2004-08-21" ITERATIONS="3" PLATFORM="linux2" RESULT="OK" RUN="00013"/><TEST DATE="2004-08-21" ITERATIONS="3" PLATFORM="win32" RESULT="OK" RUN="00012"/><TEST DATE="2004-08-20" ITERATIONS="3" PLATFORM="win32" RESULT="OK" RUN="00011"/><TEST DATE="2004-08-20" ITERATIONS="3" PLATFORM="win32" RESULT="OK" RUN="00010"/><TEST DATE="2004-08-19" ITERATIONS="3" PLATFORM="win32" RESULT="OK" RUN="00009"/><TEST DATE="2004-08-19" ITERATIONS="3" PLATFORM="win32" RESULT="OK" RUN="00008"/><TEST DATE="2004-08-19" ITERATIONS="3" PLATFORM="win32" RESULT="OK" RUN="00007"/><TEST DATE="2004-08-19" ITERATIONS="3" PLATFORM="win32" RESULT="OK" RUN="00006"/><TEST DATE="2004-07-15" ITERATIONS="3" PLATFORM="win32" RESULT="OK" RUN="00005"/><TEST DATE="2004-06-05" ITERATIONS="3" PLATFORM="win32" RESULT="OK" RUN="00004"/><TEST DATE="2004-06-03" ITERATIONS="1" PLATFORM="win32" RESULT="OK" RUN="00003"/><TEST DATE="2004-06-03" ITERATIONS="1" PLATFORM="win32" RESULT="OK" RUN="00002"/></FILE><FILE directory="ofb" name="assoc1.py"><TEST DATE="2006-03-15" ITERATIONS="3" PLATFORM="win32" RESULT="OK" RUN="00071"/><TEST DATE="2006-03-14" ITERATIONS="3" PLATFORM="win32" RESULT="OK" RUN="00068"/><TEST DATE="2006-03-10" ITERATIONS="3" PLATFORM="win32" RESULT="OK" RUN="00058"/><TEST DATE="2005-06-18" ITERATIONS="1" PLATFORM="win32" RESULT="OK" RUN="00056"/><TEST DATE="2005-03-09" ITERATIONS="1" PLATFORM="win32" RESULT="OK" RUN="00055"/><TEST DATE="2005-02-14" ITERATIONS="1" PLATFORM="win32" RESULT="OK" RUN="00056"/><TEST DATE="2005-01-31" ITERATIONS="3" PLATFORM="win32" RESULT="OK" RUN="00054"/><TEST DATE="2005-01-29" ITERATIONS="3" PLATFORM="win32" RESULT="OK" RUN="00053"/><TEST DATE="2005-01-28" ITERATIONS="1" PLATFORM="win32" RESULT="OK" RUN="00051"/><TEST DATE="2005-01-27" ITERATIONS="3" PLATFORM="win32" RESULT="OK" RUN="00050"/><TEST DATE="2005-01-27" ITERATIONS="3" PLATFORM="win32" RESULT="OK" RUN="00045"/><TEST DATE="2005-01-27" ITERATIONS="3" PLATFORM="win32" RESULT="changed" RUN="00044"/><TEST DATE="2005-01-27" ITERATIONS="3" PLATFORM="win32" RESULT="changed" RUN="00043"/><TEST DATE="2005-01-21" ITERATIONS="3" PLATFORM="win32" RESULT="changed" RUN="00042"/><TEST DATE="2005-01-21" ITERATIONS="3" PLATFORM="win32" RESULT="changed" RUN="00041"/><TEST DATE="2005-01-21" ITERATIONS="3" PLATFORM="win32" RESULT="changed" RUN="00040"/><TEST DATE="2005-01-21" ITERATIONS="3" PLATFORM="win32" RESULT="changed" RUN="00039"/><TEST DATE="2005-01-21" ITERATIONS="3" PLATFORM="win32" RESULT="changed" RUN="00038"/><TEST DATE="2005-01-21" ITERATIONS="3" PLATFORM="win32" RESULT="changed" RUN="00037"/><TEST DATE="2004-11-29" ITERATIONS="3" PLATFORM="win32" RESULT="OK" RUN="00036"/><TEST DATE="2004-09-17" ITERATIONS="3" PLATFORM="win32" RESULT="OK" RUN="00035"/><TEST DATE="2004-09-17" ITERATIONS="3" PLATFORM="win32" RESULT="OK" RUN="00034"/><TEST DATE="2004-08-21" ITERATIONS="3" PLATFORM="linux2" RESULT="OK" RUN="00013"/><TEST DATE="2004-08-21" ITERATIONS="3" PLATFORM="win32" RESULT="OK" RUN="00012"/><TEST DATE="2004-08-20" ITERATIONS="3" PLATFORM="win32" RESULT="OK" RUN="00011"/><TEST DATE="2004-08-20" ITERATIONS="3" PLATFORM="win32" RESULT="OK" RUN="00010"/><TEST DATE="2004-08-19" ITERATIONS="3" PLATFORM="win32" RESULT="OK" RUN="00009"/><TEST DATE="2004-08-19" ITERATIONS="3" PLATFORM="win32" RESULT="OK" RUN="00008"/><TEST DATE="2004-08-19" ITERATIONS="3" PLATFORM="win32" RESULT="OK" RUN="00007"/><TEST DATE="2004-08-19" ITERATIONS="3" PLATFORM="win32" RESULT="OK" RUN="00006"/><TEST DATE="2004-07-15" ITERATIONS="3" PLATFORM="win32" RESULT="OK" RUN="00005"/><TEST DATE="2004-06-05" ITERATIONS="3" PLATFORM="win32" RESULT="OK" RUN="00004"/><TEST DATE="2004-06-03" ITERATIONS="1" PLATFORM="win32" RESULT="OK" RUN="00003"/><TEST DATE="2004-06-03" ITERATIONS="1" PLATFORM="win32" RESULT="OK" RUN="00002"/></FILE><FILE directory="ofb" name="assoc2.py"><TEST DATE="2006-03-15" ITERATIONS="3" PLATFORM="win32" RESULT="OK" RUN="00071"/><TEST DATE="2006-03-14" ITERATIONS="3" PLATFORM="win32" RESULT="OK" RUN="00068"/><TEST DATE="2006-03-10" ITERATIONS="3" PLATFORM="win32" RESULT="OK" RUN="00058"/><TEST DATE="2005-06-18" ITERATIONS="1" PLATFORM="win32" RESULT="OK" RUN="00056"/><TEST DATE="2005-03-09" ITERATIONS="1" PLATFORM="win32" RESULT="OK" RUN="00055"/><TEST DATE="2005-02-14" ITERATIONS="1" PLATFORM="win32" RESULT="OK" RUN="00056"/><TEST DATE="2005-01-31" ITERATIONS="3" PLATFORM="win32" RESULT="OK" RUN="00054"/><TEST DATE="2005-01-29" ITERATIONS="3" PLATFORM="win32" RESULT="OK" RUN="00053"/><TEST DATE="2005-01-28" ITERATIONS="1" PLATFORM="win32" RESULT="OK" RUN="00051"/><TEST DATE="2005-01-27" ITERATIONS="3" PLATFORM="win32" RESULT="OK" RUN="00050"/><TEST DATE="2005-01-27" ITERATIONS="3" PLATFORM="win32" RESULT="OK" RUN="00044"/><TEST DATE="2005-01-27" ITERATIONS="3" PLATFORM="win32" RESULT="OK" RUN="00043"/><TEST DATE="2005-01-21" ITERATIONS="3" PLATFORM="win32" RESULT="OK" RUN="00037"/><TEST DATE="2004-11-29" ITERATIONS="3" PLATFORM="win32" RESULT="OK" RUN="00036"/><TEST DATE="2004-09-17" ITERATIONS="3" PLATFORM="win32" RESULT="OK" RUN="00035"/><TEST DATE="2004-09-17" ITERATIONS="3" PLATFORM="win32" RESULT="OK" RUN="00034"/><TEST DATE="2004-08-21" ITERATIONS="3" PLATFORM="linux2" RESULT="OK" RUN="00013"/><TEST DATE="2004-08-21" ITERATIONS="3" PLATFORM="win32" RESULT="OK" RUN="00012"/><TEST DATE="2004-08-20" ITERATIONS="3" PLATFORM="win32" RESULT="OK" RUN="00011"/><TEST DATE="2004-08-20" ITERATIONS="3" PLATFORM="win32" RESULT="OK" RUN="00010"/><TEST DATE="2004-08-19" ITERATIONS="3" PLATFORM="win32" RESULT="OK" RUN="00009"/><TEST DATE="2004-08-19" ITERATIONS="3" PLATFORM="win32" RESULT="OK" RUN="00008"/><TEST DATE="2004-08-19" ITERATIONS="3" PLATFORM="win32" RESULT="OK" RUN="00007"/><TEST DATE="2004-08-19" ITERATIONS="3" PLATFORM="win32" RESULT="OK" RUN="00006"/><TEST DATE="2004-07-15" ITERATIONS="3" PLATFORM="win32" RESULT="OK" RUN="00005"/><TEST DATE="2004-06-05" ITERATIONS="3" PLATFORM="win32" RESULT="OK" RUN="00004"/><TEST DATE="2004-06-03" ITERATIONS="1" PLATFORM="win32" RESULT="OK" RUN="00003"/><TEST DATE="2004-06-03" ITERATIONS="1" PLATFORM="win32" RESULT="OK" RUN="00002"/></FILE><FILE directory="ofb" name="assoc3.py"><TEST DATE="2006-03-15" ITERATIONS="3" PLATFORM="win32" RESULT="OK" RUN="00071"/><TEST DATE="2006-03-14" ITERATIONS="3" PLATFORM="win32" RESULT="OK" RUN="00068"/><TEST DATE="2006-03-10" ITERATIONS="3" PLATFORM="win32" RESULT="OK" RUN="00058"/><TEST DATE="2005-06-18" ITERATIONS="1" PLATFORM="win32" RESULT="OK" RUN="00056"/><TEST DATE="2005-03-09" ITERATIONS="1" PLATFORM="win32" RESULT="OK" RUN="00055"/><TEST DATE="2005-02-14" ITERATIONS="1" PLATFORM="win32" RESULT="OK" RUN="00056"/><TEST DATE="2005-01-31" ITERATIONS="3" PLATFORM="win32" RESULT="OK" RUN="00054"/><TEST DATE="2005-01-29" ITERATIONS="3" PLATFORM="win32" RESULT="OK" RUN="00053"/><TEST DATE="2005-01-28" ITERATIONS="1" PLATFORM="win32" RESULT="OK" RUN="00051"/><TEST DATE="2005-01-27" ITERATIONS="3" PLATFORM="win32" RESULT="OK" RUN="00050"/><TEST DATE="2005-01-27" ITERATIONS="3" PLATFORM="win32" RESULT="OK" RUN="00044"/><TEST DATE="2005-01-27" ITERATIONS="3" PLATFORM="win32" RESULT="OK" RUN="00043"/><TEST DATE="2005-01-21" ITERATIONS="3" PLATFORM="win32" RESULT="OK" RUN="00037"/><TEST DATE="2004-11-29" ITERATIONS="3" PLATFORM="win32" RESULT="OK" RUN="00036"/><TEST DATE="2004-09-17" ITERATIONS="3" PLATFORM="win32" RESULT="OK" RUN="00035"/><TEST DATE="2004-09-17" ITERATIONS="3" PLATFORM="win32" RESULT="OK" RUN="00034"/><TEST DATE="2004-08-21" ITERATIONS="3" PLATFORM="linux2" RESULT="OK" RUN="00013"/><TEST DATE="2004-08-21" ITERATIONS="3" PLATFORM="win32" RESULT="OK" RUN="00012"/><TEST DATE="2004-08-20" ITERATIONS="3" PLATFORM="win32" RESULT="OK" RUN="00011"/><TEST DATE="2004-08-20" ITERATIONS="3" PLATFORM="win32" RESULT="OK" RUN="00010"/><TEST DATE="2004-08-19" ITERATIONS="3" PLATFORM="win32" RESULT="OK" RUN="00009"/><TEST DATE="2004-08-19" ITERATIONS="3" PLATFORM="win32" RESULT="OK" RUN="00008"/><TEST DATE="2004-08-19" ITERATIONS="3" PLATFORM="win32" RESULT="OK" RUN="00007"/><TEST DATE="2004-08-19" ITERATIONS="3" PLATFORM="win32" RESULT="OK" RUN="00006"/><TEST DATE="2004-07-15" ITERATIONS="3" PLATFORM="win32" RESULT="OK" RUN="00005"/><TEST DATE="2004-06-05" ITERATIONS="3" PLATFORM="win32" RESULT="OK" RUN="00004"/><TEST DATE="2004-06-03" ITERATIONS="1" PLATFORM="win32" RESULT="OK" RUN="00003"/><TEST DATE="2004-06-03" ITERATIONS="1" PLATFORM="win32" RESULT="OK" RUN="00002"/></FILE><FILE directory="ofb" name="bagging.py"><TEST DATE="2006-03-15" ITERATIONS="3" PLATFORM="win32" RESULT="OK" RUN="00071"/><TEST DATE="2006-03-14" ITERATIONS="3" PLATFORM="win32" RESULT="OK" RUN="00068"/><TEST DATE="2006-03-10" ITERATIONS="3" PLATFORM="win32" RESULT="OK" RUN="00058"/><TEST DATE="2005-06-18" ITERATIONS="1" PLATFORM="win32" RESULT="OK" RUN="00056"/><TEST DATE="2005-03-09" ITERATIONS="1" PLATFORM="win32" RESULT="OK" RUN="00055"/><TEST DATE="2005-02-14" ITERATIONS="1" PLATFORM="win32" RESULT="OK" RUN="00056"/><TEST DATE="2005-01-31" ITERATIONS="3" PLATFORM="win32" RESULT="OK" RUN="00054"/><TEST DATE="2005-01-29" ITERATIONS="3" PLATFORM="win32" RESULT="OK" RUN="00053"/><TEST DATE="2005-01-28" ITERATIONS="1" PLATFORM="win32" RESULT="OK" RUN="00051"/><TEST DATE="2005-01-27" ITERATIONS="3" PLATFORM="win32" RESULT="OK" RUN="00050"/><TEST DATE="2005-01-27" ITERATIONS="3" PLATFORM="win32" RESULT="OK" RUN="00044"/><TEST DATE="2005-01-27" ITERATIONS="3" PLATFORM="win32" RESULT="OK" RUN="00043"/><TEST DATE="2005-01-21" ITERATIONS="3" PLATFORM="win32" RESULT="OK" RUN="00037"/><TEST DATE="2004-11-29" ITERATIONS="3" PLATFORM="win32" RESULT="OK" RUN="00036"/><TEST DATE="2004-09-17" ITERATIONS="3" PLATFORM="win32" RESULT="OK" RUN="00035"/><TEST DATE="2004-09-17" ITERATIONS="3" PLATFORM="win32" RESULT="OK" RUN="00034"/><TEST DATE="2004-08-21" ITERATIONS="3" PLATFORM="linux2" RESULT="OK" RUN="00013"/><TEST DATE="2004-08-21" ITERATIONS="3" PLATFORM="win32" RESULT="OK" RUN="00012"/><TEST DATE="2004-08-20" ITERATIONS="3" PLATFORM="win32" RESULT="OK" RUN="00011"/><TEST DATE="2004-08-20" ITERATIONS="3" PLATFORM="win32" RESULT="OK" RUN="00010"/><TEST DATE="2004-08-19" ITERATIONS="3" PLATFORM="win32" RESULT="OK" RUN="00009"/><TEST DATE="2004-08-19" ITERATIONS="3" PLATFORM="win32" RESULT="OK" RUN="00008"/><TEST DATE="2004-08-19" ITERATIONS="3" PLATFORM="win32" RESULT="OK" RUN="00007"/><TEST DATE="2004-08-19" ITERATIONS="3" PLATFORM="win32" RESULT="OK" RUN="00006"/><TEST DATE="2004-07-15" ITERATIONS="3" PLATFORM="win32" RESULT="OK" RUN="00005"/><TEST DATE="2004-06-05" ITERATIONS="3" PLATFORM="win32" RESULT="OK" RUN="00004"/><TEST DATE="2004-06-03" ITERATIONS="1" PLATFORM="win32" RESULT="OK" RUN="00003"/><TEST DATE="2004-06-03" ITERATIONS="1" PLATFORM="win32" RESULT="OK" RUN="00002"/></FILE><FILE directory="ofb" name="bagging_test.py"><TEST DATE="2006-03-15" ITERATIONS="3" PLATFORM="win32" RESULT="OK" RUN="00071"/><TEST DATE="2006-03-14" ITERATIONS="3" PLATFORM="win32" RESULT="OK" RUN="00068"/><TEST DATE="2006-03-10" ITERATIONS="3" PLATFORM="win32" RESULT="OK" RUN="00059"/><TEST DATE="2006-03-10" ITERATIONS="3" PLATFORM="win32" RESULT="changed" RUN="00058"/><TEST DATE="2005-06-18" ITERATIONS="1" PLATFORM="win32" RESULT="OK" RUN="00056"/><TEST DATE="2005-03-09" ITERATIONS="1" PLATFORM="win32" RESULT="OK" RUN="00055"/><TEST DATE="2005-02-14" ITERATIONS="1" PLATFORM="win32" RESULT="OK" RUN="00056"/><TEST DATE="2005-01-31" ITERATIONS="3" PLATFORM="win32" RESULT="OK" RUN="00054"/><TEST DATE="2005-01-29" ITERATIONS="3" PLATFORM="win32" RESULT="OK" RUN="00053"/><TEST DATE="2005-01-28" ITERATIONS="1" PLATFORM="win32" RESULT="OK" RUN="00051"/><TEST DATE="2005-01-27" ITERATIONS="3" PLATFORM="win32" RESULT="OK" RUN="00050"/><TEST DATE="2005-01-27" ITERATIONS="3" PLATFORM="win32" RESULT="OK" RUN="00044"/><TEST DATE="2005-01-27" ITERATION="0" ITERATIONS="3" PLATFORM="win32" RESULT="error" RUN="00043" xml:space="preserve">Traceback (most recent call last):
  File &quot;D:/ai/Orange/regressionTests/xtest1.py&quot;, line 92, in ?
    execfile(t__name)
  File &quot;bagging_test.py&quot;, line 16, in ?
    results = orngTest.crossValidation(learners, data, folds=5)
  File &quot;d:\ai\orange\orngTest.py&quot;, line 159, in crossValidation
    indices = orange.MakeRandomIndicesCV(examples, folds, stratified = strat, randomGenerator = randomGenerator)
TypeError: invalid parameter type for MakeRandomIndicesCV.folds', (int expected)
</TEST><TEST DATE="2005-01-21" ITERATIONS="3" PLATFORM="win32" RESULT="OK" RUN="00037"/><TEST DATE="2004-11-29" ITERATIONS="3" PLATFORM="win32" RESULT="OK" RUN="00036"/><TEST DATE="2004-09-17" ITERATIONS="3" PLATFORM="win32" RESULT="OK" RUN="00035"/><TEST DATE="2004-09-17" ITERATIONS="3" PLATFORM="win32" RESULT="OK" RUN="00034"/><TEST DATE="2004-08-26" ITERATIONS="3" PLATFORM="linux2" RESULT="changed" RUN="00031"/><TEST DATE="2004-08-26" ITERATIONS="3" PLATFORM="linux2" RESULT="changed" RUN="00030"/><TEST DATE="2004-08-26" ITERATIONS="3" PLATFORM="linux2" RESULT="changed" RUN="00029"/><TEST DATE="2004-08-26" ITERATIONS="3" PLATFORM="linux2" RESULT="changed" RUN="00028"/><TEST DATE="2004-08-21" ITERATIONS="3" PLATFORM="linux2" RESULT="changed" RUN="00013"/><TEST DATE="2004-08-21" ITERATIONS="3" PLATFORM="win32" RESULT="OK" RUN="00012"/><TEST DATE="2004-08-20" ITERATIONS="3" PLATFORM="win32" RESULT="OK" RUN="00011"/><TEST DATE="2004-08-20" ITERATIONS="3" PLATFORM="win32" RESULT="OK" RUN="00010"/><TEST DATE="2004-08-19" ITERATIONS="3" PLATFORM="win32" RESULT="OK" RUN="00009"/><TEST DATE="2004-08-19" ITERATIONS="3" PLATFORM="win32" RESULT="OK" RUN="00008"/><TEST DATE="2004-08-19" ITERATIONS="3" PLATFORM="win32" RESULT="OK" RUN="00007"/><TEST DATE="2004-08-19" ITERATIONS="3" PLATFORM="win32" RESULT="OK" RUN="00006"/><TEST DATE="2004-07-15" ITERATIONS="3" PLATFORM="win32" RESULT="OK" RUN="00005"/><TEST DATE="2004-06-05" ITERATIONS="3" PLATFORM="win32" RESULT="OK" RUN="00004"/><TEST DATE="2004-06-03" ITERATIONS="1" PLATFORM="win32" RESULT="OK" RUN="00003"/><TEST DATE="2004-06-03" ITERATIONS="1" PLATFORM="win32" RESULT="OK" RUN="00002"/></FILE><FILE directory="ofb" name="bayes.py"><TEST DATE="2006-03-15" ITERATIONS="3" PLATFORM="win32" RESULT="OK" RUN="00071"/><TEST DATE="2006-03-14" ITERATIONS="3" PLATFORM="win32" RESULT="OK" RUN="00068"/><TEST DATE="2006-03-10" ITERATIONS="3" PLATFORM="win32" RESULT="OK" RUN="00058"/><TEST DATE="2005-06-18" ITERATIONS="1" PLATFORM="win32" RESULT="OK" RUN="00056"/><TEST DATE="2005-03-09" ITERATIONS="1" PLATFORM="win32" RESULT="OK" RUN="00055"/><TEST DATE="2005-02-14" ITERATIONS="1" PLATFORM="win32" RESULT="OK" RUN="00056"/><TEST DATE="2005-01-31" ITERATIONS="3" PLATFORM="win32" RESULT="OK" RUN="00054"/><TEST DATE="2005-01-29" ITERATIONS="3" PLATFORM="win32" RESULT="OK" RUN="00053"/><TEST DATE="2005-01-28" ITERATIONS="1" PLATFORM="win32" RESULT="OK" RUN="00051"/><TEST DATE="2005-01-27" ITERATIONS="3" PLATFORM="win32" RESULT="OK" RUN="00050"/><TEST DATE="2005-01-27" ITERATIONS="3" PLATFORM="win32" RESULT="OK" RUN="00044"/><TEST DATE="2005-01-27" ITERATIONS="3" PLATFORM="win32" RESULT="OK" RUN="00043"/><TEST DATE="2005-01-21" ITERATIONS="3" PLATFORM="win32" RESULT="OK" RUN="00037"/><TEST DATE="2004-11-29" ITERATIONS="3" PLATFORM="win32" RESULT="OK" RUN="00036"/><TEST DATE="2004-09-17" ITERATIONS="3" PLATFORM="win32" RESULT="OK" RUN="00035"/><TEST DATE="2004-09-17" ITERATIONS="3" PLATFORM="win32" RESULT="OK" RUN="00034"/><TEST DATE="2004-08-21" ITERATIONS="3" PLATFORM="linux2" RESULT="OK" RUN="00013"/><TEST DATE="2004-08-21" ITERATIONS="3" PLATFORM="win32" RESULT="OK" RUN="00012"/><TEST DATE="2004-08-20" ITERATIONS="3" PLATFORM="win32" RESULT="OK" RUN="00011"/><TEST DATE="2004-08-20" ITERATIONS="3" PLATFORM="win32" RESULT="OK" RUN="00010"/><TEST DATE="2004-08-19" ITERATIONS="3" PLATFORM="win32" RESULT="OK" RUN="00009"/><TEST DATE="2004-08-19" ITERATIONS="3" PLATFORM="win32" RESULT="OK" RUN="00008"/><TEST DATE="2004-08-19" ITERATIONS="3" PLATFORM="win32" RESULT="OK" RUN="00007"/><TEST DATE="2004-08-19" ITERATIONS="3" PLATFORM="win32" RESULT="OK" RUN="00006"/><TEST DATE="2004-07-15" ITERATIONS="3" PLATFORM="win32" RESULT="OK" RUN="00005"/><TEST DATE="2004-06-05" ITERATIONS="3" PLATFORM="win32" RESULT="OK" RUN="00004"/><TEST DATE="2004-06-03" ITERATIONS="1" PLATFORM="win32" RESULT="OK" RUN="00003"/><TEST DATE="2004-06-03" ITERATIONS="1" PLATFORM="win32" RESULT="OK" RUN="00002"/></FILE><FILE directory="ofb" name="bayes_test.py"><TEST DATE="2006-03-15" ITERATIONS="3" PLATFORM="win32" RESULT="OK" RUN="00071"/><TEST DATE="2006-03-14" ITERATIONS="3" PLATFORM="win32" RESULT="OK" RUN="00068"/><TEST DATE="2006-03-12" ITERATIONS="3" PLATFORM="win32" RESULT="OK" RUN="00061"/><TEST DATE="2006-03-12" ITERATIONS="3" PLATFORM="win32" RESULT="changed" RUN="00060"/><TEST DATE="2006-03-10" ITERATIONS="3" PLATFORM="win32" RESULT="changed" RUN="00059"/><TEST DATE="2006-03-10" ITERATIONS="3" PLATFORM="win32" RESULT="changed" RUN="00058"/><TEST DATE="2005-06-18" ITERATIONS="1" PLATFORM="win32" RESULT="OK" RUN="00056"/><TEST DATE="2005-03-09" ITERATIONS="1" PLATFORM="win32" RESULT="OK" RUN="00055"/><TEST DATE="2005-02-14" ITERATIONS="1" PLATFORM="win32" RESULT="OK" RUN="00056"/><TEST DATE="2005-01-31" ITERATIONS="3" PLATFORM="win32" RESULT="OK" RUN="00054"/><TEST DATE="2005-01-29" ITERATIONS="3" PLATFORM="win32" RESULT="OK" RUN="00053"/><TEST DATE="2005-01-28" ITERATIONS="1" PLATFORM="win32" RESULT="OK" RUN="00051"/><TEST DATE="2005-01-27" ITERATIONS="3" PLATFORM="win32" RESULT="OK" RUN="00050"/><TEST DATE="2005-01-27" ITERATIONS="3" PLATFORM="win32" RESULT="OK" RUN="00045"/><TEST DATE="2005-01-27" ITERATIONS="3" PLATFORM="win32" RESULT="changed" RUN="00044"/><TEST DATE="2005-01-27" ITERATION="0" ITERATIONS="3" PLATFORM="win32" RESULT="error" RUN="00043" xml:space="preserve">Traceback (most recent call last):
  File &quot;D:/ai/Orange/regressionTests/xtest1.py&quot;, line 92, in ?
    execfile(t__name)
  File &quot;bayes_test.py&quot;, line 15, in ?
    results = orngTest.crossValidation(learners, data)
  File &quot;d:\ai\orange\orngTest.py&quot;, line 159, in crossValidation
    indices = orange.MakeRandomIndicesCV(examples, folds, stratified = strat, randomGenerator = randomGenerator)
TypeError: invalid parameter type for MakeRandomIndicesCV.folds', (int expected)
</TEST><TEST DATE="2005-01-21" ITERATIONS="3" PLATFORM="win32" RESULT="OK" RUN="00037"/><TEST DATE="2004-11-29" ITERATIONS="3" PLATFORM="win32" RESULT="OK" RUN="00036"/><TEST DATE="2004-09-17" ITERATIONS="3" PLATFORM="win32" RESULT="OK" RUN="00035"/><TEST DATE="2004-09-17" ITERATIONS="3" PLATFORM="win32" RESULT="OK" RUN="00034"/><TEST DATE="2004-08-21" ITERATIONS="3" PLATFORM="linux2" RESULT="OK" RUN="00013"/><TEST DATE="2004-08-21" ITERATIONS="3" PLATFORM="win32" RESULT="OK" RUN="00012"/><TEST DATE="2004-08-20" ITERATIONS="3" PLATFORM="win32" RESULT="OK" RUN="00011"/><TEST DATE="2004-08-20" ITERATIONS="3" PLATFORM="win32" RESULT="OK" RUN="00010"/><TEST DATE="2004-08-19" ITERATIONS="3" PLATFORM="win32" RESULT="OK" RUN="00009"/><TEST DATE="2004-08-19" ITERATIONS="3" PLATFORM="win32" RESULT="OK" RUN="00008"/><TEST DATE="2004-08-19" ITERATIONS="3" PLATFORM="win32" RESULT="OK" RUN="00007"/><TEST DATE="2004-08-19" ITERATIONS="3" PLATFORM="win32" RESULT="OK" RUN="00006"/><TEST DATE="2004-07-15" ITERATIONS="3" PLATFORM="win32" RESULT="OK" RUN="00005"/><TEST DATE="2004-06-05" ITERATIONS="3" PLATFORM="win32" RESULT="OK" RUN="00004"/><TEST DATE="2004-06-03" ITERATIONS="1" PLATFORM="win32" RESULT="OK" RUN="00003"/><TEST DATE="2004-06-03" ITERATIONS="1" PLATFORM="win32" RESULT="OK" RUN="00002"/></FILE><FILE directory="ofb" name="classifier.py"><TEST DATE="2006-03-15" ITERATIONS="3" PLATFORM="win32" RESULT="OK" RUN="00071"/><TEST DATE="2006-03-14" ITERATIONS="3" PLATFORM="win32" RESULT="OK" RUN="00068"/><TEST DATE="2006-03-10" ITERATIONS="3" PLATFORM="win32" RESULT="OK" RUN="00058"/><TEST DATE="2005-06-18" ITERATIONS="1" PLATFORM="win32" RESULT="OK" RUN="00056"/><TEST DATE="2005-03-09" ITERATIONS="1" PLATFORM="win32" RESULT="OK" RUN="00055"/><TEST DATE="2005-02-14" ITERATIONS="1" PLATFORM="win32" RESULT="OK" RUN="00056"/><TEST DATE="2005-01-31" ITERATIONS="3" PLATFORM="win32" RESULT="OK" RUN="00054"/><TEST DATE="2005-01-29" ITERATIONS="3" PLATFORM="win32" RESULT="OK" RUN="00053"/><TEST DATE="2005-01-28" ITERATIONS="1" PLATFORM="win32" RESULT="OK" RUN="00051"/><TEST DATE="2005-01-27" ITERATIONS="3" PLATFORM="win32" RESULT="OK" RUN="00050"/><TEST DATE="2005-01-27" ITERATIONS="3" PLATFORM="win32" RESULT="OK" RUN="00044"/><TEST DATE="2005-01-27" ITERATIONS="3" PLATFORM="win32" RESULT="OK" RUN="00043"/><TEST DATE="2005-01-21" ITERATIONS="3" PLATFORM="win32" RESULT="OK" RUN="00037"/><TEST DATE="2004-11-29" ITERATIONS="3" PLATFORM="win32" RESULT="OK" RUN="00036"/><TEST DATE="2004-09-17" ITERATIONS="3" PLATFORM="win32" RESULT="OK" RUN="00035"/><TEST DATE="2004-09-17" ITERATIONS="3" PLATFORM="win32" RESULT="OK" RUN="00034"/><TEST DATE="2004-08-21" ITERATIONS="3" PLATFORM="linux2" RESULT="OK" RUN="00013"/><TEST DATE="2004-08-21" ITERATIONS="3" PLATFORM="win32" RESULT="OK" RUN="00012"/><TEST DATE="2004-08-20" ITERATIONS="3" PLATFORM="win32" RESULT="OK" RUN="00011"/><TEST DATE="2004-08-20" ITERATIONS="3" PLATFORM="win32" RESULT="OK" RUN="00010"/><TEST DATE="2004-08-19" ITERATIONS="3" PLATFORM="win32" RESULT="OK" RUN="00009"/><TEST DATE="2004-08-19" ITERATIONS="3" PLATFORM="win32" RESULT="OK" RUN="00008"/><TEST DATE="2004-08-19" ITERATIONS="3" PLATFORM="win32" RESULT="OK" RUN="00007"/><TEST DATE="2004-08-19" ITERATIONS="3" PLATFORM="win32" RESULT="OK" RUN="00006"/><TEST DATE="2004-07-15" ITERATIONS="3" PLATFORM="win32" RESULT="OK" RUN="00005"/><TEST DATE="2004-06-05" ITERATIONS="3" PLATFORM="win32" RESULT="OK" RUN="00004"/><TEST DATE="2004-06-03" ITERATIONS="1" PLATFORM="win32" RESULT="OK" RUN="00003"/><TEST DATE="2004-06-03" ITERATIONS="1" PLATFORM="win32" RESULT="OK" RUN="00002"/></FILE><FILE directory="ofb" name="classifier2.py"><TEST DATE="2006-03-15" ITERATIONS="3" PLATFORM="win32" RESULT="OK" RUN="00071"/><TEST DATE="2006-03-14" ITERATIONS="3" PLATFORM="win32" RESULT="OK" RUN="00068"/><TEST DATE="2006-03-10" ITERATIONS="3" PLATFORM="win32" RESULT="OK" RUN="00058"/><TEST DATE="2005-06-18" ITERATIONS="1" PLATFORM="win32" RESULT="OK" RUN="00056"/><TEST DATE="2005-03-09" ITERATIONS="1" PLATFORM="win32" RESULT="OK" RUN="00055"/><TEST DATE="2005-02-14" ITERATIONS="1" PLATFORM="win32" RESULT="OK" RUN="00056"/><TEST DATE="2005-01-31" ITERATIONS="3" PLATFORM="win32" RESULT="OK" RUN="00054"/><TEST DATE="2005-01-29" ITERATIONS="3" PLATFORM="win32" RESULT="OK" RUN="00053"/><TEST DATE="2005-01-28" ITERATIONS="1" PLATFORM="win32" RESULT="OK" RUN="00051"/><TEST DATE="2005-01-27" ITERATIONS="3" PLATFORM="win32" RESULT="OK" RUN="00050"/><TEST DATE="2005-01-27" ITERATIONS="3" PLATFORM="win32" RESULT="OK" RUN="00044"/><TEST DATE="2005-01-27" ITERATIONS="3" PLATFORM="win32" RESULT="OK" RUN="00043"/><TEST DATE="2005-01-21" ITERATIONS="3" PLATFORM="win32" RESULT="OK" RUN="00037"/><TEST DATE="2004-11-29" ITERATIONS="3" PLATFORM="win32" RESULT="OK" RUN="00036"/><TEST DATE="2004-09-17" ITERATIONS="3" PLATFORM="win32" RESULT="OK" RUN="00035"/><TEST DATE="2004-09-17" ITERATIONS="3" PLATFORM="win32" RESULT="OK" RUN="00034"/><TEST DATE="2004-08-21" ITERATIONS="3" PLATFORM="linux2" RESULT="OK" RUN="00013"/><TEST DATE="2004-08-21" ITERATIONS="3" PLATFORM="win32" RESULT="OK" RUN="00012"/><TEST DATE="2004-08-20" ITERATIONS="3" PLATFORM="win32" RESULT="OK" RUN="00011"/><TEST DATE="2004-08-20" ITERATIONS="3" PLATFORM="win32" RESULT="OK" RUN="00010"/><TEST DATE="2004-08-19" ITERATIONS="3" PLATFORM="win32" RESULT="OK" RUN="00009"/><TEST DATE="2004-08-19" ITERATIONS="3" PLATFORM="win32" RESULT="OK" RUN="00008"/><TEST DATE="2004-08-19" ITERATIONS="3" PLATFORM="win32" RESULT="OK" RUN="00007"/><TEST DATE="2004-08-19" ITERATIONS="3" PLATFORM="win32" RESULT="OK" RUN="00006"/><TEST DATE="2004-07-15" ITERATIONS="3" PLATFORM="win32" RESULT="OK" RUN="00005"/><TEST DATE="2004-06-05" ITERATIONS="3" PLATFORM="win32" RESULT="OK" RUN="00004"/><TEST DATE="2004-06-03" ITERATIONS="1" PLATFORM="win32" RESULT="OK" RUN="00003"/><TEST DATE="2004-06-03" ITERATIONS="1" PLATFORM="win32" RESULT="OK" RUN="00002"/></FILE><FILE directory="ofb" name="data_characteristics.py"><TEST DATE="2006-03-15" ITERATIONS="3" PLATFORM="win32" RESULT="OK" RUN="00071"/><TEST DATE="2006-03-14" ITERATIONS="3" PLATFORM="win32" RESULT="OK" RUN="00068"/><TEST DATE="2006-03-10" ITERATIONS="3" PLATFORM="win32" RESULT="OK" RUN="00058"/><TEST DATE="2005-06-18" ITERATIONS="1" PLATFORM="win32" RESULT="OK" RUN="00056"/><TEST DATE="2005-03-09" ITERATIONS="1" PLATFORM="win32" RESULT="OK" RUN="00055"/><TEST DATE="2005-02-14" ITERATIONS="1" PLATFORM="win32" RESULT="OK" RUN="00056"/><TEST DATE="2005-01-31" ITERATIONS="3" PLATFORM="win32" RESULT="OK" RUN="00054"/><TEST DATE="2005-01-29" ITERATIONS="3" PLATFORM="win32" RESULT="OK" RUN="00053"/><TEST DATE="2005-01-28" ITERATIONS="1" PLATFORM="win32" RESULT="OK" RUN="00051"/><TEST DATE="2005-01-27" ITERATIONS="3" PLATFORM="win32" RESULT="OK" RUN="00050"/><TEST DATE="2005-01-27" ITERATIONS="3" PLATFORM="win32" RESULT="OK" RUN="00044"/><TEST DATE="2005-01-27" ITERATIONS="3" PLATFORM="win32" RESULT="OK" RUN="00043"/><TEST DATE="2005-01-21" ITERATIONS="3" PLATFORM="win32" RESULT="OK" RUN="00037"/><TEST DATE="2004-11-29" ITERATIONS="3" PLATFORM="win32" RESULT="OK" RUN="00036"/><TEST DATE="2004-09-17" ITERATIONS="3" PLATFORM="win32" RESULT="OK" RUN="00035"/><TEST DATE="2004-09-17" ITERATIONS="3" PLATFORM="win32" RESULT="OK" RUN="00034"/><TEST DATE="2004-08-21" ITERATIONS="3" PLATFORM="linux2" RESULT="OK" RUN="00013"/><TEST DATE="2004-08-21" ITERATIONS="3" PLATFORM="win32" RESULT="OK" RUN="00012"/><TEST DATE="2004-08-20" ITERATIONS="3" PLATFORM="win32" RESULT="OK" RUN="00011"/><TEST DATE="2004-08-20" ITERATIONS="3" PLATFORM="win32" RESULT="OK" RUN="00010"/><TEST DATE="2004-08-19" ITERATIONS="3" PLATFORM="win32" RESULT="OK" RUN="00009"/><TEST DATE="2004-08-19" ITERATIONS="3" PLATFORM="win32" RESULT="OK" RUN="00008"/><TEST DATE="2004-08-19" ITERATIONS="3" PLATFORM="win32" RESULT="OK" RUN="00007"/><TEST DATE="2004-08-19" ITERATIONS="3" PLATFORM="win32" RESULT="OK" RUN="00006"/><TEST DATE="2004-07-15" ITERATIONS="3" PLATFORM="win32" RESULT="OK" RUN="00005"/><TEST DATE="2004-06-05" ITERATIONS="3" PLATFORM="win32" RESULT="OK" RUN="00004"/><TEST DATE="2004-06-03" ITERATIONS="1" PLATFORM="win32" RESULT="OK" RUN="00003"/><TEST DATE="2004-06-03" ITERATIONS="1" PLATFORM="win32" RESULT="OK" RUN="00002"/></FILE><FILE directory="ofb" name="data_characteristics2.py"><TEST DATE="2006-03-15" ITERATIONS="3" PLATFORM="win32" RESULT="OK" RUN="00071"/><TEST DATE="2006-03-14" ITERATIONS="3" PLATFORM="win32" RESULT="OK" RUN="00068"/><TEST DATE="2006-03-10" ITERATIONS="3" PLATFORM="win32" RESULT="OK" RUN="00058"/><TEST DATE="2005-06-18" ITERATIONS="1" PLATFORM="win32" RESULT="OK" RUN="00056"/><TEST DATE="2005-03-09" ITERATIONS="1" PLATFORM="win32" RESULT="OK" RUN="00055"/><TEST DATE="2005-02-14" ITERATIONS="1" PLATFORM="win32" RESULT="OK" RUN="00056"/><TEST DATE="2005-01-31" ITERATIONS="3" PLATFORM="win32" RESULT="OK" RUN="00054"/><TEST DATE="2005-01-29" ITERATIONS="3" PLATFORM="win32" RESULT="OK" RUN="00053"/><TEST DATE="2005-01-28" ITERATIONS="1" PLATFORM="win32" RESULT="OK" RUN="00051"/><TEST DATE="2005-01-27" ITERATIONS="3" PLATFORM="win32" RESULT="OK" RUN="00050"/><TEST DATE="2005-01-27" ITERATIONS="3" PLATFORM="win32" RESULT="OK" RUN="00044"/><TEST DATE="2005-01-27" ITERATIONS="3" PLATFORM="win32" RESULT="OK" RUN="00043"/><TEST DATE="2005-01-21" ITERATIONS="3" PLATFORM="win32" RESULT="OK" RUN="00037"/><TEST DATE="2004-11-29" ITERATIONS="3" PLATFORM="win32" RESULT="OK" RUN="00036"/><TEST DATE="2004-09-17" ITERATIONS="3" PLATFORM="win32" RESULT="OK" RUN="00035"/><TEST DATE="2004-09-17" ITERATIONS="3" PLATFORM="win32" RESULT="OK" RUN="00034"/><TEST DATE="2004-08-21" ITERATIONS="3" PLATFORM="linux2" RESULT="OK" RUN="00013"/><TEST DATE="2004-08-21" ITERATIONS="3" PLATFORM="win32" RESULT="OK" RUN="00012"/><TEST DATE="2004-08-20" ITERATIONS="3" PLATFORM="win32" RESULT="OK" RUN="00011"/><TEST DATE="2004-08-20" ITERATIONS="3" PLATFORM="win32" RESULT="OK" RUN="00010"/><TEST DATE="2004-08-19" ITERATIONS="3" PLATFORM="win32" RESULT="OK" RUN="00009"/><TEST DATE="2004-08-19" ITERATIONS="3" PLATFORM="win32" RESULT="OK" RUN="00008"/><TEST DATE="2004-08-19" ITERATIONS="3" PLATFORM="win32" RESULT="OK" RUN="00007"/><TEST DATE="2004-08-19" ITERATIONS="3" PLATFORM="win32" RESULT="OK" RUN="00006"/><TEST DATE="2004-07-15" ITERATIONS="3" PLATFORM="win32" RESULT="OK" RUN="00005"/><TEST DATE="2004-06-05" ITERATIONS="3" PLATFORM="win32" RESULT="OK" RUN="00004"/><TEST DATE="2004-06-03" ITERATIONS="1" PLATFORM="win32" RESULT="OK" RUN="00003"/><TEST DATE="2004-06-03" ITERATIONS="1" PLATFORM="win32" RESULT="OK" RUN="00002"/></FILE><FILE directory="ofb" name="data_characteristics3.py"><TEST DATE="2006-03-15" ITERATIONS="3" PLATFORM="win32" RESULT="OK" RUN="00071"/><TEST DATE="2006-03-14" ITERATIONS="3" PLATFORM="win32" RESULT="OK" RUN="00068"/><TEST DATE="2006-03-10" ITERATIONS="3" PLATFORM="win32" RESULT="OK" RUN="00058"/><TEST DATE="2005-06-18" ITERATIONS="1" PLATFORM="win32" RESULT="OK" RUN="00056"/><TEST DATE="2005-03-09" ITERATIONS="1" PLATFORM="win32" RESULT="OK" RUN="00055"/><TEST DATE="2005-02-14" ITERATIONS="1" PLATFORM="win32" RESULT="OK" RUN="00056"/><TEST DATE="2005-01-31" ITERATIONS="3" PLATFORM="win32" RESULT="OK" RUN="00054"/><TEST DATE="2005-01-29" ITERATIONS="3" PLATFORM="win32" RESULT="OK" RUN="00053"/><TEST DATE="2005-01-28" ITERATIONS="1" PLATFORM="win32" RESULT="OK" RUN="00051"/><TEST DATE="2005-01-27" ITERATIONS="3" PLATFORM="win32" RESULT="OK" RUN="00050"/><TEST DATE="2005-01-27" ITERATIONS="3" PLATFORM="win32" RESULT="OK" RUN="00044"/><TEST DATE="2005-01-27" ITERATIONS="3" PLATFORM="win32" RESULT="OK" RUN="00043"/><TEST DATE="2005-01-21" ITERATIONS="3" PLATFORM="win32" RESULT="OK" RUN="00037"/><TEST DATE="2004-11-29" ITERATIONS="3" PLATFORM="win32" RESULT="OK" RUN="00036"/><TEST DATE="2004-09-17" ITERATIONS="3" PLATFORM="win32" RESULT="OK" RUN="00035"/><TEST DATE="2004-09-17" ITERATIONS="3" PLATFORM="win32" RESULT="OK" RUN="00034"/><TEST DATE="2004-08-21" ITERATIONS="3" PLATFORM="linux2" RESULT="OK" RUN="00013"/><TEST DATE="2004-08-21" ITERATIONS="3" PLATFORM="win32" RESULT="OK" RUN="00012"/><TEST DATE="2004-08-20" ITERATIONS="3" PLATFORM="win32" RESULT="OK" RUN="00011"/><TEST DATE="2004-08-20" ITERATIONS="3" PLATFORM="win32" RESULT="OK" RUN="00010"/><TEST DATE="2004-08-19" ITERATIONS="3" PLATFORM="win32" RESULT="OK" RUN="00009"/><TEST DATE="2004-08-19" ITERATIONS="3" PLATFORM="win32" RESULT="OK" RUN="00008"/><TEST DATE="2004-08-19" ITERATIONS="3" PLATFORM="win32" RESULT="OK" RUN="00007"/><TEST DATE="2004-08-19" ITERATIONS="3" PLATFORM="win32" RESULT="OK" RUN="00006"/><TEST DATE="2004-07-15" ITERATIONS="3" PLATFORM="win32" RESULT="OK" RUN="00005"/><TEST DATE="2004-06-05" ITERATIONS="3" PLATFORM="win32" RESULT="OK" RUN="00004"/><TEST DATE="2004-06-03" ITERATIONS="1" PLATFORM="win32" RESULT="OK" RUN="00003"/><TEST DATE="2004-06-03" ITERATIONS="1" PLATFORM="win32" RESULT="OK" RUN="00002"/></FILE><FILE directory="ofb" name="data_characteristics4.py"><TEST DATE="2006-03-15" ITERATIONS="3" PLATFORM="win32" RESULT="OK" RUN="00071"/><TEST DATE="2006-03-14" ITERATIONS="3" PLATFORM="win32" RESULT="OK" RUN="00068"/><TEST DATE="2006-03-10" ITERATIONS="3" PLATFORM="win32" RESULT="OK" RUN="00058"/><TEST DATE="2005-06-18" ITERATIONS="1" PLATFORM="win32" RESULT="OK" RUN="00056"/><TEST DATE="2005-03-09" ITERATIONS="1" PLATFORM="win32" RESULT="OK" RUN="00055"/><TEST DATE="2005-02-14" ITERATIONS="1" PLATFORM="win32" RESULT="OK" RUN="00056"/><TEST DATE="2005-01-31" ITERATIONS="3" PLATFORM="win32" RESULT="OK" RUN="00054"/><TEST DATE="2005-01-29" ITERATIONS="3" PLATFORM="win32" RESULT="OK" RUN="00053"/><TEST DATE="2005-01-28" ITERATIONS="1" PLATFORM="win32" RESULT="OK" RUN="00051"/><TEST DATE="2005-01-27" ITERATIONS="3" PLATFORM="win32" RESULT="OK" RUN="00050"/><TEST DATE="2005-01-27" ITERATIONS="3" PLATFORM="win32" RESULT="OK" RUN="00044"/><TEST DATE="2005-01-27" ITERATIONS="3" PLATFORM="win32" RESULT="OK" RUN="00043"/><TEST DATE="2005-01-21" ITERATIONS="3" PLATFORM="win32" RESULT="OK" RUN="00039"/><TEST DATE="2005-01-21" ITERATIONS="3" PLATFORM="win32" RESULT="changed" RUN="00038"/><TEST DATE="2005-01-21" ITERATIONS="3" PLATFORM="win32" RESULT="changed" RUN="00037"/><TEST DATE="2004-11-29" ITERATIONS="3" PLATFORM="win32" RESULT="OK" RUN="00036"/><TEST DATE="2004-09-17" ITERATIONS="3" PLATFORM="win32" RESULT="OK" RUN="00035"/><TEST DATE="2004-09-17" ITERATIONS="3" PLATFORM="win32" RESULT="OK" RUN="00034"/><TEST DATE="2004-08-26" ITERATIONS="3" PLATFORM="linux2" RESULT="OK" RUN="00030"/><TEST DATE="2004-08-26" ITERATIONS="3" PLATFORM="linux2" RESULT="changed" RUN="00029"/><TEST DATE="2004-08-26" ITERATIONS="3" PLATFORM="linux2" RESULT="changed" RUN="00028"/><TEST DATE="2004-08-21" ITERATIONS="3" PLATFORM="linux2" RESULT="changed" RUN="00013"/><TEST DATE="2004-08-21" ITERATIONS="3" PLATFORM="win32" RESULT="OK" RUN="00012"/><TEST DATE="2004-08-20" ITERATIONS="3" PLATFORM="win32" RESULT="OK" RUN="00011"/><TEST DATE="2004-08-20" ITERATIONS="3" PLATFORM="win32" RESULT="OK" RUN="00010"/><TEST DATE="2004-08-19" ITERATIONS="3" PLATFORM="win32" RESULT="OK" RUN="00009"/><TEST DATE="2004-08-19" ITERATIONS="3" PLATFORM="win32" RESULT="OK" RUN="00008"/><TEST DATE="2004-08-19" ITERATIONS="3" PLATFORM="win32" RESULT="OK" RUN="00007"/><TEST DATE="2004-08-19" ITERATIONS="3" PLATFORM="win32" RESULT="OK" RUN="00006"/><TEST DATE="2004-07-15" ITERATIONS="3" PLATFORM="win32" RESULT="OK" RUN="00005"/><TEST DATE="2004-06-05" ITERATIONS="3" PLATFORM="win32" RESULT="OK" RUN="00004"/><TEST DATE="2004-06-03" ITERATIONS="1" PLATFORM="win32" RESULT="OK" RUN="00003"/><TEST DATE="2004-06-03" ITERATIONS="1" PLATFORM="win32" RESULT="OK" RUN="00002"/></FILE><FILE directory="ofb" name="disc.py"><TEST DATE="2006-03-15" ITERATIONS="3" PLATFORM="win32" RESULT="OK" RUN="00071"/><TEST DATE="2006-03-14" ITERATIONS="3" PLATFORM="win32" RESULT="OK" RUN="00068"/><TEST DATE="2006-03-10" ITERATIONS="3" PLATFORM="win32" RESULT="OK" RUN="00058"/><TEST DATE="2005-06-18" ITERATIONS="1" PLATFORM="win32" RESULT="OK" RUN="00056"/><TEST DATE="2005-03-09" ITERATIONS="1" PLATFORM="win32" RESULT="OK" RUN="00055"/><TEST DATE="2005-02-14" ITERATIONS="1" PLATFORM="win32" RESULT="OK" RUN="00056"/><TEST DATE="2005-01-31" ITERATIONS="3" PLATFORM="win32" RESULT="OK" RUN="00054"/><TEST DATE="2005-01-29" ITERATIONS="3" PLATFORM="win32" RESULT="OK" RUN="00053"/><TEST DATE="2005-01-28" ITERATIONS="1" PLATFORM="win32" RESULT="OK" RUN="00051"/><TEST DATE="2005-01-27" ITERATIONS="3" PLATFORM="win32" RESULT="OK" RUN="00050"/><TEST DATE="2005-01-27" ITERATIONS="3" PLATFORM="win32" RESULT="OK" RUN="00044"/><TEST DATE="2005-01-27" ITERATIONS="3" PLATFORM="win32" RESULT="OK" RUN="00043"/><TEST DATE="2005-01-21" ITERATIONS="3" PLATFORM="win32" RESULT="OK" RUN="00037"/><TEST DATE="2004-11-29" ITERATIONS="3" PLATFORM="win32" RESULT="OK" RUN="00036"/><TEST DATE="2004-09-17" ITERATIONS="3" PLATFORM="win32" RESULT="OK" RUN="00035"/><TEST DATE="2004-09-17" ITERATIONS="3" PLATFORM="win32" RESULT="OK" RUN="00034"/><TEST DATE="2004-08-21" ITERATIONS="3" PLATFORM="linux2" RESULT="OK" RUN="00013"/><TEST DATE="2004-08-21" ITERATIONS="3" PLATFORM="win32" RESULT="OK" RUN="00012"/><TEST DATE="2004-08-20" ITERATIONS="3" PLATFORM="win32" RESULT="OK" RUN="00011"/><TEST DATE="2004-08-20" ITERATIONS="3" PLATFORM="win32" RESULT="OK" RUN="00010"/><TEST DATE="2004-08-19" ITERATIONS="3" PLATFORM="win32" RESULT="OK" RUN="00009"/><TEST DATE="2004-08-19" ITERATIONS="3" PLATFORM="win32" RESULT="OK" RUN="00008"/><TEST DATE="2004-08-19" ITERATIONS="3" PLATFORM="win32" RESULT="OK" RUN="00007"/><TEST DATE="2004-08-19" ITERATIONS="3" PLATFORM="win32" RESULT="OK" RUN="00006"/><TEST DATE="2004-07-15" ITERATIONS="3" PLATFORM="win32" RESULT="OK" RUN="00005"/><TEST DATE="2004-06-05" ITERATIONS="3" PLATFORM="win32" RESULT="OK" RUN="00004"/><TEST DATE="2004-06-03" ITERATIONS="1" PLATFORM="win32" RESULT="OK" RUN="00003"/><TEST DATE="2004-06-03" ITERATIONS="1" PLATFORM="win32" RESULT="OK" RUN="00002"/></FILE><FILE directory="ofb" name="disc1.py"><TEST DATE="2006-03-15" ITERATIONS="3" PLATFORM="win32" RESULT="OK" RUN="00071"/><TEST DATE="2006-03-14" ITERATIONS="3" PLATFORM="win32" RESULT="OK" RUN="00068"/><TEST DATE="2006-03-10" ITERATIONS="3" PLATFORM="win32" RESULT="OK" RUN="00058"/><TEST DATE="2005-06-18" ITERATIONS="1" PLATFORM="win32" RESULT="OK" RUN="00056"/><TEST DATE="2005-03-09" ITERATIONS="1" PLATFORM="win32" RESULT="OK" RUN="00055"/><TEST DATE="2005-02-14" ITERATIONS="1" PLATFORM="win32" RESULT="OK" RUN="00056"/><TEST DATE="2005-01-31" ITERATIONS="3" PLATFORM="win32" RESULT="OK" RUN="00054"/><TEST DATE="2005-01-29" ITERATIONS="3" PLATFORM="win32" RESULT="OK" RUN="00053"/><TEST DATE="2005-01-28" ITERATIONS="1" PLATFORM="win32" RESULT="OK" RUN="00051"/><TEST DATE="2005-01-27" ITERATIONS="3" PLATFORM="win32" RESULT="OK" RUN="00050"/><TEST DATE="2005-01-27" ITERATIONS="3" PLATFORM="win32" RESULT="OK" RUN="00044"/><TEST DATE="2005-01-27" ITERATIONS="3" PLATFORM="win32" RESULT="OK" RUN="00043"/><TEST DATE="2005-01-21" ITERATIONS="3" PLATFORM="win32" RESULT="OK" RUN="00037"/><TEST DATE="2004-11-29" ITERATIONS="3" PLATFORM="win32" RESULT="OK" RUN="00036"/><TEST DATE="2004-09-17" ITERATIONS="3" PLATFORM="win32" RESULT="OK" RUN="00035"/><TEST DATE="2004-09-17" ITERATIONS="3" PLATFORM="win32" RESULT="OK" RUN="00034"/><TEST DATE="2004-08-21" ITERATIONS="3" PLATFORM="linux2" RESULT="OK" RUN="00013"/><TEST DATE="2004-08-21" ITERATIONS="3" PLATFORM="win32" RESULT="OK" RUN="00012"/><TEST DATE="2004-08-20" ITERATIONS="3" PLATFORM="win32" RESULT="OK" RUN="00011"/><TEST DATE="2004-08-20" ITERATIONS="3" PLATFORM="win32" RESULT="OK" RUN="00010"/><TEST DATE="2004-08-19" ITERATIONS="3" PLATFORM="win32" RESULT="OK" RUN="00009"/><TEST DATE="2004-08-19" ITERATIONS="3" PLATFORM="win32" RESULT="OK" RUN="00008"/><TEST DATE="2004-08-19" ITERATIONS="3" PLATFORM="win32" RESULT="OK" RUN="00007"/><TEST DATE="2004-08-19" ITERATIONS="3" PLATFORM="win32" RESULT="OK" RUN="00006"/><TEST DATE="2004-07-15" ITERATIONS="3" PLATFORM="win32" RESULT="OK" RUN="00005"/><TEST DATE="2004-06-05" ITERATIONS="3" PLATFORM="win32" RESULT="OK" RUN="00004"/><TEST DATE="2004-06-03" ITERATIONS="1" PLATFORM="win32" RESULT="OK" RUN="00003"/><TEST DATE="2004-06-03" ITERATIONS="1" PLATFORM="win32" RESULT="OK" RUN="00002"/></FILE><FILE directory="ofb" name="disc2.py"><TEST DATE="2006-03-15" ITERATIONS="3" PLATFORM="win32" RESULT="OK" RUN="00071"/><TEST DATE="2006-03-14" ITERATIONS="3" PLATFORM="win32" RESULT="OK" RUN="00068"/><TEST DATE="2006-03-10" ITERATIONS="3" PLATFORM="win32" RESULT="OK" RUN="00058"/><TEST DATE="2005-06-18" ITERATIONS="1" PLATFORM="win32" RESULT="OK" RUN="00056"/><TEST DATE="2005-03-09" ITERATIONS="1" PLATFORM="win32" RESULT="OK" RUN="00055"/><TEST DATE="2005-02-14" ITERATIONS="1" PLATFORM="win32" RESULT="OK" RUN="00056"/><TEST DATE="2005-01-31" ITERATIONS="3" PLATFORM="win32" RESULT="OK" RUN="00054"/><TEST DATE="2005-01-29" ITERATIONS="3" PLATFORM="win32" RESULT="OK" RUN="00053"/><TEST DATE="2005-01-28" ITERATIONS="1" PLATFORM="win32" RESULT="OK" RUN="00051"/><TEST DATE="2005-01-27" ITERATIONS="3" PLATFORM="win32" RESULT="OK" RUN="00050"/><TEST DATE="2005-01-27" ITERATIONS="3" PLATFORM="win32" RESULT="OK" RUN="00044"/><TEST DATE="2005-01-27" ITERATIONS="3" PLATFORM="win32" RESULT="OK" RUN="00043"/><TEST DATE="2005-01-21" ITERATIONS="3" PLATFORM="win32" RESULT="OK" RUN="00037"/><TEST DATE="2004-11-29" ITERATIONS="3" PLATFORM="win32" RESULT="OK" RUN="00036"/><TEST DATE="2004-09-17" ITERATIONS="3" PLATFORM="win32" RESULT="OK" RUN="00035"/><TEST DATE="2004-09-17" ITERATIONS="3" PLATFORM="win32" RESULT="OK" RUN="00034"/><TEST DATE="2004-08-21" ITERATIONS="3" PLATFORM="linux2" RESULT="OK" RUN="00013"/><TEST DATE="2004-08-21" ITERATIONS="3" PLATFORM="win32" RESULT="OK" RUN="00012"/><TEST DATE="2004-08-20" ITERATIONS="3" PLATFORM="win32" RESULT="OK" RUN="00011"/><TEST DATE="2004-08-20" ITERATIONS="3" PLATFORM="win32" RESULT="OK" RUN="00010"/><TEST DATE="2004-08-19" ITERATIONS="3" PLATFORM="win32" RESULT="OK" RUN="00009"/><TEST DATE="2004-08-19" ITERATIONS="3" PLATFORM="win32" RESULT="OK" RUN="00008"/><TEST DATE="2004-08-19" ITERATIONS="3" PLATFORM="win32" RESULT="OK" RUN="00007"/><TEST DATE="2004-08-19" ITERATIONS="3" PLATFORM="win32" RESULT="OK" RUN="00006"/><TEST DATE="2004-07-15" ITERATIONS="3" PLATFORM="win32" RESULT="OK" RUN="00005"/><TEST DATE="2004-06-05" ITERATIONS="3" PLATFORM="win32" RESULT="OK" RUN="00004"/><TEST DATE="2004-06-03" ITERATIONS="1" PLATFORM="win32" RESULT="OK" RUN="00003"/><TEST DATE="2004-06-03" ITERATIONS="1" PLATFORM="win32" RESULT="OK" RUN="00002"/></FILE><FILE directory="ofb" name="disc3.py"><TEST DATE="2006-03-15" ITERATIONS="3" PLATFORM="win32" RESULT="OK" RUN="00071"/><TEST DATE="2006-03-14" ITERATIONS="3" PLATFORM="win32" RESULT="OK" RUN="00068"/><TEST DATE="2006-03-10" ITERATIONS="3" PLATFORM="win32" RESULT="OK" RUN="00058"/><TEST DATE="2005-06-18" ITERATIONS="1" PLATFORM="win32" RESULT="OK" RUN="00056"/><TEST DATE="2005-03-09" ITERATIONS="1" PLATFORM="win32" RESULT="OK" RUN="00055"/><TEST DATE="2005-02-14" ITERATIONS="1" PLATFORM="win32" RESULT="OK" RUN="00056"/><TEST DATE="2005-01-31" ITERATIONS="3" PLATFORM="win32" RESULT="OK" RUN="00054"/><TEST DATE="2005-01-29" ITERATIONS="3" PLATFORM="win32" RESULT="OK" RUN="00053"/><TEST DATE="2005-01-28" ITERATIONS="1" PLATFORM="win32" RESULT="OK" RUN="00051"/><TEST DATE="2005-01-27" ITERATIONS="3" PLATFORM="win32" RESULT="OK" RUN="00050"/><TEST DATE="2005-01-27" ITERATIONS="3" PLATFORM="win32" RESULT="OK" RUN="00044"/><TEST DATE="2005-01-27" ITERATIONS="3" PLATFORM="win32" RESULT="OK" RUN="00043"/><TEST DATE="2005-01-21" ITERATIONS="3" PLATFORM="win32" RESULT="OK" RUN="00040"/><TEST DATE="2005-01-21" ITERATION="0" ITERATIONS="3" PLATFORM="win32" RESULT="error" RUN="00039" xml:space="preserve">Traceback (most recent call last):
  File &quot;D:/ai/Orange/regressionTests/xtest1.py&quot;, line 92, in ?
    execfile(t__name)
  File &quot;disc3.py&quot;, line 21, in ?
    pl.values = sl.values = [&quot;very low&quot;, &quot;low&quot;, &quot;high&quot;, &quot;very high&quot;]
SystemError: Orange class OrangeVector&lt;class std::basic_string&lt;char,struct std::char_traits&lt;char&gt;,class std::allocator&lt;char&gt; &gt;,1&gt;, needed for 'EnumVariable.values' not exported to Python
</TEST><TEST DATE="2005-01-21" ITERATION="0" ITERATIONS="3" PLATFORM="win32" RESULT="error" RUN="00038" xml:space="preserve">Traceback (most recent call last):
  File &quot;D:/ai/Orange/regressionTests/xtest1.py&quot;, line 92, in ?
    execfile(t__name)
  File &quot;disc3.py&quot;, line 21, in ?
    pl.values = sl.values = [&quot;very low&quot;, &quot;low&quot;, &quot;high&quot;, &quot;very high&quot;]
SystemError: Orange class OrangeVector&lt;class std::basic_string&lt;char,struct std::char_traits&lt;char&gt;,class std::allocator&lt;char&gt; &gt;,1&gt;, needed for 'EnumVariable.values' not exported to Python
</TEST><TEST DATE="2005-01-21" ITERATION="0" ITERATIONS="3" PLATFORM="win32" RESULT="error" RUN="00037" xml:space="preserve">Traceback (most recent call last):
  File &quot;D:/ai/Orange/regressionTests/xtest1.py&quot;, line 92, in ?
    execfile(t__name)
  File &quot;disc3.py&quot;, line 21, in ?
    pl.values = sl.values = [&quot;very low&quot;, &quot;low&quot;, &quot;high&quot;, &quot;very high&quot;]
SystemError: Orange class OrangeVector&lt;class std::basic_string&lt;char,struct std::char_traits&lt;char&gt;,class std::allocator&lt;char&gt; &gt;,1&gt;, needed for 'EnumVariable.values' not exported to Python
</TEST><TEST DATE="2004-11-29" ITERATIONS="3" PLATFORM="win32" RESULT="OK" RUN="00036"/><TEST DATE="2004-09-17" ITERATIONS="3" PLATFORM="win32" RESULT="OK" RUN="00035"/><TEST DATE="2004-09-17" ITERATIONS="3" PLATFORM="win32" RESULT="OK" RUN="00034"/><TEST DATE="2004-08-21" ITERATIONS="3" PLATFORM="linux2" RESULT="OK" RUN="00013"/><TEST DATE="2004-08-21" ITERATIONS="3" PLATFORM="win32" RESULT="OK" RUN="00012"/><TEST DATE="2004-08-20" ITERATIONS="3" PLATFORM="win32" RESULT="OK" RUN="00011"/><TEST DATE="2004-08-20" ITERATIONS="3" PLATFORM="win32" RESULT="OK" RUN="00010"/><TEST DATE="2004-08-19" ITERATIONS="3" PLATFORM="win32" RESULT="OK" RUN="00009"/><TEST DATE="2004-08-19" ITERATIONS="3" PLATFORM="win32" RESULT="OK" RUN="00008"/><TEST DATE="2004-08-19" ITERATIONS="3" PLATFORM="win32" RESULT="OK" RUN="00007"/><TEST DATE="2004-08-19" ITERATIONS="3" PLATFORM="win32" RESULT="OK" RUN="00006"/><TEST DATE="2004-07-15" ITERATIONS="3" PLATFORM="win32" RESULT="OK" RUN="00005"/><TEST DATE="2004-06-05" ITERATIONS="3" PLATFORM="win32" RESULT="OK" RUN="00004"/><TEST DATE="2004-06-03" ITERATIONS="1" PLATFORM="win32" RESULT="OK" RUN="00003"/><TEST DATE="2004-06-03" ITERATIONS="1" PLATFORM="win32" RESULT="OK" RUN="00002"/></FILE><FILE directory="ofb" name="disc4.py"><TEST DATE="2006-03-15" ITERATIONS="3" PLATFORM="win32" RESULT="OK" RUN="00071"/><TEST DATE="2006-03-14" ITERATIONS="3" PLATFORM="win32" RESULT="OK" RUN="00068"/><TEST DATE="2006-03-10" ITERATIONS="3" PLATFORM="win32" RESULT="OK" RUN="00058"/><TEST DATE="2005-06-18" ITERATIONS="1" PLATFORM="win32" RESULT="OK" RUN="00056"/><TEST DATE="2005-03-09" ITERATIONS="1" PLATFORM="win32" RESULT="OK" RUN="00055"/><TEST DATE="2005-02-14" ITERATIONS="1" PLATFORM="win32" RESULT="OK" RUN="00056"/><TEST DATE="2005-01-31" ITERATIONS="3" PLATFORM="win32" RESULT="OK" RUN="00054"/><TEST DATE="2005-01-29" ITERATIONS="3" PLATFORM="win32" RESULT="OK" RUN="00053"/><TEST DATE="2005-01-28" ITERATIONS="1" PLATFORM="win32" RESULT="OK" RUN="00051"/><TEST DATE="2005-01-27" ITERATIONS="3" PLATFORM="win32" RESULT="OK" RUN="00050"/><TEST DATE="2005-01-27" ITERATIONS="3" PLATFORM="win32" RESULT="OK" RUN="00044"/><TEST DATE="2005-01-27" ITERATIONS="3" PLATFORM="win32" RESULT="OK" RUN="00043"/><TEST DATE="2005-01-21" ITERATIONS="3" PLATFORM="win32" RESULT="OK" RUN="00037"/><TEST DATE="2004-11-29" ITERATIONS="3" PLATFORM="win32" RESULT="OK" RUN="00036"/><TEST DATE="2004-09-17" ITERATIONS="3" PLATFORM="win32" RESULT="OK" RUN="00035"/><TEST DATE="2004-09-17" ITERATIONS="3" PLATFORM="win32" RESULT="OK" RUN="00034"/><TEST DATE="2004-08-21" ITERATIONS="3" PLATFORM="linux2" RESULT="OK" RUN="00013"/><TEST DATE="2004-08-21" ITERATIONS="3" PLATFORM="win32" RESULT="OK" RUN="00012"/><TEST DATE="2004-08-20" ITERATIONS="3" PLATFORM="win32" RESULT="OK" RUN="00011"/><TEST DATE="2004-08-20" ITERATIONS="3" PLATFORM="win32" RESULT="OK" RUN="00010"/><TEST DATE="2004-08-19" ITERATIONS="3" PLATFORM="win32" RESULT="OK" RUN="00009"/><TEST DATE="2004-08-19" ITERATIONS="3" PLATFORM="win32" RESULT="OK" RUN="00008"/><TEST DATE="2004-08-19" ITERATIONS="3" PLATFORM="win32" RESULT="OK" RUN="00007"/><TEST DATE="2004-08-19" ITERATIONS="3" PLATFORM="win32" RESULT="OK" RUN="00006"/><TEST DATE="2004-07-15" ITERATIONS="3" PLATFORM="win32" RESULT="OK" RUN="00005"/><TEST DATE="2004-06-05" ITERATIONS="3" PLATFORM="win32" RESULT="OK" RUN="00004"/><TEST DATE="2004-06-03" ITERATIONS="1" PLATFORM="win32" RESULT="OK" RUN="00003"/><TEST DATE="2004-06-03" ITERATIONS="1" PLATFORM="win32" RESULT="OK" RUN="00002"/></FILE><FILE directory="ofb" name="disc5.py"><TEST DATE="2006-03-15" ITERATIONS="3" PLATFORM="win32" RESULT="OK" RUN="00071"/><TEST DATE="2006-03-14" ITERATIONS="3" PLATFORM="win32" RESULT="OK" RUN="00068"/><TEST DATE="2006-03-10" ITERATIONS="3" PLATFORM="win32" RESULT="OK" RUN="00058"/><TEST DATE="2005-06-18" ITERATIONS="1" PLATFORM="win32" RESULT="OK" RUN="00056"/><TEST DATE="2005-03-09" ITERATIONS="1" PLATFORM="win32" RESULT="OK" RUN="00055"/><TEST DATE="2005-02-14" ITERATIONS="1" PLATFORM="win32" RESULT="OK" RUN="00056"/><TEST DATE="2005-01-31" ITERATIONS="3" PLATFORM="win32" RESULT="OK" RUN="00054"/><TEST DATE="2005-01-29" ITERATIONS="3" PLATFORM="win32" RESULT="OK" RUN="00053"/><TEST DATE="2005-01-28" ITERATIONS="1" PLATFORM="win32" RESULT="OK" RUN="00051"/><TEST DATE="2005-01-27" ITERATIONS="3" PLATFORM="win32" RESULT="OK" RUN="00050"/><TEST DATE="2005-01-27" ITERATIONS="3" PLATFORM="win32" RESULT="OK" RUN="00044"/><TEST DATE="2005-01-27" ITERATIONS="3" PLATFORM="win32" RESULT="OK" RUN="00043"/><TEST DATE="2005-01-21" ITERATIONS="3" PLATFORM="win32" RESULT="OK" RUN="00040"/><TEST DATE="2005-01-21" ITERATION="0" ITERATIONS="3" PLATFORM="win32" RESULT="error" RUN="00039" xml:space="preserve">Traceback (most recent call last):
  File &quot;D:/ai/Orange/regressionTests/xtest1.py&quot;, line 92, in ?
    execfile(t__name)
  File &quot;disc5.py&quot;, line 19, in ?
    pl.getValueFrom.transformer.points = points2
SystemError: Orange class OrangeVector&lt;float,1&gt;, needed for 'IntervalDiscretizer.points' not exported to Python
</TEST><TEST DATE="2005-01-21" ITERATION="0" ITERATIONS="3" PLATFORM="win32" RESULT="error" RUN="00038" xml:space="preserve">Traceback (most recent call last):
  File &quot;D:/ai/Orange/regressionTests/xtest1.py&quot;, line 92, in ?
    execfile(t__name)
  File &quot;disc5.py&quot;, line 19, in ?
    pl.getValueFrom.transformer.points = points2
SystemError: Orange class OrangeVector&lt;float,1&gt;, needed for 'IntervalDiscretizer.points' not exported to Python
</TEST><TEST DATE="2005-01-21" ITERATION="0" ITERATIONS="3" PLATFORM="win32" RESULT="error" RUN="00037" xml:space="preserve">Traceback (most recent call last):
  File &quot;D:/ai/Orange/regressionTests/xtest1.py&quot;, line 92, in ?
    execfile(t__name)
  File &quot;disc5.py&quot;, line 19, in ?
    pl.getValueFrom.transformer.points = points2
SystemError: Orange class OrangeVector&lt;float,1&gt;, needed for 'IntervalDiscretizer.points' not exported to Python
</TEST><TEST DATE="2004-11-29" ITERATIONS="3" PLATFORM="win32" RESULT="OK" RUN="00036"/><TEST DATE="2004-09-17" ITERATIONS="3" PLATFORM="win32" RESULT="OK" RUN="00035"/><TEST DATE="2004-09-17" ITERATIONS="3" PLATFORM="win32" RESULT="OK" RUN="00034"/><TEST DATE="2004-08-21" ITERATIONS="3" PLATFORM="linux2" RESULT="OK" RUN="00013"/><TEST DATE="2004-08-21" ITERATIONS="3" PLATFORM="win32" RESULT="OK" RUN="00012"/><TEST DATE="2004-08-20" ITERATIONS="3" PLATFORM="win32" RESULT="OK" RUN="00011"/><TEST DATE="2004-08-20" ITERATIONS="3" PLATFORM="win32" RESULT="OK" RUN="00010"/><TEST DATE="2004-08-19" ITERATIONS="3" PLATFORM="win32" RESULT="OK" RUN="00009"/><TEST DATE="2004-08-19" ITERATIONS="3" PLATFORM="win32" RESULT="OK" RUN="00008"/><TEST DATE="2004-08-19" ITERATIONS="3" PLATFORM="win32" RESULT="OK" RUN="00007"/><TEST DATE="2004-08-19" ITERATIONS="3" PLATFORM="win32" RESULT="OK" RUN="00006"/><TEST DATE="2004-07-15" ITERATIONS="3" PLATFORM="win32" RESULT="OK" RUN="00005"/><TEST DATE="2004-06-05" ITERATIONS="3" PLATFORM="win32" RESULT="OK" RUN="00004"/><TEST DATE="2004-06-03" ITERATIONS="1" PLATFORM="win32" RESULT="OK" RUN="00003"/><TEST DATE="2004-06-03" ITERATIONS="1" PLATFORM="win32" RESULT="OK" RUN="00002"/></FILE><FILE directory="ofb" name="disc6.py"><TEST DATE="2006-03-15" ITERATIONS="3" PLATFORM="win32" RESULT="OK" RUN="00071"/><TEST DATE="2006-03-14" ITERATIONS="3" PLATFORM="win32" RESULT="OK" RUN="00068"/><TEST DATE="2006-03-10" ITERATIONS="3" PLATFORM="win32" RESULT="OK" RUN="00058"/><TEST DATE="2005-06-18" ITERATIONS="1" PLATFORM="win32" RESULT="OK" RUN="00056"/><TEST DATE="2005-03-09" ITERATIONS="1" PLATFORM="win32" RESULT="OK" RUN="00055"/><TEST DATE="2005-02-14" ITERATIONS="1" PLATFORM="win32" RESULT="OK" RUN="00056"/><TEST DATE="2005-01-31" ITERATIONS="3" PLATFORM="win32" RESULT="OK" RUN="00054"/><TEST DATE="2005-01-29" ITERATIONS="3" PLATFORM="win32" RESULT="OK" RUN="00053"/><TEST DATE="2005-01-28" ITERATIONS="1" PLATFORM="win32" RESULT="OK" RUN="00051"/><TEST DATE="2005-01-27" ITERATIONS="3" PLATFORM="win32" RESULT="OK" RUN="00050"/><TEST DATE="2005-01-27" ITERATIONS="3" PLATFORM="win32" RESULT="OK" RUN="00044"/><TEST DATE="2005-01-27" ITERATIONS="3" PLATFORM="win32" RESULT="OK" RUN="00043"/><TEST DATE="2005-01-21" ITERATIONS="3" PLATFORM="win32" RESULT="OK" RUN="00040"/><TEST DATE="2005-01-21" ITERATION="0" ITERATIONS="3" PLATFORM="win32" RESULT="error" RUN="00039" xml:space="preserve">Traceback (most recent call last):
  File &quot;D:/ai/Orange/regressionTests/xtest1.py&quot;, line 92, in ?
    execfile(t__name)
  File &quot;disc6.py&quot;, line 22, in ?
    getValue.transformer.points = [2.0, 4.0]
SystemError: Orange class OrangeVector&lt;float,1&gt;, needed for 'IntervalDiscretizer.points' not exported to Python
</TEST><TEST DATE="2005-01-21" ITERATION="0" ITERATIONS="3" PLATFORM="win32" RESULT="error" RUN="00038" xml:space="preserve">Traceback (most recent call last):
  File &quot;D:/ai/Orange/regressionTests/xtest1.py&quot;, line 92, in ?
    execfile(t__name)
  File &quot;disc6.py&quot;, line 22, in ?
    getValue.transformer.points = [2.0, 4.0]
SystemError: Orange class OrangeVector&lt;float,1&gt;, needed for 'IntervalDiscretizer.points' not exported to Python
</TEST><TEST DATE="2005-01-21" ITERATION="0" ITERATIONS="3" PLATFORM="win32" RESULT="error" RUN="00037" xml:space="preserve">Traceback (most recent call last):
  File &quot;D:/ai/Orange/regressionTests/xtest1.py&quot;, line 92, in ?
    execfile(t__name)
  File &quot;disc6.py&quot;, line 22, in ?
    getValue.transformer.points = [2.0, 4.0]
SystemError: Orange class OrangeVector&lt;float,1&gt;, needed for 'IntervalDiscretizer.points' not exported to Python
</TEST><TEST DATE="2004-11-29" ITERATIONS="3" PLATFORM="win32" RESULT="OK" RUN="00036"/><TEST DATE="2004-09-17" ITERATIONS="3" PLATFORM="win32" RESULT="OK" RUN="00035"/><TEST DATE="2004-09-17" ITERATIONS="3" PLATFORM="win32" RESULT="OK" RUN="00034"/><TEST DATE="2004-08-21" ITERATIONS="3" PLATFORM="linux2" RESULT="OK" RUN="00013"/><TEST DATE="2004-08-21" ITERATIONS="3" PLATFORM="win32" RESULT="OK" RUN="00012"/><TEST DATE="2004-08-20" ITERATIONS="3" PLATFORM="win32" RESULT="OK" RUN="00011"/><TEST DATE="2004-08-20" ITERATIONS="3" PLATFORM="win32" RESULT="OK" RUN="00010"/><TEST DATE="2004-08-19" ITERATIONS="3" PLATFORM="win32" RESULT="OK" RUN="00009"/><TEST DATE="2004-08-19" ITERATIONS="3" PLATFORM="win32" RESULT="OK" RUN="00008"/><TEST DATE="2004-08-19" ITERATIONS="3" PLATFORM="win32" RESULT="OK" RUN="00007"/><TEST DATE="2004-08-19" ITERATIONS="3" PLATFORM="win32" RESULT="OK" RUN="00006"/><TEST DATE="2004-07-15" ITERATIONS="3" PLATFORM="win32" RESULT="OK" RUN="00005"/><TEST DATE="2004-06-05" ITERATIONS="3" PLATFORM="win32" RESULT="OK" RUN="00004"/><TEST DATE="2004-06-03" ITERATIONS="1" PLATFORM="win32" RESULT="OK" RUN="00003"/><TEST DATE="2004-06-03" ITERATIONS="1" PLATFORM="win32" RESULT="OK" RUN="00002"/></FILE><FILE directory="ofb" name="domain1.py"><TEST DATE="2006-03-15" ITERATIONS="3" PLATFORM="win32" RESULT="OK" RUN="00071"/><TEST DATE="2006-03-14" ITERATIONS="3" PLATFORM="win32" RESULT="OK" RUN="00068"/><TEST DATE="2006-03-10" ITERATIONS="3" PLATFORM="win32" RESULT="OK" RUN="00058"/><TEST DATE="2005-06-18" ITERATIONS="1" PLATFORM="win32" RESULT="OK" RUN="00056"/><TEST DATE="2005-03-09" ITERATIONS="1" PLATFORM="win32" RESULT="OK" RUN="00055"/><TEST DATE="2005-02-14" ITERATIONS="1" PLATFORM="win32" RESULT="OK" RUN="00056"/><TEST DATE="2005-01-31" ITERATIONS="3" PLATFORM="win32" RESULT="OK" RUN="00054"/><TEST DATE="2005-01-29" ITERATIONS="3" PLATFORM="win32" RESULT="OK" RUN="00053"/><TEST DATE="2005-01-28" ITERATIONS="1" PLATFORM="win32" RESULT="OK" RUN="00051"/><TEST DATE="2005-01-27" ITERATIONS="3" PLATFORM="win32" RESULT="OK" RUN="00050"/><TEST DATE="2005-01-27" ITERATIONS="3" PLATFORM="win32" RESULT="OK" RUN="00044"/><TEST DATE="2005-01-27" ITERATIONS="3" PLATFORM="win32" RESULT="OK" RUN="00043"/><TEST DATE="2005-01-21" ITERATIONS="3" PLATFORM="win32" RESULT="OK" RUN="00037"/><TEST DATE="2004-11-29" ITERATIONS="3" PLATFORM="win32" RESULT="OK" RUN="00036"/><TEST DATE="2004-09-17" ITERATIONS="3" PLATFORM="win32" RESULT="OK" RUN="00035"/><TEST DATE="2004-09-17" ITERATIONS="3" PLATFORM="win32" RESULT="OK" RUN="00034"/><TEST DATE="2004-08-21" ITERATIONS="3" PLATFORM="linux2" RESULT="OK" RUN="00013"/><TEST DATE="2004-08-21" ITERATIONS="3" PLATFORM="win32" RESULT="OK" RUN="00012"/><TEST DATE="2004-08-20" ITERATIONS="3" PLATFORM="win32" RESULT="OK" RUN="00011"/><TEST DATE="2004-08-20" ITERATIONS="3" PLATFORM="win32" RESULT="OK" RUN="00010"/><TEST DATE="2004-08-19" ITERATIONS="3" PLATFORM="win32" RESULT="OK" RUN="00009"/><TEST DATE="2004-08-19" ITERATIONS="3" PLATFORM="win32" RESULT="OK" RUN="00008"/><TEST DATE="2004-08-19" ITERATIONS="3" PLATFORM="win32" RESULT="OK" RUN="00007"/><TEST DATE="2004-08-19" ITERATIONS="3" PLATFORM="win32" RESULT="OK" RUN="00006"/><TEST DATE="2004-07-15" ITERATIONS="3" PLATFORM="win32" RESULT="OK" RUN="00005"/><TEST DATE="2004-06-05" ITERATIONS="3" PLATFORM="win32" RESULT="OK" RUN="00004"/><TEST DATE="2004-06-03" ITERATIONS="1" PLATFORM="win32" RESULT="OK" RUN="00003"/><TEST DATE="2004-06-03" ITERATIONS="1" PLATFORM="win32" RESULT="OK" RUN="00002"/></FILE><FILE directory="ofb" name="domain10.py"><TEST DATE="2006-03-15" ITERATIONS="3" PLATFORM="win32" RESULT="OK" RUN="00071"/><TEST DATE="2006-03-14" ITERATIONS="3" PLATFORM="win32" RESULT="OK" RUN="00068"/><TEST DATE="2006-03-10" ITERATIONS="3" PLATFORM="win32" RESULT="OK" RUN="00058"/><TEST DATE="2005-06-18" ITERATIONS="1" PLATFORM="win32" RESULT="OK" RUN="00056"/><TEST DATE="2005-03-09" ITERATIONS="1" PLATFORM="win32" RESULT="OK" RUN="00055"/><TEST DATE="2005-02-14" ITERATIONS="1" PLATFORM="win32" RESULT="OK" RUN="00056"/><TEST DATE="2005-01-31" ITERATIONS="3" PLATFORM="win32" RESULT="OK" RUN="00054"/><TEST DATE="2005-01-29" ITERATIONS="3" PLATFORM="win32" RESULT="OK" RUN="00053"/><TEST DATE="2005-01-28" ITERATIONS="1" PLATFORM="win32" RESULT="OK" RUN="00051"/><TEST DATE="2005-01-27" ITERATIONS="3" PLATFORM="win32" RESULT="OK" RUN="00050"/><TEST DATE="2005-01-27" ITERATIONS="3" PLATFORM="win32" RESULT="OK" RUN="00044"/><TEST DATE="2005-01-27" ITERATION="0" ITERATIONS="3" PLATFORM="win32" RESULT="error" RUN="00043" xml:space="preserve">Traceback (most recent call last):
  File &quot;D:/ai/Orange/regressionTests/xtest1.py&quot;, line 92, in ?
    execfile(t__name)
  File &quot;domain10.py&quot;, line 91, in ?
    results = orngTest.crossValidation(learners, data, folds=10)
  File &quot;d:\ai\orange\orngTest.py&quot;, line 159, in crossValidation
    indices = orange.MakeRandomIndicesCV(examples, folds, stratified = strat, randomGenerator = randomGenerator)
TypeError: invalid parameter type for MakeRandomIndicesCV.folds', (int expected)
</TEST><TEST DATE="2005-01-21" ITERATION="0" ITERATIONS="3" PLATFORM="win32" RESULT="error" RUN="00042" xml:space="preserve">Traceback (most recent call last):
  File &quot;D:/ai/Orange/regressionTests/xtest1.py&quot;, line 92, in ?
    execfile(t__name)
  File &quot;domain10.py&quot;, line 92, in ?
    cdt = orngStat.computeCDT(results) # req. for AUC
  File &quot;d:\ai\orange\orngStat.py&quot;, line 890, in computeCDT
    import corn
ImportError: DLL load failed: A dynamic link library (DLL) initialization routine failed.
</TEST><TEST DATE="2005-01-21" ITERATION="0" ITERATIONS="3" PLATFORM="win32" RESULT="error" RUN="00041" xml:space="preserve">Traceback (most recent call last):
  File &quot;D:/ai/Orange/regressionTests/xtest1.py&quot;, line 92, in ?
    execfile(t__name)
  File &quot;domain10.py&quot;, line 82, in ?
    warnings.filterwarnings(&quot;ignore&quot;, &quot;.*'BayesLearner': .*&quot;, orange.KernelWarning)
AttributeError: 'module' object has no attribute 'KernelWarning'
</TEST><TEST DATE="2005-01-21" ITERATION="0" ITERATIONS="3" PLATFORM="win32" RESULT="error" RUN="00040" xml:space="preserve">Traceback (most recent call last):
  File &quot;D:/ai/Orange/regressionTests/xtest1.py&quot;, line 92, in ?
    execfile(t__name)
  File &quot;domain10.py&quot;, line 82, in ?
    warnings.filterwarnings(&quot;ignore&quot;, &quot;.*'BayesLearner': .*&quot;, orange.KernelWarning)
AttributeError: 'module' object has no attribute 'KernelWarning'
</TEST><TEST DATE="2005-01-21" ITERATION="0" ITERATIONS="3" PLATFORM="win32" RESULT="error" RUN="00039" xml:space="preserve">Traceback (most recent call last):
  File &quot;D:/ai/Orange/regressionTests/xtest1.py&quot;, line 92, in ?
    execfile(t__name)
  File &quot;domain10.py&quot;, line 82, in ?
    warnings.filterwarnings(&quot;ignore&quot;, &quot;.*'BayesLearner': .*&quot;, orange.KernelWarning)
AttributeError: 'module' object has no attribute 'KernelWarning'
</TEST><TEST DATE="2005-01-21" ITERATION="0" ITERATIONS="3" PLATFORM="win32" RESULT="error" RUN="00038" xml:space="preserve">Traceback (most recent call last):
  File &quot;D:/ai/Orange/regressionTests/xtest1.py&quot;, line 92, in ?
    execfile(t__name)
  File &quot;domain10.py&quot;, line 82, in ?
    warnings.filterwarnings(&quot;ignore&quot;, &quot;.*'BayesLearner': .*&quot;, orange.KernelWarning)
AttributeError: 'module' object has no attribute 'KernelWarning'
</TEST><TEST DATE="2005-01-21" ITERATION="0" ITERATIONS="3" PLATFORM="win32" RESULT="error" RUN="00037" xml:space="preserve">Traceback (most recent call last):
  File &quot;D:/ai/Orange/regressionTests/xtest1.py&quot;, line 92, in ?
    execfile(t__name)
  File &quot;domain10.py&quot;, line 82, in ?
    warnings.filterwarnings(&quot;ignore&quot;, &quot;.*'BayesLearner': .*&quot;, orange.KernelWarning)
AttributeError: 'module' object has no attribute 'KernelWarning'
</TEST><TEST DATE="2004-11-29" ITERATIONS="3" PLATFORM="win32" RESULT="OK" RUN="00036"/><TEST DATE="2004-09-17" ITERATIONS="3" PLATFORM="win32" RESULT="OK" RUN="00035"/><TEST DATE="2004-09-17" ITERATIONS="3" PLATFORM="win32" RESULT="OK" RUN="00034"/><TEST DATE="2004-08-21" ITERATIONS="3" PLATFORM="linux2" RESULT="OK" RUN="00013"/><TEST DATE="2004-08-21" ITERATIONS="3" PLATFORM="win32" RESULT="OK" RUN="00012"/><TEST DATE="2004-08-20" ITERATIONS="3" PLATFORM="win32" RESULT="OK" RUN="00011"/><TEST DATE="2004-08-20" ITERATIONS="3" PLATFORM="win32" RESULT="OK" RUN="00010"/><TEST DATE="2004-08-19" ITERATIONS="3" PLATFORM="win32" RESULT="OK" RUN="00009"/><TEST DATE="2004-08-19" ITERATIONS="3" PLATFORM="win32" RESULT="OK" RUN="00008"/><TEST DATE="2004-08-19" ITERATIONS="3" PLATFORM="win32" RESULT="OK" RUN="00007"/><TEST DATE="2004-08-19" ITERATIONS="3" PLATFORM="win32" RESULT="OK" RUN="00006"/><TEST DATE="2004-07-15" ITERATIONS="3" PLATFORM="win32" RESULT="OK" RUN="00005"/><TEST DATE="2004-06-05" ITERATIONS="3" PLATFORM="win32" RESULT="OK" RUN="00004"/><TEST DATE="2004-06-03" ITERATIONS="1" PLATFORM="win32" RESULT="OK" RUN="00003"/><TEST DATE="2004-06-03" ITERATIONS="1" PLATFORM="win32" RESULT="OK" RUN="00002"/></FILE><FILE directory="ofb" name="domain11.py"><TEST DATE="2006-03-15" ITERATIONS="3" PLATFORM="win32" RESULT="OK" RUN="00071"/><TEST DATE="2006-03-14" ITERATIONS="3" PLATFORM="win32" RESULT="OK" RUN="00068"/><TEST DATE="2006-03-10" ITERATIONS="3" PLATFORM="win32" RESULT="OK" RUN="00058"/><TEST DATE="2005-06-18" ITERATIONS="1" PLATFORM="win32" RESULT="OK" RUN="00056"/><TEST DATE="2005-03-09" ITERATIONS="1" PLATFORM="win32" RESULT="OK" RUN="00055"/><TEST DATE="2005-02-14" ITERATIONS="1" PLATFORM="win32" RESULT="OK" RUN="00056"/><TEST DATE="2005-01-31" ITERATIONS="3" PLATFORM="win32" RESULT="OK" RUN="00054"/><TEST DATE="2005-01-29" ITERATIONS="3" PLATFORM="win32" RESULT="OK" RUN="00053"/><TEST DATE="2005-01-28" ITERATIONS="1" PLATFORM="win32" RESULT="OK" RUN="00051"/><TEST DATE="2005-01-27" ITERATIONS="3" PLATFORM="win32" RESULT="OK" RUN="00050"/><TEST DATE="2005-01-27" ITERATIONS="3" PLATFORM="win32" RESULT="OK" RUN="00044"/><TEST DATE="2005-01-27" ITERATIONS="3" PLATFORM="win32" RESULT="OK" RUN="00043"/><TEST DATE="2005-01-21" ITERATIONS="3" PLATFORM="win32" RESULT="OK" RUN="00042"/><TEST DATE="2005-01-21" ITERATIONS="3" PLATFORM="win32" RESULT="" RUN="00041"/><TEST DATE="2005-01-21" ITERATIONS="3" PLATFORM="win32" RESULT="" RUN="00040"/><TEST DATE="2005-01-21" ITERATIONS="3" PLATFORM="win32" RESULT="" RUN="00039"/><TEST DATE="2005-01-21" ITERATIONS="3" PLATFORM="win32" RESULT="" RUN="00038"/><TEST DATE="2005-01-21" ITERATIONS="3" PLATFORM="win32" RESULT="" RUN="00037"/><TEST DATE="2004-11-29" ITERATIONS="3" PLATFORM="win32" RESULT="OK" RUN="00036"/><TEST DATE="2004-09-17" ITERATIONS="3" PLATFORM="win32" RESULT="OK" RUN="00035"/><TEST DATE="2004-09-17" ITERATIONS="3" PLATFORM="win32" RESULT="OK" RUN="00034"/><TEST DATE="2004-08-21" ITERATIONS="3" PLATFORM="linux2" RESULT="OK" RUN="00013"/><TEST DATE="2004-08-21" ITERATIONS="3" PLATFORM="win32" RESULT="OK" RUN="00012"/><TEST DATE="2004-08-20" ITERATIONS="3" PLATFORM="win32" RESULT="OK" RUN="00011"/><TEST DATE="2004-08-20" ITERATIONS="3" PLATFORM="win32" RESULT="OK" RUN="00010"/><TEST DATE="2004-08-19" ITERATIONS="3" PLATFORM="win32" RESULT="OK" RUN="00009"/><TEST DATE="2004-08-19" ITERATIONS="3" PLATFORM="win32" RESULT="OK" RUN="00008"/><TEST DATE="2004-08-19" ITERATIONS="3" PLATFORM="win32" RESULT="OK" RUN="00007"/><TEST DATE="2004-08-19" ITERATIONS="3" PLATFORM="win32" RESULT="OK" RUN="00006"/><TEST DATE="2004-07-15" ITERATIONS="3" PLATFORM="win32" RESULT="OK" RUN="00005"/><TEST DATE="2004-06-05" ITERATIONS="3" PLATFORM="win32" RESULT="OK" RUN="00004"/><TEST DATE="2004-06-03" ITERATIONS="1" PLATFORM="win32" RESULT="OK" RUN="00003"/><TEST DATE="2004-06-03" ITERATIONS="1" PLATFORM="win32" RESULT="OK" RUN="00002"/></FILE><FILE directory="ofb" name="domain12.py"><TEST DATE="2006-03-15" ITERATIONS="3" PLATFORM="win32" RESULT="OK" RUN="00071"/><TEST DATE="2006-03-14" ITERATIONS="3" PLATFORM="win32" RESULT="OK" RUN="00068"/><TEST DATE="2006-03-10" ITERATIONS="3" PLATFORM="win32" RESULT="OK" RUN="00058"/><TEST DATE="2005-06-18" ITERATIONS="1" PLATFORM="win32" RESULT="OK" RUN="00056"/><TEST DATE="2005-03-09" ITERATIONS="1" PLATFORM="win32" RESULT="OK" RUN="00055"/><TEST DATE="2005-02-14" ITERATIONS="1" PLATFORM="win32" RESULT="OK" RUN="00056"/><TEST DATE="2005-01-31" ITERATIONS="3" PLATFORM="win32" RESULT="OK" RUN="00054"/><TEST DATE="2005-01-29" ITERATIONS="3" PLATFORM="win32" RESULT="OK" RUN="00053"/><TEST DATE="2005-01-28" ITERATIONS="1" PLATFORM="win32" RESULT="OK" RUN="00051"/><TEST DATE="2005-01-27" ITERATIONS="3" PLATFORM="win32" RESULT="OK" RUN="00050"/><TEST DATE="2005-01-27" ITERATIONS="3" PLATFORM="win32" RESULT="OK" RUN="00044"/><TEST DATE="2005-01-27" ITERATIONS="3" PLATFORM="win32" RESULT="OK" RUN="00043"/><TEST DATE="2005-01-21" ITERATIONS="3" PLATFORM="win32" RESULT="OK" RUN="00042"/><TEST DATE="2005-01-21" ITERATIONS="3" PLATFORM="win32" RESULT="" RUN="00041"/><TEST DATE="2005-01-21" ITERATIONS="3" PLATFORM="win32" RESULT="" RUN="00040"/><TEST DATE="2005-01-21" ITERATION="0" ITERATIONS="3" PLATFORM="win32" RESULT="error" RUN="00039" xml:space="preserve">Traceback (most recent call last):
  File &quot;D:/ai/Orange/regressionTests/xtest1.py&quot;, line 92, in ?
    execfile(t__name)
  File &quot;domain12.py&quot;, line 34, in ?
    price = orange.EnumVariable(&quot;price&quot;, values=[&quot;v-high&quot;, &quot;high&quot;, &quot;med&quot;, &quot;low&quot;])
SystemError: Orange class OrangeVector&lt;class std::basic_string&lt;char,struct std::char_traits&lt;char&gt;,class std::allocator&lt;char&gt; &gt;,1&gt;, needed for 'EnumVariable.values' not exported to Python
</TEST><TEST DATE="2005-01-21" ITERATION="0" ITERATIONS="3" PLATFORM="win32" RESULT="error" RUN="00038" xml:space="preserve">Traceback (most recent call last):
  File &quot;D:/ai/Orange/regressionTests/xtest1.py&quot;, line 92, in ?
    execfile(t__name)
  File &quot;domain12.py&quot;, line 34, in ?
    price = orange.EnumVariable(&quot;price&quot;, values=[&quot;v-high&quot;, &quot;high&quot;, &quot;med&quot;, &quot;low&quot;])
SystemError: Orange class OrangeVector&lt;class std::basic_string&lt;char,struct std::char_traits&lt;char&gt;,class std::allocator&lt;char&gt; &gt;,1&gt;, needed for 'EnumVariable.values' not exported to Python
</TEST><TEST DATE="2005-01-21" ITERATION="0" ITERATIONS="3" PLATFORM="win32" RESULT="error" RUN="00037" xml:space="preserve">Traceback (most recent call last):
  File &quot;D:/ai/Orange/regressionTests/xtest1.py&quot;, line 92, in ?
    execfile(t__name)
  File &quot;domain12.py&quot;, line 34, in ?
    price = orange.EnumVariable(&quot;price&quot;, values=[&quot;v-high&quot;, &quot;high&quot;, &quot;med&quot;, &quot;low&quot;])
SystemError: Orange class OrangeVector&lt;class std::basic_string&lt;char,struct std::char_traits&lt;char&gt;,class std::allocator&lt;char&gt; &gt;,1&gt;, needed for 'EnumVariable.values' not exported to Python
</TEST><TEST DATE="2004-11-29" ITERATIONS="3" PLATFORM="win32" RESULT="OK" RUN="00036"/><TEST DATE="2004-09-17" ITERATIONS="3" PLATFORM="win32" RESULT="OK" RUN="00035"/><TEST DATE="2004-09-17" ITERATIONS="3" PLATFORM="win32" RESULT="OK" RUN="00034"/><TEST DATE="2004-08-21" ITERATIONS="3" PLATFORM="linux2" RESULT="OK" RUN="00013"/><TEST DATE="2004-08-21" ITERATIONS="3" PLATFORM="win32" RESULT="OK" RUN="00012"/><TEST DATE="2004-08-20" ITERATIONS="3" PLATFORM="win32" RESULT="OK" RUN="00011"/><TEST DATE="2004-08-20" ITERATIONS="3" PLATFORM="win32" RESULT="OK" RUN="00010"/><TEST DATE="2004-08-19" ITERATIONS="3" PLATFORM="win32" RESULT="OK" RUN="00009"/><TEST DATE="2004-08-19" ITERATIONS="3" PLATFORM="win32" RESULT="OK" RUN="00008"/><TEST DATE="2004-08-19" ITERATIONS="3" PLATFORM="win32" RESULT="OK" RUN="00007"/><TEST DATE="2004-08-19" ITERATIONS="3" PLATFORM="win32" RESULT="OK" RUN="00006"/><TEST DATE="2004-07-15" ITERATIONS="3" PLATFORM="win32" RESULT="OK" RUN="00005"/><TEST DATE="2004-06-05" ITERATIONS="3" PLATFORM="win32" RESULT="OK" RUN="00004"/><TEST DATE="2004-06-03" ITERATIONS="1" PLATFORM="win32" RESULT="OK" RUN="00003"/><TEST DATE="2004-06-03" ITERATIONS="1" PLATFORM="win32" RESULT="OK" RUN="00002"/></FILE><FILE directory="ofb" name="domain13.py"><TEST DATE="2006-03-15" ITERATIONS="3" PLATFORM="win32" RESULT="OK" RUN="00071"/><TEST DATE="2006-03-14" ITERATIONS="3" PLATFORM="win32" RESULT="OK" RUN="00068"/><TEST DATE="2006-03-10" ITERATIONS="3" PLATFORM="win32" RESULT="OK" RUN="00058"/><TEST DATE="2005-06-18" ITERATIONS="1" PLATFORM="win32" RESULT="OK" RUN="00056"/><TEST DATE="2005-03-09" ITERATIONS="1" PLATFORM="win32" RESULT="OK" RUN="00055"/><TEST DATE="2005-02-14" ITERATIONS="1" PLATFORM="win32" RESULT="OK" RUN="00056"/><TEST DATE="2005-01-31" ITERATIONS="3" PLATFORM="win32" RESULT="OK" RUN="00054"/><TEST DATE="2005-01-29" ITERATIONS="3" PLATFORM="win32" RESULT="OK" RUN="00053"/><TEST DATE="2005-01-28" ITERATIONS="1" PLATFORM="win32" RESULT="OK" RUN="00051"/><TEST DATE="2005-01-27" ITERATIONS="3" PLATFORM="win32" RESULT="OK" RUN="00050"/><TEST DATE="2005-01-27" ITERATIONS="3" PLATFORM="win32" RESULT="OK" RUN="00044"/><TEST DATE="2005-01-27" ITERATIONS="3" PLATFORM="win32" RESULT="OK" RUN="00043"/><TEST DATE="2005-01-21" ITERATIONS="3" PLATFORM="win32" RESULT="OK" RUN="00042"/><TEST DATE="2005-01-21" ITERATIONS="3" PLATFORM="win32" RESULT="" RUN="00041"/><TEST DATE="2005-01-21" ITERATIONS="3" PLATFORM="win32" RESULT="" RUN="00040"/><TEST DATE="2005-01-21" ITERATIONS="3" PLATFORM="win32" RESULT="" RUN="00039"/><TEST DATE="2005-01-21" ITERATIONS="3" PLATFORM="win32" RESULT="" RUN="00038"/><TEST DATE="2005-01-21" ITERATIONS="3" PLATFORM="win32" RESULT="" RUN="00037"/><TEST DATE="2004-11-29" ITERATIONS="3" PLATFORM="win32" RESULT="OK" RUN="00036"/><TEST DATE="2004-09-17" ITERATIONS="3" PLATFORM="win32" RESULT="OK" RUN="00035"/><TEST DATE="2004-09-17" ITERATIONS="3" PLATFORM="win32" RESULT="OK" RUN="00034"/><TEST DATE="2004-08-21" ITERATIONS="3" PLATFORM="linux2" RESULT="OK" RUN="00013"/><TEST DATE="2004-08-21" ITERATIONS="3" PLATFORM="win32" RESULT="OK" RUN="00012"/><TEST DATE="2004-08-20" ITERATIONS="3" PLATFORM="win32" RESULT="OK" RUN="00011"/><TEST DATE="2004-08-20" ITERATIONS="3" PLATFORM="win32" RESULT="OK" RUN="00010"/><TEST DATE="2004-08-19" ITERATIONS="3" PLATFORM="win32" RESULT="OK" RUN="00009"/><TEST DATE="2004-08-19" ITERATIONS="3" PLATFORM="win32" RESULT="OK" RUN="00008"/><TEST DATE="2004-08-19" ITERATIONS="3" PLATFORM="win32" RESULT="OK" RUN="00007"/><TEST DATE="2004-08-19" ITERATIONS="3" PLATFORM="win32" RESULT="OK" RUN="00006"/><TEST DATE="2004-07-15" ITERATIONS="3" PLATFORM="win32" RESULT="OK" RUN="00005"/><TEST DATE="2004-06-05" ITERATIONS="3" PLATFORM="win32" RESULT="OK" RUN="00004"/><TEST DATE="2004-06-03" ITERATIONS="1" PLATFORM="win32" RESULT="OK" RUN="00003"/><TEST DATE="2004-06-03" ITERATIONS="1" PLATFORM="win32" RESULT="OK" RUN="00002"/></FILE><FILE directory="ofb" name="domain2.py"><TEST DATE="2006-03-15" ITERATIONS="3" PLATFORM="win32" RESULT="OK" RUN="00071"/><TEST DATE="2006-03-14" ITERATIONS="3" PLATFORM="win32" RESULT="OK" RUN="00068"/><TEST DATE="2006-03-10" ITERATIONS="3" PLATFORM="win32" RESULT="OK" RUN="00058"/><TEST DATE="2005-06-18" ITERATIONS="1" PLATFORM="win32" RESULT="OK" RUN="00056"/><TEST DATE="2005-03-09" ITERATIONS="1" PLATFORM="win32" RESULT="OK" RUN="00055"/><TEST DATE="2005-02-14" ITERATIONS="1" PLATFORM="win32" RESULT="OK" RUN="00056"/><TEST DATE="2005-01-31" ITERATIONS="3" PLATFORM="win32" RESULT="OK" RUN="00054"/><TEST DATE="2005-01-29" ITERATIONS="3" PLATFORM="win32" RESULT="OK" RUN="00053"/><TEST DATE="2005-01-28" ITERATIONS="1" PLATFORM="win32" RESULT="changed" RUN="00052"/><TEST DATE="2005-01-28" ITERATIONS="1" PLATFORM="win32" RESULT="changed" RUN="00051"/><TEST DATE="2005-01-27" ITERATIONS="3" PLATFORM="win32" RESULT="OK" RUN="00050"/><TEST DATE="2005-01-27" ITERATIONS="3" PLATFORM="win32" RESULT="OK" RUN="00044"/><TEST DATE="2005-01-27" ITERATIONS="3" PLATFORM="win32" RESULT="OK" RUN="00043"/><TEST DATE="2005-01-21" ITERATIONS="3" PLATFORM="win32" RESULT="OK" RUN="00037"/><TEST DATE="2004-11-29" ITERATIONS="3" PLATFORM="win32" RESULT="OK" RUN="00036"/><TEST DATE="2004-09-17" ITERATIONS="3" PLATFORM="win32" RESULT="OK" RUN="00035"/><TEST DATE="2004-09-17" ITERATIONS="3" PLATFORM="win32" RESULT="OK" RUN="00034"/><TEST DATE="2004-08-21" ITERATIONS="3" PLATFORM="linux2" RESULT="OK" RUN="00013"/><TEST DATE="2004-08-21" ITERATIONS="3" PLATFORM="win32" RESULT="OK" RUN="00012"/><TEST DATE="2004-08-20" ITERATIONS="3" PLATFORM="win32" RESULT="OK" RUN="00011"/><TEST DATE="2004-08-20" ITERATIONS="3" PLATFORM="win32" RESULT="OK" RUN="00010"/><TEST DATE="2004-08-19" ITERATIONS="3" PLATFORM="win32" RESULT="OK" RUN="00009"/><TEST DATE="2004-08-19" ITERATIONS="3" PLATFORM="win32" RESULT="OK" RUN="00008"/><TEST DATE="2004-08-19" ITERATIONS="3" PLATFORM="win32" RESULT="OK" RUN="00007"/><TEST DATE="2004-08-19" ITERATIONS="3" PLATFORM="win32" RESULT="OK" RUN="00006"/><TEST DATE="2004-07-15" ITERATIONS="3" PLATFORM="win32" RESULT="OK" RUN="00005"/><TEST DATE="2004-06-05" ITERATIONS="3" PLATFORM="win32" RESULT="OK" RUN="00004"/><TEST DATE="2004-06-03" ITERATIONS="1" PLATFORM="win32" RESULT="OK" RUN="00003"/><TEST DATE="2004-06-03" ITERATIONS="1" PLATFORM="win32" RESULT="OK" RUN="00002"/></FILE><FILE directory="ofb" name="domain3.py"><TEST DATE="2006-03-15" ITERATIONS="3" PLATFORM="win32" RESULT="OK" RUN="00071"/><TEST DATE="2006-03-14" ITERATIONS="3" PLATFORM="win32" RESULT="OK" RUN="00068"/><TEST DATE="2006-03-10" ITERATIONS="3" PLATFORM="win32" RESULT="OK" RUN="00058"/><TEST DATE="2005-06-18" ITERATIONS="1" PLATFORM="win32" RESULT="OK" RUN="00056"/><TEST DATE="2005-03-09" ITERATIONS="1" PLATFORM="win32" RESULT="OK" RUN="00055"/><TEST DATE="2005-02-14" ITERATIONS="1" PLATFORM="win32" RESULT="OK" RUN="00056"/><TEST DATE="2005-01-31" ITERATIONS="3" PLATFORM="win32" RESULT="OK" RUN="00054"/><TEST DATE="2005-01-29" ITERATIONS="3" PLATFORM="win32" RESULT="OK" RUN="00053"/><TEST DATE="2005-01-28" ITERATIONS="1" PLATFORM="win32" RESULT="OK" RUN="00051"/><TEST DATE="2005-01-27" ITERATIONS="3" PLATFORM="win32" RESULT="OK" RUN="00050"/><TEST DATE="2005-01-27" ITERATIONS="3" PLATFORM="win32" RESULT="OK" RUN="00044"/><TEST DATE="2005-01-27" ITERATIONS="3" PLATFORM="win32" RESULT="OK" RUN="00043"/><TEST DATE="2005-01-21" ITERATIONS="3" PLATFORM="win32" RESULT="OK" RUN="00037"/><TEST DATE="2004-11-29" ITERATIONS="3" PLATFORM="win32" RESULT="OK" RUN="00036"/><TEST DATE="2004-09-17" ITERATIONS="3" PLATFORM="win32" RESULT="OK" RUN="00035"/><TEST DATE="2004-09-17" ITERATIONS="3" PLATFORM="win32" RESULT="OK" RUN="00034"/><TEST DATE="2004-08-21" ITERATIONS="3" PLATFORM="linux2" RESULT="OK" RUN="00013"/><TEST DATE="2004-08-21" ITERATIONS="3" PLATFORM="win32" RESULT="OK" RUN="00012"/><TEST DATE="2004-08-20" ITERATIONS="3" PLATFORM="win32" RESULT="OK" RUN="00011"/><TEST DATE="2004-08-20" ITERATIONS="3" PLATFORM="win32" RESULT="OK" RUN="00010"/><TEST DATE="2004-08-19" ITERATIONS="3" PLATFORM="win32" RESULT="OK" RUN="00009"/><TEST DATE="2004-08-19" ITERATIONS="3" PLATFORM="win32" RESULT="OK" RUN="00008"/><TEST DATE="2004-08-19" ITERATIONS="3" PLATFORM="win32" RESULT="OK" RUN="00007"/><TEST DATE="2004-08-19" ITERATIONS="3" PLATFORM="win32" RESULT="OK" RUN="00006"/><TEST DATE="2004-07-15" ITERATIONS="3" PLATFORM="win32" RESULT="OK" RUN="00005"/><TEST DATE="2004-06-05" ITERATIONS="3" PLATFORM="win32" RESULT="OK" RUN="00004"/><TEST DATE="2004-06-03" ITERATIONS="1" PLATFORM="win32" RESULT="OK" RUN="00003"/><TEST DATE="2004-06-03" ITERATIONS="1" PLATFORM="win32" RESULT="OK" RUN="00002"/></FILE><FILE directory="ofb" name="domain4.py"><TEST DATE="2006-03-15" ITERATIONS="3" PLATFORM="win32" RESULT="OK" RUN="00071"/><TEST DATE="2006-03-14" ITERATIONS="3" PLATFORM="win32" RESULT="OK" RUN="00068"/><TEST DATE="2006-03-10" ITERATIONS="3" PLATFORM="win32" RESULT="OK" RUN="00058"/><TEST DATE="2005-06-18" ITERATIONS="1" PLATFORM="win32" RESULT="OK" RUN="00056"/><TEST DATE="2005-03-09" ITERATIONS="1" PLATFORM="win32" RESULT="OK" RUN="00055"/><TEST DATE="2005-02-14" ITERATIONS="1" PLATFORM="win32" RESULT="OK" RUN="00056"/><TEST DATE="2005-01-31" ITERATIONS="3" PLATFORM="win32" RESULT="OK" RUN="00054"/><TEST DATE="2005-01-29" ITERATIONS="3" PLATFORM="win32" RESULT="OK" RUN="00053"/><TEST DATE="2005-01-28" ITERATIONS="1" PLATFORM="win32" RESULT="OK" RUN="00051"/><TEST DATE="2005-01-27" ITERATIONS="3" PLATFORM="win32" RESULT="OK" RUN="00050"/><TEST DATE="2005-01-27" ITERATIONS="3" PLATFORM="win32" RESULT="OK" RUN="00044"/><TEST DATE="2005-01-27" ITERATIONS="3" PLATFORM="win32" RESULT="OK" RUN="00043"/><TEST DATE="2005-01-21" ITERATIONS="3" PLATFORM="win32" RESULT="OK" RUN="00037"/><TEST DATE="2004-11-29" ITERATIONS="3" PLATFORM="win32" RESULT="OK" RUN="00036"/><TEST DATE="2004-09-17" ITERATIONS="3" PLATFORM="win32" RESULT="OK" RUN="00035"/><TEST DATE="2004-09-17" ITERATIONS="3" PLATFORM="win32" RESULT="OK" RUN="00034"/><TEST DATE="2004-08-21" ITERATIONS="3" PLATFORM="linux2" RESULT="OK" RUN="00013"/><TEST DATE="2004-08-21" ITERATIONS="3" PLATFORM="win32" RESULT="OK" RUN="00012"/><TEST DATE="2004-08-20" ITERATIONS="3" PLATFORM="win32" RESULT="OK" RUN="00011"/><TEST DATE="2004-08-20" ITERATIONS="3" PLATFORM="win32" RESULT="OK" RUN="00010"/><TEST DATE="2004-08-19" ITERATIONS="3" PLATFORM="win32" RESULT="OK" RUN="00009"/><TEST DATE="2004-08-19" ITERATIONS="3" PLATFORM="win32" RESULT="OK" RUN="00008"/><TEST DATE="2004-08-19" ITERATIONS="3" PLATFORM="win32" RESULT="OK" RUN="00007"/><TEST DATE="2004-08-19" ITERATIONS="3" PLATFORM="win32" RESULT="OK" RUN="00006"/><TEST DATE="2004-07-15" ITERATIONS="3" PLATFORM="win32" RESULT="OK" RUN="00005"/><TEST DATE="2004-06-05" ITERATIONS="3" PLATFORM="win32" RESULT="OK" RUN="00004"/><TEST DATE="2004-06-03" ITERATIONS="1" PLATFORM="win32" RESULT="OK" RUN="00003"/><TEST DATE="2004-06-03" ITERATIONS="1" PLATFORM="win32" RESULT="OK" RUN="00002"/></FILE><FILE directory="ofb" name="domain5.py"><TEST DATE="2006-03-15" ITERATIONS="3" PLATFORM="win32" RESULT="OK" RUN="00071"/><TEST DATE="2006-03-14" ITERATIONS="3" PLATFORM="win32" RESULT="OK" RUN="00068"/><TEST DATE="2006-03-10" ITERATIONS="3" PLATFORM="win32" RESULT="OK" RUN="00058"/><TEST DATE="2005-06-18" ITERATIONS="1" PLATFORM="win32" RESULT="OK" RUN="00056"/><TEST DATE="2005-03-09" ITERATIONS="1" PLATFORM="win32" RESULT="OK" RUN="00055"/><TEST DATE="2005-02-14" ITERATIONS="1" PLATFORM="win32" RESULT="OK" RUN="00056"/><TEST DATE="2005-01-31" ITERATIONS="3" PLATFORM="win32" RESULT="OK" RUN="00054"/><TEST DATE="2005-01-29" ITERATIONS="3" PLATFORM="win32" RESULT="OK" RUN="00053"/><TEST DATE="2005-01-28" ITERATIONS="1" PLATFORM="win32" RESULT="OK" RUN="00051"/><TEST DATE="2005-01-27" ITERATIONS="3" PLATFORM="win32" RESULT="OK" RUN="00050"/><TEST DATE="2005-01-27" ITERATIONS="3" PLATFORM="win32" RESULT="OK" RUN="00044"/><TEST DATE="2005-01-27" ITERATIONS="3" PLATFORM="win32" RESULT="OK" RUN="00043"/><TEST DATE="2005-01-21" ITERATIONS="3" PLATFORM="win32" RESULT="OK" RUN="00037"/><TEST DATE="2004-11-29" ITERATIONS="3" PLATFORM="win32" RESULT="OK" RUN="00036"/><TEST DATE="2004-09-17" ITERATIONS="3" PLATFORM="win32" RESULT="OK" RUN="00035"/><TEST DATE="2004-09-17" ITERATIONS="3" PLATFORM="win32" RESULT="OK" RUN="00034"/><TEST DATE="2004-08-21" ITERATIONS="3" PLATFORM="linux2" RESULT="OK" RUN="00013"/><TEST DATE="2004-08-21" ITERATIONS="3" PLATFORM="win32" RESULT="OK" RUN="00012"/><TEST DATE="2004-08-20" ITERATIONS="3" PLATFORM="win32" RESULT="OK" RUN="00011"/><TEST DATE="2004-08-20" ITERATIONS="3" PLATFORM="win32" RESULT="OK" RUN="00010"/><TEST DATE="2004-08-19" ITERATIONS="3" PLATFORM="win32" RESULT="OK" RUN="00009"/><TEST DATE="2004-08-19" ITERATIONS="3" PLATFORM="win32" RESULT="OK" RUN="00008"/><TEST DATE="2004-08-19" ITERATIONS="3" PLATFORM="win32" RESULT="OK" RUN="00007"/><TEST DATE="2004-08-19" ITERATIONS="3" PLATFORM="win32" RESULT="OK" RUN="00006"/><TEST DATE="2004-07-15" ITERATIONS="3" PLATFORM="win32" RESULT="OK" RUN="00005"/><TEST DATE="2004-06-05" ITERATIONS="3" PLATFORM="win32" RESULT="OK" RUN="00004"/><TEST DATE="2004-06-03" ITERATIONS="1" PLATFORM="win32" RESULT="OK" RUN="00003"/><TEST DATE="2004-06-03" ITERATIONS="1" PLATFORM="win32" RESULT="OK" RUN="00002"/></FILE><FILE directory="ofb" name="domain6.py"><TEST DATE="2006-03-15" ITERATIONS="3" PLATFORM="win32" RESULT="OK" RUN="00071"/><TEST DATE="2006-03-14" ITERATIONS="3" PLATFORM="win32" RESULT="OK" RUN="00068"/><TEST DATE="2006-03-10" ITERATIONS="3" PLATFORM="win32" RESULT="OK" RUN="00058"/><TEST DATE="2005-06-18" ITERATIONS="1" PLATFORM="win32" RESULT="OK" RUN="00056"/><TEST DATE="2005-03-09" ITERATIONS="1" PLATFORM="win32" RESULT="OK" RUN="00055"/><TEST DATE="2005-02-14" ITERATIONS="1" PLATFORM="win32" RESULT="OK" RUN="00056"/><TEST DATE="2005-01-31" ITERATIONS="3" PLATFORM="win32" RESULT="OK" RUN="00054"/><TEST DATE="2005-01-29" ITERATIONS="3" PLATFORM="win32" RESULT="OK" RUN="00053"/><TEST DATE="2005-01-28" ITERATIONS="1" PLATFORM="win32" RESULT="OK" RUN="00051"/><TEST DATE="2005-01-27" ITERATIONS="3" PLATFORM="win32" RESULT="OK" RUN="00050"/><TEST DATE="2005-01-27" ITERATIONS="3" PLATFORM="win32" RESULT="OK" RUN="00044"/><TEST DATE="2005-01-27" ITERATIONS="3" PLATFORM="win32" RESULT="OK" RUN="00043"/><TEST DATE="2005-01-21" ITERATIONS="3" PLATFORM="win32" RESULT="OK" RUN="00037"/><TEST DATE="2004-11-29" ITERATIONS="3" PLATFORM="win32" RESULT="OK" RUN="00036"/><TEST DATE="2004-09-17" ITERATIONS="3" PLATFORM="win32" RESULT="OK" RUN="00035"/><TEST DATE="2004-09-17" ITERATIONS="3" PLATFORM="win32" RESULT="OK" RUN="00034"/><TEST DATE="2004-08-21" ITERATIONS="3" PLATFORM="linux2" RESULT="OK" RUN="00013"/><TEST DATE="2004-08-21" ITERATIONS="3" PLATFORM="win32" RESULT="OK" RUN="00012"/><TEST DATE="2004-08-20" ITERATIONS="3" PLATFORM="win32" RESULT="OK" RUN="00011"/><TEST DATE="2004-08-20" ITERATIONS="3" PLATFORM="win32" RESULT="OK" RUN="00010"/><TEST DATE="2004-08-19" ITERATIONS="3" PLATFORM="win32" RESULT="OK" RUN="00009"/><TEST DATE="2004-08-19" ITERATIONS="3" PLATFORM="win32" RESULT="OK" RUN="00008"/><TEST DATE="2004-08-19" ITERATIONS="3" PLATFORM="win32" RESULT="OK" RUN="00007"/><TEST DATE="2004-08-19" ITERATIONS="3" PLATFORM="win32" RESULT="OK" RUN="00006"/><TEST DATE="2004-07-15" ITERATIONS="3" PLATFORM="win32" RESULT="OK" RUN="00005"/><TEST DATE="2004-06-05" ITERATIONS="3" PLATFORM="win32" RESULT="OK" RUN="00004"/><TEST DATE="2004-06-03" ITERATIONS="1" PLATFORM="win32" RESULT="OK" RUN="00003"/><TEST DATE="2004-06-03" ITERATIONS="1" PLATFORM="win32" RESULT="OK" RUN="00002"/></FILE><FILE directory="ofb" name="domain7.py"><TEST DATE="2006-03-15" ITERATIONS="3" PLATFORM="win32" RESULT="OK" RUN="00071"/><TEST DATE="2006-03-14" ITERATIONS="3" PLATFORM="win32" RESULT="OK" RUN="00068"/><TEST DATE="2006-03-10" ITERATIONS="3" PLATFORM="win32" RESULT="OK" RUN="00058"/><TEST DATE="2005-06-18" ITERATIONS="1" PLATFORM="win32" RESULT="OK" RUN="00056"/><TEST DATE="2005-03-09" ITERATIONS="1" PLATFORM="win32" RESULT="OK" RUN="00055"/><TEST DATE="2005-02-14" ITERATIONS="1" PLATFORM="win32" RESULT="OK" RUN="00056"/><TEST DATE="2005-01-31" ITERATIONS="3" PLATFORM="win32" RESULT="OK" RUN="00054"/><TEST DATE="2005-01-29" ITERATIONS="3" PLATFORM="win32" RESULT="OK" RUN="00053"/><TEST DATE="2005-01-28" ITERATIONS="1" PLATFORM="win32" RESULT="OK" RUN="00051"/><TEST DATE="2005-01-27" ITERATIONS="3" PLATFORM="win32" RESULT="OK" RUN="00050"/><TEST DATE="2005-01-27" ITERATIONS="3" PLATFORM="win32" RESULT="OK" RUN="00044"/><TEST DATE="2005-01-27" ITERATIONS="3" PLATFORM="win32" RESULT="OK" RUN="00043"/><TEST DATE="2005-01-21" ITERATIONS="3" PLATFORM="win32" RESULT="OK" RUN="00037"/><TEST DATE="2004-11-29" ITERATIONS="3" PLATFORM="win32" RESULT="OK" RUN="00036"/><TEST DATE="2004-09-17" ITERATIONS="3" PLATFORM="win32" RESULT="OK" RUN="00035"/><TEST DATE="2004-09-17" ITERATIONS="3" PLATFORM="win32" RESULT="OK" RUN="00034"/><TEST DATE="2004-08-21" ITERATIONS="3" PLATFORM="linux2" RESULT="OK" RUN="00013"/><TEST DATE="2004-08-21" ITERATIONS="3" PLATFORM="win32" RESULT="OK" RUN="00012"/><TEST DATE="2004-08-20" ITERATIONS="3" PLATFORM="win32" RESULT="OK" RUN="00011"/><TEST DATE="2004-08-20" ITERATIONS="3" PLATFORM="win32" RESULT="OK" RUN="00010"/><TEST DATE="2004-08-19" ITERATIONS="3" PLATFORM="win32" RESULT="OK" RUN="00009"/><TEST DATE="2004-08-19" ITERATIONS="3" PLATFORM="win32" RESULT="OK" RUN="00008"/><TEST DATE="2004-08-19" ITERATIONS="3" PLATFORM="win32" RESULT="OK" RUN="00007"/><TEST DATE="2004-08-19" ITERATIONS="3" PLATFORM="win32" RESULT="OK" RUN="00006"/><TEST DATE="2004-07-15" ITERATIONS="3" PLATFORM="win32" RESULT="OK" RUN="00005"/><TEST DATE="2004-06-05" ITERATIONS="3" PLATFORM="win32" RESULT="OK" RUN="00004"/><TEST DATE="2004-06-03" ITERATIONS="1" PLATFORM="win32" RESULT="OK" RUN="00003"/><TEST DATE="2004-06-03" ITERATIONS="1" PLATFORM="win32" RESULT="OK" RUN="00002"/></FILE><FILE directory="ofb" name="domain8.py"><TEST DATE="2006-03-15" ITERATIONS="3" PLATFORM="win32" RESULT="OK" RUN="00071"/><TEST DATE="2006-03-14" ITERATIONS="3" PLATFORM="win32" RESULT="OK" RUN="00068"/><TEST DATE="2006-03-10" ITERATIONS="3" PLATFORM="win32" RESULT="OK" RUN="00058"/><TEST DATE="2005-06-18" ITERATIONS="1" PLATFORM="win32" RESULT="OK" RUN="00056"/><TEST DATE="2005-03-09" ITERATIONS="1" PLATFORM="win32" RESULT="OK" RUN="00055"/><TEST DATE="2005-02-14" ITERATIONS="1" PLATFORM="win32" RESULT="OK" RUN="00056"/><TEST DATE="2005-01-31" ITERATIONS="3" PLATFORM="win32" RESULT="OK" RUN="00054"/><TEST DATE="2005-01-29" ITERATIONS="3" PLATFORM="win32" RESULT="OK" RUN="00053"/><TEST DATE="2005-01-28" ITERATIONS="1" PLATFORM="win32" RESULT="OK" RUN="00051"/><TEST DATE="2005-01-27" ITERATIONS="3" PLATFORM="win32" RESULT="OK" RUN="00050"/><TEST DATE="2005-01-27" ITERATIONS="3" PLATFORM="win32" RESULT="OK" RUN="00044"/><TEST DATE="2005-01-27" ITERATION="0" ITERATIONS="3" PLATFORM="win32" RESULT="error" RUN="00043" xml:space="preserve">Traceback (most recent call last):
  File &quot;D:/ai/Orange/regressionTests/xtest1.py&quot;, line 92, in ?
    execfile(t__name)
  File &quot;domain8.py&quot;, line 25, in ?
    results = orngTest.crossValidation([learner], d, folds=10)
  File &quot;d:\ai\orange\orngTest.py&quot;, line 159, in crossValidation
    indices = orange.MakeRandomIndicesCV(examples, folds, stratified = strat, randomGenerator = randomGenerator)
TypeError: invalid parameter type for MakeRandomIndicesCV.folds', (int expected)
</TEST><TEST DATE="2005-01-21" ITERATIONS="3" PLATFORM="win32" RESULT="OK" RUN="00037"/><TEST DATE="2004-11-29" ITERATIONS="3" PLATFORM="win32" RESULT="OK" RUN="00036"/><TEST DATE="2004-09-17" ITERATIONS="3" PLATFORM="win32" RESULT="OK" RUN="00035"/><TEST DATE="2004-09-17" ITERATIONS="3" PLATFORM="win32" RESULT="OK" RUN="00034"/><TEST DATE="2004-08-21" ITERATIONS="3" PLATFORM="linux2" RESULT="OK" RUN="00013"/><TEST DATE="2004-08-21" ITERATIONS="3" PLATFORM="win32" RESULT="OK" RUN="00012"/><TEST DATE="2004-08-20" ITERATIONS="3" PLATFORM="win32" RESULT="OK" RUN="00011"/><TEST DATE="2004-08-20" ITERATIONS="3" PLATFORM="win32" RESULT="OK" RUN="00010"/><TEST DATE="2004-08-19" ITERATIONS="3" PLATFORM="win32" RESULT="OK" RUN="00009"/><TEST DATE="2004-08-19" ITERATIONS="3" PLATFORM="win32" RESULT="OK" RUN="00008"/><TEST DATE="2004-08-19" ITERATIONS="3" PLATFORM="win32" RESULT="OK" RUN="00007"/><TEST DATE="2004-08-19" ITERATIONS="3" PLATFORM="win32" RESULT="OK" RUN="00006"/><TEST DATE="2004-07-15" ITERATIONS="3" PLATFORM="win32" RESULT="OK" RUN="00005"/><TEST DATE="2004-06-05" ITERATIONS="3" PLATFORM="win32" RESULT="OK" RUN="00004"/><TEST DATE="2004-06-03" ITERATIONS="1" PLATFORM="win32" RESULT="OK" RUN="00003"/><TEST DATE="2004-06-03" ITERATIONS="1" PLATFORM="win32" RESULT="OK" RUN="00002"/></FILE><FILE directory="ofb" name="domain9.py"><TEST DATE="2006-03-15" ITERATIONS="3" PLATFORM="win32" RESULT="OK" RUN="00071"/><TEST DATE="2006-03-14" ITERATIONS="3" PLATFORM="win32" RESULT="OK" RUN="00068"/><TEST DATE="2006-03-10" ITERATIONS="3" PLATFORM="win32" RESULT="OK" RUN="00058"/><TEST DATE="2005-06-18" ITERATIONS="1" PLATFORM="win32" RESULT="OK" RUN="00056"/><TEST DATE="2005-03-09" ITERATIONS="1" PLATFORM="win32" RESULT="OK" RUN="00055"/><TEST DATE="2005-02-14" ITERATIONS="1" PLATFORM="win32" RESULT="OK" RUN="00056"/><TEST DATE="2005-01-31" ITERATIONS="3" PLATFORM="win32" RESULT="OK" RUN="00054"/><TEST DATE="2005-01-29" ITERATIONS="3" PLATFORM="win32" RESULT="OK" RUN="00053"/><TEST DATE="2005-01-28" ITERATIONS="1" PLATFORM="win32" RESULT="OK" RUN="00051"/><TEST DATE="2005-01-27" ITERATIONS="3" PLATFORM="win32" RESULT="OK" RUN="00050"/><TEST DATE="2005-01-27" ITERATIONS="3" PLATFORM="win32" RESULT="OK" RUN="00044"/><TEST DATE="2005-01-27" ITERATION="0" ITERATIONS="3" PLATFORM="win32" RESULT="error" RUN="00043" xml:space="preserve">Traceback (most recent call last):
  File &quot;D:/ai/Orange/regressionTests/xtest1.py&quot;, line 92, in ?
    execfile(t__name)
  File &quot;domain9.py&quot;, line 49, in ?
    bestDomain = WrapperFSS(data, learner, verbose=1)
  File &quot;domain9.py&quot;, line 16, in WrapperFSS
    results = orngTest.crossValidation([learner], d, folds=folds)
  File &quot;d:\ai\orange\orngTest.py&quot;, line 159, in crossValidation
    indices = orange.MakeRandomIndicesCV(examples, folds, stratified = strat, randomGenerator = randomGenerator)
TypeError: invalid parameter type for MakeRandomIndicesCV.folds', (int expected)
</TEST><TEST DATE="2005-01-21" ITERATIONS="3" PLATFORM="win32" RESULT="OK" RUN="00037"/><TEST DATE="2004-11-29" ITERATIONS="3" PLATFORM="win32" RESULT="OK" RUN="00036"/><TEST DATE="2004-09-17" ITERATIONS="3" PLATFORM="win32" RESULT="OK" RUN="00035"/><TEST DATE="2004-09-17" ITERATIONS="3" PLATFORM="win32" RESULT="OK" RUN="00034"/><TEST DATE="2004-08-21" ITERATIONS="3" PLATFORM="linux2" RESULT="OK" RUN="00013"/><TEST DATE="2004-08-21" ITERATIONS="3" PLATFORM="win32" RESULT="OK" RUN="00012"/><TEST DATE="2004-08-20" ITERATIONS="3" PLATFORM="win32" RESULT="OK" RUN="00011"/><TEST DATE="2004-08-20" ITERATIONS="3" PLATFORM="win32" RESULT="OK" RUN="00010"/><TEST DATE="2004-08-19" ITERATIONS="3" PLATFORM="win32" RESULT="OK" RUN="00009"/><TEST DATE="2004-08-19" ITERATIONS="3" PLATFORM="win32" RESULT="OK" RUN="00008"/><TEST DATE="2004-08-19" ITERATIONS="3" PLATFORM="win32" RESULT="OK" RUN="00007"/><TEST DATE="2004-08-19" ITERATIONS="3" PLATFORM="win32" RESULT="OK" RUN="00006"/><TEST DATE="2004-07-15" ITERATIONS="3" PLATFORM="win32" RESULT="OK" RUN="00005"/><TEST DATE="2004-06-05" ITERATIONS="3" PLATFORM="win32" RESULT="OK" RUN="00004"/><TEST DATE="2004-06-03" ITERATIONS="1" PLATFORM="win32" RESULT="OK" RUN="00003"/><TEST DATE="2004-06-03" ITERATIONS="1" PLATFORM="win32" RESULT="OK" RUN="00002"/></FILE><FILE directory="ofb" name="ensemble2.py"><TEST DATE="2006-03-15" ITERATIONS="3" PLATFORM="win32" RESULT="OK" RUN="00071"/><TEST DATE="2006-03-14" ITERATIONS="3" PLATFORM="win32" RESULT="OK" RUN="00068"/><TEST DATE="2006-03-10" ITERATIONS="3" PLATFORM="win32" RESULT="OK" RUN="00058"/><TEST DATE="2005-06-18" ITERATIONS="1" PLATFORM="win32" RESULT="OK" RUN="00056"/><TEST DATE="2005-03-09" ITERATIONS="1" PLATFORM="win32" RESULT="OK" RUN="00055"/><TEST DATE="2005-02-14" ITERATIONS="1" PLATFORM="win32" RESULT="OK" RUN="00056"/><TEST DATE="2005-01-31" ITERATIONS="3" PLATFORM="win32" RESULT="OK" RUN="00054"/><TEST DATE="2005-01-29" ITERATIONS="3" PLATFORM="win32" RESULT="OK" RUN="00053"/><TEST DATE="2005-01-28" ITERATIONS="1" PLATFORM="win32" RESULT="OK" RUN="00051"/><TEST DATE="2005-01-27" ITERATIONS="3" PLATFORM="win32" RESULT="OK" RUN="00050"/><TEST DATE="2005-01-27" ITERATIONS="3" PLATFORM="win32" RESULT="OK" RUN="00044"/><TEST DATE="2005-01-27" ITERATION="0" ITERATIONS="3" PLATFORM="win32" RESULT="error" RUN="00043" xml:space="preserve">Traceback (most recent call last):
  File &quot;D:/ai/Orange/regressionTests/xtest1.py&quot;, line 92, in ?
    execfile(t__name)
  File &quot;ensemble2.py&quot;, line 71, in ?
    results = orngTest.crossValidation(learners, data)
  File &quot;d:\ai\orange\orngTest.py&quot;, line 159, in crossValidation
    indices = orange.MakeRandomIndicesCV(examples, folds, stratified = strat, randomGenerator = randomGenerator)
TypeError: invalid parameter type for MakeRandomIndicesCV.folds', (int expected)
</TEST><TEST DATE="2005-01-21" ITERATIONS="3" PLATFORM="win32" RESULT="OK" RUN="00037"/><TEST DATE="2004-11-29" ITERATIONS="3" PLATFORM="win32" RESULT="OK" RUN="00036"/><TEST DATE="2004-09-17" ITERATIONS="3" PLATFORM="win32" RESULT="OK" RUN="00035"/><TEST DATE="2004-09-17" ITERATIONS="3" PLATFORM="win32" RESULT="OK" RUN="00034"/><TEST DATE="2004-08-21" ITERATIONS="3" PLATFORM="linux2" RESULT="OK" RUN="00013"/><TEST DATE="2004-08-21" ITERATIONS="3" PLATFORM="win32" RESULT="OK" RUN="00012"/><TEST DATE="2004-08-20" ITERATIONS="3" PLATFORM="win32" RESULT="OK" RUN="00011"/><TEST DATE="2004-08-20" ITERATIONS="3" PLATFORM="win32" RESULT="OK" RUN="00010"/><TEST DATE="2004-08-19" ITERATIONS="3" PLATFORM="win32" RESULT="OK" RUN="00009"/><TEST DATE="2004-08-19" ITERATIONS="3" PLATFORM="win32" RESULT="OK" RUN="00008"/><TEST DATE="2004-08-19" ITERATIONS="3" PLATFORM="win32" RESULT="OK" RUN="00007"/><TEST DATE="2004-08-19" ITERATIONS="3" PLATFORM="win32" RESULT="OK" RUN="00006"/><TEST DATE="2004-07-15" ITERATIONS="3" PLATFORM="win32" RESULT="OK" RUN="00005"/><TEST DATE="2004-06-05" ITERATIONS="3" PLATFORM="win32" RESULT="OK" RUN="00004"/><TEST DATE="2004-06-03" ITERATIONS="1" PLATFORM="win32" RESULT="OK" RUN="00003"/><TEST DATE="2004-06-03" ITERATIONS="1" PLATFORM="win32" RESULT="OK" RUN="00002"/></FILE><FILE directory="ofb" name="ensemble3.py"><TEST DATE="2006-03-15" ITERATIONS="3" PLATFORM="win32" RESULT="OK" RUN="00071"/><TEST DATE="2006-03-15" ITERATIONS="3" PLATFORM="win32" RESULT="changed" RUN="00070"/><TEST DATE="2006-03-14" ITERATIONS="3" PLATFORM="win32" RESULT="changed" RUN="00069"/><TEST DATE="2006-03-14" ITERATIONS="3" PLATFORM="win32" RESULT="changed" RUN="00068"/><TEST DATE="2006-03-14" ITERATIONS="3" PLATFORM="win32" RESULT="changed" RUN="00066"/><TEST DATE="2006-03-13" ITERATIONS="3" PLATFORM="win32" RESULT="changed" RUN="00065"/><TEST DATE="2006-03-13" ITERATIONS="3" PLATFORM="win32" RESULT="changed" RUN="00064"/><TEST DATE="2006-03-13" ITERATIONS="3" PLATFORM="win32" RESULT="changed" RUN="00063"/><TEST DATE="2006-03-12" ITERATIONS="3" PLATFORM="win32" RESULT="changed" RUN="00062"/><TEST DATE="2006-03-12" ITERATIONS="3" PLATFORM="win32" RESULT="changed" RUN="00061"/><TEST DATE="2006-03-12" ITERATIONS="3" PLATFORM="win32" RESULT="changed" RUN="00060"/><TEST DATE="2006-03-10" ITERATIONS="3" PLATFORM="win32" RESULT="changed" RUN="00059"/><TEST DATE="2006-03-10" ITERATIONS="3" PLATFORM="win32" RESULT="changed" RUN="00058"/><TEST DATE="2005-06-18" ITERATIONS="1" PLATFORM="win32" RESULT="changed" RUN="00056"/><TEST DATE="2005-03-09" ITERATIONS="1" PLATFORM="win32" RESULT="changed" RUN="00055"/><TEST DATE="2005-02-14" ITERATIONS="1" PLATFORM="win32" RESULT="changed" RUN="00056"/><TEST DATE="2005-02-02" ITERATIONS="3" PLATFORM="win32" RESULT="changed" RUN="00055"/><TEST DATE="2005-01-31" ITERATIONS="3" PLATFORM="win32" RESULT="changed" RUN="00054"/><TEST DATE="2005-01-29" ITERATIONS="3" PLATFORM="win32" RESULT="changed" RUN="00053"/><TEST DATE="2005-01-28" ITERATIONS="1" PLATFORM="win32" RESULT="changed" RUN="00052"/><TEST DATE="2005-01-28" ITERATIONS="1" PLATFORM="win32" RESULT="changed" RUN="00051"/><TEST DATE="2005-01-27" ITERATIONS="3" PLATFORM="win32" RESULT="changed" RUN="00050"/><TEST DATE="2005-01-27" ITERATIONS="3" PLATFORM="win32" RESULT="changed" RUN="00049"/><TEST DATE="2005-01-27" ITERATIONS="3" PLATFORM="win32" RESULT="changed" RUN="00048"/><TEST DATE="2005-01-27" ITERATIONS="3" PLATFORM="win32" RESULT="changed" RUN="00047"/><TEST DATE="2005-01-27" ITERATIONS="3" PLATFORM="win32" RESULT="changed" RUN="00046"/><TEST DATE="2005-01-27" ITERATIONS="3" PLATFORM="win32" RESULT="changed" RUN="00045"/><TEST DATE="2005-01-27" ITERATIONS="3" PLATFORM="win32" RESULT="changed" RUN="00044"/><TEST DATE="2005-01-27" ITERATION="0" ITERATIONS="3" PLATFORM="win32" RESULT="error" RUN="00043" xml:space="preserve">Traceback (most recent call last):
  File &quot;D:/ai/Orange/regressionTests/xtest1.py&quot;, line 92, in ?
    execfile(t__name)
  File &quot;ensemble3.py&quot;, line 21, in ?
    results = orngTest.crossValidation(learners, data, folds=10)
  File &quot;d:\ai\orange\orngTest.py&quot;, line 159, in crossValidation
    indices = orange.MakeRandomIndicesCV(examples, folds, stratified = strat, randomGenerator = randomGenerator)
TypeError: invalid parameter type for MakeRandomIndicesCV.folds', (int expected)
</TEST><TEST DATE="2005-01-21" ITERATIONS="3" PLATFORM="win32" RESULT="OK" RUN="00037"/><TEST DATE="2004-11-29" ITERATIONS="3" PLATFORM="win32" RESULT="OK" RUN="00036"/><TEST DATE="2004-09-17" ITERATIONS="3" PLATFORM="win32" RESULT="OK" RUN="00035"/><TEST DATE="2004-09-17" ITERATIONS="3" PLATFORM="win32" RESULT="OK" RUN="00034"/><TEST DATE="2004-08-21" ITERATIONS="3" PLATFORM="linux2" RESULT="OK" RUN="00013"/><TEST DATE="2004-08-21" ITERATIONS="3" PLATFORM="win32" RESULT="OK" RUN="00012"/><TEST DATE="2004-08-20" ITERATIONS="3" PLATFORM="win32" RESULT="OK" RUN="00011"/><TEST DATE="2004-08-20" ITERATIONS="3" PLATFORM="win32" RESULT="OK" RUN="00010"/><TEST DATE="2004-08-19" ITERATIONS="3" PLATFORM="win32" RESULT="OK" RUN="00009"/><TEST DATE="2004-08-19" ITERATIONS="3" PLATFORM="win32" RESULT="OK" RUN="00008"/><TEST DATE="2004-08-19" ITERATIONS="3" PLATFORM="win32" RESULT="OK" RUN="00007"/><TEST DATE="2004-08-19" ITERATIONS="3" PLATFORM="win32" RESULT="OK" RUN="00006"/><TEST DATE="2004-07-15" ITERATIONS="3" PLATFORM="win32" RESULT="OK" RUN="00005"/><TEST DATE="2004-06-05" ITERATIONS="3" PLATFORM="win32" RESULT="OK" RUN="00004"/><TEST DATE="2004-06-03" ITERATIONS="1" PLATFORM="win32" RESULT="OK" RUN="00003"/><TEST DATE="2004-06-03" ITERATIONS="1" PLATFORM="win32" RESULT="OK" RUN="00002"/></FILE><FILE directory="ofb" name="handful.py"><TEST DATE="2006-03-15" ITERATIONS="3" PLATFORM="win32" RESULT="OK" RUN="00071"/><TEST DATE="2006-03-14" ITERATIONS="3" PLATFORM="win32" RESULT="OK" RUN="00068"/><TEST DATE="2006-03-10" ITERATIONS="3" PLATFORM="win32" RESULT="OK" RUN="00058"/><TEST DATE="2005-06-18" ITERATIONS="1" PLATFORM="win32" RESULT="OK" RUN="00056"/><TEST DATE="2005-03-09" ITERATIONS="1" PLATFORM="win32" RESULT="OK" RUN="00055"/><TEST DATE="2005-02-14" ITERATIONS="1" PLATFORM="win32" RESULT="OK" RUN="00056"/><TEST DATE="2005-01-31" ITERATIONS="3" PLATFORM="win32" RESULT="OK" RUN="00054"/><TEST DATE="2005-01-29" ITERATIONS="3" PLATFORM="win32" RESULT="OK" RUN="00053"/><TEST DATE="2005-01-28" ITERATIONS="1" PLATFORM="win32" RESULT="OK" RUN="00051"/><TEST DATE="2005-01-27" ITERATIONS="3" PLATFORM="win32" RESULT="OK" RUN="00050"/><TEST DATE="2005-01-27" ITERATIONS="3" PLATFORM="win32" RESULT="OK" RUN="00045"/><TEST DATE="2005-01-27" ITERATIONS="3" PLATFORM="win32" RESULT="changed" RUN="00044"/><TEST DATE="2005-01-27" ITERATIONS="3" PLATFORM="win32" RESULT="changed" RUN="00043"/><TEST DATE="2005-01-21" ITERATIONS="3" PLATFORM="win32" RESULT="OK" RUN="00037"/><TEST DATE="2004-11-29" ITERATIONS="3" PLATFORM="win32" RESULT="OK" RUN="00036"/><TEST DATE="2004-09-17" ITERATIONS="3" PLATFORM="win32" RESULT="OK" RUN="00035"/><TEST DATE="2004-09-17" ITERATIONS="3" PLATFORM="win32" RESULT="OK" RUN="00034"/><TEST DATE="2004-08-21" ITERATIONS="3" PLATFORM="linux2" RESULT="OK" RUN="00013"/><TEST DATE="2004-08-21" ITERATIONS="3" PLATFORM="win32" RESULT="OK" RUN="00012"/><TEST DATE="2004-08-20" ITERATIONS="3" PLATFORM="win32" RESULT="OK" RUN="00011"/><TEST DATE="2004-08-20" ITERATIONS="3" PLATFORM="win32" RESULT="OK" RUN="00010"/><TEST DATE="2004-08-19" ITERATIONS="3" PLATFORM="win32" RESULT="OK" RUN="00009"/><TEST DATE="2004-08-19" ITERATIONS="3" PLATFORM="win32" RESULT="OK" RUN="00008"/><TEST DATE="2004-08-19" ITERATIONS="3" PLATFORM="win32" RESULT="OK" RUN="00007"/><TEST DATE="2004-08-19" ITERATIONS="3" PLATFORM="win32" RESULT="OK" RUN="00006"/><TEST DATE="2004-07-15" ITERATIONS="3" PLATFORM="win32" RESULT="OK" RUN="00005"/><TEST DATE="2004-06-05" ITERATIONS="3" PLATFORM="win32" RESULT="OK" RUN="00004"/><TEST DATE="2004-06-03" ITERATIONS="1" PLATFORM="win32" RESULT="OK" RUN="00003"/><TEST DATE="2004-06-03" ITERATIONS="1" PLATFORM="win32" RESULT="OK" RUN="00002"/></FILE><FILE directory="ofb" name="lenses.py"><TEST DATE="2006-03-15" ITERATIONS="3" PLATFORM="win32" RESULT="OK" RUN="00071"/><TEST DATE="2006-03-14" ITERATIONS="3" PLATFORM="win32" RESULT="OK" RUN="00068"/><TEST DATE="2006-03-10" ITERATIONS="3" PLATFORM="win32" RESULT="OK" RUN="00058"/><TEST DATE="2005-06-18" ITERATIONS="1" PLATFORM="win32" RESULT="OK" RUN="00056"/><TEST DATE="2005-03-09" ITERATIONS="1" PLATFORM="win32" RESULT="OK" RUN="00055"/><TEST DATE="2005-02-14" ITERATIONS="1" PLATFORM="win32" RESULT="OK" RUN="00056"/><TEST DATE="2005-01-31" ITERATIONS="3" PLATFORM="win32" RESULT="OK" RUN="00054"/><TEST DATE="2005-01-29" ITERATIONS="3" PLATFORM="win32" RESULT="OK" RUN="00053"/><TEST DATE="2005-01-28" ITERATIONS="1" PLATFORM="win32" RESULT="OK" RUN="00051"/><TEST DATE="2005-01-27" ITERATIONS="3" PLATFORM="win32" RESULT="OK" RUN="00050"/><TEST DATE="2005-01-27" ITERATIONS="3" PLATFORM="win32" RESULT="OK" RUN="00044"/><TEST DATE="2005-01-27" ITERATIONS="3" PLATFORM="win32" RESULT="OK" RUN="00043"/><TEST DATE="2005-01-21" ITERATIONS="3" PLATFORM="win32" RESULT="OK" RUN="00037"/><TEST DATE="2004-11-29" ITERATIONS="3" PLATFORM="win32" RESULT="OK" RUN="00036"/><TEST DATE="2004-09-17" ITERATIONS="3" PLATFORM="win32" RESULT="OK" RUN="00035"/><TEST DATE="2004-09-17" ITERATIONS="3" PLATFORM="win32" RESULT="OK" RUN="00034"/><TEST DATE="2004-08-21" ITERATIONS="3" PLATFORM="linux2" RESULT="OK" RUN="00013"/><TEST DATE="2004-08-21" ITERATIONS="3" PLATFORM="win32" RESULT="OK" RUN="00012"/><TEST DATE="2004-08-20" ITERATIONS="3" PLATFORM="win32" RESULT="OK" RUN="00011"/><TEST DATE="2004-08-20" ITERATIONS="3" PLATFORM="win32" RESULT="OK" RUN="00010"/><TEST DATE="2004-08-19" ITERATIONS="3" PLATFORM="win32" RESULT="OK" RUN="00009"/><TEST DATE="2004-08-19" ITERATIONS="3" PLATFORM="win32" RESULT="OK" RUN="00008"/><TEST DATE="2004-08-19" ITERATIONS="3" PLATFORM="win32" RESULT="OK" RUN="00007"/><TEST DATE="2004-08-19" ITERATIONS="3" PLATFORM="win32" RESULT="OK" RUN="00006"/><TEST DATE="2004-07-15" ITERATIONS="3" PLATFORM="win32" RESULT="OK" RUN="00005"/><TEST DATE="2004-06-05" ITERATIONS="3" PLATFORM="win32" RESULT="OK" RUN="00004"/><TEST DATE="2004-06-03" ITERATIONS="1" PLATFORM="win32" RESULT="OK" RUN="00003"/><TEST DATE="2004-06-03" ITERATIONS="1" PLATFORM="win32" RESULT="OK" RUN="00002"/></FILE><FILE directory="ofb" name="nbdisc.py"><TEST DATE="2006-03-15" ITERATIONS="3" PLATFORM="win32" RESULT="OK" RUN="00071"/><TEST DATE="2006-03-14" ITERATIONS="3" PLATFORM="win32" RESULT="OK" RUN="00068"/><TEST DATE="2006-03-10" ITERATIONS="3" PLATFORM="win32" RESULT="OK" RUN="00058"/><TEST DATE="2005-06-18" ITERATIONS="1" PLATFORM="win32" RESULT="OK" RUN="00056"/><TEST DATE="2005-03-09" ITERATIONS="1" PLATFORM="win32" RESULT="OK" RUN="00055"/><TEST DATE="2005-02-14" ITERATIONS="1" PLATFORM="win32" RESULT="OK" RUN="00056"/><TEST DATE="2005-01-31" ITERATIONS="3" PLATFORM="win32" RESULT="OK" RUN="00054"/><TEST DATE="2005-01-29" ITERATIONS="3" PLATFORM="win32" RESULT="OK" RUN="00053"/><TEST DATE="2005-01-28" ITERATIONS="1" PLATFORM="win32" RESULT="OK" RUN="00051"/><TEST DATE="2005-01-27" ITERATIONS="3" PLATFORM="win32" RESULT="OK" RUN="00050"/><TEST DATE="2005-01-27" ITERATIONS="3" PLATFORM="win32" RESULT="OK" RUN="00044"/><TEST DATE="2005-01-27" ITERATIONS="3" PLATFORM="win32" RESULT="OK" RUN="00043"/><TEST DATE="2005-01-21" ITERATIONS="3" PLATFORM="win32" RESULT="OK" RUN="00037"/><TEST DATE="2004-11-29" ITERATIONS="3" PLATFORM="win32" RESULT="OK" RUN="00036"/><TEST DATE="2004-09-17" ITERATIONS="3" PLATFORM="win32" RESULT="OK" RUN="00035"/><TEST DATE="2004-09-17" ITERATIONS="3" PLATFORM="win32" RESULT="OK" RUN="00034"/><TEST DATE="2004-08-21" ITERATIONS="3" PLATFORM="linux2" RESULT="OK" RUN="00013"/><TEST DATE="2004-08-21" ITERATIONS="3" PLATFORM="win32" RESULT="OK" RUN="00012"/><TEST DATE="2004-08-20" ITERATIONS="3" PLATFORM="win32" RESULT="OK" RUN="00011"/><TEST DATE="2004-08-20" ITERATIONS="3" PLATFORM="win32" RESULT="OK" RUN="00010"/><TEST DATE="2004-08-19" ITERATIONS="3" PLATFORM="win32" RESULT="OK" RUN="00009"/><TEST DATE="2004-08-19" ITERATIONS="3" PLATFORM="win32" RESULT="OK" RUN="00008"/><TEST DATE="2004-08-19" ITERATIONS="3" PLATFORM="win32" RESULT="OK" RUN="00007"/><TEST DATE="2004-08-19" ITERATIONS="3" PLATFORM="win32" RESULT="OK" RUN="00006"/><TEST DATE="2004-07-15" ITERATIONS="3" PLATFORM="win32" RESULT="OK" RUN="00005"/><TEST DATE="2004-06-05" ITERATIONS="3" PLATFORM="win32" RESULT="OK" RUN="00004"/><TEST DATE="2004-06-03" ITERATIONS="1" PLATFORM="win32" RESULT="OK" RUN="00003"/><TEST DATE="2004-06-03" ITERATIONS="1" PLATFORM="win32" RESULT="OK" RUN="00002"/></FILE><FILE directory="ofb" name="nbdisc_test.py"><TEST DATE="2006-03-15" ITERATIONS="3" PLATFORM="win32" RESULT="OK" RUN="00071"/><TEST DATE="2006-03-14" ITERATIONS="3" PLATFORM="win32" RESULT="OK" RUN="00068"/><TEST DATE="2006-03-10" ITERATIONS="3" PLATFORM="win32" RESULT="OK" RUN="00058"/><TEST DATE="2005-06-18" ITERATIONS="1" PLATFORM="win32" RESULT="OK" RUN="00056"/><TEST DATE="2005-03-09" ITERATIONS="1" PLATFORM="win32" RESULT="OK" RUN="00055"/><TEST DATE="2005-02-14" ITERATIONS="1" PLATFORM="win32" RESULT="OK" RUN="00056"/><TEST DATE="2005-01-31" ITERATIONS="3" PLATFORM="win32" RESULT="OK" RUN="00054"/><TEST DATE="2005-01-29" ITERATIONS="3" PLATFORM="win32" RESULT="OK" RUN="00053"/><TEST DATE="2005-01-28" ITERATIONS="1" PLATFORM="win32" RESULT="OK" RUN="00051"/><TEST DATE="2005-01-27" ITERATIONS="3" PLATFORM="win32" RESULT="OK" RUN="00050"/><TEST DATE="2005-01-27" ITERATIONS="3" PLATFORM="win32" RESULT="OK" RUN="00044"/><TEST DATE="2005-01-27" ITERATION="0" ITERATIONS="3" PLATFORM="win32" RESULT="error" RUN="00043" xml:space="preserve">Traceback (most recent call last):
  File &quot;D:/ai/Orange/regressionTests/xtest1.py&quot;, line 92, in ?
    execfile(t__name)
  File &quot;nbdisc_test.py&quot;, line 9, in ?
    results = orngTest.crossValidation([nbdisc.Learner()], data, folds=10)
  File &quot;d:\ai\orange\orngTest.py&quot;, line 159, in crossValidation
    indices = orange.MakeRandomIndicesCV(examples, folds, stratified = strat, randomGenerator = randomGenerator)
TypeError: invalid parameter type for MakeRandomIndicesCV.folds', (int expected)
</TEST><TEST DATE="2005-01-21" ITERATIONS="3" PLATFORM="win32" RESULT="OK" RUN="00037"/><TEST DATE="2004-11-29" ITERATIONS="3" PLATFORM="win32" RESULT="OK" RUN="00036"/><TEST DATE="2004-09-17" ITERATIONS="3" PLATFORM="win32" RESULT="OK" RUN="00035"/><TEST DATE="2004-09-17" ITERATIONS="3" PLATFORM="win32" RESULT="OK" RUN="00034"/><TEST DATE="2004-08-21" ITERATIONS="3" PLATFORM="linux2" RESULT="OK" RUN="00013"/><TEST DATE="2004-08-21" ITERATIONS="3" PLATFORM="win32" RESULT="OK" RUN="00012"/><TEST DATE="2004-08-20" ITERATIONS="3" PLATFORM="win32" RESULT="OK" RUN="00011"/><TEST DATE="2004-08-20" ITERATIONS="3" PLATFORM="win32" RESULT="OK" RUN="00010"/><TEST DATE="2004-08-19" ITERATIONS="3" PLATFORM="win32" RESULT="OK" RUN="00009"/><TEST DATE="2004-08-19" ITERATIONS="3" PLATFORM="win32" RESULT="OK" RUN="00008"/><TEST DATE="2004-08-19" ITERATIONS="3" PLATFORM="win32" RESULT="OK" RUN="00007"/><TEST DATE="2004-08-19" ITERATIONS="3" PLATFORM="win32" RESULT="OK" RUN="00006"/><TEST DATE="2004-07-15" ITERATIONS="3" PLATFORM="win32" RESULT="OK" RUN="00005"/><TEST DATE="2004-06-05" ITERATIONS="3" PLATFORM="win32" RESULT="OK" RUN="00004"/><TEST DATE="2004-06-03" ITERATIONS="1" PLATFORM="win32" RESULT="OK" RUN="00003"/><TEST DATE="2004-06-03" ITERATIONS="1" PLATFORM="win32" RESULT="OK" RUN="00002"/></FILE><FILE directory="ofb" name="regression1.py"><TEST DATE="2006-03-15" ITERATIONS="3" PLATFORM="win32" RESULT="OK" RUN="00071"/><TEST DATE="2006-03-14" ITERATIONS="3" PLATFORM="win32" RESULT="OK" RUN="00068"/><TEST DATE="2006-03-10" ITERATIONS="3" PLATFORM="win32" RESULT="OK" RUN="00058"/><TEST DATE="2005-06-18" ITERATIONS="1" PLATFORM="win32" RESULT="OK" RUN="00056"/><TEST DATE="2005-03-09" ITERATIONS="1" PLATFORM="win32" RESULT="OK" RUN="00055"/><TEST DATE="2005-02-14" ITERATIONS="1" PLATFORM="win32" RESULT="OK" RUN="00056"/><TEST DATE="2005-01-31" ITERATIONS="3" PLATFORM="win32" RESULT="OK" RUN="00054"/><TEST DATE="2005-01-29" ITERATIONS="3" PLATFORM="win32" RESULT="OK" RUN="00053"/><TEST DATE="2005-01-28" ITERATIONS="1" PLATFORM="win32" RESULT="OK" RUN="00051"/><TEST DATE="2005-01-27" ITERATIONS="3" PLATFORM="win32" RESULT="OK" RUN="00050"/><TEST DATE="2005-01-27" ITERATIONS="3" PLATFORM="win32" RESULT="OK" RUN="00044"/><TEST DATE="2005-01-27" ITERATIONS="3" PLATFORM="win32" RESULT="OK" RUN="00043"/><TEST DATE="2005-01-21" ITERATIONS="3" PLATFORM="win32" RESULT="OK" RUN="00037"/><TEST DATE="2004-11-29" ITERATIONS="3" PLATFORM="win32" RESULT="OK" RUN="00036"/><TEST DATE="2004-09-17" ITERATIONS="3" PLATFORM="win32" RESULT="OK" RUN="00035"/><TEST DATE="2004-09-17" ITERATIONS="3" PLATFORM="win32" RESULT="OK" RUN="00034"/><TEST DATE="2004-08-21" ITERATIONS="3" PLATFORM="linux2" RESULT="OK" RUN="00013"/><TEST DATE="2004-08-21" ITERATIONS="3" PLATFORM="win32" RESULT="OK" RUN="00012"/><TEST DATE="2004-08-20" ITERATIONS="3" PLATFORM="win32" RESULT="OK" RUN="00011"/><TEST DATE="2004-08-20" ITERATIONS="3" PLATFORM="win32" RESULT="OK" RUN="00010"/><TEST DATE="2004-08-19" ITERATIONS="3" PLATFORM="win32" RESULT="OK" RUN="00009"/><TEST DATE="2004-08-19" ITERATIONS="3" PLATFORM="win32" RESULT="OK" RUN="00008"/><TEST DATE="2004-08-19" ITERATIONS="3" PLATFORM="win32" RESULT="OK" RUN="00007"/><TEST DATE="2004-08-19" ITERATIONS="3" PLATFORM="win32" RESULT="OK" RUN="00006"/><TEST DATE="2004-07-15" ITERATIONS="3" PLATFORM="win32" RESULT="OK" RUN="00005"/><TEST DATE="2004-06-05" ITERATIONS="3" PLATFORM="win32" RESULT="OK" RUN="00004"/><TEST DATE="2004-06-03" ITERATIONS="1" PLATFORM="win32" RESULT="OK" RUN="00003"/><TEST DATE="2004-06-03" ITERATIONS="1" PLATFORM="win32" RESULT="OK" RUN="00002"/></FILE><FILE directory="ofb" name="regression2.py"><TEST DATE="2006-03-15" ITERATIONS="3" PLATFORM="win32" RESULT="OK" RUN="00071"/><TEST DATE="2006-03-14" ITERATIONS="3" PLATFORM="win32" RESULT="OK" RUN="00068"/><TEST DATE="2006-03-10" ITERATIONS="3" PLATFORM="win32" RESULT="OK" RUN="00058"/><TEST DATE="2005-06-18" ITERATIONS="1" PLATFORM="win32" RESULT="OK" RUN="00056"/><TEST DATE="2005-03-09" ITERATIONS="1" PLATFORM="win32" RESULT="OK" RUN="00055"/><TEST DATE="2005-02-14" ITERATIONS="1" PLATFORM="win32" RESULT="OK" RUN="00056"/><TEST DATE="2005-01-31" ITERATIONS="3" PLATFORM="win32" RESULT="OK" RUN="00054"/><TEST DATE="2005-01-29" ITERATIONS="3" PLATFORM="win32" RESULT="OK" RUN="00053"/><TEST DATE="2005-01-28" ITERATIONS="1" PLATFORM="win32" RESULT="OK" RUN="00051"/><TEST DATE="2005-01-27" ITERATIONS="3" PLATFORM="win32" RESULT="OK" RUN="00050"/><TEST DATE="2005-01-27" ITERATIONS="3" PLATFORM="win32" RESULT="OK" RUN="00044"/><TEST DATE="2005-01-27" ITERATIONS="3" PLATFORM="win32" RESULT="OK" RUN="00043"/><TEST DATE="2005-01-21" ITERATIONS="3" PLATFORM="win32" RESULT="OK" RUN="00037"/><TEST DATE="2004-11-29" ITERATIONS="3" PLATFORM="win32" RESULT="OK" RUN="00036"/><TEST DATE="2004-09-17" ITERATIONS="3" PLATFORM="win32" RESULT="OK" RUN="00035"/><TEST DATE="2004-09-17" ITERATIONS="3" PLATFORM="win32" RESULT="OK" RUN="00034"/><TEST DATE="2004-08-21" ITERATIONS="3" PLATFORM="linux2" RESULT="OK" RUN="00013"/><TEST DATE="2004-08-21" ITERATIONS="3" PLATFORM="win32" RESULT="OK" RUN="00012"/><TEST DATE="2004-08-20" ITERATIONS="3" PLATFORM="win32" RESULT="OK" RUN="00011"/><TEST DATE="2004-08-20" ITERATIONS="3" PLATFORM="win32" RESULT="OK" RUN="00010"/><TEST DATE="2004-08-19" ITERATIONS="3" PLATFORM="win32" RESULT="OK" RUN="00009"/><TEST DATE="2004-08-19" ITERATIONS="3" PLATFORM="win32" RESULT="OK" RUN="00008"/><TEST DATE="2004-08-19" ITERATIONS="3" PLATFORM="win32" RESULT="OK" RUN="00007"/><TEST DATE="2004-08-19" ITERATIONS="3" PLATFORM="win32" RESULT="OK" RUN="00006"/><TEST DATE="2004-07-15" ITERATIONS="3" PLATFORM="win32" RESULT="OK" RUN="00005"/><TEST DATE="2004-06-05" ITERATIONS="3" PLATFORM="win32" RESULT="OK" RUN="00004"/><TEST DATE="2004-06-03" ITERATIONS="1" PLATFORM="win32" RESULT="OK" RUN="00003"/><TEST DATE="2004-06-03" ITERATIONS="1" PLATFORM="win32" RESULT="OK" RUN="00002"/></FILE><FILE directory="ofb" name="regression3.py"><TEST DATE="2006-03-15" ITERATIONS="3" PLATFORM="win32" RESULT="OK" RUN="00071"/><TEST DATE="2006-03-14" ITERATIONS="3" PLATFORM="win32" RESULT="OK" RUN="00068"/><TEST DATE="2006-03-10" ITERATIONS="3" PLATFORM="win32" RESULT="OK" RUN="00058"/><TEST DATE="2005-06-18" ITERATIONS="1" PLATFORM="win32" RESULT="OK" RUN="00056"/><TEST DATE="2005-03-09" ITERATIONS="1" PLATFORM="win32" RESULT="OK" RUN="00055"/><TEST DATE="2005-02-14" ITERATIONS="1" PLATFORM="win32" RESULT="OK" RUN="00056"/><TEST DATE="2005-01-31" ITERATIONS="3" PLATFORM="win32" RESULT="OK" RUN="00054"/><TEST DATE="2005-01-29" ITERATIONS="3" PLATFORM="win32" RESULT="OK" RUN="00053"/><TEST DATE="2005-01-28" ITERATIONS="1" PLATFORM="win32" RESULT="OK" RUN="00051"/><TEST DATE="2005-01-27" ITERATIONS="3" PLATFORM="win32" RESULT="OK" RUN="00050"/><TEST DATE="2005-01-27" ITERATIONS="3" PLATFORM="win32" RESULT="OK" RUN="00044"/><TEST DATE="2005-01-27" ITERATION="0" ITERATIONS="3" PLATFORM="win32" RESULT="error" RUN="00043" xml:space="preserve">Traceback (most recent call last):
  File &quot;D:/ai/Orange/regressionTests/xtest1.py&quot;, line 92, in ?
    execfile(t__name)
  File &quot;regression3.py&quot;, line 21, in ?
    results = orngTest.crossValidation(learners, data, folds=10)
  File &quot;d:\ai\orange\orngTest.py&quot;, line 159, in crossValidation
    indices = orange.MakeRandomIndicesCV(examples, folds, stratified = strat, randomGenerator = randomGenerator)
TypeError: invalid parameter type for MakeRandomIndicesCV.folds', (int expected)
</TEST><TEST DATE="2005-01-21" ITERATIONS="3" PLATFORM="win32" RESULT="OK" RUN="00037"/><TEST DATE="2004-11-29" ITERATIONS="3" PLATFORM="win32" RESULT="OK" RUN="00036"/><TEST DATE="2004-09-17" ITERATIONS="3" PLATFORM="win32" RESULT="OK" RUN="00035"/><TEST DATE="2004-09-17" ITERATIONS="3" PLATFORM="win32" RESULT="OK" RUN="00034"/><TEST DATE="2004-08-21" ITERATIONS="3" PLATFORM="linux2" RESULT="OK" RUN="00013"/><TEST DATE="2004-08-21" ITERATIONS="3" PLATFORM="win32" RESULT="OK" RUN="00012"/><TEST DATE="2004-08-20" ITERATIONS="3" PLATFORM="win32" RESULT="OK" RUN="00011"/><TEST DATE="2004-08-20" ITERATIONS="3" PLATFORM="win32" RESULT="OK" RUN="00010"/><TEST DATE="2004-08-19" ITERATIONS="3" PLATFORM="win32" RESULT="OK" RUN="00009"/><TEST DATE="2004-08-19" ITERATIONS="3" PLATFORM="win32" RESULT="OK" RUN="00008"/><TEST DATE="2004-08-19" ITERATIONS="3" PLATFORM="win32" RESULT="OK" RUN="00007"/><TEST DATE="2004-08-19" ITERATIONS="3" PLATFORM="win32" RESULT="OK" RUN="00006"/><TEST DATE="2004-07-15" ITERATIONS="3" PLATFORM="win32" RESULT="OK" RUN="00005"/><TEST DATE="2004-06-05" ITERATIONS="3" PLATFORM="win32" RESULT="OK" RUN="00004"/><TEST DATE="2004-06-03" ITERATIONS="1" PLATFORM="win32" RESULT="OK" RUN="00003"/><TEST DATE="2004-06-03" ITERATIONS="1" PLATFORM="win32" RESULT="OK" RUN="00002"/></FILE><FILE directory="ofb" name="report_missing.py"><TEST DATE="2006-03-15" ITERATIONS="3" PLATFORM="win32" RESULT="OK" RUN="00071"/><TEST DATE="2006-03-14" ITERATIONS="3" PLATFORM="win32" RESULT="OK" RUN="00068"/><TEST DATE="2006-03-10" ITERATIONS="3" PLATFORM="win32" RESULT="OK" RUN="00058"/><TEST DATE="2005-06-18" ITERATIONS="1" PLATFORM="win32" RESULT="OK" RUN="00056"/><TEST DATE="2005-03-09" ITERATIONS="1" PLATFORM="win32" RESULT="OK" RUN="00055"/><TEST DATE="2005-02-14" ITERATIONS="1" PLATFORM="win32" RESULT="OK" RUN="00056"/><TEST DATE="2005-01-31" ITERATIONS="3" PLATFORM="win32" RESULT="OK" RUN="00054"/><TEST DATE="2005-01-29" ITERATIONS="3" PLATFORM="win32" RESULT="OK" RUN="00053"/><TEST DATE="2005-01-28" ITERATIONS="1" PLATFORM="win32" RESULT="OK" RUN="00051"/><TEST DATE="2005-01-27" ITERATIONS="3" PLATFORM="win32" RESULT="OK" RUN="00050"/><TEST DATE="2005-01-27" ITERATIONS="3" PLATFORM="win32" RESULT="OK" RUN="00044"/><TEST DATE="2005-01-27" ITERATIONS="3" PLATFORM="win32" RESULT="OK" RUN="00043"/><TEST DATE="2005-01-21" ITERATIONS="3" PLATFORM="win32" RESULT="OK" RUN="00037"/><TEST DATE="2004-11-29" ITERATIONS="3" PLATFORM="win32" RESULT="OK" RUN="00036"/><TEST DATE="2004-09-17" ITERATIONS="3" PLATFORM="win32" RESULT="OK" RUN="00035"/><TEST DATE="2004-09-17" ITERATIONS="3" PLATFORM="win32" RESULT="OK" RUN="00034"/><TEST DATE="2004-08-21" ITERATIONS="3" PLATFORM="linux2" RESULT="OK" RUN="00013"/><TEST DATE="2004-08-21" ITERATIONS="3" PLATFORM="win32" RESULT="OK" RUN="00012"/><TEST DATE="2004-08-20" ITERATIONS="3" PLATFORM="win32" RESULT="OK" RUN="00011"/><TEST DATE="2004-08-20" ITERATIONS="3" PLATFORM="win32" RESULT="OK" RUN="00010"/><TEST DATE="2004-08-19" ITERATIONS="3" PLATFORM="win32" RESULT="OK" RUN="00009"/><TEST DATE="2004-08-19" ITERATIONS="3" PLATFORM="win32" RESULT="OK" RUN="00008"/><TEST DATE="2004-08-19" ITERATIONS="3" PLATFORM="win32" RESULT="OK" RUN="00007"/><TEST DATE="2004-08-19" ITERATIONS="3" PLATFORM="win32" RESULT="OK" RUN="00006"/><TEST DATE="2004-07-15" ITERATIONS="3" PLATFORM="win32" RESULT="OK" RUN="00005"/><TEST DATE="2004-06-05" ITERATIONS="3" PLATFORM="win32" RESULT="OK" RUN="00004"/><TEST DATE="2004-06-03" ITERATIONS="1" PLATFORM="win32" RESULT="OK" RUN="00003"/><TEST DATE="2004-06-03" ITERATIONS="1" PLATFORM="win32" RESULT="OK" RUN="00002"/></FILE><FILE directory="ofb" name="roc.py"><TEST DATE="2006-03-15" ITERATIONS="3" PLATFORM="win32" RESULT="OK" RUN="00071"/><TEST DATE="2006-03-14" ITERATIONS="3" PLATFORM="win32" RESULT="OK" RUN="00068"/><TEST DATE="2006-03-10" ITERATIONS="3" PLATFORM="win32" RESULT="OK" RUN="00058"/><TEST DATE="2005-06-18" ITERATIONS="1" PLATFORM="win32" RESULT="OK" RUN="00056"/><TEST DATE="2005-03-09" ITERATIONS="1" PLATFORM="win32" RESULT="OK" RUN="00055"/><TEST DATE="2005-02-14" ITERATIONS="1" PLATFORM="win32" RESULT="OK" RUN="00056"/><TEST DATE="2005-01-31" ITERATIONS="3" PLATFORM="win32" RESULT="OK" RUN="00054"/><TEST DATE="2005-01-29" ITERATIONS="3" PLATFORM="win32" RESULT="OK" RUN="00053"/><TEST DATE="2005-01-28" ITERATIONS="1" PLATFORM="win32" RESULT="OK" RUN="00052"/><TEST DATE="2005-01-28" ITERATIONS="1" PLATFORM="win32" RESULT="" RUN="00051"/><TEST DATE="2005-01-27" ITERATIONS="3" PLATFORM="win32" RESULT="OK" RUN="00050"/><TEST DATE="2005-01-27" ITERATIONS="3" PLATFORM="win32" RESULT="OK" RUN="00044"/><TEST DATE="2005-01-27" ITERATIONS="3" PLATFORM="win32" RESULT="OK" RUN="00043"/><TEST DATE="2005-01-21" ITERATIONS="3" PLATFORM="win32" RESULT="OK" RUN="00037"/><TEST DATE="2004-11-29" ITERATIONS="3" PLATFORM="win32" RESULT="OK" RUN="00036"/><TEST DATE="2004-09-17" ITERATIONS="3" PLATFORM="win32" RESULT="OK" RUN="00035"/><TEST DATE="2004-09-17" ITERATIONS="3" PLATFORM="win32" RESULT="OK" RUN="00034"/><TEST DATE="2004-08-21" ITERATIONS="3" PLATFORM="linux2" RESULT="OK" RUN="00013"/><TEST DATE="2004-08-21" ITERATIONS="3" PLATFORM="win32" RESULT="OK" RUN="00012"/><TEST DATE="2004-08-20" ITERATIONS="3" PLATFORM="win32" RESULT="OK" RUN="00011"/><TEST DATE="2004-08-20" ITERATIONS="3" PLATFORM="win32" RESULT="OK" RUN="00010"/><TEST DATE="2004-08-19" ITERATIONS="3" PLATFORM="win32" RESULT="OK" RUN="00009"/><TEST DATE="2004-08-19" ITERATIONS="3" PLATFORM="win32" RESULT="OK" RUN="00008"/><TEST DATE="2004-08-19" ITERATIONS="3" PLATFORM="win32" RESULT="OK" RUN="00007"/><TEST DATE="2004-08-19" ITERATIONS="3" PLATFORM="win32" RESULT="OK" RUN="00006"/><TEST DATE="2004-07-15" ITERATIONS="3" PLATFORM="win32" RESULT="OK" RUN="00005"/><TEST DATE="2004-06-05" ITERATIONS="3" PLATFORM="win32" RESULT="OK" RUN="00004"/><TEST DATE="2004-06-03" ITERATIONS="1" PLATFORM="win32" RESULT="OK" RUN="00003"/><TEST DATE="2004-06-03" ITERATIONS="1" PLATFORM="win32" RESULT="OK" RUN="00002"/></FILE><FILE directory="ofb" name="sample_adult.py"><TEST DATE="2006-03-15" ITERATIONS="3" PLATFORM="win32" RESULT="OK" RUN="00071"/><TEST DATE="2006-03-14" ITERATIONS="3" PLATFORM="win32" RESULT="OK" RUN="00068"/><TEST DATE="2006-03-10" ITERATIONS="3" PLATFORM="win32" RESULT="OK" RUN="00058"/><TEST DATE="2005-06-18" ITERATIONS="1" PLATFORM="win32" RESULT="OK" RUN="00056"/><TEST DATE="2005-03-09" ITERATIONS="1" PLATFORM="win32" RESULT="OK" RUN="00055"/><TEST DATE="2005-02-14" ITERATIONS="1" PLATFORM="win32" RESULT="OK" RUN="00056"/><TEST DATE="2005-01-31" ITERATIONS="3" PLATFORM="win32" RESULT="OK" RUN="00054"/><TEST DATE="2005-01-29" ITERATIONS="3" PLATFORM="win32" RESULT="OK" RUN="00053"/><TEST DATE="2005-01-28" ITERATIONS="1" PLATFORM="win32" RESULT="OK" RUN="00051"/><TEST DATE="2005-01-27" ITERATIONS="3" PLATFORM="win32" RESULT="OK" RUN="00050"/><TEST DATE="2005-01-27" ITERATIONS="3" PLATFORM="win32" RESULT="OK" RUN="00044"/><TEST DATE="2005-01-27" ITERATIONS="3" PLATFORM="win32" RESULT="OK" RUN="00043"/><TEST DATE="2005-01-21" ITERATIONS="3" PLATFORM="win32" RESULT="OK" RUN="00037"/><TEST DATE="2004-11-29" ITERATIONS="3" PLATFORM="win32" RESULT="OK" RUN="00036"/><TEST DATE="2004-09-17" ITERATIONS="3" PLATFORM="win32" RESULT="OK" RUN="00035"/><TEST DATE="2004-09-17" ITERATIONS="3" PLATFORM="win32" RESULT="OK" RUN="00034"/><TEST DATE="2004-08-21" ITERATIONS="3" PLATFORM="linux2" RESULT="OK" RUN="00013"/><TEST DATE="2004-08-21" ITERATIONS="3" PLATFORM="win32" RESULT="OK" RUN="00012"/><TEST DATE="2004-08-20" ITERATIONS="3" PLATFORM="win32" RESULT="OK" RUN="00011"/><TEST DATE="2004-08-20" ITERATIONS="3" PLATFORM="win32" RESULT="OK" RUN="00010"/><TEST DATE="2004-08-19" ITERATIONS="3" PLATFORM="win32" RESULT="OK" RUN="00009"/><TEST DATE="2004-08-19" ITERATIONS="3" PLATFORM="win32" RESULT="OK" RUN="00008"/><TEST DATE="2004-08-19" ITERATIONS="3" PLATFORM="win32" RESULT="OK" RUN="00007"/><TEST DATE="2004-08-19" ITERATIONS="3" PLATFORM="win32" RESULT="OK" RUN="00006"/><TEST DATE="2004-07-15" ITERATIONS="3" PLATFORM="win32" RESULT="OK" RUN="00005"/><TEST DATE="2004-06-05" ITERATIONS="3" PLATFORM="win32" RESULT="OK" RUN="00004"/><TEST DATE="2004-06-03" ITERATIONS="1" PLATFORM="win32" RESULT="OK" RUN="00003"/><TEST DATE="2004-06-03" ITERATIONS="1" PLATFORM="win32" RESULT="OK" RUN="00002"/></FILE><FILE directory="ofb" name="tree.py"><TEST DATE="2006-03-15" ITERATIONS="3" PLATFORM="win32" RESULT="OK" RUN="00071"/><TEST DATE="2006-03-14" ITERATIONS="3" PLATFORM="win32" RESULT="OK" RUN="00068"/><TEST DATE="2006-03-10" ITERATIONS="3" PLATFORM="win32" RESULT="OK" RUN="00058"/><TEST DATE="2005-06-18" ITERATIONS="1" PLATFORM="win32" RESULT="OK" RUN="00056"/><TEST DATE="2005-03-09" ITERATIONS="1" PLATFORM="win32" RESULT="OK" RUN="00055"/><TEST DATE="2005-02-14" ITERATIONS="1" PLATFORM="win32" RESULT="OK" RUN="00056"/><TEST DATE="2005-01-31" ITERATIONS="3" PLATFORM="win32" RESULT="OK" RUN="00054"/><TEST DATE="2005-01-29" ITERATIONS="3" PLATFORM="win32" RESULT="OK" RUN="00053"/><TEST DATE="2005-01-28" ITERATIONS="1" PLATFORM="win32" RESULT="OK" RUN="00051"/><TEST DATE="2005-01-27" ITERATIONS="3" PLATFORM="win32" RESULT="OK" RUN="00050"/><TEST DATE="2005-01-27" ITERATIONS="3" PLATFORM="win32" RESULT="OK" RUN="00044"/><TEST DATE="2005-01-27" ITERATIONS="3" PLATFORM="win32" RESULT="OK" RUN="00043"/><TEST DATE="2005-01-21" ITERATIONS="3" PLATFORM="win32" RESULT="OK" RUN="00037"/><TEST DATE="2004-11-29" ITERATIONS="3" PLATFORM="win32" RESULT="OK" RUN="00036"/><TEST DATE="2004-09-17" ITERATIONS="3" PLATFORM="win32" RESULT="OK" RUN="00035"/><TEST DATE="2004-09-17" ITERATIONS="3" PLATFORM="win32" RESULT="OK" RUN="00034"/><TEST DATE="2004-08-21" ITERATIONS="3" PLATFORM="linux2" RESULT="OK" RUN="00013"/><TEST DATE="2004-08-21" ITERATIONS="3" PLATFORM="win32" RESULT="OK" RUN="00012"/><TEST DATE="2004-08-20" ITERATIONS="3" PLATFORM="win32" RESULT="OK" RUN="00011"/><TEST DATE="2004-08-20" ITERATIONS="3" PLATFORM="win32" RESULT="OK" RUN="00010"/><TEST DATE="2004-08-19" ITERATIONS="3" PLATFORM="win32" RESULT="OK" RUN="00009"/><TEST DATE="2004-08-19" ITERATIONS="3" PLATFORM="win32" RESULT="OK" RUN="00008"/><TEST DATE="2004-08-19" ITERATIONS="3" PLATFORM="win32" RESULT="OK" RUN="00007"/><TEST DATE="2004-08-19" ITERATIONS="3" PLATFORM="win32" RESULT="OK" RUN="00006"/><TEST DATE="2004-07-15" ITERATIONS="3" PLATFORM="win32" RESULT="OK" RUN="00005"/><TEST DATE="2004-06-05" ITERATIONS="3" PLATFORM="win32" RESULT="OK" RUN="00004"/><TEST DATE="2004-06-03" ITERATIONS="1" PLATFORM="win32" RESULT="OK" RUN="00003"/><TEST DATE="2004-06-03" ITERATIONS="1" PLATFORM="win32" RESULT="OK" RUN="00002"/></FILE><FILE directory="ofb" name="tree_print.py"><TEST DATE="2006-03-15" ITERATIONS="3" PLATFORM="win32" RESULT="OK" RUN="00071"/><TEST DATE="2006-03-14" ITERATIONS="3" PLATFORM="win32" RESULT="OK" RUN="00068"/><TEST DATE="2006-03-10" ITERATIONS="3" PLATFORM="win32" RESULT="OK" RUN="00058"/><TEST DATE="2005-06-18" ITERATIONS="1" PLATFORM="win32" RESULT="OK" RUN="00056"/><TEST DATE="2005-03-09" ITERATIONS="1" PLATFORM="win32" RESULT="OK" RUN="00055"/><TEST DATE="2005-02-14" ITERATIONS="1" PLATFORM="win32" RESULT="OK" RUN="00056"/><TEST DATE="2005-01-31" ITERATIONS="3" PLATFORM="win32" RESULT="OK" RUN="00054"/><TEST DATE="2005-01-29" ITERATIONS="3" PLATFORM="win32" RESULT="OK" RUN="00053"/><TEST DATE="2005-01-28" ITERATIONS="1" PLATFORM="win32" RESULT="OK" RUN="00051"/><TEST DATE="2005-01-27" ITERATIONS="3" PLATFORM="win32" RESULT="OK" RUN="00050"/><TEST DATE="2005-01-27" ITERATIONS="3" PLATFORM="win32" RESULT="OK" RUN="00044"/><TEST DATE="2005-01-27" ITERATIONS="3" PLATFORM="win32" RESULT="OK" RUN="00043"/><TEST DATE="2005-01-21" ITERATIONS="3" PLATFORM="win32" RESULT="OK" RUN="00037"/><TEST DATE="2004-11-29" ITERATIONS="3" PLATFORM="win32" RESULT="OK" RUN="00036"/><TEST DATE="2004-09-17" ITERATIONS="3" PLATFORM="win32" RESULT="OK" RUN="00035"/><TEST DATE="2004-09-17" ITERATIONS="3" PLATFORM="win32" RESULT="OK" RUN="00034"/><TEST DATE="2004-08-21" ITERATIONS="3" PLATFORM="linux2" RESULT="OK" RUN="00013"/><TEST DATE="2004-08-21" ITERATIONS="3" PLATFORM="win32" RESULT="OK" RUN="00012"/><TEST DATE="2004-08-20" ITERATIONS="3" PLATFORM="win32" RESULT="OK" RUN="00011"/><TEST DATE="2004-08-20" ITERATIONS="3" PLATFORM="win32" RESULT="OK" RUN="00010"/><TEST DATE="2004-08-19" ITERATIONS="3" PLATFORM="win32" RESULT="OK" RUN="00009"/><TEST DATE="2004-08-19" ITERATIONS="3" PLATFORM="win32" RESULT="OK" RUN="00008"/><TEST DATE="2004-08-19" ITERATIONS="3" PLATFORM="win32" RESULT="OK" RUN="00007"/><TEST DATE="2004-08-19" ITERATIONS="3" PLATFORM="win32" RESULT="OK" RUN="00006"/><TEST DATE="2004-07-15" ITERATIONS="3" PLATFORM="win32" RESULT="OK" RUN="00005"/><TEST DATE="2004-06-05" ITERATIONS="3" PLATFORM="win32" RESULT="OK" RUN="00004"/><TEST DATE="2004-06-03" ITERATIONS="1" PLATFORM="win32" RESULT="OK" RUN="00003"/><TEST DATE="2004-06-03" ITERATIONS="1" PLATFORM="win32" RESULT="OK" RUN="00002"/></FILE><FILE directory="reference" name="ClassifierByExampleTable.py"><TEST DATE="2006-03-15" ITERATIONS="3" PLATFORM="win32" RESULT="OK" RUN="00071"/><TEST DATE="2006-03-14" ITERATIONS="3" PLATFORM="win32" RESULT="OK" RUN="00068"/><TEST DATE="2006-03-10" ITERATIONS="3" PLATFORM="win32" RESULT="OK" RUN="00058"/><TEST DATE="2005-06-18" ITERATIONS="1" PLATFORM="win32" RESULT="OK" RUN="00056"/><TEST DATE="2005-03-09" ITERATIONS="1" PLATFORM="win32" RESULT="OK" RUN="00055"/><TEST DATE="2005-02-14" ITERATIONS="1" PLATFORM="win32" RESULT="OK" RUN="00056"/><TEST DATE="2005-01-31" ITERATIONS="3" PLATFORM="win32" RESULT="OK" RUN="00054"/><TEST DATE="2005-01-29" ITERATIONS="3" PLATFORM="win32" RESULT="OK" RUN="00053"/><TEST DATE="2005-01-28" ITERATIONS="1" PLATFORM="win32" RESULT="OK" RUN="00051"/><TEST DATE="2005-01-27" ITERATIONS="3" PLATFORM="win32" RESULT="OK" RUN="00050"/><TEST DATE="2005-01-27" ITERATIONS="3" PLATFORM="win32" RESULT="OK" RUN="00045"/><TEST DATE="2005-01-27" ITERATIONS="3" PLATFORM="win32" RESULT="changed" RUN="00044"/><TEST DATE="2005-01-27" ITERATIONS="3" PLATFORM="win32" RESULT="changed" RUN="00043"/><TEST DATE="2005-01-21" ITERATIONS="3" PLATFORM="win32" RESULT="changed" RUN="00042"/><TEST DATE="2005-01-21" ITERATIONS="3" PLATFORM="win32" RESULT="changed" RUN="00041"/><TEST DATE="2005-01-21" ITERATIONS="3" PLATFORM="win32" RESULT="changed" RUN="00040"/><TEST DATE="2005-01-21" ITERATION="0" ITERATIONS="3" PLATFORM="win32" RESULT="error" RUN="00039" xml:space="preserve">Traceback (most recent call last):
  File &quot;D:/ai/Orange/regressionTests/xtest1.py&quot;, line 92, in ?
    execfile(t__name)
  File &quot;ClassifierByExampleTable.py&quot;, line 26, in ?
    y2 = orange.EnumVariable(&quot;y2&quot;, values = [&quot;0&quot;, &quot;1&quot;])
SystemError: Orange class OrangeVector&lt;class std::basic_string&lt;char,struct std::char_traits&lt;char&gt;,class std::allocator&lt;char&gt; &gt;,1&gt;, needed for 'EnumVariable.values' not exported to Python
</TEST><TEST DATE="2005-01-21" ITERATION="0" ITERATIONS="3" PLATFORM="win32" RESULT="error" RUN="00038" xml:space="preserve">Traceback (most recent call last):
  File &quot;D:/ai/Orange/regressionTests/xtest1.py&quot;, line 92, in ?
    execfile(t__name)
  File &quot;ClassifierByExampleTable.py&quot;, line 26, in ?
    y2 = orange.EnumVariable(&quot;y2&quot;, values = [&quot;0&quot;, &quot;1&quot;])
SystemError: Orange class OrangeVector&lt;class std::basic_string&lt;char,struct std::char_traits&lt;char&gt;,class std::allocator&lt;char&gt; &gt;,1&gt;, needed for 'EnumVariable.values' not exported to Python
</TEST><TEST DATE="2005-01-21" ITERATION="0" ITERATIONS="3" PLATFORM="win32" RESULT="error" RUN="00037" xml:space="preserve">Traceback (most recent call last):
  File &quot;D:/ai/Orange/regressionTests/xtest1.py&quot;, line 92, in ?
    execfile(t__name)
  File &quot;ClassifierByExampleTable.py&quot;, line 26, in ?
    y2 = orange.EnumVariable(&quot;y2&quot;, values = [&quot;0&quot;, &quot;1&quot;])
SystemError: Orange class OrangeVector&lt;class std::basic_string&lt;char,struct std::char_traits&lt;char&gt;,class std::allocator&lt;char&gt; &gt;,1&gt;, needed for 'EnumVariable.values' not exported to Python
</TEST><TEST DATE="2004-11-29" ITERATIONS="3" PLATFORM="win32" RESULT="changed" RUN="00036"/><TEST DATE="2004-09-17" ITERATIONS="3" PLATFORM="win32" RESULT="OK" RUN="00035"/><TEST DATE="2004-09-17" ITERATIONS="3" PLATFORM="win32" RESULT="OK" RUN="00034"/><TEST DATE="2004-08-21" ITERATIONS="3" PLATFORM="linux2" RESULT="OK" RUN="00013"/><TEST DATE="2004-08-21" ITERATIONS="3" PLATFORM="win32" RESULT="OK" RUN="00012"/><TEST DATE="2004-08-20" ITERATIONS="3" PLATFORM="win32" RESULT="OK" RUN="00011"/><TEST DATE="2004-08-20" ITERATIONS="3" PLATFORM="win32" RESULT="OK" RUN="00010"/><TEST DATE="2004-08-19" ITERATIONS="3" PLATFORM="win32" RESULT="OK" RUN="00009"/><TEST DATE="2004-08-19" ITERATIONS="3" PLATFORM="win32" RESULT="OK" RUN="00008"/><TEST DATE="2004-08-19" ITERATIONS="3" PLATFORM="win32" RESULT="OK" RUN="00007"/><TEST DATE="2004-08-19" ITERATIONS="3" PLATFORM="win32" RESULT="OK" RUN="00006"/><TEST DATE="2004-07-15" ITERATIONS="3" PLATFORM="win32" RESULT="OK" RUN="00005"/><TEST DATE="2004-06-05" ITERATIONS="3" PLATFORM="win32" RESULT="OK" RUN="00004"/><TEST DATE="2004-06-03" ITERATIONS="1" PLATFORM="win32" RESULT="OK" RUN="00003"/><TEST DATE="2004-06-03" ITERATIONS="1" PLATFORM="win32" RESULT="OK" RUN="00002"/></FILE><FILE directory="reference" name="ClassifierByLookupTable.py"><TEST DATE="2006-03-15" ITERATIONS="3" PLATFORM="win32" RESULT="OK" RUN="00071"/><TEST DATE="2006-03-14" ITERATIONS="3" PLATFORM="win32" RESULT="OK" RUN="00068"/><TEST DATE="2006-03-10" ITERATIONS="3" PLATFORM="win32" RESULT="OK" RUN="00058"/><TEST DATE="2005-06-18" ITERATIONS="1" PLATFORM="win32" RESULT="OK" RUN="00056"/><TEST DATE="2005-03-09" ITERATIONS="1" PLATFORM="win32" RESULT="OK" RUN="00055"/><TEST DATE="2005-02-14" ITERATIONS="1" PLATFORM="win32" RESULT="OK" RUN="00056"/><TEST DATE="2005-01-31" ITERATIONS="3" PLATFORM="win32" RESULT="OK" RUN="00054"/><TEST DATE="2005-01-29" ITERATIONS="3" PLATFORM="win32" RESULT="OK" RUN="00053"/><TEST DATE="2005-01-28" ITERATIONS="1" PLATFORM="win32" RESULT="OK" RUN="00051"/><TEST DATE="2005-01-27" ITERATIONS="3" PLATFORM="win32" RESULT="OK" RUN="00050"/><TEST DATE="2005-01-27" ITERATIONS="3" PLATFORM="win32" RESULT="OK" RUN="00044"/><TEST DATE="2005-01-27" ITERATIONS="3" PLATFORM="win32" RESULT="OK" RUN="00043"/><TEST DATE="2005-01-21" ITERATIONS="3" PLATFORM="win32" RESULT="OK" RUN="00040"/><TEST DATE="2005-01-21" ITERATION="0" ITERATIONS="3" PLATFORM="win32" RESULT="error" RUN="00039" xml:space="preserve">Traceback (most recent call last):
  File &quot;D:/ai/Orange/regressionTests/xtest1.py&quot;, line 92, in ?
    execfile(t__name)
  File &quot;ClassifierByLookupTable.py&quot;, line 13, in ?
    ab = orange.EnumVariable(&quot;a==b&quot;, values = [&quot;no&quot;, &quot;yes&quot;])
SystemError: Orange class OrangeVector&lt;class std::basic_string&lt;char,struct std::char_traits&lt;char&gt;,class std::allocator&lt;char&gt; &gt;,1&gt;, needed for 'EnumVariable.values' not exported to Python
</TEST><TEST DATE="2005-01-21" ITERATION="0" ITERATIONS="3" PLATFORM="win32" RESULT="error" RUN="00038" xml:space="preserve">Traceback (most recent call last):
  File &quot;D:/ai/Orange/regressionTests/xtest1.py&quot;, line 92, in ?
    execfile(t__name)
  File &quot;ClassifierByLookupTable.py&quot;, line 13, in ?
    ab = orange.EnumVariable(&quot;a==b&quot;, values = [&quot;no&quot;, &quot;yes&quot;])
SystemError: Orange class OrangeVector&lt;class std::basic_string&lt;char,struct std::char_traits&lt;char&gt;,class std::allocator&lt;char&gt; &gt;,1&gt;, needed for 'EnumVariable.values' not exported to Python
</TEST><TEST DATE="2005-01-21" ITERATION="0" ITERATIONS="3" PLATFORM="win32" RESULT="error" RUN="00037" xml:space="preserve">Traceback (most recent call last):
  File &quot;D:/ai/Orange/regressionTests/xtest1.py&quot;, line 92, in ?
    execfile(t__name)
  File &quot;ClassifierByLookupTable.py&quot;, line 13, in ?
    ab = orange.EnumVariable(&quot;a==b&quot;, values = [&quot;no&quot;, &quot;yes&quot;])
SystemError: Orange class OrangeVector&lt;class std::basic_string&lt;char,struct std::char_traits&lt;char&gt;,class std::allocator&lt;char&gt; &gt;,1&gt;, needed for 'EnumVariable.values' not exported to Python
</TEST><TEST DATE="2004-11-29" ITERATIONS="3" PLATFORM="win32" RESULT="OK" RUN="00036"/><TEST DATE="2004-09-17" ITERATIONS="3" PLATFORM="win32" RESULT="OK" RUN="00035"/><TEST DATE="2004-09-17" ITERATIONS="3" PLATFORM="win32" RESULT="OK" RUN="00034"/><TEST DATE="2004-08-21" ITERATIONS="3" PLATFORM="linux2" RESULT="OK" RUN="00013"/><TEST DATE="2004-08-21" ITERATIONS="3" PLATFORM="win32" RESULT="OK" RUN="00012"/><TEST DATE="2004-08-20" ITERATIONS="3" PLATFORM="win32" RESULT="OK" RUN="00011"/><TEST DATE="2004-08-20" ITERATIONS="3" PLATFORM="win32" RESULT="OK" RUN="00010"/><TEST DATE="2004-08-19" ITERATIONS="3" PLATFORM="win32" RESULT="OK" RUN="00009"/><TEST DATE="2004-08-19" ITERATIONS="3" PLATFORM="win32" RESULT="OK" RUN="00008"/><TEST DATE="2004-08-19" ITERATIONS="3" PLATFORM="win32" RESULT="OK" RUN="00007"/><TEST DATE="2004-08-19" ITERATIONS="3" PLATFORM="win32" RESULT="OK" RUN="00006"/><TEST DATE="2004-07-15" ITERATIONS="3" PLATFORM="win32" RESULT="OK" RUN="00005"/><TEST DATE="2004-06-05" ITERATIONS="3" PLATFORM="win32" RESULT="OK" RUN="00004"/><TEST DATE="2004-06-03" ITERATIONS="1" PLATFORM="win32" RESULT="OK" RUN="00003"/><TEST DATE="2004-06-03" ITERATIONS="1" PLATFORM="win32" RESULT="OK" RUN="00002"/></FILE><FILE directory="reference" name="CostMatrix.py"><TEST DATE="2006-03-15" ITERATIONS="3" PLATFORM="win32" RESULT="OK" RUN="00071"/><TEST DATE="2006-03-14" ITERATIONS="3" PLATFORM="win32" RESULT="OK" RUN="00068"/><TEST DATE="2006-03-10" ITERATIONS="3" PLATFORM="win32" RESULT="OK" RUN="00058"/><TEST DATE="2005-06-18" ITERATIONS="1" PLATFORM="win32" RESULT="OK" RUN="00056"/><TEST DATE="2005-03-09" ITERATIONS="1" PLATFORM="win32" RESULT="OK" RUN="00055"/><TEST DATE="2005-02-14" ITERATIONS="1" PLATFORM="win32" RESULT="OK" RUN="00056"/><TEST DATE="2005-01-31" ITERATIONS="3" PLATFORM="win32" RESULT="OK" RUN="00054"/><TEST DATE="2005-01-29" ITERATIONS="3" PLATFORM="win32" RESULT="OK" RUN="00053"/><TEST DATE="2005-01-28" ITERATIONS="1" PLATFORM="win32" RESULT="OK" RUN="00051"/><TEST DATE="2005-01-27" ITERATIONS="3" PLATFORM="win32" RESULT="OK" RUN="00050"/><TEST DATE="2005-01-27" ITERATIONS="3" PLATFORM="win32" RESULT="OK" RUN="00044"/><TEST DATE="2005-01-27" ITERATIONS="3" PLATFORM="win32" RESULT="OK" RUN="00043"/><TEST DATE="2005-01-21" ITERATIONS="3" PLATFORM="win32" RESULT="OK" RUN="00037"/><TEST DATE="2004-11-29" ITERATIONS="3" PLATFORM="win32" RESULT="OK" RUN="00036"/><TEST DATE="2004-09-17" ITERATIONS="3" PLATFORM="win32" RESULT="OK" RUN="00035"/><TEST DATE="2004-09-17" ITERATIONS="3" PLATFORM="win32" RESULT="OK" RUN="00034"/><TEST DATE="2004-08-21" ITERATIONS="3" PLATFORM="linux2" RESULT="OK" RUN="00013"/><TEST DATE="2004-08-21" ITERATIONS="3" PLATFORM="win32" RESULT="OK" RUN="00012"/><TEST DATE="2004-08-20" ITERATIONS="3" PLATFORM="win32" RESULT="OK" RUN="00011"/><TEST DATE="2004-08-20" ITERATIONS="3" PLATFORM="win32" RESULT="OK" RUN="00010"/><TEST DATE="2004-08-19" ITERATIONS="3" PLATFORM="win32" RESULT="OK" RUN="00009"/><TEST DATE="2004-08-19" ITERATIONS="3" PLATFORM="win32" RESULT="OK" RUN="00008"/><TEST DATE="2004-08-19" ITERATIONS="3" PLATFORM="win32" RESULT="OK" RUN="00007"/><TEST DATE="2004-08-19" ITERATIONS="3" PLATFORM="win32" RESULT="OK" RUN="00006"/><TEST DATE="2004-07-15" ITERATIONS="3" PLATFORM="win32" RESULT="OK" RUN="00005"/><TEST DATE="2004-06-05" ITERATIONS="3" PLATFORM="win32" RESULT="OK" RUN="00004"/><TEST DATE="2004-06-03" ITERATIONS="1" PLATFORM="win32" RESULT="OK" RUN="00003"/><TEST DATE="2004-06-03" ITERATIONS="1" PLATFORM="win32" RESULT="OK" RUN="00002"/></FILE><FILE directory="reference" name="MeasureAttribute1.py"><TEST DATE="2006-03-15" ITERATIONS="3" PLATFORM="win32" RESULT="OK" RUN="00071"/><TEST DATE="2006-03-14" ITERATIONS="3" PLATFORM="win32" RESULT="OK" RUN="00068"/><TEST DATE="2006-03-12" ITERATIONS="3" PLATFORM="win32" RESULT="OK" RUN="00061"/><TEST DATE="2006-03-12" ITERATIONS="3" PLATFORM="win32" RESULT="" RUN="00060"/><TEST DATE="2006-03-10" ITERATIONS="3" PLATFORM="win32" RESULT="" RUN="00059"/><TEST DATE="2006-03-10" ITERATIONS="3" PLATFORM="win32" RESULT="" RUN="00058"/><TEST DATE="2005-06-18" ITERATIONS="1" PLATFORM="win32" RESULT="OK" RUN="00056"/><TEST DATE="2005-03-09" ITERATIONS="1" PLATFORM="win32" RESULT="OK" RUN="00055"/><TEST DATE="2005-02-14" ITERATIONS="1" PLATFORM="win32" RESULT="OK" RUN="00056"/><TEST DATE="2005-01-31" ITERATIONS="3" PLATFORM="win32" RESULT="OK" RUN="00054"/><TEST DATE="2005-01-29" ITERATIONS="3" PLATFORM="win32" RESULT="OK" RUN="00053"/><TEST DATE="2005-01-28" ITERATIONS="1" PLATFORM="win32" RESULT="OK" RUN="00051"/><TEST DATE="2005-01-27" ITERATIONS="3" PLATFORM="win32" RESULT="OK" RUN="00050"/><TEST DATE="2005-01-27" ITERATIONS="3" PLATFORM="win32" RESULT="OK" RUN="00044"/><TEST DATE="2005-01-27" ITERATIONS="3" PLATFORM="win32" RESULT="OK" RUN="00043"/><TEST DATE="2005-01-21" ITERATIONS="3" PLATFORM="win32" RESULT="OK" RUN="00040"/><TEST DATE="2005-01-21" ITERATION="0" ITERATIONS="3" PLATFORM="win32" RESULT="error" RUN="00039" xml:space="preserve">Traceback (most recent call last):
  File &quot;D:/ai/Orange/regressionTests/xtest1.py&quot;, line 92, in ?
    execfile(t__name)
  File &quot;MeasureAttribute1.py&quot;, line 54, in ?
    cartesian = orange.EnumVariable(&quot;cart&quot;, values = values)
SystemError: Orange class OrangeVector&lt;class std::basic_string&lt;char,struct std::char_traits&lt;char&gt;,class std::allocator&lt;char&gt; &gt;,1&gt;, needed for 'EnumVariable.values' not exported to Python
</TEST><TEST DATE="2005-01-21" ITERATION="0" ITERATIONS="3" PLATFORM="win32" RESULT="error" RUN="00038" xml:space="preserve">Traceback (most recent call last):
  File &quot;D:/ai/Orange/regressionTests/xtest1.py&quot;, line 92, in ?
    execfile(t__name)
  File &quot;MeasureAttribute1.py&quot;, line 54, in ?
    cartesian = orange.EnumVariable(&quot;cart&quot;, values = values)
SystemError: Orange class OrangeVector&lt;class std::basic_string&lt;char,struct std::char_traits&lt;char&gt;,class std::allocator&lt;char&gt; &gt;,1&gt;, needed for 'EnumVariable.values' not exported to Python
</TEST><TEST DATE="2005-01-21" ITERATION="0" ITERATIONS="3" PLATFORM="win32" RESULT="error" RUN="00037" xml:space="preserve">Traceback (most recent call last):
  File &quot;D:/ai/Orange/regressionTests/xtest1.py&quot;, line 92, in ?
    execfile(t__name)
  File &quot;MeasureAttribute1.py&quot;, line 54, in ?
    cartesian = orange.EnumVariable(&quot;cart&quot;, values = values)
SystemError: Orange class OrangeVector&lt;class std::basic_string&lt;char,struct std::char_traits&lt;char&gt;,class std::allocator&lt;char&gt; &gt;,1&gt;, needed for 'EnumVariable.values' not exported to Python
</TEST><TEST DATE="2004-11-29" ITERATIONS="3" PLATFORM="win32" RESULT="OK" RUN="00036"/><TEST DATE="2004-09-17" ITERATIONS="3" PLATFORM="win32" RESULT="OK" RUN="00035"/><TEST DATE="2004-09-17" ITERATIONS="3" PLATFORM="win32" RESULT="OK" RUN="00034"/><TEST DATE="2004-08-21" ITERATIONS="3" PLATFORM="linux2" RESULT="OK" RUN="00013"/><TEST DATE="2004-08-21" ITERATIONS="3" PLATFORM="win32" RESULT="OK" RUN="00012"/><TEST DATE="2004-08-20" ITERATIONS="3" PLATFORM="win32" RESULT="OK" RUN="00011"/><TEST DATE="2004-08-20" ITERATIONS="3" PLATFORM="win32" RESULT="OK" RUN="00010"/><TEST DATE="2004-08-19" ITERATIONS="3" PLATFORM="win32" RESULT="OK" RUN="00009"/><TEST DATE="2004-08-19" ITERATIONS="3" PLATFORM="win32" RESULT="OK" RUN="00008"/><TEST DATE="2004-08-19" ITERATIONS="3" PLATFORM="win32" RESULT="OK" RUN="00007"/><TEST DATE="2004-08-19" ITERATIONS="3" PLATFORM="win32" RESULT="OK" RUN="00006"/><TEST DATE="2004-07-15" ITERATIONS="3" PLATFORM="win32" RESULT="OK" RUN="00005"/><TEST DATE="2004-06-05" ITERATIONS="3" PLATFORM="win32" RESULT="OK" RUN="00004"/><TEST DATE="2004-06-03" ITERATIONS="1" PLATFORM="win32" RESULT="OK" RUN="00003"/><TEST DATE="2004-06-03" ITERATIONS="1" PLATFORM="win32" RESULT="OK" RUN="00002"/></FILE><FILE directory="reference" name="MeasureAttribute1a.py"><TEST DATE="2006-03-15" ITERATIONS="3" PLATFORM="win32" RESULT="OK" RUN="00071"/><TEST DATE="2006-03-14" ITERATIONS="3" PLATFORM="win32" RESULT="OK" RUN="00068"/><TEST DATE="2006-03-10" ITERATIONS="3" PLATFORM="win32" RESULT="OK" RUN="00058"/><TEST DATE="2005-06-18" ITERATIONS="1" PLATFORM="win32" RESULT="OK" RUN="00056"/><TEST DATE="2005-03-09" ITERATIONS="1" PLATFORM="win32" RESULT="OK" RUN="00055"/><TEST DATE="2005-02-14" ITERATIONS="1" PLATFORM="win32" RESULT="OK" RUN="00056"/><TEST DATE="2005-01-31" ITERATIONS="3" PLATFORM="win32" RESULT="OK" RUN="00054"/><TEST DATE="2005-01-29" ITERATIONS="3" PLATFORM="win32" RESULT="OK" RUN="00053"/><TEST DATE="2005-01-28" ITERATIONS="1" PLATFORM="win32" RESULT="OK" RUN="00051"/><TEST DATE="2005-01-27" ITERATIONS="3" PLATFORM="win32" RESULT="OK" RUN="00050"/><TEST DATE="2005-01-27" ITERATIONS="3" PLATFORM="win32" RESULT="OK" RUN="00044"/><TEST DATE="2005-01-27" ITERATIONS="3" PLATFORM="win32" RESULT="OK" RUN="00043"/><TEST DATE="2005-01-21" ITERATIONS="3" PLATFORM="win32" RESULT="OK" RUN="00037"/><TEST DATE="2004-11-29" ITERATIONS="3" PLATFORM="win32" RESULT="OK" RUN="00036"/><TEST DATE="2004-09-17" ITERATIONS="3" PLATFORM="win32" RESULT="OK" RUN="00035"/><TEST DATE="2004-09-17" ITERATIONS="3" PLATFORM="win32" RESULT="OK" RUN="00034"/><TEST DATE="2004-08-21" ITERATIONS="3" PLATFORM="linux2" RESULT="OK" RUN="00013"/><TEST DATE="2004-08-21" ITERATIONS="3" PLATFORM="win32" RESULT="OK" RUN="00012"/><TEST DATE="2004-08-20" ITERATIONS="3" PLATFORM="win32" RESULT="OK" RUN="00011"/><TEST DATE="2004-08-20" ITERATIONS="3" PLATFORM="win32" RESULT="OK" RUN="00010"/><TEST DATE="2004-08-19" ITERATIONS="3" PLATFORM="win32" RESULT="OK" RUN="00009"/><TEST DATE="2004-08-19" ITERATIONS="3" PLATFORM="win32" RESULT="OK" RUN="00008"/><TEST DATE="2004-08-19" ITERATIONS="3" PLATFORM="win32" RESULT="OK" RUN="00007"/><TEST DATE="2004-08-19" ITERATIONS="3" PLATFORM="win32" RESULT="OK" RUN="00006"/><TEST DATE="2004-07-15" ITERATIONS="3" PLATFORM="win32" RESULT="OK" RUN="00005"/><TEST DATE="2004-06-05" ITERATIONS="3" PLATFORM="win32" RESULT="OK" RUN="00004"/><TEST DATE="2004-06-03" ITERATIONS="1" PLATFORM="win32" RESULT="OK" RUN="00003"/><TEST DATE="2004-06-03" ITERATIONS="1" PLATFORM="win32" RESULT="OK" RUN="00002"/></FILE><FILE directory="reference" name="MeasureAttribute1b.py"><TEST DATE="2006-03-15" ITERATIONS="3" PLATFORM="win32" RESULT="OK" RUN="00071"/><TEST DATE="2006-03-14" ITERATIONS="3" PLATFORM="win32" RESULT="OK" RUN="00068"/><TEST DATE="2006-03-10" ITERATIONS="3" PLATFORM="win32" RESULT="OK" RUN="00058"/><TEST DATE="2005-06-18" ITERATIONS="1" PLATFORM="win32" RESULT="OK" RUN="00056"/><TEST DATE="2005-03-09" ITERATIONS="1" PLATFORM="win32" RESULT="OK" RUN="00055"/><TEST DATE="2005-02-14" ITERATIONS="1" PLATFORM="win32" RESULT="OK" RUN="00056"/><TEST DATE="2005-01-31" ITERATIONS="3" PLATFORM="win32" RESULT="OK" RUN="00054"/><TEST DATE="2005-01-29" ITERATIONS="3" PLATFORM="win32" RESULT="OK" RUN="00053"/><TEST DATE="2005-01-28" ITERATIONS="1" PLATFORM="win32" RESULT="OK" RUN="00051"/><TEST DATE="2005-01-27" ITERATIONS="3" PLATFORM="win32" RESULT="OK" RUN="00050"/><TEST DATE="2005-01-27" ITERATIONS="3" PLATFORM="win32" RESULT="OK" RUN="00044"/><TEST DATE="2005-01-27" ITERATIONS="3" PLATFORM="win32" RESULT="OK" RUN="00043"/><TEST DATE="2005-01-21" ITERATIONS="3" PLATFORM="win32" RESULT="OK" RUN="00037"/><TEST DATE="2004-11-29" ITERATIONS="3" PLATFORM="win32" RESULT="OK" RUN="00036"/><TEST DATE="2004-09-17" ITERATIONS="3" PLATFORM="win32" RESULT="OK" RUN="00035"/><TEST DATE="2004-09-17" ITERATIONS="3" PLATFORM="win32" RESULT="OK" RUN="00034"/><TEST DATE="2004-08-21" ITERATIONS="3" PLATFORM="linux2" RESULT="OK" RUN="00013"/><TEST DATE="2004-08-21" ITERATIONS="3" PLATFORM="win32" RESULT="OK" RUN="00012"/><TEST DATE="2004-08-20" ITERATIONS="3" PLATFORM="win32" RESULT="OK" RUN="00011"/><TEST DATE="2004-08-20" ITERATIONS="3" PLATFORM="win32" RESULT="OK" RUN="00010"/><TEST DATE="2004-08-19" ITERATIONS="3" PLATFORM="win32" RESULT="OK" RUN="00009"/><TEST DATE="2004-08-19" ITERATIONS="3" PLATFORM="win32" RESULT="OK" RUN="00008"/><TEST DATE="2004-08-19" ITERATIONS="3" PLATFORM="win32" RESULT="OK" RUN="00007"/><TEST DATE="2004-08-19" ITERATIONS="3" PLATFORM="win32" RESULT="OK" RUN="00006"/><TEST DATE="2004-07-15" ITERATIONS="3" PLATFORM="win32" RESULT="OK" RUN="00005"/><TEST DATE="2004-06-05" ITERATIONS="3" PLATFORM="win32" RESULT="OK" RUN="00004"/><TEST DATE="2004-06-03" ITERATIONS="1" PLATFORM="win32" RESULT="OK" RUN="00003"/><TEST DATE="2004-06-03" ITERATIONS="1" PLATFORM="win32" RESULT="OK" RUN="00002"/></FILE><FILE directory="reference" name="MeasureAttribute2.py"><TEST DATE="2006-03-15" ITERATIONS="3" PLATFORM="win32" RESULT="OK" RUN="00071"/><TEST DATE="2006-03-14" ITERATIONS="3" PLATFORM="win32" RESULT="OK" RUN="00068"/><TEST DATE="2006-03-10" ITERATIONS="3" PLATFORM="win32" RESULT="OK" RUN="00058"/><TEST DATE="2005-06-18" ITERATIONS="1" PLATFORM="win32" RESULT="OK" RUN="00056"/><TEST DATE="2005-03-09" ITERATIONS="1" PLATFORM="win32" RESULT="OK" RUN="00055"/><TEST DATE="2005-02-14" ITERATIONS="1" PLATFORM="win32" RESULT="OK" RUN="00056"/><TEST DATE="2005-01-31" ITERATIONS="3" PLATFORM="win32" RESULT="OK" RUN="00054"/><TEST DATE="2005-01-29" ITERATIONS="3" PLATFORM="win32" RESULT="OK" RUN="00053"/><TEST DATE="2005-01-28" ITERATIONS="1" PLATFORM="win32" RESULT="OK" RUN="00051"/><TEST DATE="2005-01-27" ITERATIONS="3" PLATFORM="win32" RESULT="OK" RUN="00050"/><TEST DATE="2005-01-27" ITERATIONS="3" PLATFORM="win32" RESULT="OK" RUN="00045"/><TEST DATE="2005-01-27" ITERATIONS="3" PLATFORM="win32" RESULT="changed" RUN="00044"/><TEST DATE="2005-01-27" ITERATIONS="3" PLATFORM="win32" RESULT="changed" RUN="00043"/><TEST DATE="2005-01-21" ITERATIONS="3" PLATFORM="win32" RESULT="changed" RUN="00042"/><TEST DATE="2005-01-21" ITERATIONS="3" PLATFORM="win32" RESULT="changed" RUN="00041"/><TEST DATE="2005-01-21" ITERATIONS="3" PLATFORM="win32" RESULT="changed" RUN="00040"/><TEST DATE="2005-01-21" ITERATIONS="3" PLATFORM="win32" RESULT="changed" RUN="00039"/><TEST DATE="2005-01-21" ITERATIONS="3" PLATFORM="win32" RESULT="changed" RUN="00038"/><TEST DATE="2005-01-21" ITERATIONS="3" PLATFORM="win32" RESULT="changed" RUN="00037"/><TEST DATE="2004-11-29" ITERATIONS="3" PLATFORM="win32" RESULT="changed" RUN="00036"/><TEST DATE="2004-09-17" ITERATIONS="3" PLATFORM="win32" RESULT="OK" RUN="00035"/><TEST DATE="2004-09-17" ITERATIONS="3" PLATFORM="win32" RESULT="OK" RUN="00034"/><TEST DATE="2004-08-21" ITERATIONS="3" PLATFORM="linux2" RESULT="OK" RUN="00013"/><TEST DATE="2004-08-21" ITERATIONS="3" PLATFORM="win32" RESULT="OK" RUN="00012"/><TEST DATE="2004-08-20" ITERATIONS="3" PLATFORM="win32" RESULT="OK" RUN="00011"/><TEST DATE="2004-08-20" ITERATIONS="3" PLATFORM="win32" RESULT="OK" RUN="00010"/><TEST DATE="2004-08-19" ITERATIONS="3" PLATFORM="win32" RESULT="OK" RUN="00009"/><TEST DATE="2004-08-19" ITERATIONS="3" PLATFORM="win32" RESULT="OK" RUN="00008"/><TEST DATE="2004-08-19" ITERATIONS="3" PLATFORM="win32" RESULT="OK" RUN="00007"/><TEST DATE="2004-08-19" ITERATIONS="3" PLATFORM="win32" RESULT="OK" RUN="00006"/><TEST DATE="2004-07-15" ITERATIONS="3" PLATFORM="win32" RESULT="OK" RUN="00005"/><TEST DATE="2004-06-05" ITERATIONS="3" PLATFORM="win32" RESULT="OK" RUN="00004"/><TEST DATE="2004-06-03" ITERATIONS="1" PLATFORM="win32" RESULT="OK" RUN="00003"/><TEST DATE="2004-06-03" ITERATIONS="1" PLATFORM="win32" RESULT="OK" RUN="00002"/></FILE><FILE directory="reference" name="MeasureAttribute3.py"><TEST DATE="2006-03-15" ITERATIONS="3" PLATFORM="win32" RESULT="OK" RUN="00071"/><TEST DATE="2006-03-14" ITERATIONS="3" PLATFORM="win32" RESULT="OK" RUN="00068"/><TEST DATE="2006-03-10" ITERATIONS="3" PLATFORM="win32" RESULT="OK" RUN="00058"/><TEST DATE="2005-06-18" ITERATIONS="1" PLATFORM="win32" RESULT="OK" RUN="00056"/><TEST DATE="2005-03-09" ITERATIONS="1" PLATFORM="win32" RESULT="OK" RUN="00055"/><TEST DATE="2005-02-14" ITERATIONS="1" PLATFORM="win32" RESULT="OK" RUN="00056"/><TEST DATE="2005-01-31" ITERATIONS="3" PLATFORM="win32" RESULT="OK" RUN="00054"/><TEST DATE="2005-01-29" ITERATIONS="3" PLATFORM="win32" RESULT="OK" RUN="00053"/><TEST DATE="2005-01-28" ITERATIONS="1" PLATFORM="win32" RESULT="OK" RUN="00051"/><TEST DATE="2005-01-27" ITERATIONS="3" PLATFORM="win32" RESULT="OK" RUN="00050"/><TEST DATE="2005-01-27" ITERATIONS="3" PLATFORM="win32" RESULT="OK" RUN="00045"/><TEST DATE="2005-01-27" ITERATIONS="3" PLATFORM="win32" RESULT="changed" RUN="00044"/><TEST DATE="2005-01-27" ITERATIONS="3" PLATFORM="win32" RESULT="changed" RUN="00043"/><TEST DATE="2005-01-21" ITERATIONS="3" PLATFORM="win32" RESULT="changed" RUN="00042"/><TEST DATE="2005-01-21" ITERATIONS="3" PLATFORM="win32" RESULT="changed" RUN="00041"/><TEST DATE="2005-01-21" ITERATIONS="3" PLATFORM="win32" RESULT="changed" RUN="00040"/><TEST DATE="2005-01-21" ITERATIONS="3" PLATFORM="win32" RESULT="changed" RUN="00039"/><TEST DATE="2005-01-21" ITERATIONS="3" PLATFORM="win32" RESULT="changed" RUN="00038"/><TEST DATE="2005-01-21" ITERATIONS="3" PLATFORM="win32" RESULT="changed" RUN="00037"/><TEST DATE="2004-11-29" ITERATIONS="3" PLATFORM="win32" RESULT="changed" RUN="00036"/><TEST DATE="2004-09-17" ITERATIONS="3" PLATFORM="win32" RESULT="OK" RUN="00035"/><TEST DATE="2004-09-17" ITERATIONS="3" PLATFORM="win32" RESULT="OK" RUN="00034"/><TEST DATE="2004-08-21" ITERATIONS="3" PLATFORM="linux2" RESULT="OK" RUN="00013"/><TEST DATE="2004-08-21" ITERATIONS="3" PLATFORM="win32" RESULT="OK" RUN="00012"/><TEST DATE="2004-08-20" ITERATIONS="3" PLATFORM="win32" RESULT="OK" RUN="00011"/><TEST DATE="2004-08-20" ITERATIONS="3" PLATFORM="win32" RESULT="OK" RUN="00010"/><TEST DATE="2004-08-19" ITERATIONS="3" PLATFORM="win32" RESULT="OK" RUN="00009"/><TEST DATE="2004-08-19" ITERATIONS="3" PLATFORM="win32" RESULT="OK" RUN="00008"/><TEST DATE="2004-08-19" ITERATIONS="3" PLATFORM="win32" RESULT="OK" RUN="00007"/><TEST DATE="2004-08-19" ITERATIONS="3" PLATFORM="win32" RESULT="OK" RUN="00006"/><TEST DATE="2004-07-15" ITERATIONS="3" PLATFORM="win32" RESULT="OK" RUN="00005"/><TEST DATE="2004-06-05" ITERATIONS="3" PLATFORM="win32" RESULT="OK" RUN="00004"/><TEST DATE="2004-06-03" ITERATIONS="1" PLATFORM="win32" RESULT="OK" RUN="00003"/><TEST DATE="2004-06-03" ITERATIONS="1" PLATFORM="win32" RESULT="OK" RUN="00002"/></FILE><FILE directory="reference" name="RandomClassifier.py"><TEST DATE="2006-03-15" ITERATIONS="3" PLATFORM="win32" RESULT="OK" RUN="00071"/><TEST DATE="2006-03-14" ITERATIONS="3" PLATFORM="win32" RESULT="OK" RUN="00068"/><TEST DATE="2006-03-10" ITERATIONS="3" PLATFORM="win32" RESULT="OK" RUN="00058"/><TEST DATE="2005-06-18" ITERATIONS="1" PLATFORM="win32" RESULT="OK" RUN="00056"/><TEST DATE="2005-03-09" ITERATIONS="1" PLATFORM="win32" RESULT="OK" RUN="00055"/><TEST DATE="2005-02-14" ITERATIONS="1" PLATFORM="win32" RESULT="OK" RUN="00056"/><TEST DATE="2005-01-31" ITERATIONS="3" PLATFORM="win32" RESULT="OK" RUN="00054"/><TEST DATE="2005-01-29" ITERATIONS="3" PLATFORM="win32" RESULT="OK" RUN="00053"/><TEST DATE="2005-01-28" ITERATIONS="1" PLATFORM="win32" RESULT="OK" RUN="00051"/><TEST DATE="2005-01-27" ITERATIONS="3" PLATFORM="win32" RESULT="OK" RUN="00050"/><TEST DATE="2005-01-27" ITERATIONS="3" PLATFORM="win32" RESULT="OK" RUN="00045"/><TEST DATE="2005-01-27" ITERATIONS="3" PLATFORM="win32" RESULT="changed" RUN="00044"/><TEST DATE="2005-01-27" ITERATIONS="3" PLATFORM="win32" RESULT="changed" RUN="00043"/><TEST DATE="2005-01-21" ITERATIONS="3" PLATFORM="win32" RESULT="OK" RUN="00037"/><TEST DATE="2004-11-29" ITERATIONS="3" PLATFORM="win32" RESULT="OK" RUN="00036"/><TEST DATE="2004-09-17" ITERATIONS="3" PLATFORM="win32" RESULT="OK" RUN="00035"/><TEST DATE="2004-09-17" ITERATIONS="3" PLATFORM="win32" RESULT="OK" RUN="00034"/><TEST DATE="2004-08-21" ITERATIONS="3" PLATFORM="linux2" RESULT="OK" RUN="00013"/><TEST DATE="2004-08-21" ITERATIONS="3" PLATFORM="win32" RESULT="OK" RUN="00012"/><TEST DATE="2004-08-20" ITERATIONS="3" PLATFORM="win32" RESULT="OK" RUN="00011"/><TEST DATE="2004-08-20" ITERATIONS="3" PLATFORM="win32" RESULT="OK" RUN="00010"/><TEST DATE="2004-08-19" ITERATIONS="3" PLATFORM="win32" RESULT="OK" RUN="00009"/><TEST DATE="2004-08-19" ITERATIONS="3" PLATFORM="win32" RESULT="OK" RUN="00008"/><TEST DATE="2004-08-19" ITERATIONS="3" PLATFORM="win32" RESULT="OK" RUN="00007"/><TEST DATE="2004-08-19" ITERATIONS="3" PLATFORM="win32" RESULT="OK" RUN="00006"/><TEST DATE="2004-07-15" ITERATIONS="3" PLATFORM="win32" RESULT="OK" RUN="00005"/><TEST DATE="2004-06-05" ITERATIONS="3" PLATFORM="win32" RESULT="OK" RUN="00004"/><TEST DATE="2004-06-03" ITERATIONS="1" PLATFORM="win32" RESULT="OK" RUN="00003"/><TEST DATE="2004-06-03" ITERATIONS="1" PLATFORM="win32" RESULT="OK" RUN="00002"/></FILE><FILE directory="reference" name="assoc-agrawal.py"><TEST DATE="2006-03-15" ITERATIONS="3" PLATFORM="win32" RESULT="OK" RUN="00071"/><TEST DATE="2006-03-14" ITERATIONS="3" PLATFORM="win32" RESULT="OK" RUN="00068"/><TEST DATE="2006-03-10" ITERATIONS="3" PLATFORM="win32" RESULT="OK" RUN="00058"/><TEST DATE="2005-06-18" ITERATIONS="1" PLATFORM="win32" RESULT="OK" RUN="00056"/><TEST DATE="2005-03-09" ITERATIONS="1" PLATFORM="win32" RESULT="OK" RUN="00055"/><TEST DATE="2005-02-14" ITERATIONS="1" PLATFORM="win32" RESULT="OK" RUN="00056"/><TEST DATE="2005-01-31" ITERATIONS="3" PLATFORM="win32" RESULT="OK" RUN="00054"/><TEST DATE="2005-01-29" ITERATIONS="3" PLATFORM="win32" RESULT="OK" RUN="00053"/><TEST DATE="2005-01-28" ITERATIONS="1" PLATFORM="win32" RESULT="OK" RUN="00051"/><TEST DATE="2005-01-27" ITERATIONS="3" PLATFORM="win32" RESULT="OK" RUN="00050"/><TEST DATE="2005-01-27" ITERATIONS="3" PLATFORM="win32" RESULT="OK" RUN="00044"/><TEST DATE="2005-01-27" ITERATIONS="3" PLATFORM="win32" RESULT="OK" RUN="00043"/><TEST DATE="2005-01-21" ITERATIONS="3" PLATFORM="win32" RESULT="OK" RUN="00037"/><TEST DATE="2004-11-29" ITERATIONS="3" PLATFORM="win32" RESULT="OK" RUN="00036"/><TEST DATE="2004-09-17" ITERATIONS="3" PLATFORM="win32" RESULT="OK" RUN="00035"/><TEST DATE="2004-09-17" ITERATIONS="3" PLATFORM="win32" RESULT="OK" RUN="00034"/><TEST DATE="2004-08-21" ITERATIONS="3" PLATFORM="linux2" RESULT="OK" RUN="00013"/><TEST DATE="2004-08-21" ITERATIONS="3" PLATFORM="win32" RESULT="OK" RUN="00012"/><TEST DATE="2004-08-20" ITERATIONS="3" PLATFORM="win32" RESULT="OK" RUN="00011"/><TEST DATE="2004-08-20" ITERATIONS="3" PLATFORM="win32" RESULT="OK" RUN="00010"/><TEST DATE="2004-08-19" ITERATIONS="3" PLATFORM="win32" RESULT="OK" RUN="00009"/><TEST DATE="2004-08-19" ITERATIONS="3" PLATFORM="win32" RESULT="OK" RUN="00008"/><TEST DATE="2004-08-19" ITERATIONS="3" PLATFORM="win32" RESULT="OK" RUN="00007"/><TEST DATE="2004-08-19" ITERATIONS="3" PLATFORM="win32" RESULT="OK" RUN="00006"/><TEST DATE="2004-07-15" ITERATIONS="3" PLATFORM="win32" RESULT="OK" RUN="00005"/><TEST DATE="2004-06-05" ITERATIONS="3" PLATFORM="win32" RESULT="OK" RUN="00004"/><TEST DATE="2004-06-03" ITERATIONS="1" PLATFORM="win32" RESULT="OK" RUN="00003"/><TEST DATE="2004-06-03" ITERATIONS="1" PLATFORM="win32" RESULT="OK" RUN="00002"/></FILE><FILE directory="reference" name="assoc-rule.py"><TEST DATE="2006-03-15" ITERATIONS="3" PLATFORM="win32" RESULT="OK" RUN="00071"/><TEST DATE="2006-03-14" ITERATIONS="3" PLATFORM="win32" RESULT="OK" RUN="00068"/><TEST DATE="2006-03-10" ITERATIONS="3" PLATFORM="win32" RESULT="OK" RUN="00058"/><TEST DATE="2005-06-18" ITERATIONS="1" PLATFORM="win32" RESULT="OK" RUN="00056"/><TEST DATE="2005-03-09" ITERATIONS="1" PLATFORM="win32" RESULT="OK" RUN="00055"/><TEST DATE="2005-02-14" ITERATIONS="1" PLATFORM="win32" RESULT="OK" RUN="00056"/><TEST DATE="2005-01-31" ITERATIONS="3" PLATFORM="win32" RESULT="OK" RUN="00054"/><TEST DATE="2005-01-29" ITERATIONS="3" PLATFORM="win32" RESULT="OK" RUN="00053"/><TEST DATE="2005-01-28" ITERATIONS="1" PLATFORM="win32" RESULT="OK" RUN="00051"/><TEST DATE="2005-01-27" ITERATIONS="3" PLATFORM="win32" RESULT="OK" RUN="00050"/><TEST DATE="2005-01-27" ITERATIONS="3" PLATFORM="win32" RESULT="OK" RUN="00044"/><TEST DATE="2005-01-27" ITERATIONS="3" PLATFORM="win32" RESULT="OK" RUN="00043"/><TEST DATE="2005-01-21" ITERATIONS="3" PLATFORM="win32" RESULT="OK" RUN="00037"/><TEST DATE="2004-11-29" ITERATIONS="3" PLATFORM="win32" RESULT="OK" RUN="00036"/><TEST DATE="2004-09-17" ITERATIONS="3" PLATFORM="win32" RESULT="OK" RUN="00035"/><TEST DATE="2004-09-17" ITERATIONS="3" PLATFORM="win32" RESULT="OK" RUN="00034"/><TEST DATE="2004-08-21" ITERATIONS="3" PLATFORM="linux2" RESULT="OK" RUN="00013"/><TEST DATE="2004-08-21" ITERATIONS="3" PLATFORM="win32" RESULT="OK" RUN="00012"/><TEST DATE="2004-08-20" ITERATIONS="3" PLATFORM="win32" RESULT="OK" RUN="00011"/><TEST DATE="2004-08-20" ITERATIONS="3" PLATFORM="win32" RESULT="OK" RUN="00010"/><TEST DATE="2004-08-19" ITERATIONS="3" PLATFORM="win32" RESULT="OK" RUN="00009"/><TEST DATE="2004-08-19" ITERATIONS="3" PLATFORM="win32" RESULT="OK" RUN="00008"/><TEST DATE="2004-08-19" ITERATIONS="3" PLATFORM="win32" RESULT="OK" RUN="00007"/><TEST DATE="2004-08-19" ITERATIONS="3" PLATFORM="win32" RESULT="OK" RUN="00006"/><TEST DATE="2004-07-15" ITERATIONS="3" PLATFORM="win32" RESULT="OK" RUN="00005"/><TEST DATE="2004-06-05" ITERATIONS="3" PLATFORM="win32" RESULT="OK" RUN="00004"/><TEST DATE="2004-06-03" ITERATIONS="1" PLATFORM="win32" RESULT="OK" RUN="00003"/><TEST DATE="2004-06-03" ITERATIONS="1" PLATFORM="win32" RESULT="OK" RUN="00002"/></FILE><FILE directory="reference" name="assoc.py"><TEST DATE="2006-03-15" ITERATIONS="3" PLATFORM="win32" RESULT="OK" RUN="00071"/><TEST DATE="2006-03-14" ITERATIONS="3" PLATFORM="win32" RESULT="OK" RUN="00068"/><TEST DATE="2006-03-10" ITERATIONS="3" PLATFORM="win32" RESULT="OK" RUN="00058"/><TEST DATE="2005-06-18" ITERATIONS="1" PLATFORM="win32" RESULT="OK" RUN="00056"/><TEST DATE="2005-03-09" ITERATIONS="1" PLATFORM="win32" RESULT="OK" RUN="00055"/><TEST DATE="2005-02-14" ITERATIONS="1" PLATFORM="win32" RESULT="OK" RUN="00056"/><TEST DATE="2005-01-31" ITERATIONS="3" PLATFORM="win32" RESULT="OK" RUN="00054"/><TEST DATE="2005-01-29" ITERATIONS="3" PLATFORM="win32" RESULT="OK" RUN="00053"/><TEST DATE="2005-01-28" ITERATIONS="1" PLATFORM="win32" RESULT="OK" RUN="00051"/><TEST DATE="2005-01-27" ITERATIONS="3" PLATFORM="win32" RESULT="OK" RUN="00050"/><TEST DATE="2005-01-27" ITERATIONS="3" PLATFORM="win32" RESULT="OK" RUN="00044"/><TEST DATE="2005-01-27" ITERATIONS="3" PLATFORM="win32" RESULT="OK" RUN="00043"/><TEST DATE="2005-01-21" ITERATIONS="3" PLATFORM="win32" RESULT="OK" RUN="00037"/><TEST DATE="2004-11-29" ITERATIONS="3" PLATFORM="win32" RESULT="OK" RUN="00036"/><TEST DATE="2004-09-17" ITERATIONS="3" PLATFORM="win32" RESULT="OK" RUN="00035"/><TEST DATE="2004-09-17" ITERATIONS="3" PLATFORM="win32" RESULT="OK" RUN="00034"/><TEST DATE="2004-08-21" ITERATIONS="3" PLATFORM="linux2" RESULT="OK" RUN="00013"/><TEST DATE="2004-08-21" ITERATIONS="3" PLATFORM="win32" RESULT="OK" RUN="00012"/><TEST DATE="2004-08-20" ITERATIONS="3" PLATFORM="win32" RESULT="OK" RUN="00011"/><TEST DATE="2004-08-20" ITERATIONS="3" PLATFORM="win32" RESULT="OK" RUN="00010"/><TEST DATE="2004-08-19" ITERATIONS="3" PLATFORM="win32" RESULT="OK" RUN="00009"/><TEST DATE="2004-08-19" ITERATIONS="3" PLATFORM="win32" RESULT="OK" RUN="00008"/><TEST DATE="2004-08-19" ITERATIONS="3" PLATFORM="win32" RESULT="OK" RUN="00007"/><TEST DATE="2004-08-19" ITERATIONS="3" PLATFORM="win32" RESULT="OK" RUN="00006"/><TEST DATE="2004-07-15" ITERATIONS="3" PLATFORM="win32" RESULT="OK" RUN="00005"/><TEST DATE="2004-06-05" ITERATIONS="3" PLATFORM="win32" RESULT="OK" RUN="00004"/><TEST DATE="2004-06-03" ITERATIONS="1" PLATFORM="win32" RESULT="OK" RUN="00003"/><TEST DATE="2004-06-03" ITERATIONS="1" PLATFORM="win32" RESULT="OK" RUN="00002"/></FILE><FILE directory="reference" name="basicattrstat.py"><TEST DATE="2006-03-15" ITERATIONS="3" PLATFORM="win32" RESULT="OK" RUN="00071"/><TEST DATE="2006-03-14" ITERATIONS="3" PLATFORM="win32" RESULT="OK" RUN="00068"/><TEST DATE="2006-03-10" ITERATIONS="3" PLATFORM="win32" RESULT="OK" RUN="00058"/><TEST DATE="2005-06-18" ITERATIONS="1" PLATFORM="win32" RESULT="OK" RUN="00056"/><TEST DATE="2005-03-09" ITERATIONS="1" PLATFORM="win32" RESULT="OK" RUN="00055"/><TEST DATE="2005-02-14" ITERATIONS="1" PLATFORM="win32" RESULT="OK" RUN="00056"/><TEST DATE="2005-01-31" ITERATIONS="3" PLATFORM="win32" RESULT="OK" RUN="00054"/><TEST DATE="2005-01-29" ITERATIONS="3" PLATFORM="win32" RESULT="OK" RUN="00053"/><TEST DATE="2005-01-28" ITERATIONS="1" PLATFORM="win32" RESULT="OK" RUN="00051"/><TEST DATE="2005-01-27" ITERATIONS="3" PLATFORM="win32" RESULT="OK" RUN="00050"/><TEST DATE="2005-01-27" ITERATIONS="3" PLATFORM="win32" RESULT="OK" RUN="00044"/><TEST DATE="2005-01-27" ITERATIONS="3" PLATFORM="win32" RESULT="OK" RUN="00043"/><TEST DATE="2005-01-21" ITERATIONS="3" PLATFORM="win32" RESULT="OK" RUN="00037"/><TEST DATE="2004-11-29" ITERATIONS="3" PLATFORM="win32" RESULT="OK" RUN="00036"/><TEST DATE="2004-09-17" ITERATIONS="3" PLATFORM="win32" RESULT="OK" RUN="00035"/><TEST DATE="2004-09-17" ITERATIONS="3" PLATFORM="win32" RESULT="OK" RUN="00034"/><TEST DATE="2004-08-21" ITERATIONS="3" PLATFORM="linux2" RESULT="OK" RUN="00013"/><TEST DATE="2004-08-21" ITERATIONS="3" PLATFORM="win32" RESULT="OK" RUN="00012"/><TEST DATE="2004-08-20" ITERATIONS="3" PLATFORM="win32" RESULT="OK" RUN="00011"/><TEST DATE="2004-08-20" ITERATIONS="3" PLATFORM="win32" RESULT="OK" RUN="00010"/><TEST DATE="2004-08-19" ITERATIONS="3" PLATFORM="win32" RESULT="OK" RUN="00009"/><TEST DATE="2004-08-19" ITERATIONS="3" PLATFORM="win32" RESULT="OK" RUN="00008"/><TEST DATE="2004-08-19" ITERATIONS="3" PLATFORM="win32" RESULT="OK" RUN="00007"/><TEST DATE="2004-08-19" ITERATIONS="3" PLATFORM="win32" RESULT="OK" RUN="00006"/><TEST DATE="2004-07-15" ITERATIONS="3" PLATFORM="win32" RESULT="OK" RUN="00005"/><TEST DATE="2004-06-05" ITERATIONS="3" PLATFORM="win32" RESULT="OK" RUN="00004"/><TEST DATE="2004-06-03" ITERATIONS="1" PLATFORM="win32" RESULT="OK" RUN="00003"/><TEST DATE="2004-06-03" ITERATIONS="1" PLATFORM="win32" RESULT="OK" RUN="00002"/></FILE><FILE directory="reference" name="basket.py"><TEST DATE="2006-03-15" ITERATIONS="3" PLATFORM="win32" RESULT="OK" RUN="00071"/><TEST DATE="2006-03-14" ITERATIONS="3" PLATFORM="win32" RESULT="OK" RUN="00068"/><TEST DATE="2006-03-10" ITERATIONS="3" PLATFORM="win32" RESULT="OK" RUN="00058"/><TEST DATE="2005-06-18" ITERATIONS="1" PLATFORM="win32" RESULT="OK" RUN="00056"/><TEST DATE="2005-03-09" ITERATIONS="1" PLATFORM="win32" RESULT="OK" RUN="00055"/><TEST DATE="2005-02-14" ITERATIONS="1" PLATFORM="win32" RESULT="OK" RUN="00056"/><TEST DATE="2005-01-31" ITERATIONS="3" PLATFORM="win32" RESULT="OK" RUN="00054"/><TEST DATE="2005-01-29" ITERATIONS="3" PLATFORM="win32" RESULT="OK" RUN="00053"/><TEST DATE="2005-01-28" ITERATIONS="1" PLATFORM="win32" RESULT="OK" RUN="00051"/><TEST DATE="2005-01-27" ITERATIONS="3" PLATFORM="win32" RESULT="OK" RUN="00050"/><TEST DATE="2005-01-27" ITERATIONS="3" PLATFORM="win32" RESULT="OK" RUN="00044"/><TEST DATE="2005-01-27" ITERATIONS="3" PLATFORM="win32" RESULT="OK" RUN="00043"/><TEST DATE="2005-01-21" ITERATIONS="3" PLATFORM="win32" RESULT="OK" RUN="00037"/><TEST DATE="2004-11-29" ITERATIONS="3" PLATFORM="win32" RESULT="OK" RUN="00036"/><TEST DATE="2004-09-17" ITERATIONS="3" PLATFORM="win32" RESULT="OK" RUN="00035"/><TEST DATE="2004-09-17" ITERATIONS="3" PLATFORM="win32" RESULT="OK" RUN="00034"/><TEST DATE="2004-08-21" ITERATIONS="3" PLATFORM="linux2" RESULT="OK" RUN="00013"/><TEST DATE="2004-08-21" ITERATIONS="3" PLATFORM="win32" RESULT="OK" RUN="00012"/><TEST DATE="2004-08-20" ITERATIONS="3" PLATFORM="win32" RESULT="OK" RUN="00011"/><TEST DATE="2004-08-20" ITERATIONS="3" PLATFORM="win32" RESULT="OK" RUN="00010"/><TEST DATE="2004-08-19" ITERATIONS="3" PLATFORM="win32" RESULT="OK" RUN="00009"/><TEST DATE="2004-08-19" ITERATIONS="3" PLATFORM="win32" RESULT="OK" RUN="00008"/><TEST DATE="2004-08-19" ITERATIONS="3" PLATFORM="win32" RESULT="OK" RUN="00007"/><TEST DATE="2004-08-19" ITERATIONS="3" PLATFORM="win32" RESULT="OK" RUN="00006"/><TEST DATE="2004-07-15" ITERATIONS="3" PLATFORM="win32" RESULT="OK" RUN="00005"/><TEST DATE="2004-06-05" ITERATIONS="3" PLATFORM="win32" RESULT="OK" RUN="00004"/><TEST DATE="2004-06-03" ITERATIONS="1" PLATFORM="win32" RESULT="OK" RUN="00003"/><TEST DATE="2004-06-03" ITERATIONS="1" PLATFORM="win32" RESULT="OK" RUN="00002"/></FILE><FILE directory="reference" name="c45.py"><TEST DATE="2006-03-15" ITERATIONS="3" PLATFORM="win32" RESULT="OK" RUN="00071"/><TEST DATE="2006-03-14" ITERATIONS="3" PLATFORM="win32" RESULT="OK" RUN="00068"/><TEST DATE="2006-03-10" ITERATIONS="3" PLATFORM="win32" RESULT="OK" RUN="00058"/><TEST DATE="2005-06-18" ITERATIONS="1" PLATFORM="win32" RESULT="OK" RUN="00056"/><TEST DATE="2005-03-09" ITERATIONS="1" PLATFORM="win32" RESULT="OK" RUN="00055"/><TEST DATE="2005-02-14" ITERATIONS="1" PLATFORM="win32" RESULT="OK" RUN="00056"/><TEST DATE="2005-01-31" ITERATIONS="3" PLATFORM="win32" RESULT="OK" RUN="00054"/><TEST DATE="2005-01-29" ITERATIONS="3" PLATFORM="win32" RESULT="OK" RUN="00053"/><TEST DATE="2005-01-28" ITERATIONS="1" PLATFORM="win32" RESULT="OK" RUN="00051"/><TEST DATE="2005-01-27" ITERATIONS="3" PLATFORM="win32" RESULT="OK" RUN="00050"/><TEST DATE="2005-01-27" ITERATIONS="3" PLATFORM="win32" RESULT="OK" RUN="00044"/><TEST DATE="2005-01-27" ITERATION="0" ITERATIONS="3" PLATFORM="win32" RESULT="error" RUN="00043" xml:space="preserve">Traceback (most recent call last):
  File &quot;D:/ai/Orange/regressionTests/xtest1.py&quot;, line 92, in ?
    execfile(t__name)
  File &quot;c45.py&quot;, line 42, in ?
    res = orngTest.crossValidation([orange.C45Learner(), orange.C45Learner(convertToOrange=1)], data)
  File &quot;d:\ai\orange\orngTest.py&quot;, line 159, in crossValidation
    indices = orange.MakeRandomIndicesCV(examples, folds, stratified = strat, randomGenerator = randomGenerator)
TypeError: invalid parameter type for MakeRandomIndicesCV.folds', (int expected)
</TEST><TEST DATE="2005-01-21" ITERATIONS="3" PLATFORM="win32" RESULT="OK" RUN="00037"/><TEST DATE="2004-11-29" ITERATIONS="3" PLATFORM="win32" RESULT="OK" RUN="00036"/><TEST DATE="2004-09-17" ITERATIONS="3" PLATFORM="win32" RESULT="OK" RUN="00035"/><TEST DATE="2004-09-17" ITERATIONS="3" PLATFORM="win32" RESULT="OK" RUN="00034"/><TEST DATE="2004-08-21" ITERATIONS="3" PLATFORM="linux2" RESULT="OK" RUN="00013"/><TEST DATE="2004-08-21" ITERATIONS="3" PLATFORM="win32" RESULT="OK" RUN="00012"/><TEST DATE="2004-08-20" ITERATIONS="3" PLATFORM="win32" RESULT="OK" RUN="00011"/><TEST DATE="2004-08-20" ITERATIONS="3" PLATFORM="win32" RESULT="OK" RUN="00010"/><TEST DATE="2004-08-19" ITERATIONS="3" PLATFORM="win32" RESULT="OK" RUN="00009"/><TEST DATE="2004-08-19" ITERATIONS="3" PLATFORM="win32" RESULT="OK" RUN="00008"/><TEST DATE="2004-08-19" ITERATIONS="3" PLATFORM="win32" RESULT="OK" RUN="00007"/><TEST DATE="2004-08-19" ITERATIONS="3" PLATFORM="win32" RESULT="OK" RUN="00006"/><TEST DATE="2004-07-15" ITERATIONS="3" PLATFORM="win32" RESULT="OK" RUN="00005"/><TEST DATE="2004-06-05" ITERATIONS="3" PLATFORM="win32" RESULT="OK" RUN="00004"/><TEST DATE="2004-06-03" ITERATIONS="1" PLATFORM="win32" RESULT="OK" RUN="00003"/><TEST DATE="2004-06-03" ITERATIONS="1" PLATFORM="win32" RESULT="OK" RUN="00002"/></FILE><FILE directory="reference" name="cb-classifier.py"><TEST DATE="2006-03-15" ITERATIONS="3" PLATFORM="win32" RESULT="OK" RUN="00071"/><TEST DATE="2006-03-14" ITERATIONS="3" PLATFORM="win32" RESULT="OK" RUN="00068"/><TEST DATE="2006-03-10" ITERATIONS="3" PLATFORM="win32" RESULT="OK" RUN="00058"/><TEST DATE="2005-06-18" ITERATIONS="1" PLATFORM="win32" RESULT="OK" RUN="00056"/><TEST DATE="2005-03-09" ITERATIONS="1" PLATFORM="win32" RESULT="OK" RUN="00055"/><TEST DATE="2005-02-14" ITERATIONS="1" PLATFORM="win32" RESULT="OK" RUN="00056"/><TEST DATE="2005-01-31" ITERATIONS="3" PLATFORM="win32" RESULT="OK" RUN="00054"/><TEST DATE="2005-01-29" ITERATIONS="3" PLATFORM="win32" RESULT="OK" RUN="00053"/><TEST DATE="2005-01-28" ITERATIONS="1" PLATFORM="win32" RESULT="OK" RUN="00051"/><TEST DATE="2005-01-27" ITERATIONS="3" PLATFORM="win32" RESULT="OK" RUN="00050"/><TEST DATE="2005-01-27" ITERATIONS="3" PLATFORM="win32" RESULT="OK" RUN="00044"/><TEST DATE="2005-01-27" ITERATIONS="3" PLATFORM="win32" RESULT="OK" RUN="00043"/><TEST DATE="2005-01-21" ITERATIONS="3" PLATFORM="win32" RESULT="OK" RUN="00040"/><TEST DATE="2005-01-21" ITERATION="0" ITERATIONS="3" PLATFORM="win32" RESULT="error" RUN="00039" xml:space="preserve">Traceback (most recent call last):
  File &quot;D:/ai/Orange/regressionTests/xtest1.py&quot;, line 92, in ?
    execfile(t__name)
  File &quot;cb-classifier.py&quot;, line 29, in ?
    tt =CartesianClassifier(tab.domain[0], tab.domain[1])
  File &quot;cb-classifier.py&quot;, line 16, in __init__
    self.classVar.values = [&quot;%s-%s&quot; % (v1, v2) for v1 in var1.values for v2 in var2.values]
SystemError: Orange class OrangeVector&lt;class std::basic_string&lt;char,struct std::char_traits&lt;char&gt;,class std::allocator&lt;char&gt; &gt;,1&gt;, needed for 'EnumVariable.values' not exported to Python
</TEST><TEST DATE="2005-01-21" ITERATION="0" ITERATIONS="3" PLATFORM="win32" RESULT="error" RUN="00038" xml:space="preserve">Traceback (most recent call last):
  File &quot;D:/ai/Orange/regressionTests/xtest1.py&quot;, line 92, in ?
    execfile(t__name)
  File &quot;cb-classifier.py&quot;, line 29, in ?
    tt =CartesianClassifier(tab.domain[0], tab.domain[1])
  File &quot;cb-classifier.py&quot;, line 16, in __init__
    self.classVar.values = [&quot;%s-%s&quot; % (v1, v2) for v1 in var1.values for v2 in var2.values]
SystemError: Orange class OrangeVector&lt;class std::basic_string&lt;char,struct std::char_traits&lt;char&gt;,class std::allocator&lt;char&gt; &gt;,1&gt;, needed for 'EnumVariable.values' not exported to Python
</TEST><TEST DATE="2005-01-21" ITERATION="0" ITERATIONS="3" PLATFORM="win32" RESULT="error" RUN="00037" xml:space="preserve">Traceback (most recent call last):
  File &quot;D:/ai/Orange/regressionTests/xtest1.py&quot;, line 92, in ?
    execfile(t__name)
  File &quot;cb-classifier.py&quot;, line 29, in ?
    tt =CartesianClassifier(tab.domain[0], tab.domain[1])
  File &quot;cb-classifier.py&quot;, line 16, in __init__
    self.classVar.values = [&quot;%s-%s&quot; % (v1, v2) for v1 in var1.values for v2 in var2.values]
SystemError: Orange class OrangeVector&lt;class std::basic_string&lt;char,struct std::char_traits&lt;char&gt;,class std::allocator&lt;char&gt; &gt;,1&gt;, needed for 'EnumVariable.values' not exported to Python
</TEST><TEST DATE="2004-11-29" ITERATIONS="3" PLATFORM="win32" RESULT="OK" RUN="00036"/><TEST DATE="2004-09-17" ITERATIONS="3" PLATFORM="win32" RESULT="OK" RUN="00035"/><TEST DATE="2004-09-17" ITERATIONS="3" PLATFORM="win32" RESULT="OK" RUN="00034"/><TEST DATE="2004-08-21" ITERATIONS="3" PLATFORM="linux2" RESULT="OK" RUN="00013"/><TEST DATE="2004-08-21" ITERATIONS="3" PLATFORM="win32" RESULT="OK" RUN="00012"/><TEST DATE="2004-08-20" ITERATIONS="3" PLATFORM="win32" RESULT="OK" RUN="00011"/><TEST DATE="2004-08-20" ITERATIONS="3" PLATFORM="win32" RESULT="OK" RUN="00010"/><TEST DATE="2004-08-19" ITERATIONS="3" PLATFORM="win32" RESULT="OK" RUN="00009"/><TEST DATE="2004-08-19" ITERATIONS="3" PLATFORM="win32" RESULT="OK" RUN="00008"/><TEST DATE="2004-08-19" ITERATIONS="3" PLATFORM="win32" RESULT="OK" RUN="00007"/><TEST DATE="2004-08-19" ITERATIONS="3" PLATFORM="win32" RESULT="OK" RUN="00006"/><TEST DATE="2004-07-15" ITERATIONS="3" PLATFORM="win32" RESULT="OK" RUN="00005"/><TEST DATE="2004-06-05" ITERATIONS="3" PLATFORM="win32" RESULT="OK" RUN="00004"/><TEST DATE="2004-06-03" ITERATIONS="1" PLATFORM="win32" RESULT="OK" RUN="00003"/><TEST DATE="2004-06-03" ITERATIONS="1" PLATFORM="win32" RESULT="OK" RUN="00002"/></FILE><FILE directory="reference" name="cb-descender.py"><TEST DATE="2006-03-15" ITERATIONS="3" PLATFORM="win32" RESULT="OK" RUN="00071"/><TEST DATE="2006-03-14" ITERATIONS="3" PLATFORM="win32" RESULT="OK" RUN="00068"/><TEST DATE="2006-03-10" ITERATIONS="3" PLATFORM="win32" RESULT="OK" RUN="00058"/><TEST DATE="2005-06-18" ITERATIONS="1" PLATFORM="win32" RESULT="OK" RUN="00056"/><TEST DATE="2005-03-09" ITERATIONS="1" PLATFORM="win32" RESULT="OK" RUN="00055"/><TEST DATE="2005-02-14" ITERATIONS="1" PLATFORM="win32" RESULT="OK" RUN="00056"/><TEST DATE="2005-01-31" ITERATIONS="3" PLATFORM="win32" RESULT="OK" RUN="00054"/><TEST DATE="2005-01-29" ITERATIONS="3" PLATFORM="win32" RESULT="OK" RUN="00053"/><TEST DATE="2005-01-28" ITERATIONS="1" PLATFORM="win32" RESULT="OK" RUN="00051"/><TEST DATE="2005-01-27" ITERATIONS="3" PLATFORM="win32" RESULT="OK" RUN="00050"/><TEST DATE="2005-01-27" ITERATIONS="3" PLATFORM="win32" RESULT="OK" RUN="00044"/><TEST DATE="2005-01-27" ITERATIONS="3" PLATFORM="win32" RESULT="OK" RUN="00043"/><TEST DATE="2005-01-21" ITERATIONS="3" PLATFORM="win32" RESULT="OK" RUN="00037"/><TEST DATE="2004-11-29" ITERATIONS="3" PLATFORM="win32" RESULT="OK" RUN="00036"/><TEST DATE="2004-09-17" ITERATIONS="3" PLATFORM="win32" RESULT="OK" RUN="00035"/><TEST DATE="2004-09-17" ITERATIONS="3" PLATFORM="win32" RESULT="OK" RUN="00034"/><TEST DATE="2004-08-21" ITERATIONS="3" PLATFORM="linux2" RESULT="OK" RUN="00013"/><TEST DATE="2004-08-21" ITERATIONS="3" PLATFORM="win32" RESULT="OK" RUN="00012"/><TEST DATE="2004-08-20" ITERATIONS="3" PLATFORM="win32" RESULT="OK" RUN="00011"/><TEST DATE="2004-08-20" ITERATIONS="3" PLATFORM="win32" RESULT="OK" RUN="00010"/><TEST DATE="2004-08-19" ITERATIONS="3" PLATFORM="win32" RESULT="OK" RUN="00009"/><TEST DATE="2004-08-19" ITERATIONS="3" PLATFORM="win32" RESULT="OK" RUN="00008"/><TEST DATE="2004-08-19" ITERATIONS="3" PLATFORM="win32" RESULT="OK" RUN="00007"/><TEST DATE="2004-08-19" ITERATIONS="3" PLATFORM="win32" RESULT="OK" RUN="00006"/><TEST DATE="2004-07-15" ITERATIONS="3" PLATFORM="win32" RESULT="OK" RUN="00005"/><TEST DATE="2004-06-05" ITERATIONS="3" PLATFORM="win32" RESULT="OK" RUN="00004"/><TEST DATE="2004-06-03" ITERATIONS="1" PLATFORM="win32" RESULT="OK" RUN="00003"/><TEST DATE="2004-06-03" ITERATIONS="1" PLATFORM="win32" RESULT="OK" RUN="00002"/></FILE><FILE directory="reference" name="cb-filter.py"><TEST DATE="2006-03-15" ITERATIONS="3" PLATFORM="win32" RESULT="OK" RUN="00071"/><TEST DATE="2006-03-14" ITERATIONS="3" PLATFORM="win32" RESULT="OK" RUN="00068"/><TEST DATE="2006-03-10" ITERATIONS="3" PLATFORM="win32" RESULT="OK" RUN="00058"/><TEST DATE="2005-06-18" ITERATIONS="1" PLATFORM="win32" RESULT="OK" RUN="00056"/><TEST DATE="2005-03-09" ITERATIONS="1" PLATFORM="win32" RESULT="OK" RUN="00055"/><TEST DATE="2005-02-14" ITERATIONS="1" PLATFORM="win32" RESULT="OK" RUN="00056"/><TEST DATE="2005-01-31" ITERATIONS="3" PLATFORM="win32" RESULT="OK" RUN="00054"/><TEST DATE="2005-01-29" ITERATIONS="3" PLATFORM="win32" RESULT="OK" RUN="00053"/><TEST DATE="2005-01-28" ITERATIONS="1" PLATFORM="win32" RESULT="OK" RUN="00051"/><TEST DATE="2005-01-27" ITERATIONS="3" PLATFORM="win32" RESULT="OK" RUN="00050"/><TEST DATE="2005-01-27" ITERATIONS="3" PLATFORM="win32" RESULT="OK" RUN="00044"/><TEST DATE="2005-01-27" ITERATIONS="3" PLATFORM="win32" RESULT="OK" RUN="00043"/><TEST DATE="2005-01-21" ITERATIONS="3" PLATFORM="win32" RESULT="OK" RUN="00037"/><TEST DATE="2004-11-29" ITERATIONS="3" PLATFORM="win32" RESULT="OK" RUN="00036"/><TEST DATE="2004-09-17" ITERATIONS="3" PLATFORM="win32" RESULT="OK" RUN="00035"/><TEST DATE="2004-09-17" ITERATIONS="3" PLATFORM="win32" RESULT="OK" RUN="00034"/><TEST DATE="2004-08-21" ITERATIONS="3" PLATFORM="linux2" RESULT="OK" RUN="00013"/><TEST DATE="2004-08-21" ITERATIONS="3" PLATFORM="win32" RESULT="OK" RUN="00012"/><TEST DATE="2004-08-20" ITERATIONS="3" PLATFORM="win32" RESULT="OK" RUN="00011"/><TEST DATE="2004-08-20" ITERATIONS="3" PLATFORM="win32" RESULT="OK" RUN="00010"/><TEST DATE="2004-08-19" ITERATIONS="3" PLATFORM="win32" RESULT="OK" RUN="00009"/><TEST DATE="2004-08-19" ITERATIONS="3" PLATFORM="win32" RESULT="OK" RUN="00008"/><TEST DATE="2004-08-19" ITERATIONS="3" PLATFORM="win32" RESULT="OK" RUN="00007"/><TEST DATE="2004-08-19" ITERATIONS="3" PLATFORM="win32" RESULT="OK" RUN="00006"/><TEST DATE="2004-07-15" ITERATIONS="3" PLATFORM="win32" RESULT="OK" RUN="00005"/><TEST DATE="2004-06-05" ITERATIONS="3" PLATFORM="win32" RESULT="OK" RUN="00004"/><TEST DATE="2004-06-03" ITERATIONS="1" PLATFORM="win32" RESULT="OK" RUN="00003"/><TEST DATE="2004-06-03" ITERATIONS="1" PLATFORM="win32" RESULT="OK" RUN="00002"/></FILE><FILE directory="reference" name="cb-learner.py"><TEST DATE="2006-03-15" ITERATIONS="3" PLATFORM="win32" RESULT="OK" RUN="00071"/><TEST DATE="2006-03-14" ITERATIONS="3" PLATFORM="win32" RESULT="OK" RUN="00068"/><TEST DATE="2006-03-10" ITERATIONS="3" PLATFORM="win32" RESULT="OK" RUN="00058"/><TEST DATE="2005-06-18" ITERATIONS="1" PLATFORM="win32" RESULT="OK" RUN="00056"/><TEST DATE="2005-03-09" ITERATIONS="1" PLATFORM="win32" RESULT="OK" RUN="00055"/><TEST DATE="2005-02-14" ITERATIONS="1" PLATFORM="win32" RESULT="OK" RUN="00056"/><TEST DATE="2005-01-31" ITERATIONS="3" PLATFORM="win32" RESULT="OK" RUN="00054"/><TEST DATE="2005-01-29" ITERATIONS="3" PLATFORM="win32" RESULT="OK" RUN="00053"/><TEST DATE="2005-01-28" ITERATIONS="1" PLATFORM="win32" RESULT="OK" RUN="00051"/><TEST DATE="2005-01-27" ITERATIONS="3" PLATFORM="win32" RESULT="OK" RUN="00050"/><TEST DATE="2005-01-27" ITERATIONS="3" PLATFORM="win32" RESULT="OK" RUN="00044"/><TEST DATE="2005-01-27" ITERATIONS="3" PLATFORM="win32" RESULT="OK" RUN="00043"/><TEST DATE="2005-01-21" ITERATIONS="3" PLATFORM="win32" RESULT="OK" RUN="00037"/><TEST DATE="2004-11-29" ITERATIONS="3" PLATFORM="win32" RESULT="OK" RUN="00036"/><TEST DATE="2004-09-17" ITERATIONS="3" PLATFORM="win32" RESULT="OK" RUN="00035"/><TEST DATE="2004-09-17" ITERATIONS="3" PLATFORM="win32" RESULT="OK" RUN="00034"/><TEST DATE="2004-08-21" ITERATIONS="3" PLATFORM="linux2" RESULT="OK" RUN="00013"/><TEST DATE="2004-08-21" ITERATIONS="3" PLATFORM="win32" RESULT="OK" RUN="00012"/><TEST DATE="2004-08-20" ITERATIONS="3" PLATFORM="win32" RESULT="OK" RUN="00011"/><TEST DATE="2004-08-20" ITERATIONS="3" PLATFORM="win32" RESULT="OK" RUN="00010"/><TEST DATE="2004-08-19" ITERATIONS="3" PLATFORM="win32" RESULT="OK" RUN="00009"/><TEST DATE="2004-08-19" ITERATIONS="3" PLATFORM="win32" RESULT="OK" RUN="00008"/><TEST DATE="2004-08-19" ITERATIONS="3" PLATFORM="win32" RESULT="OK" RUN="00007"/><TEST DATE="2004-08-19" ITERATIONS="3" PLATFORM="win32" RESULT="OK" RUN="00006"/><TEST DATE="2004-07-15" ITERATIONS="3" PLATFORM="win32" RESULT="OK" RUN="00005"/><TEST DATE="2004-06-05" ITERATIONS="3" PLATFORM="win32" RESULT="OK" RUN="00004"/><TEST DATE="2004-06-03" ITERATIONS="1" PLATFORM="win32" RESULT="OK" RUN="00003"/><TEST DATE="2004-06-03" ITERATIONS="1" PLATFORM="win32" RESULT="OK" RUN="00002"/></FILE><FILE directory="reference" name="cb-measureattribute.py"><TEST DATE="2006-03-15" ITERATIONS="3" PLATFORM="win32" RESULT="OK" RUN="00071"/><TEST DATE="2006-03-14" ITERATIONS="3" PLATFORM="win32" RESULT="OK" RUN="00068"/><TEST DATE="2006-03-10" ITERATIONS="3" PLATFORM="win32" RESULT="OK" RUN="00058"/><TEST DATE="2005-06-18" ITERATIONS="1" PLATFORM="win32" RESULT="OK" RUN="00056"/><TEST DATE="2005-03-09" ITERATIONS="1" PLATFORM="win32" RESULT="OK" RUN="00055"/><TEST DATE="2005-02-14" ITERATIONS="1" PLATFORM="win32" RESULT="OK" RUN="00056"/><TEST DATE="2005-01-31" ITERATIONS="3" PLATFORM="win32" RESULT="OK" RUN="00054"/><TEST DATE="2005-01-29" ITERATIONS="3" PLATFORM="win32" RESULT="OK" RUN="00053"/><TEST DATE="2005-01-28" ITERATIONS="1" PLATFORM="win32" RESULT="OK" RUN="00051"/><TEST DATE="2005-01-27" ITERATIONS="3" PLATFORM="win32" RESULT="OK" RUN="00050"/><TEST DATE="2005-01-27" ITERATIONS="3" PLATFORM="win32" RESULT="OK" RUN="00044"/><TEST DATE="2005-01-27" ITERATIONS="3" PLATFORM="win32" RESULT="OK" RUN="00043"/><TEST DATE="2005-01-21" ITERATIONS="3" PLATFORM="win32" RESULT="OK" RUN="00037"/><TEST DATE="2004-11-29" ITERATIONS="3" PLATFORM="win32" RESULT="OK" RUN="00036"/><TEST DATE="2004-09-17" ITERATIONS="3" PLATFORM="win32" RESULT="OK" RUN="00035"/><TEST DATE="2004-09-17" ITERATIONS="3" PLATFORM="win32" RESULT="OK" RUN="00034"/><TEST DATE="2004-08-21" ITERATIONS="3" PLATFORM="linux2" RESULT="OK" RUN="00013"/><TEST DATE="2004-08-21" ITERATIONS="3" PLATFORM="win32" RESULT="OK" RUN="00012"/><TEST DATE="2004-08-20" ITERATIONS="3" PLATFORM="win32" RESULT="OK" RUN="00011"/><TEST DATE="2004-08-20" ITERATIONS="3" PLATFORM="win32" RESULT="OK" RUN="00010"/><TEST DATE="2004-08-19" ITERATIONS="3" PLATFORM="win32" RESULT="OK" RUN="00009"/><TEST DATE="2004-08-19" ITERATIONS="3" PLATFORM="win32" RESULT="OK" RUN="00008"/><TEST DATE="2004-08-19" ITERATIONS="3" PLATFORM="win32" RESULT="OK" RUN="00007"/><TEST DATE="2004-08-19" ITERATIONS="3" PLATFORM="win32" RESULT="OK" RUN="00006"/><TEST DATE="2004-07-15" ITERATIONS="3" PLATFORM="win32" RESULT="OK" RUN="00005"/><TEST DATE="2004-06-05" ITERATIONS="3" PLATFORM="win32" RESULT="OK" RUN="00004"/><TEST DATE="2004-06-03" ITERATIONS="1" PLATFORM="win32" RESULT="OK" RUN="00003"/><TEST DATE="2004-06-03" ITERATIONS="1" PLATFORM="win32" RESULT="OK" RUN="00002"/></FILE><FILE directory="reference" name="cb-mydomain.py"><TEST DATE="2006-03-15" ITERATIONS="3" PLATFORM="win32" RESULT="OK" RUN="00071"/><TEST DATE="2006-03-14" ITERATIONS="3" PLATFORM="win32" RESULT="OK" RUN="00068"/><TEST DATE="2006-03-10" ITERATIONS="3" PLATFORM="win32" RESULT="OK" RUN="00058"/><TEST DATE="2005-06-18" ITERATIONS="1" PLATFORM="win32" RESULT="OK" RUN="00056"/><TEST DATE="2005-03-09" ITERATIONS="1" PLATFORM="win32" RESULT="OK" RUN="00055"/><TEST DATE="2005-02-14" ITERATIONS="1" PLATFORM="win32" RESULT="OK" RUN="00056"/><TEST DATE="2005-01-31" ITERATIONS="3" PLATFORM="win32" RESULT="OK" RUN="00054"/><TEST DATE="2005-01-29" ITERATIONS="3" PLATFORM="win32" RESULT="OK" RUN="00053"/><TEST DATE="2005-01-28" ITERATIONS="1" PLATFORM="win32" RESULT="OK" RUN="00051"/><TEST DATE="2005-01-27" ITERATIONS="3" PLATFORM="win32" RESULT="OK" RUN="00050"/><TEST DATE="2005-01-27" ITERATIONS="3" PLATFORM="win32" RESULT="OK" RUN="00044"/><TEST DATE="2005-01-27" ITERATIONS="3" PLATFORM="win32" RESULT="OK" RUN="00043"/><TEST DATE="2005-01-21" ITERATIONS="3" PLATFORM="win32" RESULT="OK" RUN="00037"/><TEST DATE="2004-11-29" ITERATIONS="3" PLATFORM="win32" RESULT="OK" RUN="00036"/><TEST DATE="2004-09-17" ITERATIONS="3" PLATFORM="win32" RESULT="OK" RUN="00035"/><TEST DATE="2004-09-17" ITERATIONS="3" PLATFORM="win32" RESULT="OK" RUN="00034"/><TEST DATE="2004-08-21" ITERATIONS="3" PLATFORM="linux2" RESULT="OK" RUN="00013"/><TEST DATE="2004-08-21" ITERATIONS="3" PLATFORM="win32" RESULT="OK" RUN="00012"/><TEST DATE="2004-08-20" ITERATIONS="3" PLATFORM="win32" RESULT="OK" RUN="00011"/><TEST DATE="2004-08-20" ITERATIONS="3" PLATFORM="win32" RESULT="OK" RUN="00010"/><TEST DATE="2004-08-19" ITERATIONS="3" PLATFORM="win32" RESULT="OK" RUN="00009"/><TEST DATE="2004-08-19" ITERATIONS="3" PLATFORM="win32" RESULT="OK" RUN="00008"/><TEST DATE="2004-08-19" ITERATIONS="3" PLATFORM="win32" RESULT="OK" RUN="00007"/><TEST DATE="2004-08-19" ITERATIONS="3" PLATFORM="win32" RESULT="OK" RUN="00006"/><TEST DATE="2004-07-15" ITERATIONS="3" PLATFORM="win32" RESULT="OK" RUN="00005"/><TEST DATE="2004-06-05" ITERATIONS="3" PLATFORM="win32" RESULT="OK" RUN="00004"/><TEST DATE="2004-06-03" ITERATIONS="1" PLATFORM="win32" RESULT="OK" RUN="00003"/><TEST DATE="2004-06-03" ITERATIONS="1" PLATFORM="win32" RESULT="OK" RUN="00002"/></FILE><FILE directory="reference" name="cb-splitconstructor.py"><TEST DATE="2006-03-15" ITERATIONS="3" PLATFORM="win32" RESULT="OK" RUN="00071"/><TEST DATE="2006-03-14" ITERATIONS="3" PLATFORM="win32" RESULT="OK" RUN="00068"/><TEST DATE="2006-03-10" ITERATIONS="3" PLATFORM="win32" RESULT="OK" RUN="00058"/><TEST DATE="2005-06-18" ITERATIONS="1" PLATFORM="win32" RESULT="OK" RUN="00056"/><TEST DATE="2005-03-09" ITERATIONS="1" PLATFORM="win32" RESULT="OK" RUN="00055"/><TEST DATE="2005-02-14" ITERATIONS="1" PLATFORM="win32" RESULT="OK" RUN="00056"/><TEST DATE="2005-01-31" ITERATIONS="3" PLATFORM="win32" RESULT="OK" RUN="00054"/><TEST DATE="2005-01-29" ITERATIONS="3" PLATFORM="win32" RESULT="OK" RUN="00053"/><TEST DATE="2005-01-28" ITERATIONS="1" PLATFORM="win32" RESULT="OK" RUN="00051"/><TEST DATE="2005-01-27" ITERATIONS="3" PLATFORM="win32" RESULT="OK" RUN="00050"/><TEST DATE="2005-01-27" ITERATIONS="3" PLATFORM="win32" RESULT="OK" RUN="00044"/><TEST DATE="2005-01-27" ITERATIONS="3" PLATFORM="win32" RESULT="OK" RUN="00043"/><TEST DATE="2005-01-21" ITERATIONS="3" PLATFORM="win32" RESULT="OK" RUN="00040"/><TEST DATE="2005-01-21" ITERATION="0" ITERATIONS="3" PLATFORM="win32" RESULT="error" RUN="00039" xml:space="preserve">Traceback (most recent call last):
  File &quot;D:/ai/Orange/regressionTests/xtest1.py&quot;, line 92, in ?
    execfile(t__name)
  File &quot;cb-splitconstructor.py&quot;, line 56, in ?
    tree = treeLearner(tab)
  File &quot;cb-splitconstructor.py&quot;, line 41, in __call__
    cc = CartesianClassifier(var1, var2)
  File &quot;cb-splitconstructor.py&quot;, line 17, in __init__
    self.classVar.values = [&quot;%s-%s&quot; % (v1, v2) for v1 in var1.values for v2 in var2.values]
SystemError: Orange class OrangeVector&lt;class std::basic_string&lt;char,struct std::char_traits&lt;char&gt;,class std::allocator&lt;char&gt; &gt;,1&gt;, needed for 'EnumVariable.values' not exported to Python
</TEST><TEST DATE="2005-01-21" ITERATION="0" ITERATIONS="3" PLATFORM="win32" RESULT="error" RUN="00038" xml:space="preserve">Traceback (most recent call last):
  File &quot;D:/ai/Orange/regressionTests/xtest1.py&quot;, line 92, in ?
    execfile(t__name)
  File &quot;cb-splitconstructor.py&quot;, line 56, in ?
    tree = treeLearner(tab)
  File &quot;cb-splitconstructor.py&quot;, line 41, in __call__
    cc = CartesianClassifier(var1, var2)
  File &quot;cb-splitconstructor.py&quot;, line 17, in __init__
    self.classVar.values = [&quot;%s-%s&quot; % (v1, v2) for v1 in var1.values for v2 in var2.values]
SystemError: Orange class OrangeVector&lt;class std::basic_string&lt;char,struct std::char_traits&lt;char&gt;,class std::allocator&lt;char&gt; &gt;,1&gt;, needed for 'EnumVariable.values' not exported to Python
</TEST><TEST DATE="2005-01-21" ITERATION="0" ITERATIONS="3" PLATFORM="win32" RESULT="error" RUN="00037" xml:space="preserve">Traceback (most recent call last):
  File &quot;D:/ai/Orange/regressionTests/xtest1.py&quot;, line 92, in ?
    execfile(t__name)
  File &quot;cb-splitconstructor.py&quot;, line 56, in ?
    tree = treeLearner(tab)
  File &quot;cb-splitconstructor.py&quot;, line 41, in __call__
    cc = CartesianClassifier(var1, var2)
  File &quot;cb-splitconstructor.py&quot;, line 17, in __init__
    self.classVar.values = [&quot;%s-%s&quot; % (v1, v2) for v1 in var1.values for v2 in var2.values]
SystemError: Orange class OrangeVector&lt;class std::basic_string&lt;char,struct std::char_traits&lt;char&gt;,class std::allocator&lt;char&gt; &gt;,1&gt;, needed for 'EnumVariable.values' not exported to Python
</TEST><TEST DATE="2004-11-29" ITERATIONS="3" PLATFORM="win32" RESULT="OK" RUN="00036"/><TEST DATE="2004-09-17" ITERATIONS="3" PLATFORM="win32" RESULT="OK" RUN="00035"/><TEST DATE="2004-09-17" ITERATIONS="3" PLATFORM="win32" RESULT="OK" RUN="00034"/><TEST DATE="2004-08-21" ITERATIONS="3" PLATFORM="linux2" RESULT="OK" RUN="00013"/><TEST DATE="2004-08-21" ITERATIONS="3" PLATFORM="win32" RESULT="OK" RUN="00012"/><TEST DATE="2004-08-20" ITERATIONS="3" PLATFORM="win32" RESULT="OK" RUN="00011"/><TEST DATE="2004-08-20" ITERATIONS="3" PLATFORM="win32" RESULT="OK" RUN="00010"/><TEST DATE="2004-08-19" ITERATIONS="3" PLATFORM="win32" RESULT="OK" RUN="00009"/><TEST DATE="2004-08-19" ITERATIONS="3" PLATFORM="win32" RESULT="OK" RUN="00008"/><TEST DATE="2004-08-19" ITERATIONS="3" PLATFORM="win32" RESULT="OK" RUN="00007"/><TEST DATE="2004-08-19" ITERATIONS="3" PLATFORM="win32" RESULT="OK" RUN="00006"/><TEST DATE="2004-07-15" ITERATIONS="3" PLATFORM="win32" RESULT="OK" RUN="00005"/><TEST DATE="2004-06-05" ITERATIONS="3" PLATFORM="win32" RESULT="OK" RUN="00004"/><TEST DATE="2004-06-03" ITERATIONS="1" PLATFORM="win32" RESULT="OK" RUN="00003"/><TEST DATE="2004-06-03" ITERATIONS="1" PLATFORM="win32" RESULT="OK" RUN="00002"/></FILE><FILE directory="reference" name="cb-stopcriteria.py"><TEST DATE="2006-03-15" ITERATIONS="3" PLATFORM="win32" RESULT="OK" RUN="00071"/><TEST DATE="2006-03-14" ITERATIONS="3" PLATFORM="win32" RESULT="OK" RUN="00068"/><TEST DATE="2006-03-10" ITERATIONS="3" PLATFORM="win32" RESULT="OK" RUN="00058"/><TEST DATE="2005-06-18" ITERATIONS="1" PLATFORM="win32" RESULT="OK" RUN="00056"/><TEST DATE="2005-03-09" ITERATIONS="1" PLATFORM="win32" RESULT="OK" RUN="00055"/><TEST DATE="2005-02-14" ITERATIONS="1" PLATFORM="win32" RESULT="OK" RUN="00056"/><TEST DATE="2005-01-31" ITERATIONS="3" PLATFORM="win32" RESULT="OK" RUN="00054"/><TEST DATE="2005-01-29" ITERATIONS="3" PLATFORM="win32" RESULT="OK" RUN="00053"/><TEST DATE="2005-01-28" ITERATIONS="1" PLATFORM="win32" RESULT="OK" RUN="00051"/><TEST DATE="2005-01-27" ITERATIONS="3" PLATFORM="win32" RESULT="OK" RUN="00050"/><TEST DATE="2005-01-27" ITERATIONS="3" PLATFORM="win32" RESULT="OK" RUN="00044"/><TEST DATE="2005-01-27" ITERATIONS="3" PLATFORM="win32" RESULT="OK" RUN="00043"/><TEST DATE="2005-01-21" ITERATIONS="3" PLATFORM="win32" RESULT="OK" RUN="00037"/><TEST DATE="2004-11-29" ITERATIONS="3" PLATFORM="win32" RESULT="OK" RUN="00036"/><TEST DATE="2004-09-17" ITERATIONS="3" PLATFORM="win32" RESULT="OK" RUN="00035"/><TEST DATE="2004-09-17" ITERATIONS="3" PLATFORM="win32" RESULT="OK" RUN="00034"/><TEST DATE="2004-08-21" ITERATIONS="3" PLATFORM="linux2" RESULT="OK" RUN="00013"/><TEST DATE="2004-08-21" ITERATIONS="3" PLATFORM="win32" RESULT="OK" RUN="00012"/><TEST DATE="2004-08-20" ITERATIONS="3" PLATFORM="win32" RESULT="OK" RUN="00011"/><TEST DATE="2004-08-20" ITERATIONS="3" PLATFORM="win32" RESULT="OK" RUN="00010"/><TEST DATE="2004-08-19" ITERATIONS="3" PLATFORM="win32" RESULT="OK" RUN="00009"/><TEST DATE="2004-08-19" ITERATIONS="3" PLATFORM="win32" RESULT="OK" RUN="00008"/><TEST DATE="2004-08-19" ITERATIONS="3" PLATFORM="win32" RESULT="OK" RUN="00007"/><TEST DATE="2004-08-19" ITERATIONS="3" PLATFORM="win32" RESULT="OK" RUN="00006"/><TEST DATE="2004-07-15" ITERATIONS="3" PLATFORM="win32" RESULT="OK" RUN="00005"/><TEST DATE="2004-06-05" ITERATIONS="3" PLATFORM="win32" RESULT="OK" RUN="00004"/><TEST DATE="2004-06-03" ITERATIONS="1" PLATFORM="win32" RESULT="OK" RUN="00003"/><TEST DATE="2004-06-03" ITERATIONS="1" PLATFORM="win32" RESULT="OK" RUN="00002"/></FILE><FILE directory="reference" name="classifierFromVar.py"><TEST DATE="2006-03-15" ITERATIONS="3" PLATFORM="win32" RESULT="OK" RUN="00071"/><TEST DATE="2006-03-14" ITERATIONS="3" PLATFORM="win32" RESULT="OK" RUN="00068"/><TEST DATE="2006-03-10" ITERATIONS="3" PLATFORM="win32" RESULT="OK" RUN="00058"/><TEST DATE="2005-06-18" ITERATIONS="1" PLATFORM="win32" RESULT="OK" RUN="00056"/><TEST DATE="2005-03-09" ITERATIONS="1" PLATFORM="win32" RESULT="OK" RUN="00055"/><TEST DATE="2005-02-14" ITERATIONS="1" PLATFORM="win32" RESULT="OK" RUN="00056"/><TEST DATE="2005-01-31" ITERATIONS="3" PLATFORM="win32" RESULT="OK" RUN="00054"/><TEST DATE="2005-01-29" ITERATIONS="3" PLATFORM="win32" RESULT="OK" RUN="00053"/><TEST DATE="2005-01-28" ITERATIONS="1" PLATFORM="win32" RESULT="OK" RUN="00051"/><TEST DATE="2005-01-27" ITERATIONS="3" PLATFORM="win32" RESULT="OK" RUN="00050"/><TEST DATE="2005-01-27" ITERATIONS="3" PLATFORM="win32" RESULT="OK" RUN="00044"/><TEST DATE="2005-01-27" ITERATIONS="3" PLATFORM="win32" RESULT="OK" RUN="00043"/><TEST DATE="2005-01-21" ITERATIONS="3" PLATFORM="win32" RESULT="OK" RUN="00040"/><TEST DATE="2005-01-21" ITERATION="0" ITERATIONS="3" PLATFORM="win32" RESULT="error" RUN="00039" xml:space="preserve">Traceback (most recent call last):
  File &quot;D:/ai/Orange/regressionTests/xtest1.py&quot;, line 92, in ?
    execfile(t__name)
  File &quot;classifierFromVar.py&quot;, line 19, in ?
    e1 = orange.EnumVariable(&quot;e1&quot;, values = [&quot;1&quot;, &quot;not 1&quot;])
SystemError: Orange class OrangeVector&lt;class std::basic_string&lt;char,struct std::char_traits&lt;char&gt;,class std::allocator&lt;char&gt; &gt;,1&gt;, needed for 'EnumVariable.values' not exported to Python
</TEST><TEST DATE="2005-01-21" ITERATION="0" ITERATIONS="3" PLATFORM="win32" RESULT="error" RUN="00038" xml:space="preserve">Traceback (most recent call last):
  File &quot;D:/ai/Orange/regressionTests/xtest1.py&quot;, line 92, in ?
    execfile(t__name)
  File &quot;classifierFromVar.py&quot;, line 19, in ?
    e1 = orange.EnumVariable(&quot;e1&quot;, values = [&quot;1&quot;, &quot;not 1&quot;])
SystemError: Orange class OrangeVector&lt;class std::basic_string&lt;char,struct std::char_traits&lt;char&gt;,class std::allocator&lt;char&gt; &gt;,1&gt;, needed for 'EnumVariable.values' not exported to Python
</TEST><TEST DATE="2005-01-21" ITERATION="0" ITERATIONS="3" PLATFORM="win32" RESULT="error" RUN="00037" xml:space="preserve">Traceback (most recent call last):
  File &quot;D:/ai/Orange/regressionTests/xtest1.py&quot;, line 92, in ?
    execfile(t__name)
  File &quot;classifierFromVar.py&quot;, line 19, in ?
    e1 = orange.EnumVariable(&quot;e1&quot;, values = [&quot;1&quot;, &quot;not 1&quot;])
SystemError: Orange class OrangeVector&lt;class std::basic_string&lt;char,struct std::char_traits&lt;char&gt;,class std::allocator&lt;char&gt; &gt;,1&gt;, needed for 'EnumVariable.values' not exported to Python
</TEST><TEST DATE="2004-11-29" ITERATIONS="3" PLATFORM="win32" RESULT="OK" RUN="00036"/><TEST DATE="2004-09-17" ITERATIONS="3" PLATFORM="win32" RESULT="OK" RUN="00035"/><TEST DATE="2004-09-17" ITERATIONS="3" PLATFORM="win32" RESULT="OK" RUN="00034"/><TEST DATE="2004-08-21" ITERATIONS="3" PLATFORM="linux2" RESULT="OK" RUN="00013"/><TEST DATE="2004-08-21" ITERATIONS="3" PLATFORM="win32" RESULT="OK" RUN="00012"/><TEST DATE="2004-08-20" ITERATIONS="3" PLATFORM="win32" RESULT="OK" RUN="00011"/><TEST DATE="2004-08-20" ITERATIONS="3" PLATFORM="win32" RESULT="OK" RUN="00010"/><TEST DATE="2004-08-19" ITERATIONS="3" PLATFORM="win32" RESULT="OK" RUN="00009"/><TEST DATE="2004-08-19" ITERATIONS="3" PLATFORM="win32" RESULT="OK" RUN="00008"/><TEST DATE="2004-08-19" ITERATIONS="3" PLATFORM="win32" RESULT="OK" RUN="00007"/><TEST DATE="2004-08-19" ITERATIONS="3" PLATFORM="win32" RESULT="OK" RUN="00006"/><TEST DATE="2004-07-15" ITERATIONS="3" PLATFORM="win32" RESULT="OK" RUN="00005"/><TEST DATE="2004-06-05" ITERATIONS="3" PLATFORM="win32" RESULT="OK" RUN="00004"/><TEST DATE="2004-06-03" ITERATIONS="1" PLATFORM="win32" RESULT="OK" RUN="00003"/><TEST DATE="2004-06-03" ITERATIONS="1" PLATFORM="win32" RESULT="OK" RUN="00002"/></FILE><FILE directory="reference" name="contingency1.py"><TEST DATE="2006-03-15" ITERATIONS="3" PLATFORM="win32" RESULT="OK" RUN="00071"/><TEST DATE="2006-03-14" ITERATIONS="3" PLATFORM="win32" RESULT="OK" RUN="00068"/><TEST DATE="2006-03-10" ITERATIONS="3" PLATFORM="win32" RESULT="OK" RUN="00058"/><TEST DATE="2005-06-18" ITERATIONS="1" PLATFORM="win32" RESULT="OK" RUN="00056"/><TEST DATE="2005-03-09" ITERATIONS="1" PLATFORM="win32" RESULT="OK" RUN="00055"/><TEST DATE="2005-02-14" ITERATIONS="1" PLATFORM="win32" RESULT="OK" RUN="00056"/><TEST DATE="2005-01-31" ITERATIONS="3" PLATFORM="win32" RESULT="OK" RUN="00054"/><TEST DATE="2005-01-29" ITERATIONS="3" PLATFORM="win32" RESULT="OK" RUN="00053"/><TEST DATE="2005-01-28" ITERATIONS="1" PLATFORM="win32" RESULT="OK" RUN="00051"/><TEST DATE="2005-01-27" ITERATIONS="3" PLATFORM="win32" RESULT="OK" RUN="00050"/><TEST DATE="2005-01-27" ITERATIONS="3" PLATFORM="win32" RESULT="OK" RUN="00044"/><TEST DATE="2005-01-27" ITERATIONS="3" PLATFORM="win32" RESULT="OK" RUN="00043"/><TEST DATE="2005-01-21" ITERATIONS="3" PLATFORM="win32" RESULT="OK" RUN="00037"/><TEST DATE="2004-11-29" ITERATIONS="3" PLATFORM="win32" RESULT="OK" RUN="00036"/><TEST DATE="2004-09-17" ITERATIONS="3" PLATFORM="win32" RESULT="OK" RUN="00035"/><TEST DATE="2004-09-17" ITERATIONS="3" PLATFORM="win32" RESULT="OK" RUN="00034"/><TEST DATE="2004-08-21" ITERATIONS="3" PLATFORM="linux2" RESULT="OK" RUN="00013"/><TEST DATE="2004-08-21" ITERATIONS="3" PLATFORM="win32" RESULT="OK" RUN="00012"/><TEST DATE="2004-08-20" ITERATIONS="3" PLATFORM="win32" RESULT="OK" RUN="00011"/><TEST DATE="2004-08-20" ITERATIONS="3" PLATFORM="win32" RESULT="OK" RUN="00010"/><TEST DATE="2004-08-19" ITERATIONS="3" PLATFORM="win32" RESULT="OK" RUN="00009"/><TEST DATE="2004-08-19" ITERATIONS="3" PLATFORM="win32" RESULT="OK" RUN="00008"/><TEST DATE="2004-08-19" ITERATIONS="3" PLATFORM="win32" RESULT="OK" RUN="00007"/><TEST DATE="2004-08-19" ITERATIONS="3" PLATFORM="win32" RESULT="OK" RUN="00006"/><TEST DATE="2004-07-15" ITERATIONS="3" PLATFORM="win32" RESULT="OK" RUN="00005"/><TEST DATE="2004-06-05" ITERATIONS="3" PLATFORM="win32" RESULT="OK" RUN="00004"/><TEST DATE="2004-06-03" ITERATIONS="1" PLATFORM="win32" RESULT="OK" RUN="00003"/><TEST DATE="2004-06-03" ITERATIONS="1" PLATFORM="win32" RESULT="OK" RUN="00002"/></FILE><FILE directory="reference" name="contingency2.py"><TEST DATE="2006-03-15" ITERATIONS="3" PLATFORM="win32" RESULT="OK" RUN="00071"/><TEST DATE="2006-03-14" ITERATIONS="3" PLATFORM="win32" RESULT="OK" RUN="00068"/><TEST DATE="2006-03-10" ITERATIONS="3" PLATFORM="win32" RESULT="OK" RUN="00058"/><TEST DATE="2005-06-18" ITERATIONS="1" PLATFORM="win32" RESULT="OK" RUN="00056"/><TEST DATE="2005-03-09" ITERATIONS="1" PLATFORM="win32" RESULT="OK" RUN="00055"/><TEST DATE="2005-02-14" ITERATIONS="1" PLATFORM="win32" RESULT="OK" RUN="00056"/><TEST DATE="2005-01-31" ITERATIONS="3" PLATFORM="win32" RESULT="OK" RUN="00054"/><TEST DATE="2005-01-29" ITERATIONS="3" PLATFORM="win32" RESULT="OK" RUN="00053"/><TEST DATE="2005-01-28" ITERATIONS="1" PLATFORM="win32" RESULT="OK" RUN="00051"/><TEST DATE="2005-01-27" ITERATIONS="3" PLATFORM="win32" RESULT="OK" RUN="00050"/><TEST DATE="2005-01-27" ITERATIONS="3" PLATFORM="win32" RESULT="OK" RUN="00044"/><TEST DATE="2005-01-27" ITERATIONS="3" PLATFORM="win32" RESULT="OK" RUN="00043"/><TEST DATE="2005-01-21" ITERATIONS="3" PLATFORM="win32" RESULT="OK" RUN="00037"/><TEST DATE="2004-11-29" ITERATIONS="3" PLATFORM="win32" RESULT="OK" RUN="00036"/><TEST DATE="2004-09-17" ITERATIONS="3" PLATFORM="win32" RESULT="OK" RUN="00035"/><TEST DATE="2004-09-17" ITERATIONS="3" PLATFORM="win32" RESULT="OK" RUN="00034"/><TEST DATE="2004-08-21" ITERATIONS="3" PLATFORM="linux2" RESULT="OK" RUN="00013"/><TEST DATE="2004-08-21" ITERATIONS="3" PLATFORM="win32" RESULT="OK" RUN="00012"/><TEST DATE="2004-08-20" ITERATIONS="3" PLATFORM="win32" RESULT="OK" RUN="00011"/><TEST DATE="2004-08-20" ITERATIONS="3" PLATFORM="win32" RESULT="OK" RUN="00010"/><TEST DATE="2004-08-19" ITERATIONS="3" PLATFORM="win32" RESULT="OK" RUN="00009"/><TEST DATE="2004-08-19" ITERATIONS="3" PLATFORM="win32" RESULT="OK" RUN="00008"/><TEST DATE="2004-08-19" ITERATIONS="3" PLATFORM="win32" RESULT="OK" RUN="00007"/><TEST DATE="2004-08-19" ITERATIONS="3" PLATFORM="win32" RESULT="OK" RUN="00006"/><TEST DATE="2004-07-15" ITERATIONS="3" PLATFORM="win32" RESULT="OK" RUN="00005"/><TEST DATE="2004-06-05" ITERATIONS="3" PLATFORM="win32" RESULT="OK" RUN="00004"/><TEST DATE="2004-06-03" ITERATIONS="1" PLATFORM="win32" RESULT="OK" RUN="00003"/><TEST DATE="2004-06-03" ITERATIONS="1" PLATFORM="win32" RESULT="OK" RUN="00002"/></FILE><FILE directory="reference" name="contingency3.py"><TEST DATE="2006-03-15" ITERATIONS="3" PLATFORM="win32" RESULT="OK" RUN="00071"/><TEST DATE="2006-03-14" ITERATIONS="3" PLATFORM="win32" RESULT="OK" RUN="00068"/><TEST DATE="2006-03-10" ITERATIONS="3" PLATFORM="win32" RESULT="OK" RUN="00058"/><TEST DATE="2005-06-18" ITERATIONS="1" PLATFORM="win32" RESULT="OK" RUN="00056"/><TEST DATE="2005-03-09" ITERATIONS="1" PLATFORM="win32" RESULT="OK" RUN="00055"/><TEST DATE="2005-02-14" ITERATIONS="1" PLATFORM="win32" RESULT="OK" RUN="00056"/><TEST DATE="2005-01-31" ITERATIONS="3" PLATFORM="win32" RESULT="OK" RUN="00054"/><TEST DATE="2005-01-29" ITERATIONS="3" PLATFORM="win32" RESULT="OK" RUN="00053"/><TEST DATE="2005-01-28" ITERATIONS="1" PLATFORM="win32" RESULT="OK" RUN="00051"/><TEST DATE="2005-01-27" ITERATIONS="3" PLATFORM="win32" RESULT="OK" RUN="00050"/><TEST DATE="2005-01-27" ITERATIONS="3" PLATFORM="win32" RESULT="OK" RUN="00044"/><TEST DATE="2005-01-27" ITERATIONS="3" PLATFORM="win32" RESULT="OK" RUN="00043"/><TEST DATE="2005-01-21" ITERATIONS="3" PLATFORM="win32" RESULT="OK" RUN="00037"/><TEST DATE="2004-11-29" ITERATIONS="3" PLATFORM="win32" RESULT="OK" RUN="00036"/><TEST DATE="2004-09-17" ITERATIONS="3" PLATFORM="win32" RESULT="OK" RUN="00035"/><TEST DATE="2004-09-17" ITERATIONS="3" PLATFORM="win32" RESULT="OK" RUN="00034"/><TEST DATE="2004-08-21" ITERATIONS="3" PLATFORM="linux2" RESULT="OK" RUN="00013"/><TEST DATE="2004-08-21" ITERATIONS="3" PLATFORM="win32" RESULT="OK" RUN="00012"/><TEST DATE="2004-08-20" ITERATIONS="3" PLATFORM="win32" RESULT="OK" RUN="00011"/><TEST DATE="2004-08-20" ITERATIONS="3" PLATFORM="win32" RESULT="OK" RUN="00010"/><TEST DATE="2004-08-19" ITERATIONS="3" PLATFORM="win32" RESULT="OK" RUN="00009"/><TEST DATE="2004-08-19" ITERATIONS="3" PLATFORM="win32" RESULT="OK" RUN="00008"/><TEST DATE="2004-08-19" ITERATIONS="3" PLATFORM="win32" RESULT="OK" RUN="00007"/><TEST DATE="2004-08-19" ITERATIONS="3" PLATFORM="win32" RESULT="OK" RUN="00006"/><TEST DATE="2004-07-15" ITERATIONS="3" PLATFORM="win32" RESULT="OK" RUN="00005"/><TEST DATE="2004-06-05" ITERATIONS="3" PLATFORM="win32" RESULT="OK" RUN="00004"/><TEST DATE="2004-06-03" ITERATIONS="1" PLATFORM="win32" RESULT="OK" RUN="00003"/><TEST DATE="2004-06-03" ITERATIONS="1" PLATFORM="win32" RESULT="OK" RUN="00002"/></FILE><FILE directory="reference" name="contingency4.py"><TEST DATE="2006-03-15" ITERATIONS="3" PLATFORM="win32" RESULT="OK" RUN="00071"/><TEST DATE="2006-03-14" ITERATIONS="3" PLATFORM="win32" RESULT="OK" RUN="00068"/><TEST DATE="2006-03-10" ITERATIONS="3" PLATFORM="win32" RESULT="OK" RUN="00058"/><TEST DATE="2005-06-18" ITERATIONS="1" PLATFORM="win32" RESULT="OK" RUN="00056"/><TEST DATE="2005-03-09" ITERATIONS="1" PLATFORM="win32" RESULT="OK" RUN="00055"/><TEST DATE="2005-02-14" ITERATIONS="1" PLATFORM="win32" RESULT="OK" RUN="00056"/><TEST DATE="2005-01-31" ITERATIONS="3" PLATFORM="win32" RESULT="OK" RUN="00054"/><TEST DATE="2005-01-29" ITERATIONS="3" PLATFORM="win32" RESULT="OK" RUN="00053"/><TEST DATE="2005-01-28" ITERATIONS="1" PLATFORM="win32" RESULT="OK" RUN="00051"/><TEST DATE="2005-01-27" ITERATIONS="3" PLATFORM="win32" RESULT="OK" RUN="00050"/><TEST DATE="2005-01-27" ITERATIONS="3" PLATFORM="win32" RESULT="OK" RUN="00044"/><TEST DATE="2005-01-27" ITERATIONS="3" PLATFORM="win32" RESULT="OK" RUN="00043"/><TEST DATE="2005-01-21" ITERATIONS="3" PLATFORM="win32" RESULT="OK" RUN="00037"/><TEST DATE="2004-11-29" ITERATIONS="3" PLATFORM="win32" RESULT="OK" RUN="00036"/><TEST DATE="2004-09-17" ITERATIONS="3" PLATFORM="win32" RESULT="OK" RUN="00035"/><TEST DATE="2004-09-17" ITERATIONS="3" PLATFORM="win32" RESULT="OK" RUN="00034"/><TEST DATE="2004-08-21" ITERATIONS="3" PLATFORM="linux2" RESULT="OK" RUN="00013"/><TEST DATE="2004-08-21" ITERATIONS="3" PLATFORM="win32" RESULT="OK" RUN="00012"/><TEST DATE="2004-08-20" ITERATIONS="3" PLATFORM="win32" RESULT="OK" RUN="00011"/><TEST DATE="2004-08-20" ITERATIONS="3" PLATFORM="win32" RESULT="OK" RUN="00010"/><TEST DATE="2004-08-19" ITERATIONS="3" PLATFORM="win32" RESULT="OK" RUN="00009"/><TEST DATE="2004-08-19" ITERATIONS="3" PLATFORM="win32" RESULT="OK" RUN="00008"/><TEST DATE="2004-08-19" ITERATIONS="3" PLATFORM="win32" RESULT="OK" RUN="00007"/><TEST DATE="2004-08-19" ITERATIONS="3" PLATFORM="win32" RESULT="OK" RUN="00006"/><TEST DATE="2004-07-15" ITERATIONS="3" PLATFORM="win32" RESULT="OK" RUN="00005"/><TEST DATE="2004-06-05" ITERATIONS="3" PLATFORM="win32" RESULT="OK" RUN="00004"/><TEST DATE="2004-06-03" ITERATIONS="1" PLATFORM="win32" RESULT="OK" RUN="00003"/><TEST DATE="2004-06-03" ITERATIONS="1" PLATFORM="win32" RESULT="OK" RUN="00002"/></FILE><FILE directory="reference" name="contingency5.py"><TEST DATE="2006-03-15" ITERATIONS="3" PLATFORM="win32" RESULT="OK" RUN="00071"/><TEST DATE="2006-03-14" ITERATIONS="3" PLATFORM="win32" RESULT="OK" RUN="00068"/><TEST DATE="2006-03-10" ITERATIONS="3" PLATFORM="win32" RESULT="OK" RUN="00058"/><TEST DATE="2005-06-18" ITERATIONS="1" PLATFORM="win32" RESULT="OK" RUN="00056"/><TEST DATE="2005-03-09" ITERATIONS="1" PLATFORM="win32" RESULT="OK" RUN="00055"/><TEST DATE="2005-02-14" ITERATIONS="1" PLATFORM="win32" RESULT="OK" RUN="00056"/><TEST DATE="2005-01-31" ITERATIONS="3" PLATFORM="win32" RESULT="OK" RUN="00054"/><TEST DATE="2005-01-29" ITERATIONS="3" PLATFORM="win32" RESULT="OK" RUN="00053"/><TEST DATE="2005-01-28" ITERATIONS="1" PLATFORM="win32" RESULT="OK" RUN="00051"/><TEST DATE="2005-01-27" ITERATIONS="3" PLATFORM="win32" RESULT="OK" RUN="00050"/><TEST DATE="2005-01-27" ITERATIONS="3" PLATFORM="win32" RESULT="OK" RUN="00044"/><TEST DATE="2005-01-27" ITERATIONS="3" PLATFORM="win32" RESULT="OK" RUN="00043"/><TEST DATE="2005-01-21" ITERATIONS="3" PLATFORM="win32" RESULT="OK" RUN="00037"/><TEST DATE="2004-11-29" ITERATIONS="3" PLATFORM="win32" RESULT="OK" RUN="00036"/><TEST DATE="2004-09-17" ITERATIONS="3" PLATFORM="win32" RESULT="OK" RUN="00035"/><TEST DATE="2004-09-17" ITERATIONS="3" PLATFORM="win32" RESULT="OK" RUN="00034"/><TEST DATE="2004-08-21" ITERATIONS="3" PLATFORM="linux2" RESULT="OK" RUN="00013"/><TEST DATE="2004-08-21" ITERATIONS="3" PLATFORM="win32" RESULT="OK" RUN="00012"/><TEST DATE="2004-08-20" ITERATIONS="3" PLATFORM="win32" RESULT="OK" RUN="00011"/><TEST DATE="2004-08-20" ITERATIONS="3" PLATFORM="win32" RESULT="OK" RUN="00010"/><TEST DATE="2004-08-19" ITERATIONS="3" PLATFORM="win32" RESULT="OK" RUN="00009"/><TEST DATE="2004-08-19" ITERATIONS="3" PLATFORM="win32" RESULT="OK" RUN="00008"/><TEST DATE="2004-08-19" ITERATIONS="3" PLATFORM="win32" RESULT="OK" RUN="00007"/><TEST DATE="2004-08-19" ITERATIONS="3" PLATFORM="win32" RESULT="OK" RUN="00006"/><TEST DATE="2004-07-15" ITERATIONS="3" PLATFORM="win32" RESULT="OK" RUN="00005"/><TEST DATE="2004-06-05" ITERATIONS="3" PLATFORM="win32" RESULT="OK" RUN="00004"/><TEST DATE="2004-06-03" ITERATIONS="1" PLATFORM="win32" RESULT="OK" RUN="00003"/><TEST DATE="2004-06-03" ITERATIONS="1" PLATFORM="win32" RESULT="OK" RUN="00002"/></FILE><FILE directory="reference" name="contingency6.py"><TEST DATE="2006-03-15" ITERATIONS="3" PLATFORM="win32" RESULT="OK" RUN="00071"/><TEST DATE="2006-03-14" ITERATIONS="3" PLATFORM="win32" RESULT="OK" RUN="00068"/><TEST DATE="2006-03-10" ITERATIONS="3" PLATFORM="win32" RESULT="OK" RUN="00058"/><TEST DATE="2005-06-18" ITERATIONS="1" PLATFORM="win32" RESULT="OK" RUN="00056"/><TEST DATE="2005-03-09" ITERATIONS="1" PLATFORM="win32" RESULT="OK" RUN="00055"/><TEST DATE="2005-02-14" ITERATIONS="1" PLATFORM="win32" RESULT="OK" RUN="00056"/><TEST DATE="2005-01-31" ITERATIONS="3" PLATFORM="win32" RESULT="OK" RUN="00054"/><TEST DATE="2005-01-29" ITERATIONS="3" PLATFORM="win32" RESULT="OK" RUN="00053"/><TEST DATE="2005-01-28" ITERATIONS="1" PLATFORM="win32" RESULT="OK" RUN="00051"/><TEST DATE="2005-01-27" ITERATIONS="3" PLATFORM="win32" RESULT="OK" RUN="00050"/><TEST DATE="2005-01-27" ITERATIONS="3" PLATFORM="win32" RESULT="OK" RUN="00044"/><TEST DATE="2005-01-27" ITERATIONS="3" PLATFORM="win32" RESULT="OK" RUN="00043"/><TEST DATE="2005-01-21" ITERATIONS="3" PLATFORM="win32" RESULT="OK" RUN="00037"/><TEST DATE="2004-11-29" ITERATIONS="3" PLATFORM="win32" RESULT="OK" RUN="00036"/><TEST DATE="2004-09-17" ITERATIONS="3" PLATFORM="win32" RESULT="OK" RUN="00035"/><TEST DATE="2004-09-17" ITERATIONS="3" PLATFORM="win32" RESULT="OK" RUN="00034"/><TEST DATE="2004-08-21" ITERATIONS="3" PLATFORM="linux2" RESULT="OK" RUN="00013"/><TEST DATE="2004-08-21" ITERATIONS="3" PLATFORM="win32" RESULT="OK" RUN="00012"/><TEST DATE="2004-08-20" ITERATIONS="3" PLATFORM="win32" RESULT="OK" RUN="00011"/><TEST DATE="2004-08-20" ITERATIONS="3" PLATFORM="win32" RESULT="OK" RUN="00010"/><TEST DATE="2004-08-19" ITERATIONS="3" PLATFORM="win32" RESULT="OK" RUN="00009"/><TEST DATE="2004-08-19" ITERATIONS="3" PLATFORM="win32" RESULT="OK" RUN="00008"/><TEST DATE="2004-08-19" ITERATIONS="3" PLATFORM="win32" RESULT="OK" RUN="00007"/><TEST DATE="2004-08-19" ITERATIONS="3" PLATFORM="win32" RESULT="OK" RUN="00006"/><TEST DATE="2004-07-15" ITERATIONS="3" PLATFORM="win32" RESULT="OK" RUN="00005"/><TEST DATE="2004-06-05" ITERATIONS="3" PLATFORM="win32" RESULT="OK" RUN="00004"/><TEST DATE="2004-06-03" ITERATIONS="1" PLATFORM="win32" RESULT="OK" RUN="00003"/><TEST DATE="2004-06-03" ITERATIONS="1" PLATFORM="win32" RESULT="OK" RUN="00002"/></FILE><FILE directory="reference" name="contingency7.py"><TEST DATE="2006-03-15" ITERATIONS="3" PLATFORM="win32" RESULT="OK" RUN="00071"/><TEST DATE="2006-03-14" ITERATIONS="3" PLATFORM="win32" RESULT="OK" RUN="00068"/><TEST DATE="2006-03-10" ITERATIONS="3" PLATFORM="win32" RESULT="OK" RUN="00058"/><TEST DATE="2005-06-18" ITERATIONS="1" PLATFORM="win32" RESULT="OK" RUN="00056"/><TEST DATE="2005-03-09" ITERATIONS="1" PLATFORM="win32" RESULT="OK" RUN="00055"/><TEST DATE="2005-02-14" ITERATIONS="1" PLATFORM="win32" RESULT="OK" RUN="00056"/><TEST DATE="2005-01-31" ITERATIONS="3" PLATFORM="win32" RESULT="OK" RUN="00054"/><TEST DATE="2005-01-29" ITERATIONS="3" PLATFORM="win32" RESULT="OK" RUN="00053"/><TEST DATE="2005-01-28" ITERATIONS="1" PLATFORM="win32" RESULT="OK" RUN="00051"/><TEST DATE="2005-01-27" ITERATIONS="3" PLATFORM="win32" RESULT="OK" RUN="00050"/><TEST DATE="2005-01-27" ITERATIONS="3" PLATFORM="win32" RESULT="OK" RUN="00044"/><TEST DATE="2005-01-27" ITERATIONS="3" PLATFORM="win32" RESULT="OK" RUN="00043"/><TEST DATE="2005-01-21" ITERATIONS="3" PLATFORM="win32" RESULT="OK" RUN="00037"/><TEST DATE="2004-11-29" ITERATIONS="3" PLATFORM="win32" RESULT="OK" RUN="00036"/><TEST DATE="2004-09-17" ITERATIONS="3" PLATFORM="win32" RESULT="OK" RUN="00035"/><TEST DATE="2004-09-17" ITERATIONS="3" PLATFORM="win32" RESULT="OK" RUN="00034"/><TEST DATE="2004-08-21" ITERATIONS="3" PLATFORM="linux2" RESULT="OK" RUN="00013"/><TEST DATE="2004-08-21" ITERATIONS="3" PLATFORM="win32" RESULT="OK" RUN="00012"/><TEST DATE="2004-08-20" ITERATIONS="3" PLATFORM="win32" RESULT="OK" RUN="00011"/><TEST DATE="2004-08-20" ITERATIONS="3" PLATFORM="win32" RESULT="OK" RUN="00010"/><TEST DATE="2004-08-19" ITERATIONS="3" PLATFORM="win32" RESULT="OK" RUN="00009"/><TEST DATE="2004-08-19" ITERATIONS="3" PLATFORM="win32" RESULT="OK" RUN="00008"/><TEST DATE="2004-08-19" ITERATIONS="3" PLATFORM="win32" RESULT="OK" RUN="00007"/><TEST DATE="2004-08-19" ITERATIONS="3" PLATFORM="win32" RESULT="OK" RUN="00006"/><TEST DATE="2004-07-15" ITERATIONS="3" PLATFORM="win32" RESULT="OK" RUN="00005"/><TEST DATE="2004-06-05" ITERATIONS="3" PLATFORM="win32" RESULT="OK" RUN="00004"/><TEST DATE="2004-06-03" ITERATIONS="1" PLATFORM="win32" RESULT="OK" RUN="00003"/><TEST DATE="2004-06-03" ITERATIONS="1" PLATFORM="win32" RESULT="OK" RUN="00002"/></FILE><FILE directory="reference" name="contingency8.py"><TEST DATE="2006-03-15" ITERATIONS="3" PLATFORM="win32" RESULT="OK" RUN="00071"/><TEST DATE="2006-03-14" ITERATIONS="3" PLATFORM="win32" RESULT="OK" RUN="00068"/><TEST DATE="2006-03-10" ITERATIONS="3" PLATFORM="win32" RESULT="OK" RUN="00058"/><TEST DATE="2005-06-18" ITERATIONS="1" PLATFORM="win32" RESULT="OK" RUN="00056"/><TEST DATE="2005-03-09" ITERATIONS="1" PLATFORM="win32" RESULT="OK" RUN="00055"/><TEST DATE="2005-02-14" ITERATIONS="1" PLATFORM="win32" RESULT="OK" RUN="00056"/><TEST DATE="2005-01-31" ITERATIONS="3" PLATFORM="win32" RESULT="OK" RUN="00054"/><TEST DATE="2005-01-29" ITERATIONS="3" PLATFORM="win32" RESULT="OK" RUN="00053"/><TEST DATE="2005-01-28" ITERATIONS="1" PLATFORM="win32" RESULT="OK" RUN="00051"/><TEST DATE="2005-01-27" ITERATIONS="3" PLATFORM="win32" RESULT="OK" RUN="00050"/><TEST DATE="2005-01-27" ITERATIONS="3" PLATFORM="win32" RESULT="OK" RUN="00044"/><TEST DATE="2005-01-27" ITERATIONS="3" PLATFORM="win32" RESULT="OK" RUN="00043"/><TEST DATE="2005-01-21" ITERATIONS="3" PLATFORM="win32" RESULT="OK" RUN="00037"/><TEST DATE="2004-11-29" ITERATIONS="3" PLATFORM="win32" RESULT="OK" RUN="00036"/><TEST DATE="2004-09-17" ITERATIONS="3" PLATFORM="win32" RESULT="OK" RUN="00035"/><TEST DATE="2004-09-17" ITERATIONS="3" PLATFORM="win32" RESULT="OK" RUN="00034"/><TEST DATE="2004-08-21" ITERATIONS="3" PLATFORM="linux2" RESULT="OK" RUN="00013"/><TEST DATE="2004-08-21" ITERATIONS="3" PLATFORM="win32" RESULT="OK" RUN="00012"/><TEST DATE="2004-08-20" ITERATIONS="3" PLATFORM="win32" RESULT="OK" RUN="00011"/><TEST DATE="2004-08-20" ITERATIONS="3" PLATFORM="win32" RESULT="OK" RUN="00010"/><TEST DATE="2004-08-19" ITERATIONS="3" PLATFORM="win32" RESULT="OK" RUN="00009"/><TEST DATE="2004-08-19" ITERATIONS="3" PLATFORM="win32" RESULT="OK" RUN="00008"/><TEST DATE="2004-08-19" ITERATIONS="3" PLATFORM="win32" RESULT="OK" RUN="00007"/><TEST DATE="2004-08-19" ITERATIONS="3" PLATFORM="win32" RESULT="OK" RUN="00006"/><TEST DATE="2004-07-15" ITERATIONS="3" PLATFORM="win32" RESULT="OK" RUN="00005"/><TEST DATE="2004-06-05" ITERATIONS="3" PLATFORM="win32" RESULT="OK" RUN="00004"/><TEST DATE="2004-06-03" ITERATIONS="1" PLATFORM="win32" RESULT="OK" RUN="00003"/><TEST DATE="2004-06-03" ITERATIONS="1" PLATFORM="win32" RESULT="OK" RUN="00002"/></FILE><FILE directory="reference" name="discretization.py"><TEST DATE="2006-03-15" ITERATIONS="3" PLATFORM="win32" RESULT="OK" RUN="00071"/><TEST DATE="2006-03-14" ITERATIONS="3" PLATFORM="win32" RESULT="OK" RUN="00068"/><TEST DATE="2006-03-10" ITERATIONS="3" PLATFORM="win32" RESULT="OK" RUN="00058"/><TEST DATE="2005-06-18" ITERATIONS="1" PLATFORM="win32" RESULT="OK" RUN="00056"/><TEST DATE="2005-03-09" ITERATIONS="1" PLATFORM="win32" RESULT="OK" RUN="00055"/><TEST DATE="2005-02-14" ITERATIONS="1" PLATFORM="win32" RESULT="OK" RUN="00056"/><TEST DATE="2005-01-31" ITERATIONS="3" PLATFORM="win32" RESULT="OK" RUN="00054"/><TEST DATE="2005-01-29" ITERATIONS="3" PLATFORM="win32" RESULT="OK" RUN="00053"/><TEST DATE="2005-01-28" ITERATIONS="1" PLATFORM="win32" RESULT="OK" RUN="00051"/><TEST DATE="2005-01-27" ITERATIONS="3" PLATFORM="win32" RESULT="OK" RUN="00050"/><TEST DATE="2005-01-27" ITERATIONS="3" PLATFORM="win32" RESULT="OK" RUN="00044"/><TEST DATE="2005-01-27" ITERATIONS="3" PLATFORM="win32" RESULT="OK" RUN="00043"/><TEST DATE="2005-01-21" ITERATIONS="3" PLATFORM="win32" RESULT="OK" RUN="00040"/><TEST DATE="2005-01-21" ITERATION="0" ITERATIONS="3" PLATFORM="win32" RESULT="error" RUN="00039" xml:space="preserve">Traceback (most recent call last):
  File &quot;D:/ai/Orange/regressionTests/xtest1.py&quot;, line 92, in ?
    execfile(t__name)
  File &quot;discretization.py&quot;, line 24, in ?
    idisc = orange.IntervalDiscretizer(points = [3.0, 5.0])
SystemError: Orange class OrangeVector&lt;float,1&gt;, needed for 'IntervalDiscretizer.points' not exported to Python
</TEST><TEST DATE="2005-01-21" ITERATION="0" ITERATIONS="3" PLATFORM="win32" RESULT="error" RUN="00038" xml:space="preserve">Traceback (most recent call last):
  File &quot;D:/ai/Orange/regressionTests/xtest1.py&quot;, line 92, in ?
    execfile(t__name)
  File &quot;discretization.py&quot;, line 24, in ?
    idisc = orange.IntervalDiscretizer(points = [3.0, 5.0])
SystemError: Orange class OrangeVector&lt;float,1&gt;, needed for 'IntervalDiscretizer.points' not exported to Python
</TEST><TEST DATE="2005-01-21" ITERATION="0" ITERATIONS="3" PLATFORM="win32" RESULT="error" RUN="00037" xml:space="preserve">Traceback (most recent call last):
  File &quot;D:/ai/Orange/regressionTests/xtest1.py&quot;, line 92, in ?
    execfile(t__name)
  File &quot;discretization.py&quot;, line 24, in ?
    idisc = orange.IntervalDiscretizer(points = [3.0, 5.0])
SystemError: Orange class OrangeVector&lt;float,1&gt;, needed for 'IntervalDiscretizer.points' not exported to Python
</TEST><TEST DATE="2004-11-29" ITERATIONS="3" PLATFORM="win32" RESULT="OK" RUN="00036"/><TEST DATE="2004-09-17" ITERATIONS="3" PLATFORM="win32" RESULT="OK" RUN="00035"/><TEST DATE="2004-09-17" ITERATIONS="3" PLATFORM="win32" RESULT="OK" RUN="00034"/><TEST DATE="2004-08-21" ITERATIONS="3" PLATFORM="linux2" RESULT="OK" RUN="00013"/><TEST DATE="2004-08-21" ITERATIONS="3" PLATFORM="win32" RESULT="OK" RUN="00012"/><TEST DATE="2004-08-20" ITERATIONS="3" PLATFORM="win32" RESULT="OK" RUN="00011"/><TEST DATE="2004-08-20" ITERATIONS="3" PLATFORM="win32" RESULT="OK" RUN="00010"/><TEST DATE="2004-08-19" ITERATIONS="3" PLATFORM="win32" RESULT="OK" RUN="00009"/><TEST DATE="2004-08-19" ITERATIONS="3" PLATFORM="win32" RESULT="OK" RUN="00008"/><TEST DATE="2004-08-19" ITERATIONS="3" PLATFORM="win32" RESULT="OK" RUN="00007"/><TEST DATE="2004-08-19" ITERATIONS="3" PLATFORM="win32" RESULT="OK" RUN="00006"/><TEST DATE="2004-07-15" ITERATIONS="3" PLATFORM="win32" RESULT="OK" RUN="00005"/><TEST DATE="2004-06-05" ITERATIONS="3" PLATFORM="win32" RESULT="OK" RUN="00004"/><TEST DATE="2004-06-03" ITERATIONS="1" PLATFORM="win32" RESULT="OK" RUN="00003"/><TEST DATE="2004-06-03" ITERATIONS="1" PLATFORM="win32" RESULT="OK" RUN="00002"/></FILE><FILE directory="reference" name="distributions.py"><TEST DATE="2006-03-15" ITERATIONS="3" PLATFORM="win32" RESULT="OK" RUN="00071"/><TEST DATE="2006-03-14" ITERATIONS="3" PLATFORM="win32" RESULT="OK" RUN="00068"/><TEST DATE="2006-03-10" ITERATIONS="3" PLATFORM="win32" RESULT="OK" RUN="00058"/><TEST DATE="2005-06-18" ITERATIONS="1" PLATFORM="win32" RESULT="OK" RUN="00056"/><TEST DATE="2005-03-09" ITERATIONS="1" PLATFORM="win32" RESULT="OK" RUN="00055"/><TEST DATE="2005-02-14" ITERATIONS="1" PLATFORM="win32" RESULT="OK" RUN="00056"/><TEST DATE="2005-01-31" ITERATIONS="3" PLATFORM="win32" RESULT="OK" RUN="00054"/><TEST DATE="2005-01-29" ITERATIONS="3" PLATFORM="win32" RESULT="OK" RUN="00053"/><TEST DATE="2005-01-28" ITERATIONS="1" PLATFORM="win32" RESULT="OK" RUN="00051"/><TEST DATE="2005-01-27" ITERATIONS="3" PLATFORM="win32" RESULT="OK" RUN="00050"/><TEST DATE="2005-01-27" ITERATIONS="3" PLATFORM="win32" RESULT="OK" RUN="00044"/><TEST DATE="2005-01-27" ITERATIONS="3" PLATFORM="win32" RESULT="OK" RUN="00043"/><TEST DATE="2005-01-21" ITERATIONS="3" PLATFORM="win32" RESULT="OK" RUN="00040"/><TEST DATE="2005-01-21" ITERATION="0" ITERATIONS="3" PLATFORM="win32" RESULT="error" RUN="00039" xml:space="preserve">Traceback (most recent call last):
  File &quot;D:/ai/Orange/regressionTests/xtest1.py&quot;, line 92, in ?
    execfile(t__name)
  File &quot;distributions.py&quot;, line 89, in ?
    v = orange.EnumVariable(values = [&quot;red&quot;, &quot;green&quot;, &quot;blue&quot;])
SystemError: Orange class OrangeVector&lt;class std::basic_string&lt;char,struct std::char_traits&lt;char&gt;,class std::allocator&lt;char&gt; &gt;,1&gt;, needed for 'EnumVariable.values' not exported to Python
</TEST><TEST DATE="2005-01-21" ITERATION="0" ITERATIONS="3" PLATFORM="win32" RESULT="error" RUN="00038" xml:space="preserve">Traceback (most recent call last):
  File &quot;D:/ai/Orange/regressionTests/xtest1.py&quot;, line 92, in ?
    execfile(t__name)
  File &quot;distributions.py&quot;, line 89, in ?
    v = orange.EnumVariable(values = [&quot;red&quot;, &quot;green&quot;, &quot;blue&quot;])
SystemError: Orange class OrangeVector&lt;class std::basic_string&lt;char,struct std::char_traits&lt;char&gt;,class std::allocator&lt;char&gt; &gt;,1&gt;, needed for 'EnumVariable.values' not exported to Python
</TEST><TEST DATE="2005-01-21" ITERATION="0" ITERATIONS="3" PLATFORM="win32" RESULT="error" RUN="00037" xml:space="preserve">Traceback (most recent call last):
  File &quot;D:/ai/Orange/regressionTests/xtest1.py&quot;, line 92, in ?
    execfile(t__name)
  File &quot;distributions.py&quot;, line 89, in ?
    v = orange.EnumVariable(values = [&quot;red&quot;, &quot;green&quot;, &quot;blue&quot;])
SystemError: Orange class OrangeVector&lt;class std::basic_string&lt;char,struct std::char_traits&lt;char&gt;,class std::allocator&lt;char&gt; &gt;,1&gt;, needed for 'EnumVariable.values' not exported to Python
</TEST><TEST DATE="2004-11-29" ITERATIONS="3" PLATFORM="win32" RESULT="OK" RUN="00036"/><TEST DATE="2004-09-17" ITERATIONS="3" PLATFORM="win32" RESULT="OK" RUN="00035"/><TEST DATE="2004-09-17" ITERATIONS="3" PLATFORM="win32" RESULT="OK" RUN="00034"/><TEST DATE="2004-08-21" ITERATIONS="3" PLATFORM="linux2" RESULT="OK" RUN="00013"/><TEST DATE="2004-08-21" ITERATIONS="3" PLATFORM="win32" RESULT="OK" RUN="00012"/><TEST DATE="2004-08-20" ITERATIONS="3" PLATFORM="win32" RESULT="OK" RUN="00011"/><TEST DATE="2004-08-20" ITERATIONS="3" PLATFORM="win32" RESULT="OK" RUN="00010"/><TEST DATE="2004-08-19" ITERATIONS="3" PLATFORM="win32" RESULT="OK" RUN="00009"/><TEST DATE="2004-08-19" ITERATIONS="3" PLATFORM="win32" RESULT="OK" RUN="00008"/><TEST DATE="2004-08-19" ITERATIONS="3" PLATFORM="win32" RESULT="OK" RUN="00007"/><TEST DATE="2004-08-19" ITERATIONS="3" PLATFORM="win32" RESULT="OK" RUN="00006"/><TEST DATE="2004-07-15" ITERATIONS="3" PLATFORM="win32" RESULT="OK" RUN="00005"/><TEST DATE="2004-06-05" ITERATIONS="3" PLATFORM="win32" RESULT="OK" RUN="00004"/><TEST DATE="2004-06-03" ITERATIONS="1" PLATFORM="win32" RESULT="OK" RUN="00003"/><TEST DATE="2004-06-03" ITERATIONS="1" PLATFORM="win32" RESULT="OK" RUN="00002"/></FILE><FILE directory="reference" name="domain1.py"><TEST DATE="2006-03-15" ITERATIONS="3" PLATFORM="win32" RESULT="OK" RUN="00071"/><TEST DATE="2006-03-14" ITERATIONS="3" PLATFORM="win32" RESULT="OK" RUN="00068"/><TEST DATE="2006-03-10" ITERATIONS="3" PLATFORM="win32" RESULT="OK" RUN="00058"/><TEST DATE="2005-06-18" ITERATIONS="1" PLATFORM="win32" RESULT="OK" RUN="00056"/><TEST DATE="2005-03-09" ITERATIONS="1" PLATFORM="win32" RESULT="OK" RUN="00055"/><TEST DATE="2005-02-14" ITERATIONS="1" PLATFORM="win32" RESULT="OK" RUN="00056"/><TEST DATE="2005-01-31" ITERATIONS="3" PLATFORM="win32" RESULT="OK" RUN="00054"/><TEST DATE="2005-01-29" ITERATIONS="3" PLATFORM="win32" RESULT="OK" RUN="00053"/><TEST DATE="2005-01-28" ITERATIONS="1" PLATFORM="win32" RESULT="OK" RUN="00051"/><TEST DATE="2005-01-27" ITERATIONS="3" PLATFORM="win32" RESULT="OK" RUN="00050"/><TEST DATE="2005-01-27" ITERATIONS="3" PLATFORM="win32" RESULT="OK" RUN="00044"/><TEST DATE="2005-01-27" ITERATIONS="3" PLATFORM="win32" RESULT="OK" RUN="00043"/><TEST DATE="2005-01-21" ITERATIONS="3" PLATFORM="win32" RESULT="OK" RUN="00037"/><TEST DATE="2004-11-29" ITERATIONS="3" PLATFORM="win32" RESULT="OK" RUN="00036"/><TEST DATE="2004-09-17" ITERATIONS="3" PLATFORM="win32" RESULT="OK" RUN="00035"/><TEST DATE="2004-09-17" ITERATIONS="3" PLATFORM="win32" RESULT="OK" RUN="00034"/><TEST DATE="2004-08-21" ITERATIONS="3" PLATFORM="linux2" RESULT="OK" RUN="00013"/><TEST DATE="2004-08-21" ITERATIONS="3" PLATFORM="win32" RESULT="OK" RUN="00012"/><TEST DATE="2004-08-20" ITERATIONS="3" PLATFORM="win32" RESULT="OK" RUN="00011"/><TEST DATE="2004-08-20" ITERATIONS="3" PLATFORM="win32" RESULT="OK" RUN="00010"/><TEST DATE="2004-08-19" ITERATIONS="3" PLATFORM="win32" RESULT="OK" RUN="00009"/><TEST DATE="2004-08-19" ITERATIONS="3" PLATFORM="win32" RESULT="OK" RUN="00008"/><TEST DATE="2004-08-19" ITERATIONS="3" PLATFORM="win32" RESULT="OK" RUN="00007"/><TEST DATE="2004-08-19" ITERATIONS="3" PLATFORM="win32" RESULT="OK" RUN="00006"/><TEST DATE="2004-07-15" ITERATIONS="3" PLATFORM="win32" RESULT="OK" RUN="00005"/><TEST DATE="2004-06-05" ITERATIONS="3" PLATFORM="win32" RESULT="OK" RUN="00004"/><TEST DATE="2004-06-03" ITERATIONS="1" PLATFORM="win32" RESULT="OK" RUN="00003"/><TEST DATE="2004-06-03" ITERATIONS="1" PLATFORM="win32" RESULT="OK" RUN="00002"/></FILE><FILE directory="reference" name="domain2.py"><TEST DATE="2006-03-15" ITERATIONS="3" PLATFORM="win32" RESULT="OK" RUN="00071"/><TEST DATE="2006-03-14" ITERATIONS="3" PLATFORM="win32" RESULT="OK" RUN="00068"/><TEST DATE="2006-03-10" ITERATIONS="3" PLATFORM="win32" RESULT="OK" RUN="00058"/><TEST DATE="2005-06-18" ITERATIONS="1" PLATFORM="win32" RESULT="OK" RUN="00056"/><TEST DATE="2005-03-09" ITERATIONS="1" PLATFORM="win32" RESULT="OK" RUN="00055"/><TEST DATE="2005-02-14" ITERATIONS="1" PLATFORM="win32" RESULT="OK" RUN="00056"/><TEST DATE="2005-01-31" ITERATIONS="3" PLATFORM="win32" RESULT="OK" RUN="00054"/><TEST DATE="2005-01-29" ITERATIONS="3" PLATFORM="win32" RESULT="OK" RUN="00053"/><TEST DATE="2005-01-28" ITERATIONS="1" PLATFORM="win32" RESULT="OK" RUN="00051"/><TEST DATE="2005-01-27" ITERATIONS="3" PLATFORM="win32" RESULT="OK" RUN="00050"/><TEST DATE="2005-01-27" ITERATIONS="3" PLATFORM="win32" RESULT="OK" RUN="00044"/><TEST DATE="2005-01-27" ITERATIONS="3" PLATFORM="win32" RESULT="OK" RUN="00043"/><TEST DATE="2005-01-21" ITERATIONS="3" PLATFORM="win32" RESULT="OK" RUN="00037"/><TEST DATE="2004-11-29" ITERATIONS="3" PLATFORM="win32" RESULT="OK" RUN="00036"/><TEST DATE="2004-09-17" ITERATIONS="3" PLATFORM="win32" RESULT="OK" RUN="00035"/><TEST DATE="2004-09-17" ITERATIONS="3" PLATFORM="win32" RESULT="OK" RUN="00034"/><TEST DATE="2004-08-21" ITERATIONS="3" PLATFORM="linux2" RESULT="OK" RUN="00013"/><TEST DATE="2004-08-21" ITERATIONS="3" PLATFORM="win32" RESULT="OK" RUN="00012"/><TEST DATE="2004-08-20" ITERATIONS="3" PLATFORM="win32" RESULT="OK" RUN="00011"/><TEST DATE="2004-08-20" ITERATIONS="3" PLATFORM="win32" RESULT="OK" RUN="00010"/><TEST DATE="2004-08-19" ITERATIONS="3" PLATFORM="win32" RESULT="OK" RUN="00009"/><TEST DATE="2004-08-19" ITERATIONS="3" PLATFORM="win32" RESULT="OK" RUN="00008"/><TEST DATE="2004-08-19" ITERATIONS="3" PLATFORM="win32" RESULT="OK" RUN="00007"/><TEST DATE="2004-08-19" ITERATIONS="3" PLATFORM="win32" RESULT="OK" RUN="00006"/><TEST DATE="2004-07-15" ITERATIONS="3" PLATFORM="win32" RESULT="OK" RUN="00005"/><TEST DATE="2004-06-05" ITERATIONS="3" PLATFORM="win32" RESULT="OK" RUN="00004"/><TEST DATE="2004-06-03" ITERATIONS="1" PLATFORM="win32" RESULT="OK" RUN="00003"/><TEST DATE="2004-06-03" ITERATIONS="1" PLATFORM="win32" RESULT="OK" RUN="00002"/></FILE><FILE directory="reference" name="domainDepot.py"><TEST DATE="2006-03-15" ITERATIONS="3" PLATFORM="win32" RESULT="OK" RUN="00071"/><TEST DATE="2006-03-14" ITERATIONS="3" PLATFORM="win32" RESULT="OK" RUN="00068"/><TEST DATE="2006-03-10" ITERATIONS="3" PLATFORM="win32" RESULT="OK" RUN="00058"/><TEST DATE="2005-06-18" ITERATIONS="1" PLATFORM="win32" RESULT="OK" RUN="00056"/><TEST DATE="2005-03-09" ITERATIONS="1" PLATFORM="win32" RESULT="OK" RUN="00055"/><TEST DATE="2005-02-14" ITERATIONS="1" PLATFORM="win32" RESULT="OK" RUN="00056"/><TEST DATE="2005-01-31" ITERATIONS="3" PLATFORM="win32" RESULT="OK" RUN="00054"/><TEST DATE="2005-01-29" ITERATIONS="3" PLATFORM="win32" RESULT="OK" RUN="00053"/><TEST DATE="2005-01-28" ITERATIONS="1" PLATFORM="win32" RESULT="OK" RUN="00051"/><TEST DATE="2005-01-27" ITERATIONS="3" PLATFORM="win32" RESULT="OK" RUN="00050"/><TEST DATE="2005-01-27" ITERATIONS="3" PLATFORM="win32" RESULT="OK" RUN="00046"/><TEST DATE="2005-01-27" ITERATIONS="3" PLATFORM="win32" RESULT="random" RUN="00045"/><TEST DATE="2005-01-27" ITERATIONS="3" PLATFORM="win32" RESULT="random" RUN="00044"/><TEST DATE="2005-01-27" ITERATIONS="3" PLATFORM="win32" RESULT="random" RUN="00043"/><TEST DATE="2005-01-21" ITERATIONS="3" PLATFORM="win32" RESULT="random" RUN="00042"/><TEST DATE="2005-01-21" ITERATIONS="3" PLATFORM="win32" RESULT="random" RUN="00041"/><TEST DATE="2005-01-21" ITERATIONS="3" PLATFORM="win32" RESULT="random" RUN="00040"/><TEST DATE="2005-01-21" ITERATIONS="3" PLATFORM="win32" RESULT="random" RUN="00039"/><TEST DATE="2005-01-21" ITERATIONS="3" PLATFORM="win32" RESULT="random" RUN="00038"/><TEST DATE="2005-01-21" ITERATIONS="3" PLATFORM="win32" RESULT="random" RUN="00037"/><TEST DATE="2004-11-29" ITERATIONS="3" PLATFORM="win32" RESULT="random" RUN="00036"/><TEST DATE="2004-09-17" ITERATIONS="3" PLATFORM="win32" RESULT="random" RUN="00035"/><TEST DATE="2004-09-17" ITERATIONS="3" PLATFORM="win32" RESULT="random" RUN="00034"/><TEST DATE="2004-09-17" ITERATIONS="3" PLATFORM="win32" RESULT="random" RUN="00033"/><TEST DATE="2004-08-26" ITERATIONS="3" PLATFORM="win32" RESULT="random" RUN="00032"/><TEST DATE="2004-08-26" ITERATIONS="3" PLATFORM="linux2" RESULT="random" RUN="00031"/><TEST DATE="2004-08-26" ITERATIONS="3" PLATFORM="linux2" RESULT="random" RUN="00030"/><TEST DATE="2004-08-26" ITERATIONS="3" PLATFORM="linux2" RESULT="random" RUN="00029"/><TEST DATE="2004-08-26" ITERATIONS="3" PLATFORM="linux2" RESULT="random" RUN="00028"/><TEST DATE="2004-08-26" ITERATIONS="3" PLATFORM="win32" RESULT="random" RUN="00027"/><TEST DATE="2004-08-26" ITERATIONS="3" PLATFORM="win32" RESULT="random" RUN="00026"/><TEST DATE="2004-08-26" ITERATIONS="3" PLATFORM="win32" RESULT="random" RUN="00025"/><TEST DATE="2004-08-26" ITERATIONS="3" PLATFORM="win32" RESULT="" RUN="00024"/><TEST DATE="2004-08-26" ITERATIONS="3" PLATFORM="win32" RESULT="" RUN="00023"/><TEST DATE="2004-08-26" ITERATIONS="3" PLATFORM="win32" RESULT="" RUN="00022"/><TEST DATE="2004-08-26" ITERATIONS="3" PLATFORM="win32" RESULT="" RUN="00021"/><TEST DATE="2004-08-26" ITERATIONS="3" PLATFORM="win32" RESULT="" RUN="00020"/><TEST DATE="2004-08-26" ITERATIONS="3" PLATFORM="win32" RESULT="" RUN="00019"/><TEST DATE="2004-08-26" ITERATIONS="3" PLATFORM="win32" RESULT="" RUN="00018"/><TEST DATE="2004-08-26" ITERATIONS="3" PLATFORM="win32" RESULT="" RUN="00017"/><TEST DATE="2004-08-26" ITERATIONS="3" PLATFORM="win32" RESULT="" RUN="00016"/><TEST DATE="2004-08-26" ITERATIONS="3" PLATFORM="win32" RESULT="random" RUN="00015"/><TEST DATE="2004-08-26" ITERATIONS="3" PLATFORM="win32" RESULT="random" RUN="00014"/><TEST DATE="2004-08-21" ITERATIONS="3" PLATFORM="linux2" RESULT="random" RUN="00013"/><TEST DATE="2004-08-21" ITERATIONS="3" PLATFORM="win32" RESULT="random" RUN="00012"/><TEST DATE="2004-08-20" ITERATIONS="3" PLATFORM="win32" RESULT="random" RUN="00011"/><TEST DATE="2004-08-20" ITERATIONS="3" PLATFORM="win32" RESULT="random" RUN="00010"/><TEST DATE="2004-08-19" ITERATIONS="3" PLATFORM="win32" RESULT="random" RUN="00009"/><TEST DATE="2004-08-19" ITERATIONS="3" PLATFORM="win32" RESULT="random" RUN="00008"/><TEST DATE="2004-08-19" ITERATIONS="3" PLATFORM="win32" RESULT="random" RUN="00007"/><TEST DATE="2004-08-19" ITERATIONS="3" PLATFORM="win32" RESULT="random" RUN="00006"/><TEST DATE="2004-07-15" ITERATIONS="3" PLATFORM="win32" RESULT="random" RUN="00005"/><TEST DATE="2004-06-05" ITERATIONS="3" PLATFORM="win32" RESULT="random" RUN="00004"/><TEST DATE="2004-06-03" ITERATIONS="1" PLATFORM="win32" RESULT="OK" RUN="00003"/><TEST DATE="2004-06-03" ITERATIONS="1" PLATFORM="win32" RESULT="OK" RUN="00002"/></FILE><FILE directory="reference" name="example.py"><TEST DATE="2006-03-15" ITERATIONS="3" PLATFORM="win32" RESULT="OK" RUN="00071"/><TEST DATE="2006-03-14" ITERATIONS="3" PLATFORM="win32" RESULT="OK" RUN="00068"/><TEST DATE="2006-03-10" ITERATIONS="3" PLATFORM="win32" RESULT="OK" RUN="00058"/><TEST DATE="2005-06-18" ITERATIONS="1" PLATFORM="win32" RESULT="OK" RUN="00056"/><TEST DATE="2005-03-09" ITERATIONS="1" PLATFORM="win32" RESULT="OK" RUN="00055"/><TEST DATE="2005-02-14" ITERATIONS="1" PLATFORM="win32" RESULT="OK" RUN="00056"/><TEST DATE="2005-01-31" ITERATIONS="3" PLATFORM="win32" RESULT="OK" RUN="00054"/><TEST DATE="2005-01-29" ITERATIONS="3" PLATFORM="win32" RESULT="OK" RUN="00053"/><TEST DATE="2005-01-28" ITERATIONS="1" PLATFORM="win32" RESULT="OK" RUN="00051"/><TEST DATE="2005-01-27" ITERATIONS="3" PLATFORM="win32" RESULT="OK" RUN="00050"/><TEST DATE="2005-01-27" ITERATIONS="3" PLATFORM="win32" RESULT="OK" RUN="00044"/><TEST DATE="2005-01-27" ITERATIONS="3" PLATFORM="win32" RESULT="OK" RUN="00043"/><TEST DATE="2005-01-21" ITERATIONS="3" PLATFORM="win32" RESULT="OK" RUN="00037"/><TEST DATE="2004-11-29" ITERATIONS="3" PLATFORM="win32" RESULT="OK" RUN="00036"/><TEST DATE="2004-09-17" ITERATIONS="3" PLATFORM="win32" RESULT="OK" RUN="00035"/><TEST DATE="2004-09-17" ITERATIONS="3" PLATFORM="win32" RESULT="OK" RUN="00034"/><TEST DATE="2004-08-21" ITERATIONS="3" PLATFORM="linux2" RESULT="OK" RUN="00013"/><TEST DATE="2004-08-21" ITERATIONS="3" PLATFORM="win32" RESULT="OK" RUN="00012"/><TEST DATE="2004-08-20" ITERATIONS="3" PLATFORM="win32" RESULT="OK" RUN="00011"/><TEST DATE="2004-08-20" ITERATIONS="3" PLATFORM="win32" RESULT="OK" RUN="00010"/><TEST DATE="2004-08-19" ITERATIONS="3" PLATFORM="win32" RESULT="OK" RUN="00009"/><TEST DATE="2004-08-19" ITERATIONS="3" PLATFORM="win32" RESULT="OK" RUN="00008"/><TEST DATE="2004-08-19" ITERATIONS="3" PLATFORM="win32" RESULT="OK" RUN="00007"/><TEST DATE="2004-08-19" ITERATIONS="3" PLATFORM="win32" RESULT="OK" RUN="00006"/><TEST DATE="2004-07-15" ITERATIONS="3" PLATFORM="win32" RESULT="OK" RUN="00005"/><TEST DATE="2004-06-05" ITERATIONS="3" PLATFORM="win32" RESULT="OK" RUN="00004"/><TEST DATE="2004-06-03" ITERATIONS="1" PLATFORM="win32" RESULT="OK" RUN="00003"/><TEST DATE="2004-06-03" ITERATIONS="1" PLATFORM="win32" RESULT="OK" RUN="00002"/></FILE><FILE directory="reference" name="example2.py"><TEST DATE="2006-03-15" ITERATIONS="3" PLATFORM="win32" RESULT="OK" RUN="00071"/><TEST DATE="2006-03-14" ITERATIONS="3" PLATFORM="win32" RESULT="OK" RUN="00068"/><TEST DATE="2006-03-10" ITERATIONS="3" PLATFORM="win32" RESULT="OK" RUN="00058"/><TEST DATE="2005-06-18" ITERATIONS="1" PLATFORM="win32" RESULT="OK" RUN="00056"/><TEST DATE="2005-03-09" ITERATIONS="1" PLATFORM="win32" RESULT="OK" RUN="00055"/><TEST DATE="2005-02-14" ITERATIONS="1" PLATFORM="win32" RESULT="OK" RUN="00056"/><TEST DATE="2005-01-31" ITERATIONS="3" PLATFORM="win32" RESULT="OK" RUN="00054"/><TEST DATE="2005-01-29" ITERATIONS="3" PLATFORM="win32" RESULT="OK" RUN="00053"/><TEST DATE="2005-01-28" ITERATIONS="1" PLATFORM="win32" RESULT="OK" RUN="00051"/><TEST DATE="2005-01-27" ITERATIONS="3" PLATFORM="win32" RESULT="OK" RUN="00050"/><TEST DATE="2005-01-27" ITERATIONS="3" PLATFORM="win32" RESULT="OK" RUN="00044"/><TEST DATE="2005-01-27" ITERATIONS="3" PLATFORM="win32" RESULT="OK" RUN="00043"/><TEST DATE="2005-01-21" ITERATIONS="3" PLATFORM="win32" RESULT="OK" RUN="00037"/><TEST DATE="2004-11-29" ITERATIONS="3" PLATFORM="win32" RESULT="OK" RUN="00036"/><TEST DATE="2004-09-17" ITERATIONS="3" PLATFORM="win32" RESULT="OK" RUN="00035"/><TEST DATE="2004-09-17" ITERATIONS="3" PLATFORM="win32" RESULT="OK" RUN="00034"/><TEST DATE="2004-08-21" ITERATIONS="3" PLATFORM="linux2" RESULT="OK" RUN="00013"/><TEST DATE="2004-08-21" ITERATIONS="3" PLATFORM="win32" RESULT="OK" RUN="00012"/><TEST DATE="2004-08-20" ITERATIONS="3" PLATFORM="win32" RESULT="OK" RUN="00011"/><TEST DATE="2004-08-20" ITERATIONS="3" PLATFORM="win32" RESULT="OK" RUN="00010"/><TEST DATE="2004-08-19" ITERATIONS="3" PLATFORM="win32" RESULT="OK" RUN="00009"/><TEST DATE="2004-08-19" ITERATIONS="3" PLATFORM="win32" RESULT="OK" RUN="00008"/><TEST DATE="2004-08-19" ITERATIONS="3" PLATFORM="win32" RESULT="OK" RUN="00007"/><TEST DATE="2004-08-19" ITERATIONS="3" PLATFORM="win32" RESULT="OK" RUN="00006"/><TEST DATE="2004-07-15" ITERATIONS="3" PLATFORM="win32" RESULT="OK" RUN="00005"/><TEST DATE="2004-06-05" ITERATIONS="3" PLATFORM="win32" RESULT="OK" RUN="00004"/><TEST DATE="2004-06-03" ITERATIONS="1" PLATFORM="win32" RESULT="OK" RUN="00003"/><TEST DATE="2004-06-03" ITERATIONS="1" PLATFORM="win32" RESULT="OK" RUN="00002"/></FILE><FILE directory="reference" name="example3.py"><TEST DATE="2006-03-15" ITERATIONS="3" PLATFORM="win32" RESULT="OK" RUN="00071"/><TEST DATE="2006-03-14" ITERATIONS="3" PLATFORM="win32" RESULT="OK" RUN="00068"/><TEST DATE="2006-03-10" ITERATIONS="3" PLATFORM="win32" RESULT="OK" RUN="00058"/><TEST DATE="2005-06-18" ITERATIONS="1" PLATFORM="win32" RESULT="OK" RUN="00056"/><TEST DATE="2005-03-09" ITERATIONS="1" PLATFORM="win32" RESULT="OK" RUN="00055"/><TEST DATE="2005-02-14" ITERATIONS="1" PLATFORM="win32" RESULT="OK" RUN="00056"/><TEST DATE="2005-01-31" ITERATIONS="3" PLATFORM="win32" RESULT="OK" RUN="00054"/><TEST DATE="2005-01-29" ITERATIONS="3" PLATFORM="win32" RESULT="OK" RUN="00053"/><TEST DATE="2005-01-28" ITERATIONS="1" PLATFORM="win32" RESULT="OK" RUN="00051"/><TEST DATE="2005-01-27" ITERATIONS="3" PLATFORM="win32" RESULT="OK" RUN="00050"/><TEST DATE="2005-01-27" ITERATIONS="3" PLATFORM="win32" RESULT="OK" RUN="00044"/><TEST DATE="2005-01-27" ITERATIONS="3" PLATFORM="win32" RESULT="OK" RUN="00043"/><TEST DATE="2005-01-21" ITERATIONS="3" PLATFORM="win32" RESULT="OK" RUN="00040"/><TEST DATE="2005-01-21" ITERATION="0" ITERATIONS="3" PLATFORM="win32" RESULT="error" RUN="00039" xml:space="preserve">Traceback (most recent call last):
  File &quot;D:/ai/Orange/regressionTests/xtest1.py&quot;, line 92, in ?
    execfile(t__name)
  File &quot;example3.py&quot;, line 19, in ?
    ok = orange.EnumVariable(&quot;ok?&quot;, values=[&quot;no&quot;, &quot;yes&quot;])
SystemError: Orange class OrangeVector&lt;class std::basic_string&lt;char,struct std::char_traits&lt;char&gt;,class std::allocator&lt;char&gt; &gt;,1&gt;, needed for 'EnumVariable.values' not exported to Python
</TEST><TEST DATE="2005-01-21" ITERATION="0" ITERATIONS="3" PLATFORM="win32" RESULT="error" RUN="00038" xml:space="preserve">Traceback (most recent call last):
  File &quot;D:/ai/Orange/regressionTests/xtest1.py&quot;, line 92, in ?
    execfile(t__name)
  File &quot;example3.py&quot;, line 19, in ?
    ok = orange.EnumVariable(&quot;ok?&quot;, values=[&quot;no&quot;, &quot;yes&quot;])
SystemError: Orange class OrangeVector&lt;class std::basic_string&lt;char,struct std::char_traits&lt;char&gt;,class std::allocator&lt;char&gt; &gt;,1&gt;, needed for 'EnumVariable.values' not exported to Python
</TEST><TEST DATE="2005-01-21" ITERATION="0" ITERATIONS="3" PLATFORM="win32" RESULT="error" RUN="00037" xml:space="preserve">Traceback (most recent call last):
  File &quot;D:/ai/Orange/regressionTests/xtest1.py&quot;, line 92, in ?
    execfile(t__name)
  File &quot;example3.py&quot;, line 19, in ?
    ok = orange.EnumVariable(&quot;ok?&quot;, values=[&quot;no&quot;, &quot;yes&quot;])
SystemError: Orange class OrangeVector&lt;class std::basic_string&lt;char,struct std::char_traits&lt;char&gt;,class std::allocator&lt;char&gt; &gt;,1&gt;, needed for 'EnumVariable.values' not exported to Python
</TEST><TEST DATE="2004-11-29" ITERATIONS="3" PLATFORM="win32" RESULT="OK" RUN="00036"/><TEST DATE="2004-09-17" ITERATIONS="3" PLATFORM="win32" RESULT="OK" RUN="00035"/><TEST DATE="2004-09-17" ITERATIONS="3" PLATFORM="win32" RESULT="OK" RUN="00034"/><TEST DATE="2004-08-21" ITERATIONS="3" PLATFORM="linux2" RESULT="OK" RUN="00013"/><TEST DATE="2004-08-21" ITERATIONS="3" PLATFORM="win32" RESULT="OK" RUN="00012"/><TEST DATE="2004-08-20" ITERATIONS="3" PLATFORM="win32" RESULT="OK" RUN="00011"/><TEST DATE="2004-08-20" ITERATIONS="3" PLATFORM="win32" RESULT="OK" RUN="00010"/><TEST DATE="2004-08-19" ITERATIONS="3" PLATFORM="win32" RESULT="OK" RUN="00009"/><TEST DATE="2004-08-19" ITERATIONS="3" PLATFORM="win32" RESULT="OK" RUN="00008"/><TEST DATE="2004-08-19" ITERATIONS="3" PLATFORM="win32" RESULT="OK" RUN="00007"/><TEST DATE="2004-08-19" ITERATIONS="3" PLATFORM="win32" RESULT="OK" RUN="00006"/><TEST DATE="2004-07-15" ITERATIONS="3" PLATFORM="win32" RESULT="OK" RUN="00005"/><TEST DATE="2004-06-05" ITERATIONS="3" PLATFORM="win32" RESULT="OK" RUN="00004"/><TEST DATE="2004-06-03" ITERATIONS="1" PLATFORM="win32" RESULT="OK" RUN="00003"/><TEST DATE="2004-06-03" ITERATIONS="1" PLATFORM="win32" RESULT="OK" RUN="00002"/></FILE><FILE directory="reference" name="example_merge.py"><TEST DATE="2006-03-15" ITERATIONS="3" PLATFORM="win32" RESULT="OK" RUN="00071"/><TEST DATE="2006-03-14" ITERATIONS="3" PLATFORM="win32" RESULT="OK" RUN="00068"/><TEST DATE="2006-03-10" ITERATIONS="3" PLATFORM="win32" RESULT="OK" RUN="00058"/><TEST DATE="2005-06-18" ITERATIONS="1" PLATFORM="win32" RESULT="OK" RUN="00056"/><TEST DATE="2005-03-09" ITERATIONS="1" PLATFORM="win32" RESULT="OK" RUN="00055"/><TEST DATE="2005-02-14" ITERATIONS="1" PLATFORM="win32" RESULT="OK" RUN="00056"/><TEST DATE="2005-01-31" ITERATIONS="3" PLATFORM="win32" RESULT="OK" RUN="00054"/><TEST DATE="2005-01-29" ITERATIONS="3" PLATFORM="win32" RESULT="changed" RUN="00053"/><TEST DATE="2005-01-28" ITERATIONS="1" PLATFORM="win32" RESULT="OK" RUN="00051"/><TEST DATE="2005-01-27" ITERATIONS="3" PLATFORM="win32" RESULT="OK" RUN="00050"/><TEST DATE="2005-01-27" ITERATIONS="3" PLATFORM="win32" RESULT="OK" RUN="00048"/><TEST DATE="2005-01-27" ITERATIONS="3" PLATFORM="win32" RESULT="changed" RUN="00047"/><TEST DATE="2005-01-27" ITERATIONS="3" PLATFORM="win32" RESULT="changed" RUN="00046"/><TEST DATE="2005-01-27" ITERATIONS="3" PLATFORM="win32" RESULT="random" RUN="00045"/><TEST DATE="2005-01-27" ITERATIONS="3" PLATFORM="win32" RESULT="random" RUN="00044"/><TEST DATE="2005-01-27" ITERATIONS="3" PLATFORM="win32" RESULT="random" RUN="00043"/><TEST DATE="2005-01-21" ITERATION="0" ITERATIONS="3" PLATFORM="win32" RESULT="error" RUN="00042" xml:space="preserve">Traceback (most recent call last):
  File &quot;D:/ai/Orange/regressionTests/xtest1.py&quot;, line 92, in ?
    execfile(t__name)
  File &quot;example_merge.py&quot;, line 17, in ?
    merge = orange.Example(newdomain, [data1[0], data2[0]])
KernelException: 'orange.Example': ambiguous value of attribute 'a1'
</TEST><TEST DATE="2005-01-21" ITERATION="0" ITERATIONS="3" PLATFORM="win32" RESULT="error" RUN="00041" xml:space="preserve">Traceback (most recent call last):
  File &quot;D:/ai/Orange/regressionTests/xtest1.py&quot;, line 92, in ?
    execfile(t__name)
  File &quot;example_merge.py&quot;, line 17, in ?
    merge = orange.Example(newdomain, [data1[0], data2[0]])
KernelException: 'orange.Example': ambiguous value of attribute 'a1'
</TEST><TEST DATE="2005-01-21" ITERATION="0" ITERATIONS="3" PLATFORM="win32" RESULT="error" RUN="00040" xml:space="preserve">Traceback (most recent call last):
  File &quot;D:/ai/Orange/regressionTests/xtest1.py&quot;, line 92, in ?
    execfile(t__name)
  File &quot;example_merge.py&quot;, line 17, in ?
    merge = orange.Example(newdomain, [data1[0], data2[0]])
KernelException: 'orange.Example': ambiguous value of attribute 'a1'
</TEST><TEST DATE="2005-01-21" ITERATION="0" ITERATIONS="3" PLATFORM="win32" RESULT="error" RUN="00039" xml:space="preserve">Traceback (most recent call last):
  File &quot;D:/ai/Orange/regressionTests/xtest1.py&quot;, line 92, in ?
    execfile(t__name)
  File &quot;example_merge.py&quot;, line 17, in ?
    merge = orange.Example(newdomain, [data1[0], data2[0]])
KernelException: 'orange.Example': ambiguous value of attribute 'a1'
</TEST><TEST DATE="2005-01-21" ITERATION="0" ITERATIONS="3" PLATFORM="win32" RESULT="error" RUN="00038" xml:space="preserve">Traceback (most recent call last):
  File &quot;D:/ai/Orange/regressionTests/xtest1.py&quot;, line 92, in ?
    execfile(t__name)
  File &quot;example_merge.py&quot;, line 17, in ?
    merge = orange.Example(newdomain, [data1[0], data2[0]])
KernelException: 'orange.Example': ambiguous value of attribute 'a1'
</TEST><TEST DATE="2005-01-21" ITERATION="0" ITERATIONS="3" PLATFORM="win32" RESULT="error" RUN="00037" xml:space="preserve">Traceback (most recent call last):
  File &quot;D:/ai/Orange/regressionTests/xtest1.py&quot;, line 92, in ?
    execfile(t__name)
  File &quot;example_merge.py&quot;, line 17, in ?
    merge = orange.Example(newdomain, [data1[0], data2[0]])
KernelException: 'orange.Example': ambiguous value of attribute 'a1'
</TEST><TEST DATE="2004-11-29" ITERATION="0" ITERATIONS="3" PLATFORM="win32" RESULT="error" RUN="00036" xml:space="preserve">Traceback (most recent call last):
  File &quot;D:/AI/Orange/regressionTests/xtest1.py&quot;, line 92, in ?
    execfile(t__name)
  File &quot;example_merge.py&quot;, line 17, in ?
    merge = orange.Example(newdomain, [data1[0], data2[0]])
KernelException: 'orange.Example': ambiguous value of attribute 'a1'
</TEST><TEST DATE="2004-09-17" ITERATIONS="3" PLATFORM="win32" RESULT="random" RUN="00035"/><TEST DATE="2004-09-17" ITERATIONS="3" PLATFORM="win32" RESULT="random" RUN="00034"/><TEST DATE="2004-09-17" ITERATIONS="3" PLATFORM="win32" RESULT="random" RUN="00033"/><TEST DATE="2004-08-26" ITERATIONS="3" PLATFORM="win32" RESULT="random" RUN="00032"/><TEST DATE="2004-08-26" ITERATIONS="3" PLATFORM="linux2" RESULT="random" RUN="00031"/><TEST DATE="2004-08-26" ITERATIONS="3" PLATFORM="linux2" RESULT="random" RUN="00030"/><TEST DATE="2004-08-26" ITERATIONS="3" PLATFORM="linux2" RESULT="random" RUN="00029"/><TEST DATE="2004-08-26" ITERATIONS="3" PLATFORM="linux2" RESULT="random" RUN="00028"/><TEST DATE="2004-08-26" ITERATIONS="3" PLATFORM="win32" RESULT="random" RUN="00027"/><TEST DATE="2004-08-26" ITERATIONS="3" PLATFORM="win32" RESULT="random" RUN="00026"/><TEST DATE="2004-08-26" ITERATIONS="3" PLATFORM="win32" RESULT="random" RUN="00025"/><TEST DATE="2004-08-26" ITERATIONS="3" PLATFORM="win32" RESULT="" RUN="00024"/><TEST DATE="2004-08-26" ITERATIONS="3" PLATFORM="win32" RESULT="" RUN="00023"/><TEST DATE="2004-08-26" ITERATIONS="3" PLATFORM="win32" RESULT="" RUN="00022"/><TEST DATE="2004-08-26" ITERATIONS="3" PLATFORM="win32" RESULT="" RUN="00021"/><TEST DATE="2004-08-26" ITERATIONS="3" PLATFORM="win32" RESULT="" RUN="00020"/><TEST DATE="2004-08-26" ITERATIONS="3" PLATFORM="win32" RESULT="" RUN="00019"/><TEST DATE="2004-08-26" ITERATIONS="3" PLATFORM="win32" RESULT="" RUN="00018"/><TEST DATE="2004-08-26" ITERATIONS="3" PLATFORM="win32" RESULT="" RUN="00017"/><TEST DATE="2004-08-26" ITERATIONS="3" PLATFORM="win32" RESULT="" RUN="00016"/><TEST DATE="2004-08-26" ITERATIONS="3" PLATFORM="win32" RESULT="random" RUN="00015"/><TEST DATE="2004-08-26" ITERATIONS="3" PLATFORM="win32" RESULT="random" RUN="00014"/><TEST DATE="2004-08-21" ITERATIONS="3" PLATFORM="linux2" RESULT="random" RUN="00013"/><TEST DATE="2004-08-21" ITERATIONS="3" PLATFORM="win32" RESULT="random" RUN="00012"/><TEST DATE="2004-08-20" ITERATIONS="3" PLATFORM="win32" RESULT="random" RUN="00011"/><TEST DATE="2004-08-20" ITERATIONS="3" PLATFORM="win32" RESULT="random" RUN="00010"/><TEST DATE="2004-08-19" ITERATIONS="3" PLATFORM="win32" RESULT="random" RUN="00009"/><TEST DATE="2004-08-19" ITERATIONS="3" PLATFORM="win32" RESULT="random" RUN="00008"/><TEST DATE="2004-08-19" ITERATIONS="3" PLATFORM="win32" RESULT="random" RUN="00007"/><TEST DATE="2004-08-19" ITERATIONS="3" PLATFORM="win32" RESULT="random" RUN="00006"/><TEST DATE="2004-07-15" ITERATIONS="3" PLATFORM="win32" RESULT="random" RUN="00005"/><TEST DATE="2004-06-05" ITERATIONS="3" PLATFORM="win32" RESULT="random" RUN="00004"/><TEST DATE="2004-06-03" ITERATIONS="1" PLATFORM="win32" RESULT="OK" RUN="00003"/><TEST DATE="2004-06-03" ITERATIONS="1" PLATFORM="win32" RESULT="OK" RUN="00002"/></FILE><FILE directory="reference" name="examplesdistance-missing.py"><TEST DATE="2006-03-15" ITERATIONS="3" PLATFORM="win32" RESULT="OK" RUN="00071"/><TEST DATE="2006-03-14" ITERATIONS="3" PLATFORM="win32" RESULT="OK" RUN="00068"/><TEST DATE="2006-03-10" ITERATIONS="3" PLATFORM="win32" RESULT="OK" RUN="00058"/><TEST DATE="2005-06-18" ITERATIONS="1" PLATFORM="win32" RESULT="OK" RUN="00056"/><TEST DATE="2005-03-09" ITERATIONS="1" PLATFORM="win32" RESULT="OK" RUN="00055"/><TEST DATE="2005-02-14" ITERATIONS="1" PLATFORM="win32" RESULT="OK" RUN="00056"/><TEST DATE="2005-01-31" ITERATIONS="3" PLATFORM="win32" RESULT="OK" RUN="00054"/><TEST DATE="2005-01-29" ITERATIONS="3" PLATFORM="win32" RESULT="OK" RUN="00053"/><TEST DATE="2005-01-28" ITERATIONS="1" PLATFORM="win32" RESULT="OK" RUN="00051"/><TEST DATE="2005-01-27" ITERATIONS="3" PLATFORM="win32" RESULT="OK" RUN="00050"/><TEST DATE="2005-01-27" ITERATIONS="3" PLATFORM="win32" RESULT="OK" RUN="00044"/><TEST DATE="2005-01-27" ITERATIONS="3" PLATFORM="win32" RESULT="OK" RUN="00043"/><TEST DATE="2005-01-21" ITERATIONS="3" PLATFORM="win32" RESULT="OK" RUN="00037"/><TEST DATE="2004-11-29" ITERATIONS="3" PLATFORM="win32" RESULT="OK" RUN="00036"/><TEST DATE="2004-09-17" ITERATIONS="3" PLATFORM="win32" RESULT="OK" RUN="00035"/><TEST DATE="2004-09-17" ITERATIONS="3" PLATFORM="win32" RESULT="OK" RUN="00034"/><TEST DATE="2004-08-21" ITERATIONS="3" PLATFORM="linux2" RESULT="OK" RUN="00013"/><TEST DATE="2004-08-21" ITERATIONS="3" PLATFORM="win32" RESULT="OK" RUN="00012"/><TEST DATE="2004-08-20" ITERATIONS="3" PLATFORM="win32" RESULT="OK" RUN="00011"/><TEST DATE="2004-08-20" ITERATIONS="3" PLATFORM="win32" RESULT="OK" RUN="00010"/><TEST DATE="2004-08-19" ITERATIONS="3" PLATFORM="win32" RESULT="OK" RUN="00009"/><TEST DATE="2004-08-19" ITERATIONS="3" PLATFORM="win32" RESULT="OK" RUN="00008"/><TEST DATE="2004-08-19" ITERATIONS="3" PLATFORM="win32" RESULT="OK" RUN="00007"/><TEST DATE="2004-08-19" ITERATIONS="3" PLATFORM="win32" RESULT="OK" RUN="00006"/><TEST DATE="2004-07-15" ITERATIONS="3" PLATFORM="win32" RESULT="OK" RUN="00005"/><TEST DATE="2004-06-05" ITERATIONS="3" PLATFORM="win32" RESULT="OK" RUN="00004"/><TEST DATE="2004-06-03" ITERATIONS="1" PLATFORM="win32" RESULT="OK" RUN="00003"/><TEST DATE="2004-06-03" ITERATIONS="1" PLATFORM="win32" RESULT="OK" RUN="00002"/></FILE><FILE directory="reference" name="examplesdistance.py"><TEST DATE="2006-03-15" ITERATIONS="3" PLATFORM="win32" RESULT="OK" RUN="00071"/><TEST DATE="2006-03-14" ITERATIONS="3" PLATFORM="win32" RESULT="OK" RUN="00068"/><TEST DATE="2006-03-10" ITERATIONS="3" PLATFORM="win32" RESULT="OK" RUN="00058"/><TEST DATE="2005-06-18" ITERATIONS="1" PLATFORM="win32" RESULT="OK" RUN="00056"/><TEST DATE="2005-03-09" ITERATIONS="1" PLATFORM="win32" RESULT="OK" RUN="00055"/><TEST DATE="2005-02-14" ITERATIONS="1" PLATFORM="win32" RESULT="OK" RUN="00056"/><TEST DATE="2005-01-31" ITERATIONS="3" PLATFORM="win32" RESULT="OK" RUN="00054"/><TEST DATE="2005-01-29" ITERATIONS="3" PLATFORM="win32" RESULT="OK" RUN="00053"/><TEST DATE="2005-01-28" ITERATIONS="1" PLATFORM="win32" RESULT="OK" RUN="00051"/><TEST DATE="2005-01-27" ITERATIONS="3" PLATFORM="win32" RESULT="OK" RUN="00050"/><TEST DATE="2005-01-27" ITERATIONS="3" PLATFORM="win32" RESULT="OK" RUN="00044"/><TEST DATE="2005-01-27" ITERATIONS="3" PLATFORM="win32" RESULT="OK" RUN="00043"/><TEST DATE="2005-01-21" ITERATIONS="3" PLATFORM="win32" RESULT="OK" RUN="00037"/><TEST DATE="2004-11-29" ITERATIONS="3" PLATFORM="win32" RESULT="OK" RUN="00036"/><TEST DATE="2004-09-17" ITERATIONS="3" PLATFORM="win32" RESULT="OK" RUN="00035"/><TEST DATE="2004-09-17" ITERATIONS="3" PLATFORM="win32" RESULT="OK" RUN="00034"/><TEST DATE="2004-08-21" ITERATIONS="3" PLATFORM="linux2" RESULT="OK" RUN="00013"/><TEST DATE="2004-08-21" ITERATIONS="3" PLATFORM="win32" RESULT="OK" RUN="00012"/><TEST DATE="2004-08-20" ITERATIONS="3" PLATFORM="win32" RESULT="OK" RUN="00011"/><TEST DATE="2004-08-20" ITERATIONS="3" PLATFORM="win32" RESULT="OK" RUN="00010"/><TEST DATE="2004-08-19" ITERATIONS="3" PLATFORM="win32" RESULT="OK" RUN="00009"/><TEST DATE="2004-08-19" ITERATIONS="3" PLATFORM="win32" RESULT="OK" RUN="00008"/><TEST DATE="2004-08-19" ITERATIONS="3" PLATFORM="win32" RESULT="OK" RUN="00007"/><TEST DATE="2004-08-19" ITERATIONS="3" PLATFORM="win32" RESULT="OK" RUN="00006"/><TEST DATE="2004-07-15" ITERATIONS="3" PLATFORM="win32" RESULT="OK" RUN="00005"/><TEST DATE="2004-06-05" ITERATIONS="3" PLATFORM="win32" RESULT="OK" RUN="00004"/><TEST DATE="2004-06-03" ITERATIONS="1" PLATFORM="win32" RESULT="OK" RUN="00003"/><TEST DATE="2004-06-03" ITERATIONS="1" PLATFORM="win32" RESULT="OK" RUN="00002"/></FILE><FILE directory="reference" name="exampletable1.py"><TEST DATE="2006-03-15" ITERATIONS="3" PLATFORM="win32" RESULT="OK" RUN="00071"/><TEST DATE="2006-03-14" ITERATIONS="3" PLATFORM="win32" RESULT="OK" RUN="00068"/><TEST DATE="2006-03-10" ITERATIONS="3" PLATFORM="win32" RESULT="OK" RUN="00058"/><TEST DATE="2005-06-18" ITERATIONS="1" PLATFORM="win32" RESULT="OK" RUN="00056"/><TEST DATE="2005-03-09" ITERATIONS="1" PLATFORM="win32" RESULT="OK" RUN="00055"/><TEST DATE="2005-02-14" ITERATIONS="1" PLATFORM="win32" RESULT="OK" RUN="00056"/><TEST DATE="2005-01-31" ITERATIONS="3" PLATFORM="win32" RESULT="OK" RUN="00054"/><TEST DATE="2005-01-29" ITERATIONS="3" PLATFORM="win32" RESULT="OK" RUN="00053"/><TEST DATE="2005-01-28" ITERATIONS="1" PLATFORM="win32" RESULT="OK" RUN="00051"/><TEST DATE="2005-01-27" ITERATIONS="3" PLATFORM="win32" RESULT="OK" RUN="00050"/><TEST DATE="2005-01-27" ITERATIONS="3" PLATFORM="win32" RESULT="OK" RUN="00044"/><TEST DATE="2005-01-27" ITERATIONS="3" PLATFORM="win32" RESULT="OK" RUN="00043"/><TEST DATE="2005-01-21" ITERATIONS="3" PLATFORM="win32" RESULT="OK" RUN="00040"/><TEST DATE="2005-01-21" ITERATION="0" ITERATIONS="3" PLATFORM="win32" RESULT="error" RUN="00039" xml:space="preserve">Traceback (most recent call last):
  File &quot;D:/ai/Orange/regressionTests/xtest1.py&quot;, line 92, in ?
    execfile(t__name)
  File &quot;exampletable1.py&quot;, line 13, in ?
    attributes = [orange.EnumVariable(chr(97+i), values = values[:card[i]])
SystemError: Orange class OrangeVector&lt;class std::basic_string&lt;char,struct std::char_traits&lt;char&gt;,class std::allocator&lt;char&gt; &gt;,1&gt;, needed for 'EnumVariable.values' not exported to Python
</TEST><TEST DATE="2005-01-21" ITERATION="0" ITERATIONS="3" PLATFORM="win32" RESULT="error" RUN="00038" xml:space="preserve">Traceback (most recent call last):
  File &quot;D:/ai/Orange/regressionTests/xtest1.py&quot;, line 92, in ?
    execfile(t__name)
  File &quot;exampletable1.py&quot;, line 13, in ?
    attributes = [orange.EnumVariable(chr(97+i), values = values[:card[i]])
SystemError: Orange class OrangeVector&lt;class std::basic_string&lt;char,struct std::char_traits&lt;char&gt;,class std::allocator&lt;char&gt; &gt;,1&gt;, needed for 'EnumVariable.values' not exported to Python
</TEST><TEST DATE="2005-01-21" ITERATION="0" ITERATIONS="3" PLATFORM="win32" RESULT="error" RUN="00037" xml:space="preserve">Traceback (most recent call last):
  File &quot;D:/ai/Orange/regressionTests/xtest1.py&quot;, line 92, in ?
    execfile(t__name)
  File &quot;exampletable1.py&quot;, line 13, in ?
    attributes = [orange.EnumVariable(chr(97+i), values = values[:card[i]])
SystemError: Orange class OrangeVector&lt;class std::basic_string&lt;char,struct std::char_traits&lt;char&gt;,class std::allocator&lt;char&gt; &gt;,1&gt;, needed for 'EnumVariable.values' not exported to Python
</TEST><TEST DATE="2004-11-29" ITERATIONS="3" PLATFORM="win32" RESULT="OK" RUN="00036"/><TEST DATE="2004-09-17" ITERATIONS="3" PLATFORM="win32" RESULT="OK" RUN="00035"/><TEST DATE="2004-09-17" ITERATIONS="3" PLATFORM="win32" RESULT="OK" RUN="00034"/><TEST DATE="2004-08-21" ITERATIONS="3" PLATFORM="linux2" RESULT="OK" RUN="00013"/><TEST DATE="2004-08-21" ITERATIONS="3" PLATFORM="win32" RESULT="OK" RUN="00012"/><TEST DATE="2004-08-20" ITERATIONS="3" PLATFORM="win32" RESULT="OK" RUN="00011"/><TEST DATE="2004-08-20" ITERATIONS="3" PLATFORM="win32" RESULT="OK" RUN="00010"/><TEST DATE="2004-08-19" ITERATIONS="3" PLATFORM="win32" RESULT="OK" RUN="00009"/><TEST DATE="2004-08-19" ITERATIONS="3" PLATFORM="win32" RESULT="OK" RUN="00008"/><TEST DATE="2004-08-19" ITERATIONS="3" PLATFORM="win32" RESULT="OK" RUN="00007"/><TEST DATE="2004-08-19" ITERATIONS="3" PLATFORM="win32" RESULT="OK" RUN="00006"/><TEST DATE="2004-07-15" ITERATIONS="3" PLATFORM="win32" RESULT="OK" RUN="00005"/><TEST DATE="2004-06-05" ITERATIONS="3" PLATFORM="win32" RESULT="OK" RUN="00004"/><TEST DATE="2004-06-03" ITERATIONS="1" PLATFORM="win32" RESULT="OK" RUN="00003"/><TEST DATE="2004-06-03" ITERATIONS="1" PLATFORM="win32" RESULT="OK" RUN="00002"/></FILE><FILE directory="reference" name="exampletable2.py"><TEST DATE="2006-03-15" ITERATIONS="3" PLATFORM="win32" RESULT="OK" RUN="00071"/><TEST DATE="2006-03-14" ITERATIONS="3" PLATFORM="win32" RESULT="OK" RUN="00068"/><TEST DATE="2006-03-10" ITERATIONS="3" PLATFORM="win32" RESULT="OK" RUN="00058"/><TEST DATE="2005-06-18" ITERATIONS="1" PLATFORM="win32" RESULT="OK" RUN="00056"/><TEST DATE="2005-03-09" ITERATIONS="1" PLATFORM="win32" RESULT="OK" RUN="00055"/><TEST DATE="2005-02-14" ITERATIONS="1" PLATFORM="win32" RESULT="OK" RUN="00056"/><TEST DATE="2005-01-31" ITERATIONS="3" PLATFORM="win32" RESULT="OK" RUN="00054"/><TEST DATE="2005-01-29" ITERATIONS="3" PLATFORM="win32" RESULT="OK" RUN="00053"/><TEST DATE="2005-01-28" ITERATIONS="1" PLATFORM="win32" RESULT="OK" RUN="00051"/><TEST DATE="2005-01-27" ITERATIONS="3" PLATFORM="win32" RESULT="OK" RUN="00050"/><TEST DATE="2005-01-27" ITERATIONS="3" PLATFORM="win32" RESULT="OK" RUN="00044"/><TEST DATE="2005-01-27" ITERATIONS="3" PLATFORM="win32" RESULT="OK" RUN="00043"/><TEST DATE="2005-01-21" ITERATIONS="3" PLATFORM="win32" RESULT="OK" RUN="00037"/><TEST DATE="2004-11-29" ITERATIONS="3" PLATFORM="win32" RESULT="OK" RUN="00036"/><TEST DATE="2004-09-17" ITERATIONS="3" PLATFORM="win32" RESULT="OK" RUN="00035"/><TEST DATE="2004-09-17" ITERATIONS="3" PLATFORM="win32" RESULT="OK" RUN="00034"/><TEST DATE="2004-08-21" ITERATIONS="3" PLATFORM="linux2" RESULT="OK" RUN="00013"/><TEST DATE="2004-08-21" ITERATIONS="3" PLATFORM="win32" RESULT="OK" RUN="00012"/><TEST DATE="2004-08-20" ITERATIONS="3" PLATFORM="win32" RESULT="OK" RUN="00011"/><TEST DATE="2004-08-20" ITERATIONS="3" PLATFORM="win32" RESULT="OK" RUN="00010"/><TEST DATE="2004-08-19" ITERATIONS="3" PLATFORM="win32" RESULT="OK" RUN="00009"/><TEST DATE="2004-08-19" ITERATIONS="3" PLATFORM="win32" RESULT="OK" RUN="00008"/><TEST DATE="2004-08-19" ITERATIONS="3" PLATFORM="win32" RESULT="OK" RUN="00007"/><TEST DATE="2004-08-19" ITERATIONS="3" PLATFORM="win32" RESULT="OK" RUN="00006"/><TEST DATE="2004-07-15" ITERATIONS="3" PLATFORM="win32" RESULT="OK" RUN="00005"/><TEST DATE="2004-06-05" ITERATIONS="3" PLATFORM="win32" RESULT="OK" RUN="00004"/><TEST DATE="2004-06-03" ITERATIONS="1" PLATFORM="win32" RESULT="OK" RUN="00003"/><TEST DATE="2004-06-03" ITERATIONS="1" PLATFORM="win32" RESULT="OK" RUN="00002"/></FILE><FILE directory="reference" name="exampletable3.py"><TEST DATE="2006-03-15" ITERATIONS="3" PLATFORM="win32" RESULT="OK" RUN="00071"/><TEST DATE="2006-03-14" ITERATIONS="3" PLATFORM="win32" RESULT="OK" RUN="00068"/><TEST DATE="2006-03-10" ITERATIONS="3" PLATFORM="win32" RESULT="OK" RUN="00058"/><TEST DATE="2005-06-18" ITERATIONS="1" PLATFORM="win32" RESULT="OK" RUN="00056"/><TEST DATE="2005-03-09" ITERATIONS="1" PLATFORM="win32" RESULT="OK" RUN="00055"/><TEST DATE="2005-02-14" ITERATIONS="1" PLATFORM="win32" RESULT="OK" RUN="00056"/><TEST DATE="2005-01-31" ITERATIONS="3" PLATFORM="win32" RESULT="OK" RUN="00054"/><TEST DATE="2005-01-29" ITERATIONS="3" PLATFORM="win32" RESULT="OK" RUN="00053"/><TEST DATE="2005-01-28" ITERATIONS="1" PLATFORM="win32" RESULT="OK" RUN="00051"/><TEST DATE="2005-01-27" ITERATIONS="3" PLATFORM="win32" RESULT="OK" RUN="00050"/><TEST DATE="2005-01-27" ITERATIONS="3" PLATFORM="win32" RESULT="OK" RUN="00044"/><TEST DATE="2005-01-27" ITERATIONS="3" PLATFORM="win32" RESULT="OK" RUN="00043"/><TEST DATE="2005-01-21" ITERATIONS="3" PLATFORM="win32" RESULT="OK" RUN="00037"/><TEST DATE="2004-11-29" ITERATIONS="3" PLATFORM="win32" RESULT="OK" RUN="00036"/><TEST DATE="2004-09-17" ITERATIONS="3" PLATFORM="win32" RESULT="OK" RUN="00035"/><TEST DATE="2004-09-17" ITERATIONS="3" PLATFORM="win32" RESULT="OK" RUN="00034"/><TEST DATE="2004-08-21" ITERATIONS="3" PLATFORM="linux2" RESULT="OK" RUN="00013"/><TEST DATE="2004-08-21" ITERATIONS="3" PLATFORM="win32" RESULT="OK" RUN="00012"/><TEST DATE="2004-08-20" ITERATIONS="3" PLATFORM="win32" RESULT="OK" RUN="00011"/><TEST DATE="2004-08-20" ITERATIONS="3" PLATFORM="win32" RESULT="OK" RUN="00010"/><TEST DATE="2004-08-19" ITERATIONS="3" PLATFORM="win32" RESULT="OK" RUN="00009"/><TEST DATE="2004-08-19" ITERATIONS="3" PLATFORM="win32" RESULT="OK" RUN="00008"/><TEST DATE="2004-08-19" ITERATIONS="3" PLATFORM="win32" RESULT="OK" RUN="00007"/><TEST DATE="2004-08-19" ITERATIONS="3" PLATFORM="win32" RESULT="OK" RUN="00006"/><TEST DATE="2004-07-15" ITERATIONS="3" PLATFORM="win32" RESULT="OK" RUN="00005"/><TEST DATE="2004-06-05" ITERATIONS="3" PLATFORM="win32" RESULT="OK" RUN="00004"/><TEST DATE="2004-06-03" ITERATIONS="1" PLATFORM="win32" RESULT="OK" RUN="00003"/><TEST DATE="2004-06-03" ITERATIONS="1" PLATFORM="win32" RESULT="OK" RUN="00002"/></FILE><FILE directory="reference" name="exampletable4.py"><TEST DATE="2006-03-15" ITERATIONS="3" PLATFORM="win32" RESULT="OK" RUN="00071"/><TEST DATE="2006-03-14" ITERATIONS="3" PLATFORM="win32" RESULT="OK" RUN="00068"/><TEST DATE="2006-03-13" ITERATIONS="3" PLATFORM="win32" RESULT="OK" RUN="00063"/><TEST DATE="2006-03-12" ITERATIONS="3" PLATFORM="win32" RESULT="changed" RUN="00062"/><TEST DATE="2006-03-12" ITERATIONS="3" PLATFORM="win32" RESULT="changed" RUN="00061"/><TEST DATE="2006-03-12" ITERATIONS="3" PLATFORM="win32" RESULT="changed" RUN="00060"/><TEST DATE="2006-03-10" ITERATIONS="3" PLATFORM="win32" RESULT="changed" RUN="00059"/><TEST DATE="2006-03-10" ITERATIONS="3" PLATFORM="win32" RESULT="changed" RUN="00058"/><TEST DATE="2005-06-18" ITERATIONS="1" PLATFORM="win32" RESULT="OK" RUN="00056"/><TEST DATE="2005-03-09" ITERATIONS="1" PLATFORM="win32" RESULT="OK" RUN="00055"/><TEST DATE="2005-02-14" ITERATIONS="1" PLATFORM="win32" RESULT="OK" RUN="00056"/><TEST DATE="2005-01-31" ITERATIONS="3" PLATFORM="win32" RESULT="OK" RUN="00054"/><TEST DATE="2005-01-29" ITERATIONS="3" PLATFORM="win32" RESULT="OK" RUN="00053"/><TEST DATE="2005-01-28" ITERATIONS="1" PLATFORM="win32" RESULT="OK" RUN="00051"/><TEST DATE="2005-01-27" ITERATIONS="3" PLATFORM="win32" RESULT="OK" RUN="00050"/><TEST DATE="2005-01-27" ITERATIONS="3" PLATFORM="win32" RESULT="OK" RUN="00044"/><TEST DATE="2005-01-27" ITERATIONS="3" PLATFORM="win32" RESULT="OK" RUN="00043"/><TEST DATE="2005-01-21" ITERATIONS="3" PLATFORM="win32" RESULT="OK" RUN="00037"/><TEST DATE="2004-11-29" ITERATIONS="3" PLATFORM="win32" RESULT="OK" RUN="00036"/><TEST DATE="2004-09-17" ITERATIONS="3" PLATFORM="win32" RESULT="OK" RUN="00035"/><TEST DATE="2004-09-17" ITERATIONS="3" PLATFORM="win32" RESULT="OK" RUN="00034"/><TEST DATE="2004-08-21" ITERATIONS="3" PLATFORM="linux2" RESULT="OK" RUN="00013"/><TEST DATE="2004-08-21" ITERATIONS="3" PLATFORM="win32" RESULT="OK" RUN="00012"/><TEST DATE="2004-08-20" ITERATIONS="3" PLATFORM="win32" RESULT="OK" RUN="00011"/><TEST DATE="2004-08-20" ITERATIONS="3" PLATFORM="win32" RESULT="OK" RUN="00010"/><TEST DATE="2004-08-19" ITERATIONS="3" PLATFORM="win32" RESULT="OK" RUN="00009"/><TEST DATE="2004-08-19" ITERATIONS="3" PLATFORM="win32" RESULT="OK" RUN="00008"/><TEST DATE="2004-08-19" ITERATIONS="3" PLATFORM="win32" RESULT="OK" RUN="00007"/><TEST DATE="2004-08-19" ITERATIONS="3" PLATFORM="win32" RESULT="OK" RUN="00006"/><TEST DATE="2004-07-15" ITERATIONS="3" PLATFORM="win32" RESULT="OK" RUN="00005"/><TEST DATE="2004-06-05" ITERATIONS="3" PLATFORM="win32" RESULT="OK" RUN="00004"/><TEST DATE="2004-06-03" ITERATIONS="1" PLATFORM="win32" RESULT="OK" RUN="00003"/><TEST DATE="2004-06-03" ITERATIONS="1" PLATFORM="win32" RESULT="OK" RUN="00002"/></FILE><FILE directory="reference" name="exampletable5.py"><TEST DATE="2006-03-15" ITERATIONS="3" PLATFORM="win32" RESULT="OK" RUN="00071"/><TEST DATE="2006-03-14" ITERATIONS="3" PLATFORM="win32" RESULT="OK" RUN="00068"/><TEST DATE="2006-03-13" ITERATIONS="3" PLATFORM="win32" RESULT="OK" RUN="00063"/><TEST DATE="2006-03-12" ITERATIONS="3" PLATFORM="win32" RESULT="" RUN="00062"/><TEST DATE="2006-03-12" ITERATIONS="3" PLATFORM="win32" RESULT="" RUN="00061"/><TEST DATE="2006-03-12" ITERATIONS="3" PLATFORM="win32" RESULT="" RUN="00060"/><TEST DATE="2006-03-10" ITERATIONS="3" PLATFORM="win32" RESULT="" RUN="00059"/><TEST DATE="2006-03-10" ITERATIONS="3" PLATFORM="win32" RESULT="" RUN="00058"/><TEST DATE="2005-06-18" ITERATIONS="1" PLATFORM="win32" RESULT="OK" RUN="00056"/><TEST DATE="2005-03-09" ITERATIONS="1" PLATFORM="win32" RESULT="OK" RUN="00055"/><TEST DATE="2005-02-14" ITERATIONS="1" PLATFORM="win32" RESULT="OK" RUN="00056"/><TEST DATE="2005-01-31" ITERATIONS="3" PLATFORM="win32" RESULT="OK" RUN="00054"/><TEST DATE="2005-01-29" ITERATIONS="3" PLATFORM="win32" RESULT="OK" RUN="00053"/><TEST DATE="2005-01-28" ITERATIONS="1" PLATFORM="win32" RESULT="OK" RUN="00051"/><TEST DATE="2005-01-27" ITERATIONS="3" PLATFORM="win32" RESULT="OK" RUN="00050"/><TEST DATE="2005-01-27" ITERATIONS="3" PLATFORM="win32" RESULT="OK" RUN="00044"/><TEST DATE="2005-01-27" ITERATIONS="3" PLATFORM="win32" RESULT="OK" RUN="00043"/><TEST DATE="2005-01-21" ITERATIONS="3" PLATFORM="win32" RESULT="OK" RUN="00037"/><TEST DATE="2004-11-29" ITERATIONS="3" PLATFORM="win32" RESULT="OK" RUN="00036"/><TEST DATE="2004-09-17" ITERATIONS="3" PLATFORM="win32" RESULT="OK" RUN="00035"/><TEST DATE="2004-09-17" ITERATIONS="3" PLATFORM="win32" RESULT="OK" RUN="00034"/><TEST DATE="2004-08-21" ITERATIONS="3" PLATFORM="linux2" RESULT="OK" RUN="00013"/><TEST DATE="2004-08-21" ITERATIONS="3" PLATFORM="win32" RESULT="OK" RUN="00012"/><TEST DATE="2004-08-20" ITERATIONS="3" PLATFORM="win32" RESULT="OK" RUN="00011"/><TEST DATE="2004-08-20" ITERATIONS="3" PLATFORM="win32" RESULT="OK" RUN="00010"/><TEST DATE="2004-08-19" ITERATIONS="3" PLATFORM="win32" RESULT="OK" RUN="00009"/><TEST DATE="2004-08-19" ITERATIONS="3" PLATFORM="win32" RESULT="OK" RUN="00008"/><TEST DATE="2004-08-19" ITERATIONS="3" PLATFORM="win32" RESULT="OK" RUN="00007"/><TEST DATE="2004-08-19" ITERATIONS="3" PLATFORM="win32" RESULT="OK" RUN="00006"/><TEST DATE="2004-07-15" ITERATIONS="3" PLATFORM="win32" RESULT="OK" RUN="00005"/><TEST DATE="2004-06-05" ITERATIONS="3" PLATFORM="win32" RESULT="OK" RUN="00004"/><TEST DATE="2004-06-03" ITERATIONS="1" PLATFORM="win32" RESULT="OK" RUN="00003"/><TEST DATE="2004-06-03" ITERATIONS="1" PLATFORM="win32" RESULT="OK" RUN="00002"/></FILE><FILE directory="reference" name="exampletable_merge.py"><TEST DATE="2006-03-15" ITERATIONS="3" PLATFORM="win32" RESULT="OK" RUN="00071"/><TEST DATE="2006-03-14" ITERATIONS="3" PLATFORM="win32" RESULT="OK" RUN="00068"/><TEST DATE="2006-03-10" ITERATIONS="3" PLATFORM="win32" RESULT="OK" RUN="00058"/><TEST DATE="2005-06-18" ITERATIONS="1" PLATFORM="win32" RESULT="OK" RUN="00056"/><TEST DATE="2005-03-09" ITERATIONS="1" PLATFORM="win32" RESULT="OK" RUN="00055"/><TEST DATE="2005-02-14" ITERATIONS="1" PLATFORM="win32" RESULT="OK" RUN="00056"/><TEST DATE="2005-01-31" ITERATIONS="3" PLATFORM="win32" RESULT="OK" RUN="00054"/><TEST DATE="2005-01-29" ITERATIONS="3" PLATFORM="win32" RESULT="changed" RUN="00053"/><TEST DATE="2005-01-28" ITERATIONS="1" PLATFORM="win32" RESULT="OK" RUN="00051"/><TEST DATE="2005-01-27" ITERATIONS="3" PLATFORM="win32" RESULT="OK" RUN="00050"/><TEST DATE="2005-01-27" ITERATIONS="3" PLATFORM="win32" RESULT="OK" RUN="00048"/><TEST DATE="2005-01-27" ITERATIONS="3" PLATFORM="win32" RESULT="changed" RUN="00047"/><TEST DATE="2005-01-27" ITERATIONS="3" PLATFORM="win32" RESULT="changed" RUN="00046"/><TEST DATE="2005-01-27" ITERATIONS="3" PLATFORM="win32" RESULT="random" RUN="00045"/><TEST DATE="2005-01-27" ITERATIONS="3" PLATFORM="win32" RESULT="random" RUN="00044"/><TEST DATE="2005-01-27" ITERATIONS="3" PLATFORM="win32" RESULT="random" RUN="00043"/><TEST DATE="2005-01-21" ITERATION="0" ITERATIONS="3" PLATFORM="win32" RESULT="error" RUN="00042" xml:space="preserve">Traceback (most recent call last):
  File &quot;D:/ai/Orange/regressionTests/xtest1.py&quot;, line 92, in ?
    execfile(t__name)
  File &quot;exampletable_merge.py&quot;, line 6, in ?
    merged = orange.ExampleTable([data1, data2])
KernelException: 'orange.ExampleTable': mismatching value of attribute 'a1' in example #0
</TEST><TEST DATE="2005-01-21" ITERATION="0" ITERATIONS="3" PLATFORM="win32" RESULT="error" RUN="00041" xml:space="preserve">Traceback (most recent call last):
  File &quot;D:/ai/Orange/regressionTests/xtest1.py&quot;, line 92, in ?
    execfile(t__name)
  File &quot;exampletable_merge.py&quot;, line 6, in ?
    merged = orange.ExampleTable([data1, data2])
KernelException: 'orange.ExampleTable': mismatching value of attribute 'a1' in example #0
</TEST><TEST DATE="2005-01-21" ITERATION="0" ITERATIONS="3" PLATFORM="win32" RESULT="error" RUN="00040" xml:space="preserve">Traceback (most recent call last):
  File &quot;D:/ai/Orange/regressionTests/xtest1.py&quot;, line 92, in ?
    execfile(t__name)
  File &quot;exampletable_merge.py&quot;, line 6, in ?
    merged = orange.ExampleTable([data1, data2])
KernelException: 'orange.ExampleTable': mismatching value of attribute 'a1' in example #0
</TEST><TEST DATE="2005-01-21" ITERATION="0" ITERATIONS="3" PLATFORM="win32" RESULT="error" RUN="00039" xml:space="preserve">Traceback (most recent call last):
  File &quot;D:/ai/Orange/regressionTests/xtest1.py&quot;, line 92, in ?
    execfile(t__name)
  File &quot;exampletable_merge.py&quot;, line 6, in ?
    merged = orange.ExampleTable([data1, data2])
KernelException: 'orange.ExampleTable': mismatching value of attribute 'a1' in example #0
</TEST><TEST DATE="2005-01-21" ITERATION="0" ITERATIONS="3" PLATFORM="win32" RESULT="error" RUN="00038" xml:space="preserve">Traceback (most recent call last):
  File &quot;D:/ai/Orange/regressionTests/xtest1.py&quot;, line 92, in ?
    execfile(t__name)
  File &quot;exampletable_merge.py&quot;, line 6, in ?
    merged = orange.ExampleTable([data1, data2])
KernelException: 'orange.ExampleTable': mismatching value of attribute 'a1' in example #0
</TEST><TEST DATE="2005-01-21" ITERATION="0" ITERATIONS="3" PLATFORM="win32" RESULT="error" RUN="00037" xml:space="preserve">Traceback (most recent call last):
  File &quot;D:/ai/Orange/regressionTests/xtest1.py&quot;, line 92, in ?
    execfile(t__name)
  File &quot;exampletable_merge.py&quot;, line 6, in ?
    merged = orange.ExampleTable([data1, data2])
KernelException: 'orange.ExampleTable': mismatching value of attribute 'a1' in example #0
</TEST><TEST DATE="2004-11-29" ITERATION="0" ITERATIONS="3" PLATFORM="win32" RESULT="error" RUN="00036" xml:space="preserve">Traceback (most recent call last):
  File &quot;D:/AI/Orange/regressionTests/xtest1.py&quot;, line 92, in ?
    execfile(t__name)
  File &quot;exampletable_merge.py&quot;, line 6, in ?
    merged = orange.ExampleTable([data1, data2])
KernelException: 'orange.ExampleTable': mismatching value of attribute 'a1' in example #0
</TEST><TEST DATE="2004-09-17" ITERATIONS="3" PLATFORM="win32" RESULT="random" RUN="00035"/><TEST DATE="2004-09-17" ITERATIONS="3" PLATFORM="win32" RESULT="random" RUN="00034"/><TEST DATE="2004-09-17" ITERATIONS="3" PLATFORM="win32" RESULT="random" RUN="00033"/><TEST DATE="2004-08-26" ITERATIONS="3" PLATFORM="win32" RESULT="random" RUN="00032"/><TEST DATE="2004-08-26" ITERATIONS="3" PLATFORM="linux2" RESULT="random" RUN="00031"/><TEST DATE="2004-08-26" ITERATIONS="3" PLATFORM="linux2" RESULT="random" RUN="00030"/><TEST DATE="2004-08-26" ITERATIONS="3" PLATFORM="linux2" RESULT="random" RUN="00029"/><TEST DATE="2004-08-26" ITERATIONS="3" PLATFORM="linux2" RESULT="random" RUN="00028"/><TEST DATE="2004-08-26" ITERATIONS="3" PLATFORM="win32" RESULT="random" RUN="00027"/><TEST DATE="2004-08-26" ITERATIONS="3" PLATFORM="win32" RESULT="random" RUN="00026"/><TEST DATE="2004-08-26" ITERATIONS="3" PLATFORM="win32" RESULT="random" RUN="00025"/><TEST DATE="2004-08-26" ITERATIONS="3" PLATFORM="win32" RESULT="" RUN="00024"/><TEST DATE="2004-08-26" ITERATIONS="3" PLATFORM="win32" RESULT="" RUN="00023"/><TEST DATE="2004-08-26" ITERATIONS="3" PLATFORM="win32" RESULT="" RUN="00022"/><TEST DATE="2004-08-26" ITERATIONS="3" PLATFORM="win32" RESULT="" RUN="00021"/><TEST DATE="2004-08-26" ITERATIONS="3" PLATFORM="win32" RESULT="" RUN="00020"/><TEST DATE="2004-08-26" ITERATIONS="3" PLATFORM="win32" RESULT="" RUN="00019"/><TEST DATE="2004-08-26" ITERATIONS="3" PLATFORM="win32" RESULT="" RUN="00018"/><TEST DATE="2004-08-26" ITERATIONS="3" PLATFORM="win32" RESULT="" RUN="00017"/><TEST DATE="2004-08-26" ITERATIONS="3" PLATFORM="win32" RESULT="" RUN="00016"/><TEST DATE="2004-08-26" ITERATIONS="3" PLATFORM="win32" RESULT="random" RUN="00015"/><TEST DATE="2004-08-26" ITERATIONS="3" PLATFORM="win32" RESULT="random" RUN="00014"/><TEST DATE="2004-08-21" ITERATIONS="3" PLATFORM="linux2" RESULT="random" RUN="00013"/><TEST DATE="2004-08-21" ITERATIONS="3" PLATFORM="win32" RESULT="random" RUN="00012"/><TEST DATE="2004-08-20" ITERATIONS="3" PLATFORM="win32" RESULT="random" RUN="00011"/><TEST DATE="2004-08-20" ITERATIONS="3" PLATFORM="win32" RESULT="random" RUN="00010"/><TEST DATE="2004-08-19" ITERATIONS="3" PLATFORM="win32" RESULT="random" RUN="00009"/><TEST DATE="2004-08-19" ITERATIONS="3" PLATFORM="win32" RESULT="random" RUN="00008"/><TEST DATE="2004-08-19" ITERATIONS="3" PLATFORM="win32" RESULT="random" RUN="00007"/><TEST DATE="2004-08-19" ITERATIONS="3" PLATFORM="win32" RESULT="random" RUN="00006"/><TEST DATE="2004-07-15" ITERATIONS="3" PLATFORM="win32" RESULT="random" RUN="00005"/><TEST DATE="2004-06-05" ITERATIONS="3" PLATFORM="win32" RESULT="random" RUN="00004"/><TEST DATE="2004-06-03" ITERATIONS="1" PLATFORM="win32" RESULT="OK" RUN="00003"/><TEST DATE="2004-06-03" ITERATIONS="1" PLATFORM="win32" RESULT="OK" RUN="00002"/></FILE><FILE directory="reference" name="filter.py"><TEST DATE="2006-03-15" ITERATIONS="3" PLATFORM="win32" RESULT="OK" RUN="00071"/><TEST DATE="2006-03-14" ITERATIONS="3" PLATFORM="win32" RESULT="OK" RUN="00068"/><TEST DATE="2006-03-10" ITERATIONS="3" PLATFORM="win32" RESULT="OK" RUN="00058"/><TEST DATE="2005-06-18" ITERATIONS="1" PLATFORM="win32" RESULT="OK" RUN="00056"/><TEST DATE="2005-03-09" ITERATIONS="1" PLATFORM="win32" RESULT="OK" RUN="00055"/><TEST DATE="2005-02-14" ITERATIONS="1" PLATFORM="win32" RESULT="OK" RUN="00056"/><TEST DATE="2005-01-31" ITERATIONS="3" PLATFORM="win32" RESULT="OK" RUN="00054"/><TEST DATE="2005-01-29" ITERATIONS="3" PLATFORM="win32" RESULT="OK" RUN="00053"/><TEST DATE="2005-01-28" ITERATIONS="1" PLATFORM="win32" RESULT="OK" RUN="00051"/><TEST DATE="2005-01-27" ITERATIONS="3" PLATFORM="win32" RESULT="OK" RUN="00050"/><TEST DATE="2005-01-27" ITERATIONS="3" PLATFORM="win32" RESULT="OK" RUN="00044"/><TEST DATE="2005-01-27" ITERATIONS="3" PLATFORM="win32" RESULT="OK" RUN="00043"/><TEST DATE="2005-01-21" ITERATIONS="3" PLATFORM="win32" RESULT="OK" RUN="00037"/><TEST DATE="2004-11-29" ITERATIONS="3" PLATFORM="win32" RESULT="OK" RUN="00036"/><TEST DATE="2004-09-17" ITERATION="0" ITERATIONS="3" PLATFORM="win32" RESULT="error" RUN="00035" xml:space="preserve">Traceback (most recent call last):
  File &quot;D:/AI/Orange/regressionTests/xtest1.py&quot;, line 92, in ?
    execfile(t__name)
  File &quot;filter.py&quot;, line 34, in ?
    f.check[&quot;age&quot;] = 0
SystemError: Orange class 'AttributedBoolList' not exported to Python
</TEST><TEST DATE="2004-09-17" ITERATIONS="3" PLATFORM="win32" RESULT="changed" RUN="00034"/><TEST DATE="2004-08-21" ITERATIONS="3" PLATFORM="linux2" RESULT="OK" RUN="00013"/><TEST DATE="2004-08-21" ITERATIONS="3" PLATFORM="win32" RESULT="OK" RUN="00012"/><TEST DATE="2004-08-20" ITERATIONS="3" PLATFORM="win32" RESULT="OK" RUN="00011"/><TEST DATE="2004-08-20" ITERATIONS="3" PLATFORM="win32" RESULT="OK" RUN="00010"/><TEST DATE="2004-08-19" ITERATIONS="3" PLATFORM="win32" RESULT="OK" RUN="00009"/><TEST DATE="2004-08-19" ITERATIONS="3" PLATFORM="win32" RESULT="OK" RUN="00008"/><TEST DATE="2004-08-19" ITERATIONS="3" PLATFORM="win32" RESULT="OK" RUN="00007"/><TEST DATE="2004-08-19" ITERATIONS="3" PLATFORM="win32" RESULT="OK" RUN="00006"/><TEST DATE="2004-07-15" ITERATIONS="3" PLATFORM="win32" RESULT="OK" RUN="00005"/><TEST DATE="2004-06-05" ITERATIONS="3" PLATFORM="win32" RESULT="OK" RUN="00004"/><TEST DATE="2004-06-03" ITERATIONS="1" PLATFORM="win32" RESULT="OK" RUN="00003"/><TEST DATE="2004-06-03" ITERATIONS="1" PLATFORM="win32" RESULT="OK" RUN="00002"/></FILE><FILE directory="reference" name="findnearest.py"><TEST DATE="2006-03-15" ITERATIONS="3" PLATFORM="win32" RESULT="OK" RUN="00071"/><TEST DATE="2006-03-14" ITERATIONS="3" PLATFORM="win32" RESULT="OK" RUN="00068"/><TEST DATE="2006-03-10" ITERATIONS="3" PLATFORM="win32" RESULT="OK" RUN="00058"/><TEST DATE="2005-06-18" ITERATIONS="1" PLATFORM="win32" RESULT="OK" RUN="00056"/><TEST DATE="2005-03-09" ITERATIONS="1" PLATFORM="win32" RESULT="OK" RUN="00055"/><TEST DATE="2005-02-14" ITERATIONS="1" PLATFORM="win32" RESULT="OK" RUN="00056"/><TEST DATE="2005-01-31" ITERATIONS="3" PLATFORM="win32" RESULT="OK" RUN="00054"/><TEST DATE="2005-01-29" ITERATIONS="3" PLATFORM="win32" RESULT="OK" RUN="00053"/><TEST DATE="2005-01-28" ITERATIONS="1" PLATFORM="win32" RESULT="OK" RUN="00051"/><TEST DATE="2005-01-27" ITERATIONS="3" PLATFORM="win32" RESULT="OK" RUN="00050"/><TEST DATE="2005-01-27" ITERATIONS="3" PLATFORM="win32" RESULT="OK" RUN="00045"/><TEST DATE="2005-01-27" ITERATIONS="3" PLATFORM="win32" RESULT="changed" RUN="00044"/><TEST DATE="2005-01-27" ITERATIONS="3" PLATFORM="win32" RESULT="changed" RUN="00043"/><TEST DATE="2005-01-21" ITERATIONS="3" PLATFORM="win32" RESULT="OK" RUN="00037"/><TEST DATE="2004-11-29" ITERATIONS="3" PLATFORM="win32" RESULT="OK" RUN="00036"/><TEST DATE="2004-09-17" ITERATIONS="3" PLATFORM="win32" RESULT="OK" RUN="00035"/><TEST DATE="2004-09-17" ITERATIONS="3" PLATFORM="win32" RESULT="OK" RUN="00034"/><TEST DATE="2004-08-21" ITERATIONS="3" PLATFORM="linux2" RESULT="OK" RUN="00013"/><TEST DATE="2004-08-21" ITERATIONS="3" PLATFORM="win32" RESULT="OK" RUN="00012"/><TEST DATE="2004-08-20" ITERATIONS="3" PLATFORM="win32" RESULT="OK" RUN="00011"/><TEST DATE="2004-08-20" ITERATIONS="3" PLATFORM="win32" RESULT="OK" RUN="00010"/><TEST DATE="2004-08-19" ITERATIONS="3" PLATFORM="win32" RESULT="OK" RUN="00009"/><TEST DATE="2004-08-19" ITERATIONS="3" PLATFORM="win32" RESULT="OK" RUN="00008"/><TEST DATE="2004-08-19" ITERATIONS="3" PLATFORM="win32" RESULT="OK" RUN="00007"/><TEST DATE="2004-08-19" ITERATIONS="3" PLATFORM="win32" RESULT="OK" RUN="00006"/><TEST DATE="2004-07-15" ITERATIONS="3" PLATFORM="win32" RESULT="OK" RUN="00005"/><TEST DATE="2004-06-05" ITERATIONS="3" PLATFORM="win32" RESULT="OK" RUN="00004"/><TEST DATE="2004-06-03" ITERATIONS="1" PLATFORM="win32" RESULT="OK" RUN="00003"/><TEST DATE="2004-06-03" ITERATIONS="1" PLATFORM="win32" RESULT="OK" RUN="00002"/></FILE><FILE directory="reference" name="knnlearner.py"><TEST DATE="2006-03-15" ITERATIONS="3" PLATFORM="win32" RESULT="OK" RUN="00071"/><TEST DATE="2006-03-14" ITERATIONS="3" PLATFORM="win32" RESULT="OK" RUN="00068"/><TEST DATE="2006-03-10" ITERATIONS="3" PLATFORM="win32" RESULT="OK" RUN="00058"/><TEST DATE="2005-06-18" ITERATIONS="1" PLATFORM="win32" RESULT="OK" RUN="00056"/><TEST DATE="2005-03-09" ITERATIONS="1" PLATFORM="win32" RESULT="OK" RUN="00055"/><TEST DATE="2005-02-14" ITERATIONS="1" PLATFORM="win32" RESULT="OK" RUN="00056"/><TEST DATE="2005-01-31" ITERATIONS="3" PLATFORM="win32" RESULT="OK" RUN="00054"/><TEST DATE="2005-01-29" ITERATIONS="3" PLATFORM="win32" RESULT="OK" RUN="00053"/><TEST DATE="2005-01-28" ITERATIONS="1" PLATFORM="win32" RESULT="OK" RUN="00051"/><TEST DATE="2005-01-27" ITERATIONS="3" PLATFORM="win32" RESULT="OK" RUN="00050"/><TEST DATE="2005-01-27" ITERATIONS="3" PLATFORM="win32" RESULT="OK" RUN="00045"/><TEST DATE="2005-01-27" ITERATIONS="3" PLATFORM="win32" RESULT="changed" RUN="00044"/><TEST DATE="2005-01-27" ITERATIONS="3" PLATFORM="win32" RESULT="changed" RUN="00043"/><TEST DATE="2005-01-21" ITERATIONS="3" PLATFORM="win32" RESULT="OK" RUN="00037"/><TEST DATE="2004-11-29" ITERATIONS="3" PLATFORM="win32" RESULT="OK" RUN="00036"/><TEST DATE="2004-09-17" ITERATIONS="3" PLATFORM="win32" RESULT="OK" RUN="00035"/><TEST DATE="2004-09-17" ITERATIONS="3" PLATFORM="win32" RESULT="OK" RUN="00034"/><TEST DATE="2004-08-26" ITERATIONS="3" PLATFORM="linux2" RESULT="OK" RUN="00028"/><TEST DATE="2004-08-26" ITERATIONS="3" PLATFORM="win32" RESULT="OK" RUN="00014"/><TEST DATE="2004-08-21" ITERATIONS="3" PLATFORM="linux2" RESULT="changed" RUN="00013"/><TEST DATE="2004-08-21" ITERATIONS="3" PLATFORM="win32" RESULT="changed" RUN="00012"/><TEST DATE="2004-08-20" ITERATIONS="3" PLATFORM="win32" RESULT="changed" RUN="00011"/><TEST DATE="2004-08-20" ITERATIONS="3" PLATFORM="win32" RESULT="changed" RUN="00010"/><TEST DATE="2004-08-19" ITERATIONS="3" PLATFORM="win32" RESULT="changed" RUN="00009"/><TEST DATE="2004-08-19" ITERATIONS="3" PLATFORM="win32" RESULT="changed" RUN="00008"/><TEST DATE="2004-08-19" ITERATIONS="3" PLATFORM="win32" RESULT="changed" RUN="00007"/><TEST DATE="2004-08-19" ITERATIONS="3" PLATFORM="win32" RESULT="changed" RUN="00006"/><TEST DATE="2004-07-15" ITERATIONS="3" PLATFORM="win32" RESULT="OK" RUN="00005"/><TEST DATE="2004-06-05" ITERATIONS="3" PLATFORM="win32" RESULT="OK" RUN="00004"/><TEST DATE="2004-06-03" ITERATIONS="1" PLATFORM="win32" RESULT="OK" RUN="00003"/><TEST DATE="2004-06-03" ITERATIONS="1" PLATFORM="win32" RESULT="OK" RUN="00002"/></FILE><FILE directory="reference" name="majority.py"><TEST DATE="2006-03-15" ITERATIONS="3" PLATFORM="win32" RESULT="OK" RUN="00071"/><TEST DATE="2006-03-14" ITERATIONS="3" PLATFORM="win32" RESULT="OK" RUN="00068"/><TEST DATE="2006-03-10" ITERATIONS="3" PLATFORM="win32" RESULT="OK" RUN="00058"/><TEST DATE="2005-06-18" ITERATIONS="1" PLATFORM="win32" RESULT="OK" RUN="00056"/><TEST DATE="2005-03-09" ITERATIONS="1" PLATFORM="win32" RESULT="OK" RUN="00055"/><TEST DATE="2005-02-14" ITERATIONS="1" PLATFORM="win32" RESULT="OK" RUN="00056"/><TEST DATE="2005-01-31" ITERATIONS="3" PLATFORM="win32" RESULT="OK" RUN="00054"/><TEST DATE="2005-01-29" ITERATIONS="3" PLATFORM="win32" RESULT="OK" RUN="00053"/><TEST DATE="2005-01-28" ITERATIONS="1" PLATFORM="win32" RESULT="OK" RUN="00051"/><TEST DATE="2005-01-27" ITERATIONS="3" PLATFORM="win32" RESULT="OK" RUN="00050"/><TEST DATE="2005-01-27" ITERATIONS="3" PLATFORM="win32" RESULT="OK" RUN="00044"/><TEST DATE="2005-01-27" ITERATION="0" ITERATIONS="3" PLATFORM="win32" RESULT="error" RUN="00043" xml:space="preserve">Traceback (most recent call last):
  File &quot;D:/ai/Orange/regressionTests/xtest1.py&quot;, line 92, in ?
    execfile(t__name)
  File &quot;majority.py&quot;, line 16, in ?
    res = orngTest.crossValidation(learners, data)
  File &quot;d:\ai\orange\orngTest.py&quot;, line 159, in crossValidation
    indices = orange.MakeRandomIndicesCV(examples, folds, stratified = strat, randomGenerator = randomGenerator)
TypeError: invalid parameter type for MakeRandomIndicesCV.folds', (int expected)
</TEST><TEST DATE="2005-01-21" ITERATIONS="3" PLATFORM="win32" RESULT="OK" RUN="00037"/><TEST DATE="2004-11-29" ITERATIONS="3" PLATFORM="win32" RESULT="OK" RUN="00036"/><TEST DATE="2004-09-17" ITERATIONS="3" PLATFORM="win32" RESULT="OK" RUN="00035"/><TEST DATE="2004-09-17" ITERATIONS="3" PLATFORM="win32" RESULT="OK" RUN="00034"/><TEST DATE="2004-08-21" ITERATIONS="3" PLATFORM="linux2" RESULT="OK" RUN="00013"/><TEST DATE="2004-08-21" ITERATIONS="3" PLATFORM="win32" RESULT="OK" RUN="00012"/><TEST DATE="2004-08-20" ITERATIONS="3" PLATFORM="win32" RESULT="OK" RUN="00011"/><TEST DATE="2004-08-20" ITERATIONS="3" PLATFORM="win32" RESULT="OK" RUN="00010"/><TEST DATE="2004-08-19" ITERATIONS="3" PLATFORM="win32" RESULT="OK" RUN="00009"/><TEST DATE="2004-08-19" ITERATIONS="3" PLATFORM="win32" RESULT="OK" RUN="00008"/><TEST DATE="2004-08-19" ITERATIONS="3" PLATFORM="win32" RESULT="OK" RUN="00007"/><TEST DATE="2004-08-19" ITERATIONS="3" PLATFORM="win32" RESULT="OK" RUN="00006"/><TEST DATE="2004-07-15" ITERATIONS="3" PLATFORM="win32" RESULT="OK" RUN="00005"/><TEST DATE="2004-06-05" ITERATIONS="3" PLATFORM="win32" RESULT="OK" RUN="00004"/><TEST DATE="2004-06-03" ITERATIONS="1" PLATFORM="win32" RESULT="OK" RUN="00003"/><TEST DATE="2004-06-03" ITERATIONS="1" PLATFORM="win32" RESULT="OK" RUN="00002"/></FILE><FILE directory="reference" name="output.py"><TEST DATE="2006-03-15" ITERATIONS="3" PLATFORM="win32" RESULT="OK" RUN="00071"/><TEST DATE="2006-03-14" ITERATIONS="3" PLATFORM="win32" RESULT="OK" RUN="00068"/><TEST DATE="2006-03-10" ITERATIONS="3" PLATFORM="win32" RESULT="OK" RUN="00058"/><TEST DATE="2005-06-18" ITERATIONS="1" PLATFORM="win32" RESULT="OK" RUN="00056"/><TEST DATE="2005-03-09" ITERATIONS="1" PLATFORM="win32" RESULT="OK" RUN="00055"/><TEST DATE="2005-02-14" ITERATIONS="1" PLATFORM="win32" RESULT="OK" RUN="00056"/><TEST DATE="2005-01-31" ITERATIONS="3" PLATFORM="win32" RESULT="OK" RUN="00054"/><TEST DATE="2005-01-29" ITERATIONS="3" PLATFORM="win32" RESULT="OK" RUN="00053"/><TEST DATE="2005-01-28" ITERATIONS="1" PLATFORM="win32" RESULT="OK" RUN="00051"/><TEST DATE="2005-01-27" ITERATIONS="3" PLATFORM="win32" RESULT="OK" RUN="00050"/><TEST DATE="2005-01-27" ITERATIONS="3" PLATFORM="win32" RESULT="OK" RUN="00044"/><TEST DATE="2005-01-27" ITERATIONS="3" PLATFORM="win32" RESULT="OK" RUN="00043"/><TEST DATE="2005-01-21" ITERATIONS="3" PLATFORM="win32" RESULT="OK" RUN="00037"/><TEST DATE="2004-11-29" ITERATIONS="3" PLATFORM="win32" RESULT="OK" RUN="00036"/><TEST DATE="2004-09-17" ITERATIONS="3" PLATFORM="win32" RESULT="OK" RUN="00035"/><TEST DATE="2004-09-17" ITERATIONS="3" PLATFORM="win32" RESULT="OK" RUN="00034"/><TEST DATE="2004-08-21" ITERATIONS="3" PLATFORM="linux2" RESULT="OK" RUN="00013"/><TEST DATE="2004-08-21" ITERATIONS="3" PLATFORM="win32" RESULT="OK" RUN="00012"/><TEST DATE="2004-08-20" ITERATIONS="3" PLATFORM="win32" RESULT="OK" RUN="00011"/><TEST DATE="2004-08-20" ITERATIONS="3" PLATFORM="win32" RESULT="OK" RUN="00010"/><TEST DATE="2004-08-19" ITERATIONS="3" PLATFORM="win32" RESULT="OK" RUN="00009"/><TEST DATE="2004-08-19" ITERATIONS="3" PLATFORM="win32" RESULT="OK" RUN="00008"/><TEST DATE="2004-08-19" ITERATIONS="3" PLATFORM="win32" RESULT="OK" RUN="00007"/><TEST DATE="2004-08-19" ITERATIONS="3" PLATFORM="win32" RESULT="OK" RUN="00006"/><TEST DATE="2004-07-15" ITERATIONS="3" PLATFORM="win32" RESULT="OK" RUN="00005"/><TEST DATE="2004-06-05" ITERATIONS="3" PLATFORM="win32" RESULT="OK" RUN="00004"/><TEST DATE="2004-06-03" ITERATIONS="1" PLATFORM="win32" RESULT="OK" RUN="00003"/><TEST DATE="2004-06-03" ITERATIONS="1" PLATFORM="win32" RESULT="OK" RUN="00002"/></FILE><FILE directory="reference" name="pp-attributes.py"><TEST DATE="2006-03-15" ITERATIONS="3" PLATFORM="win32" RESULT="OK" RUN="00071"/><TEST DATE="2006-03-14" ITERATIONS="3" PLATFORM="win32" RESULT="OK" RUN="00068"/><TEST DATE="2006-03-10" ITERATIONS="3" PLATFORM="win32" RESULT="OK" RUN="00058"/><TEST DATE="2005-06-18" ITERATIONS="1" PLATFORM="win32" RESULT="OK" RUN="00056"/><TEST DATE="2005-03-09" ITERATIONS="1" PLATFORM="win32" RESULT="OK" RUN="00055"/><TEST DATE="2005-02-14" ITERATIONS="1" PLATFORM="win32" RESULT="OK" RUN="00056"/><TEST DATE="2005-01-31" ITERATIONS="3" PLATFORM="win32" RESULT="OK" RUN="00054"/><TEST DATE="2005-01-29" ITERATIONS="3" PLATFORM="win32" RESULT="OK" RUN="00053"/><TEST DATE="2005-01-28" ITERATIONS="1" PLATFORM="win32" RESULT="OK" RUN="00051"/><TEST DATE="2005-01-27" ITERATIONS="3" PLATFORM="win32" RESULT="OK" RUN="00050"/><TEST DATE="2005-01-27" ITERATIONS="3" PLATFORM="win32" RESULT="OK" RUN="00044"/><TEST DATE="2005-01-27" ITERATIONS="3" PLATFORM="win32" RESULT="OK" RUN="00043"/><TEST DATE="2005-01-21" ITERATIONS="3" PLATFORM="win32" RESULT="OK" RUN="00037"/><TEST DATE="2004-11-29" ITERATIONS="3" PLATFORM="win32" RESULT="OK" RUN="00036"/><TEST DATE="2004-09-17" ITERATIONS="3" PLATFORM="win32" RESULT="OK" RUN="00035"/><TEST DATE="2004-09-17" ITERATIONS="3" PLATFORM="win32" RESULT="OK" RUN="00034"/><TEST DATE="2004-08-21" ITERATIONS="3" PLATFORM="linux2" RESULT="OK" RUN="00013"/><TEST DATE="2004-08-21" ITERATIONS="3" PLATFORM="win32" RESULT="OK" RUN="00012"/><TEST DATE="2004-08-20" ITERATIONS="3" PLATFORM="win32" RESULT="OK" RUN="00011"/><TEST DATE="2004-08-20" ITERATIONS="3" PLATFORM="win32" RESULT="OK" RUN="00010"/><TEST DATE="2004-08-19" ITERATIONS="3" PLATFORM="win32" RESULT="OK" RUN="00009"/><TEST DATE="2004-08-19" ITERATIONS="3" PLATFORM="win32" RESULT="OK" RUN="00008"/><TEST DATE="2004-08-19" ITERATIONS="3" PLATFORM="win32" RESULT="OK" RUN="00007"/><TEST DATE="2004-08-19" ITERATIONS="3" PLATFORM="win32" RESULT="OK" RUN="00006"/><TEST DATE="2004-07-15" ITERATIONS="3" PLATFORM="win32" RESULT="OK" RUN="00005"/><TEST DATE="2004-06-05" ITERATIONS="3" PLATFORM="win32" RESULT="OK" RUN="00004"/><TEST DATE="2004-06-03" ITERATIONS="1" PLATFORM="win32" RESULT="OK" RUN="00003"/><TEST DATE="2004-06-03" ITERATIONS="1" PLATFORM="win32" RESULT="OK" RUN="00002"/></FILE><FILE directory="reference" name="pp-censoring.py"><TEST DATE="2006-03-15" ITERATIONS="3" PLATFORM="win32" RESULT="OK" RUN="00071"/><TEST DATE="2006-03-14" ITERATIONS="3" PLATFORM="win32" RESULT="OK" RUN="00068"/><TEST DATE="2006-03-10" ITERATIONS="3" PLATFORM="win32" RESULT="OK" RUN="00058"/><TEST DATE="2005-06-18" ITERATIONS="1" PLATFORM="win32" RESULT="OK" RUN="00056"/><TEST DATE="2005-03-09" ITERATIONS="1" PLATFORM="win32" RESULT="OK" RUN="00055"/><TEST DATE="2005-02-14" ITERATIONS="1" PLATFORM="win32" RESULT="OK" RUN="00056"/><TEST DATE="2005-01-31" ITERATIONS="3" PLATFORM="win32" RESULT="OK" RUN="00054"/><TEST DATE="2005-01-29" ITERATIONS="3" PLATFORM="win32" RESULT="OK" RUN="00053"/><TEST DATE="2005-01-28" ITERATIONS="1" PLATFORM="win32" RESULT="OK" RUN="00051"/><TEST DATE="2005-01-27" ITERATIONS="3" PLATFORM="win32" RESULT="OK" RUN="00050"/><TEST DATE="2005-01-27" ITERATIONS="3" PLATFORM="win32" RESULT="OK" RUN="00044"/><TEST DATE="2005-01-27" ITERATIONS="3" PLATFORM="win32" RESULT="OK" RUN="00043"/><TEST DATE="2005-01-21" ITERATIONS="3" PLATFORM="win32" RESULT="OK" RUN="00037"/><TEST DATE="2004-11-29" ITERATIONS="3" PLATFORM="win32" RESULT="OK" RUN="00036"/><TEST DATE="2004-09-17" ITERATIONS="3" PLATFORM="win32" RESULT="OK" RUN="00035"/><TEST DATE="2004-09-17" ITERATIONS="3" PLATFORM="win32" RESULT="OK" RUN="00034"/><TEST DATE="2004-08-21" ITERATIONS="3" PLATFORM="linux2" RESULT="OK" RUN="00013"/><TEST DATE="2004-08-21" ITERATIONS="3" PLATFORM="win32" RESULT="OK" RUN="00012"/><TEST DATE="2004-08-20" ITERATIONS="3" PLATFORM="win32" RESULT="OK" RUN="00011"/><TEST DATE="2004-08-20" ITERATIONS="3" PLATFORM="win32" RESULT="OK" RUN="00010"/><TEST DATE="2004-08-19" ITERATIONS="3" PLATFORM="win32" RESULT="OK" RUN="00009"/><TEST DATE="2004-08-19" ITERATIONS="3" PLATFORM="win32" RESULT="OK" RUN="00008"/><TEST DATE="2004-08-19" ITERATIONS="3" PLATFORM="win32" RESULT="OK" RUN="00007"/><TEST DATE="2004-08-19" ITERATIONS="3" PLATFORM="win32" RESULT="OK" RUN="00006"/><TEST DATE="2004-07-15" ITERATIONS="3" PLATFORM="win32" RESULT="OK" RUN="00005"/><TEST DATE="2004-06-05" ITERATIONS="3" PLATFORM="win32" RESULT="OK" RUN="00004"/><TEST DATE="2004-06-03" ITERATIONS="1" PLATFORM="win32" RESULT="OK" RUN="00003"/><TEST DATE="2004-06-03" ITERATIONS="1" PLATFORM="win32" RESULT="OK" RUN="00002"/></FILE><FILE directory="reference" name="pp-discretization.py"><TEST DATE="2006-03-15" ITERATIONS="3" PLATFORM="win32" RESULT="OK" RUN="00071"/><TEST DATE="2006-03-14" ITERATIONS="3" PLATFORM="win32" RESULT="OK" RUN="00068"/><TEST DATE="2006-03-10" ITERATIONS="3" PLATFORM="win32" RESULT="OK" RUN="00058"/><TEST DATE="2005-06-18" ITERATIONS="1" PLATFORM="win32" RESULT="OK" RUN="00056"/><TEST DATE="2005-03-09" ITERATIONS="1" PLATFORM="win32" RESULT="OK" RUN="00055"/><TEST DATE="2005-02-14" ITERATIONS="1" PLATFORM="win32" RESULT="OK" RUN="00056"/><TEST DATE="2005-01-31" ITERATIONS="3" PLATFORM="win32" RESULT="OK" RUN="00054"/><TEST DATE="2005-01-29" ITERATIONS="3" PLATFORM="win32" RESULT="OK" RUN="00053"/><TEST DATE="2005-01-28" ITERATIONS="1" PLATFORM="win32" RESULT="OK" RUN="00051"/><TEST DATE="2005-01-27" ITERATIONS="3" PLATFORM="win32" RESULT="OK" RUN="00050"/><TEST DATE="2005-01-27" ITERATIONS="3" PLATFORM="win32" RESULT="OK" RUN="00044"/><TEST DATE="2005-01-27" ITERATIONS="3" PLATFORM="win32" RESULT="OK" RUN="00043"/><TEST DATE="2005-01-21" ITERATIONS="3" PLATFORM="win32" RESULT="OK" RUN="00037"/><TEST DATE="2004-11-29" ITERATIONS="3" PLATFORM="win32" RESULT="OK" RUN="00036"/><TEST DATE="2004-09-17" ITERATIONS="3" PLATFORM="win32" RESULT="OK" RUN="00035"/><TEST DATE="2004-09-17" ITERATIONS="3" PLATFORM="win32" RESULT="OK" RUN="00034"/><TEST DATE="2004-08-21" ITERATIONS="3" PLATFORM="linux2" RESULT="OK" RUN="00013"/><TEST DATE="2004-08-21" ITERATIONS="3" PLATFORM="win32" RESULT="OK" RUN="00012"/><TEST DATE="2004-08-20" ITERATIONS="3" PLATFORM="win32" RESULT="OK" RUN="00011"/><TEST DATE="2004-08-20" ITERATIONS="3" PLATFORM="win32" RESULT="OK" RUN="00010"/><TEST DATE="2004-08-19" ITERATIONS="3" PLATFORM="win32" RESULT="OK" RUN="00009"/><TEST DATE="2004-08-19" ITERATIONS="3" PLATFORM="win32" RESULT="OK" RUN="00008"/><TEST DATE="2004-08-19" ITERATIONS="3" PLATFORM="win32" RESULT="OK" RUN="00007"/><TEST DATE="2004-08-19" ITERATIONS="3" PLATFORM="win32" RESULT="OK" RUN="00006"/><TEST DATE="2004-07-15" ITERATIONS="3" PLATFORM="win32" RESULT="OK" RUN="00005"/><TEST DATE="2004-06-05" ITERATIONS="3" PLATFORM="win32" RESULT="OK" RUN="00004"/><TEST DATE="2004-06-03" ITERATIONS="1" PLATFORM="win32" RESULT="OK" RUN="00003"/><TEST DATE="2004-06-03" ITERATIONS="1" PLATFORM="win32" RESULT="OK" RUN="00002"/></FILE><FILE directory="reference" name="pp-duplicates.py"><TEST DATE="2006-03-15" ITERATIONS="3" PLATFORM="win32" RESULT="OK" RUN="00071"/><TEST DATE="2006-03-14" ITERATIONS="3" PLATFORM="win32" RESULT="OK" RUN="00068"/><TEST DATE="2006-03-10" ITERATIONS="3" PLATFORM="win32" RESULT="OK" RUN="00058"/><TEST DATE="2005-06-18" ITERATIONS="1" PLATFORM="win32" RESULT="OK" RUN="00056"/><TEST DATE="2005-03-09" ITERATIONS="1" PLATFORM="win32" RESULT="OK" RUN="00055"/><TEST DATE="2005-02-14" ITERATIONS="1" PLATFORM="win32" RESULT="OK" RUN="00056"/><TEST DATE="2005-01-31" ITERATIONS="3" PLATFORM="win32" RESULT="OK" RUN="00054"/><TEST DATE="2005-01-29" ITERATIONS="3" PLATFORM="win32" RESULT="OK" RUN="00053"/><TEST DATE="2005-01-28" ITERATIONS="1" PLATFORM="win32" RESULT="OK" RUN="00051"/><TEST DATE="2005-01-27" ITERATIONS="3" PLATFORM="win32" RESULT="OK" RUN="00050"/><TEST DATE="2005-01-27" ITERATIONS="3" PLATFORM="win32" RESULT="OK" RUN="00044"/><TEST DATE="2005-01-27" ITERATIONS="3" PLATFORM="win32" RESULT="OK" RUN="00043"/><TEST DATE="2005-01-21" ITERATIONS="3" PLATFORM="win32" RESULT="OK" RUN="00037"/><TEST DATE="2004-11-29" ITERATIONS="3" PLATFORM="win32" RESULT="OK" RUN="00036"/><TEST DATE="2004-09-17" ITERATIONS="3" PLATFORM="win32" RESULT="OK" RUN="00035"/><TEST DATE="2004-09-17" ITERATIONS="3" PLATFORM="win32" RESULT="OK" RUN="00034"/><TEST DATE="2004-08-21" ITERATIONS="3" PLATFORM="linux2" RESULT="OK" RUN="00013"/><TEST DATE="2004-08-21" ITERATIONS="3" PLATFORM="win32" RESULT="OK" RUN="00012"/><TEST DATE="2004-08-20" ITERATIONS="3" PLATFORM="win32" RESULT="OK" RUN="00011"/><TEST DATE="2004-08-20" ITERATIONS="3" PLATFORM="win32" RESULT="OK" RUN="00010"/><TEST DATE="2004-08-19" ITERATIONS="3" PLATFORM="win32" RESULT="OK" RUN="00009"/><TEST DATE="2004-08-19" ITERATIONS="3" PLATFORM="win32" RESULT="OK" RUN="00008"/><TEST DATE="2004-08-19" ITERATIONS="3" PLATFORM="win32" RESULT="OK" RUN="00007"/><TEST DATE="2004-08-19" ITERATIONS="3" PLATFORM="win32" RESULT="OK" RUN="00006"/><TEST DATE="2004-07-15" ITERATIONS="3" PLATFORM="win32" RESULT="OK" RUN="00005"/><TEST DATE="2004-06-05" ITERATIONS="3" PLATFORM="win32" RESULT="OK" RUN="00004"/><TEST DATE="2004-06-03" ITERATIONS="1" PLATFORM="win32" RESULT="OK" RUN="00003"/><TEST DATE="2004-06-03" ITERATIONS="1" PLATFORM="win32" RESULT="OK" RUN="00002"/></FILE><FILE directory="reference" name="pp-missing.py"><TEST DATE="2006-03-15" ITERATIONS="3" PLATFORM="win32" RESULT="OK" RUN="00071"/><TEST DATE="2006-03-14" ITERATIONS="3" PLATFORM="win32" RESULT="OK" RUN="00069"/><TEST DATE="2006-03-14" ITERATIONS="3" PLATFORM="win32" RESULT="changed" RUN="00068"/><TEST DATE="2006-03-13" ITERATIONS="3" PLATFORM="win32" RESULT="OK" RUN="00065"/><TEST DATE="2006-03-13" ITERATIONS="3" PLATFORM="win32" RESULT="changed" RUN="00064"/><TEST DATE="2006-03-13" ITERATIONS="3" PLATFORM="win32" RESULT="changed" RUN="00063"/><TEST DATE="2006-03-12" ITERATIONS="3" PLATFORM="win32" RESULT="changed" RUN="00061"/><TEST DATE="2006-03-12" ITERATIONS="3" PLATFORM="win32" RESULT="changed" RUN="00060"/><TEST DATE="2006-03-10" ITERATIONS="3" PLATFORM="win32" RESULT="changed" RUN="00059"/><TEST DATE="2006-03-10" ITERATIONS="3" PLATFORM="win32" RESULT="changed" RUN="00058"/><TEST DATE="2005-06-18" ITERATIONS="1" PLATFORM="win32" RESULT="OK" RUN="00056"/><TEST DATE="2005-03-09" ITERATIONS="1" PLATFORM="win32" RESULT="OK" RUN="00055"/><TEST DATE="2005-02-14" ITERATIONS="1" PLATFORM="win32" RESULT="OK" RUN="00056"/><TEST DATE="2005-01-31" ITERATIONS="3" PLATFORM="win32" RESULT="OK" RUN="00054"/><TEST DATE="2005-01-29" ITERATIONS="3" PLATFORM="win32" RESULT="OK" RUN="00053"/><TEST DATE="2005-01-28" ITERATIONS="1" PLATFORM="win32" RESULT="OK" RUN="00051"/><TEST DATE="2005-01-27" ITERATIONS="3" PLATFORM="win32" RESULT="OK" RUN="00050"/><TEST DATE="2005-01-27" ITERATIONS="3" PLATFORM="win32" RESULT="OK" RUN="00045"/><TEST DATE="2005-01-27" ITERATIONS="3" PLATFORM="win32" RESULT="changed" RUN="00044"/><TEST DATE="2005-01-27" ITERATIONS="3" PLATFORM="win32" RESULT="changed" RUN="00043"/><TEST DATE="2005-01-21" ITERATIONS="3" PLATFORM="win32" RESULT="changed" RUN="00042"/><TEST DATE="2005-01-21" ITERATIONS="3" PLATFORM="win32" RESULT="changed" RUN="00041"/><TEST DATE="2005-01-21" ITERATIONS="3" PLATFORM="win32" RESULT="changed" RUN="00040"/><TEST DATE="2005-01-21" ITERATIONS="3" PLATFORM="win32" RESULT="changed" RUN="00039"/><TEST DATE="2005-01-21" ITERATIONS="3" PLATFORM="win32" RESULT="changed" RUN="00038"/><TEST DATE="2005-01-21" ITERATIONS="3" PLATFORM="win32" RESULT="changed" RUN="00037"/><TEST DATE="2004-11-29" ITERATIONS="3" PLATFORM="win32" RESULT="OK" RUN="00036"/><TEST DATE="2004-09-17" ITERATIONS="3" PLATFORM="win32" RESULT="changed" RUN="00035"/><TEST DATE="2004-09-17" ITERATIONS="3" PLATFORM="win32" RESULT="OK" RUN="00034"/><TEST DATE="2004-08-26" ITERATIONS="3" PLATFORM="linux2" RESULT="OK" RUN="00028"/><TEST DATE="2004-08-21" ITERATIONS="3" PLATFORM="linux2" RESULT="changed" RUN="00013"/><TEST DATE="2004-08-21" ITERATIONS="3" PLATFORM="win32" RESULT="OK" RUN="00012"/><TEST DATE="2004-08-20" ITERATIONS="3" PLATFORM="win32" RESULT="OK" RUN="00011"/><TEST DATE="2004-08-20" ITERATIONS="3" PLATFORM="win32" RESULT="OK" RUN="00010"/><TEST DATE="2004-08-19" ITERATIONS="3" PLATFORM="win32" RESULT="OK" RUN="00009"/><TEST DATE="2004-08-19" ITERATIONS="3" PLATFORM="win32" RESULT="OK" RUN="00008"/><TEST DATE="2004-08-19" ITERATIONS="3" PLATFORM="win32" RESULT="OK" RUN="00007"/><TEST DATE="2004-08-19" ITERATIONS="3" PLATFORM="win32" RESULT="changed" RUN="00006"/><TEST DATE="2004-07-15" ITERATIONS="3" PLATFORM="win32" RESULT="changed" RUN="00005"/><TEST DATE="2004-06-05" ITERATIONS="3" PLATFORM="win32" RESULT="OK" RUN="00004"/><TEST DATE="2004-06-03" ITERATIONS="1" PLATFORM="win32" RESULT="OK" RUN="00003"/><TEST DATE="2004-06-03" ITERATIONS="1" PLATFORM="win32" RESULT="OK" RUN="00002"/></FILE><FILE directory="reference" name="pp-noise.py"><TEST DATE="2006-03-15" ITERATIONS="3" PLATFORM="win32" RESULT="OK" RUN="00071"/><TEST DATE="2006-03-14" ITERATIONS="3" PLATFORM="win32" RESULT="OK" RUN="00069"/><TEST DATE="2006-03-14" ITERATIONS="3" PLATFORM="win32" RESULT="changed" RUN="00068"/><TEST DATE="2006-03-13" ITERATIONS="3" PLATFORM="win32" RESULT="OK" RUN="00065"/><TEST DATE="2006-03-13" ITERATIONS="3" PLATFORM="win32" RESULT="changed" RUN="00064"/><TEST DATE="2006-03-13" ITERATIONS="3" PLATFORM="win32" RESULT="changed" RUN="00063"/><TEST DATE="2006-03-12" ITERATIONS="3" PLATFORM="win32" RESULT="changed" RUN="00061"/><TEST DATE="2006-03-12" ITERATIONS="3" PLATFORM="win32" RESULT="changed" RUN="00060"/><TEST DATE="2006-03-10" ITERATIONS="3" PLATFORM="win32" RESULT="changed" RUN="00059"/><TEST DATE="2006-03-10" ITERATIONS="3" PLATFORM="win32" RESULT="changed" RUN="00058"/><TEST DATE="2005-06-18" ITERATIONS="1" PLATFORM="win32" RESULT="OK" RUN="00056"/><TEST DATE="2005-03-09" ITERATIONS="1" PLATFORM="win32" RESULT="OK" RUN="00055"/><TEST DATE="2005-02-14" ITERATIONS="1" PLATFORM="win32" RESULT="OK" RUN="00056"/><TEST DATE="2005-01-31" ITERATIONS="3" PLATFORM="win32" RESULT="OK" RUN="00054"/><TEST DATE="2005-01-29" ITERATIONS="3" PLATFORM="win32" RESULT="OK" RUN="00053"/><TEST DATE="2005-01-28" ITERATIONS="1" PLATFORM="win32" RESULT="OK" RUN="00051"/><TEST DATE="2005-01-27" ITERATIONS="3" PLATFORM="win32" RESULT="OK" RUN="00050"/><TEST DATE="2005-01-27" ITERATIONS="3" PLATFORM="win32" RESULT="OK" RUN="00045"/><TEST DATE="2005-01-27" ITERATIONS="3" PLATFORM="win32" RESULT="changed" RUN="00044"/><TEST DATE="2005-01-27" ITERATIONS="3" PLATFORM="win32" RESULT="changed" RUN="00043"/><TEST DATE="2005-01-21" ITERATIONS="3" PLATFORM="win32" RESULT="" RUN="00042"/><TEST DATE="2005-01-21" ITERATIONS="3" PLATFORM="win32" RESULT="" RUN="00041"/><TEST DATE="2005-01-21" ITERATIONS="3" PLATFORM="win32" RESULT="" RUN="00040"/><TEST DATE="2005-01-21" ITERATIONS="3" PLATFORM="win32" RESULT="" RUN="00039"/><TEST DATE="2005-01-21" ITERATIONS="3" PLATFORM="win32" RESULT="" RUN="00038"/><TEST DATE="2005-01-21" ITERATIONS="3" PLATFORM="win32" RESULT="" RUN="00037"/><TEST DATE="2004-11-29" ITERATIONS="3" PLATFORM="win32" RESULT="OK" RUN="00036"/><TEST DATE="2004-09-17" ITERATIONS="3" PLATFORM="win32" RESULT="changed" RUN="00035"/><TEST DATE="2004-09-17" ITERATIONS="3" PLATFORM="win32" RESULT="OK" RUN="00034"/><TEST DATE="2004-08-21" ITERATIONS="3" PLATFORM="linux2" RESULT="OK" RUN="00013"/><TEST DATE="2004-08-21" ITERATIONS="3" PLATFORM="win32" RESULT="OK" RUN="00012"/><TEST DATE="2004-08-20" ITERATIONS="3" PLATFORM="win32" RESULT="OK" RUN="00011"/><TEST DATE="2004-08-20" ITERATIONS="3" PLATFORM="win32" RESULT="OK" RUN="00010"/><TEST DATE="2004-08-19" ITERATIONS="3" PLATFORM="win32" RESULT="OK" RUN="00009"/><TEST DATE="2004-08-19" ITERATIONS="3" PLATFORM="win32" RESULT="OK" RUN="00008"/><TEST DATE="2004-08-19" ITERATIONS="3" PLATFORM="win32" RESULT="OK" RUN="00007"/><TEST DATE="2004-08-19" ITERATIONS="3" PLATFORM="win32" RESULT="changed" RUN="00006"/><TEST DATE="2004-07-15" ITERATIONS="3" PLATFORM="win32" RESULT="changed" RUN="00005"/><TEST DATE="2004-06-05" ITERATIONS="3" PLATFORM="win32" RESULT="OK" RUN="00004"/><TEST DATE="2004-06-03" ITERATIONS="1" PLATFORM="win32" RESULT="OK" RUN="00003"/><TEST DATE="2004-06-03" ITERATIONS="1" PLATFORM="win32" RESULT="OK" RUN="00002"/></FILE><FILE directory="reference" name="pp-select.py"><TEST DATE="2006-03-15" ITERATIONS="3" PLATFORM="win32" RESULT="OK" RUN="00071"/><TEST DATE="2006-03-14" ITERATIONS="3" PLATFORM="win32" RESULT="OK" RUN="00068"/><TEST DATE="2006-03-10" ITERATIONS="3" PLATFORM="win32" RESULT="OK" RUN="00058"/><TEST DATE="2005-06-18" ITERATIONS="1" PLATFORM="win32" RESULT="OK" RUN="00056"/><TEST DATE="2005-03-09" ITERATIONS="1" PLATFORM="win32" RESULT="OK" RUN="00055"/><TEST DATE="2005-02-14" ITERATIONS="1" PLATFORM="win32" RESULT="OK" RUN="00056"/><TEST DATE="2005-01-31" ITERATIONS="3" PLATFORM="win32" RESULT="OK" RUN="00054"/><TEST DATE="2005-01-29" ITERATIONS="3" PLATFORM="win32" RESULT="OK" RUN="00053"/><TEST DATE="2005-01-28" ITERATIONS="1" PLATFORM="win32" RESULT="OK" RUN="00051"/><TEST DATE="2005-01-27" ITERATIONS="3" PLATFORM="win32" RESULT="OK" RUN="00050"/><TEST DATE="2005-01-27" ITERATIONS="3" PLATFORM="win32" RESULT="OK" RUN="00044"/><TEST DATE="2005-01-27" ITERATIONS="3" PLATFORM="win32" RESULT="OK" RUN="00043"/><TEST DATE="2005-01-21" ITERATIONS="3" PLATFORM="win32" RESULT="OK" RUN="00037"/><TEST DATE="2004-11-29" ITERATIONS="3" PLATFORM="win32" RESULT="OK" RUN="00036"/><TEST DATE="2004-09-17" ITERATIONS="3" PLATFORM="win32" RESULT="OK" RUN="00035"/><TEST DATE="2004-09-17" ITERATIONS="3" PLATFORM="win32" RESULT="OK" RUN="00034"/><TEST DATE="2004-08-21" ITERATIONS="3" PLATFORM="linux2" RESULT="OK" RUN="00013"/><TEST DATE="2004-08-21" ITERATIONS="3" PLATFORM="win32" RESULT="OK" RUN="00012"/><TEST DATE="2004-08-20" ITERATIONS="3" PLATFORM="win32" RESULT="OK" RUN="00011"/><TEST DATE="2004-08-20" ITERATIONS="3" PLATFORM="win32" RESULT="OK" RUN="00010"/><TEST DATE="2004-08-19" ITERATIONS="3" PLATFORM="win32" RESULT="OK" RUN="00009"/><TEST DATE="2004-08-19" ITERATIONS="3" PLATFORM="win32" RESULT="OK" RUN="00008"/><TEST DATE="2004-08-19" ITERATIONS="3" PLATFORM="win32" RESULT="OK" RUN="00007"/><TEST DATE="2004-08-19" ITERATIONS="3" PLATFORM="win32" RESULT="OK" RUN="00006"/><TEST DATE="2004-07-15" ITERATIONS="3" PLATFORM="win32" RESULT="OK" RUN="00005"/><TEST DATE="2004-06-05" ITERATIONS="3" PLATFORM="win32" RESULT="OK" RUN="00004"/><TEST DATE="2004-06-03" ITERATIONS="1" PLATFORM="win32" RESULT="OK" RUN="00003"/><TEST DATE="2004-06-03" ITERATIONS="1" PLATFORM="win32" RESULT="OK" RUN="00002"/></FILE><FILE directory="reference" name="pp-weights.py"><TEST DATE="2006-03-15" ITERATIONS="3" PLATFORM="win32" RESULT="OK" RUN="00071"/><TEST DATE="2006-03-14" ITERATIONS="3" PLATFORM="win32" RESULT="OK" RUN="00068"/><TEST DATE="2006-03-10" ITERATIONS="3" PLATFORM="win32" RESULT="OK" RUN="00058"/><TEST DATE="2005-06-18" ITERATIONS="1" PLATFORM="win32" RESULT="OK" RUN="00056"/><TEST DATE="2005-03-09" ITERATIONS="1" PLATFORM="win32" RESULT="OK" RUN="00055"/><TEST DATE="2005-02-14" ITERATIONS="1" PLATFORM="win32" RESULT="OK" RUN="00056"/><TEST DATE="2005-01-31" ITERATIONS="3" PLATFORM="win32" RESULT="OK" RUN="00054"/><TEST DATE="2005-01-29" ITERATIONS="3" PLATFORM="win32" RESULT="OK" RUN="00053"/><TEST DATE="2005-01-28" ITERATIONS="1" PLATFORM="win32" RESULT="OK" RUN="00051"/><TEST DATE="2005-01-27" ITERATIONS="3" PLATFORM="win32" RESULT="OK" RUN="00050"/><TEST DATE="2005-01-27" ITERATIONS="3" PLATFORM="win32" RESULT="OK" RUN="00044"/><TEST DATE="2005-01-27" ITERATIONS="3" PLATFORM="win32" RESULT="OK" RUN="00043"/><TEST DATE="2005-01-21" ITERATIONS="3" PLATFORM="win32" RESULT="OK" RUN="00040"/><TEST DATE="2005-01-21" ITERATION="0" ITERATIONS="3" PLATFORM="win32" RESULT="error" RUN="00039" xml:space="preserve">Traceback (most recent call last):
  File &quot;D:/ai/Orange/regressionTests/xtest1.py&quot;, line 92, in ?
    execfile(t__name)
  File &quot;pp-weights.py&quot;, line 12, in ?
    pp.classWeights = [2.0, 1.0, 1.0]
SystemError: Orange class OrangeVector&lt;float,1&gt;, needed for 'Preprocessor_addClassWeight.classWeights' not exported to Python
</TEST><TEST DATE="2005-01-21" ITERATION="0" ITERATIONS="3" PLATFORM="win32" RESULT="error" RUN="00038" xml:space="preserve">Traceback (most recent call last):
  File &quot;D:/ai/Orange/regressionTests/xtest1.py&quot;, line 92, in ?
    execfile(t__name)
  File &quot;pp-weights.py&quot;, line 12, in ?
    pp.classWeights = [2.0, 1.0, 1.0]
SystemError: Orange class OrangeVector&lt;float,1&gt;, needed for 'Preprocessor_addClassWeight.classWeights' not exported to Python
</TEST><TEST DATE="2005-01-21" ITERATION="0" ITERATIONS="3" PLATFORM="win32" RESULT="error" RUN="00037" xml:space="preserve">Traceback (most recent call last):
  File &quot;D:/ai/Orange/regressionTests/xtest1.py&quot;, line 92, in ?
    execfile(t__name)
  File &quot;pp-weights.py&quot;, line 12, in ?
    pp.classWeights = [2.0, 1.0, 1.0]
SystemError: Orange class OrangeVector&lt;float,1&gt;, needed for 'Preprocessor_addClassWeight.classWeights' not exported to Python
</TEST><TEST DATE="2004-11-29" ITERATIONS="3" PLATFORM="win32" RESULT="OK" RUN="00036"/><TEST DATE="2004-09-17" ITERATIONS="3" PLATFORM="win32" RESULT="OK" RUN="00035"/><TEST DATE="2004-09-17" ITERATIONS="3" PLATFORM="win32" RESULT="OK" RUN="00034"/><TEST DATE="2004-08-21" ITERATIONS="3" PLATFORM="linux2" RESULT="OK" RUN="00013"/><TEST DATE="2004-08-21" ITERATIONS="3" PLATFORM="win32" RESULT="OK" RUN="00012"/><TEST DATE="2004-08-20" ITERATIONS="3" PLATFORM="win32" RESULT="OK" RUN="00011"/><TEST DATE="2004-08-20" ITERATIONS="3" PLATFORM="win32" RESULT="OK" RUN="00010"/><TEST DATE="2004-08-19" ITERATIONS="3" PLATFORM="win32" RESULT="OK" RUN="00009"/><TEST DATE="2004-08-19" ITERATIONS="3" PLATFORM="win32" RESULT="OK" RUN="00008"/><TEST DATE="2004-08-19" ITERATIONS="3" PLATFORM="win32" RESULT="OK" RUN="00007"/><TEST DATE="2004-08-19" ITERATIONS="3" PLATFORM="win32" RESULT="OK" RUN="00006"/><TEST DATE="2004-07-15" ITERATIONS="3" PLATFORM="win32" RESULT="OK" RUN="00005"/><TEST DATE="2004-06-05" ITERATIONS="3" PLATFORM="win32" RESULT="OK" RUN="00004"/><TEST DATE="2004-06-03" ITERATIONS="1" PLATFORM="win32" RESULT="OK" RUN="00003"/><TEST DATE="2004-06-03" ITERATIONS="1" PLATFORM="win32" RESULT="OK" RUN="00002"/></FILE><FILE directory="reference" name="randomindices2.py"><TEST DATE="2006-03-15" ITERATIONS="3" PLATFORM="win32" RESULT="OK" RUN="00071"/><TEST DATE="2006-03-14" ITERATIONS="3" PLATFORM="win32" RESULT="OK" RUN="00068"/><TEST DATE="2006-03-10" ITERATIONS="3" PLATFORM="win32" RESULT="OK" RUN="00058"/><TEST DATE="2005-06-18" ITERATIONS="1" PLATFORM="win32" RESULT="OK" RUN="00056"/><TEST DATE="2005-03-09" ITERATIONS="1" PLATFORM="win32" RESULT="OK" RUN="00055"/><TEST DATE="2005-02-14" ITERATIONS="1" PLATFORM="win32" RESULT="OK" RUN="00056"/><TEST DATE="2005-01-31" ITERATIONS="3" PLATFORM="win32" RESULT="OK" RUN="00054"/><TEST DATE="2005-01-29" ITERATIONS="3" PLATFORM="win32" RESULT="OK" RUN="00053"/><TEST DATE="2005-01-28" ITERATIONS="1" PLATFORM="win32" RESULT="OK" RUN="00051"/><TEST DATE="2005-01-27" ITERATIONS="3" PLATFORM="win32" RESULT="OK" RUN="00050"/><TEST DATE="2005-01-27" ITERATIONS="3" PLATFORM="win32" RESULT="OK" RUN="00044"/><TEST DATE="2005-01-27" ITERATIONS="3" PLATFORM="win32" RESULT="OK" RUN="00043"/><TEST DATE="2005-01-21" ITERATIONS="3" PLATFORM="win32" RESULT="OK" RUN="00037"/><TEST DATE="2004-11-29" ITERATIONS="3" PLATFORM="win32" RESULT="OK" RUN="00036"/><TEST DATE="2004-09-17" ITERATIONS="3" PLATFORM="win32" RESULT="OK" RUN="00035"/><TEST DATE="2004-09-17" ITERATIONS="3" PLATFORM="win32" RESULT="OK" RUN="00034"/><TEST DATE="2004-08-21" ITERATIONS="3" PLATFORM="linux2" RESULT="OK" RUN="00013"/><TEST DATE="2004-08-21" ITERATIONS="3" PLATFORM="win32" RESULT="OK" RUN="00012"/><TEST DATE="2004-08-20" ITERATIONS="3" PLATFORM="win32" RESULT="OK" RUN="00011"/><TEST DATE="2004-08-20" ITERATIONS="3" PLATFORM="win32" RESULT="OK" RUN="00010"/><TEST DATE="2004-08-19" ITERATIONS="3" PLATFORM="win32" RESULT="OK" RUN="00009"/><TEST DATE="2004-08-19" ITERATIONS="3" PLATFORM="win32" RESULT="OK" RUN="00008"/><TEST DATE="2004-08-19" ITERATIONS="3" PLATFORM="win32" RESULT="OK" RUN="00007"/><TEST DATE="2004-08-19" ITERATIONS="3" PLATFORM="win32" RESULT="OK" RUN="00006"/><TEST DATE="2004-07-15" ITERATIONS="3" PLATFORM="win32" RESULT="OK" RUN="00005"/><TEST DATE="2004-06-05" ITERATIONS="3" PLATFORM="win32" RESULT="OK" RUN="00004"/><TEST DATE="2004-06-03" ITERATIONS="1" PLATFORM="win32" RESULT="OK" RUN="00003"/><TEST DATE="2004-06-03" ITERATIONS="1" PLATFORM="win32" RESULT="OK" RUN="00002"/></FILE><FILE directory="reference" name="randomindicescv.py"><TEST DATE="2006-03-15" ITERATIONS="3" PLATFORM="win32" RESULT="OK" RUN="00071"/><TEST DATE="2006-03-14" ITERATIONS="3" PLATFORM="win32" RESULT="OK" RUN="00068"/><TEST DATE="2006-03-10" ITERATIONS="3" PLATFORM="win32" RESULT="OK" RUN="00058"/><TEST DATE="2005-06-18" ITERATIONS="1" PLATFORM="win32" RESULT="OK" RUN="00056"/><TEST DATE="2005-03-09" ITERATIONS="1" PLATFORM="win32" RESULT="OK" RUN="00055"/><TEST DATE="2005-02-14" ITERATIONS="1" PLATFORM="win32" RESULT="OK" RUN="00056"/><TEST DATE="2005-01-31" ITERATIONS="3" PLATFORM="win32" RESULT="OK" RUN="00054"/><TEST DATE="2005-01-29" ITERATIONS="3" PLATFORM="win32" RESULT="OK" RUN="00053"/><TEST DATE="2005-01-28" ITERATIONS="1" PLATFORM="win32" RESULT="OK" RUN="00051"/><TEST DATE="2005-01-27" ITERATIONS="3" PLATFORM="win32" RESULT="OK" RUN="00050"/><TEST DATE="2005-01-27" ITERATIONS="3" PLATFORM="win32" RESULT="OK" RUN="00044"/><TEST DATE="2005-01-27" ITERATIONS="3" PLATFORM="win32" RESULT="OK" RUN="00043"/><TEST DATE="2005-01-21" ITERATIONS="3" PLATFORM="win32" RESULT="OK" RUN="00037"/><TEST DATE="2004-11-29" ITERATIONS="3" PLATFORM="win32" RESULT="OK" RUN="00036"/><TEST DATE="2004-09-17" ITERATIONS="3" PLATFORM="win32" RESULT="OK" RUN="00035"/><TEST DATE="2004-09-17" ITERATIONS="3" PLATFORM="win32" RESULT="OK" RUN="00034"/><TEST DATE="2004-08-21" ITERATIONS="3" PLATFORM="linux2" RESULT="OK" RUN="00013"/><TEST DATE="2004-08-21" ITERATIONS="3" PLATFORM="win32" RESULT="OK" RUN="00012"/><TEST DATE="2004-08-20" ITERATIONS="3" PLATFORM="win32" RESULT="OK" RUN="00011"/><TEST DATE="2004-08-20" ITERATIONS="3" PLATFORM="win32" RESULT="OK" RUN="00010"/><TEST DATE="2004-08-19" ITERATIONS="3" PLATFORM="win32" RESULT="OK" RUN="00009"/><TEST DATE="2004-08-19" ITERATIONS="3" PLATFORM="win32" RESULT="OK" RUN="00008"/><TEST DATE="2004-08-19" ITERATIONS="3" PLATFORM="win32" RESULT="OK" RUN="00007"/><TEST DATE="2004-08-19" ITERATIONS="3" PLATFORM="win32" RESULT="OK" RUN="00006"/><TEST DATE="2004-07-15" ITERATIONS="3" PLATFORM="win32" RESULT="OK" RUN="00005"/><TEST DATE="2004-06-05" ITERATIONS="3" PLATFORM="win32" RESULT="OK" RUN="00004"/><TEST DATE="2004-06-03" ITERATIONS="1" PLATFORM="win32" RESULT="OK" RUN="00003"/><TEST DATE="2004-06-03" ITERATIONS="1" PLATFORM="win32" RESULT="OK" RUN="00002"/></FILE><FILE directory="reference" name="randomindicesn.py"><TEST DATE="2006-03-15" ITERATIONS="3" PLATFORM="win32" RESULT="OK" RUN="00071"/><TEST DATE="2006-03-14" ITERATIONS="3" PLATFORM="win32" RESULT="OK" RUN="00068"/><TEST DATE="2006-03-10" ITERATIONS="3" PLATFORM="win32" RESULT="OK" RUN="00058"/><TEST DATE="2005-06-18" ITERATIONS="1" PLATFORM="win32" RESULT="OK" RUN="00056"/><TEST DATE="2005-03-09" ITERATIONS="1" PLATFORM="win32" RESULT="OK" RUN="00055"/><TEST DATE="2005-02-14" ITERATIONS="1" PLATFORM="win32" RESULT="OK" RUN="00056"/><TEST DATE="2005-01-31" ITERATIONS="3" PLATFORM="win32" RESULT="OK" RUN="00054"/><TEST DATE="2005-01-29" ITERATIONS="3" PLATFORM="win32" RESULT="OK" RUN="00053"/><TEST DATE="2005-01-28" ITERATIONS="1" PLATFORM="win32" RESULT="OK" RUN="00051"/><TEST DATE="2005-01-27" ITERATIONS="3" PLATFORM="win32" RESULT="OK" RUN="00050"/><TEST DATE="2005-01-27" ITERATIONS="3" PLATFORM="win32" RESULT="OK" RUN="00044"/><TEST DATE="2005-01-27" ITERATIONS="3" PLATFORM="win32" RESULT="OK" RUN="00043"/><TEST DATE="2005-01-21" ITERATIONS="3" PLATFORM="win32" RESULT="OK" RUN="00040"/><TEST DATE="2005-01-21" ITERATION="0" ITERATIONS="3" PLATFORM="win32" RESULT="error" RUN="00039" xml:space="preserve">Traceback (most recent call last):
  File &quot;D:/ai/Orange/regressionTests/xtest1.py&quot;, line 92, in ?
    execfile(t__name)
  File &quot;randomindicesn.py&quot;, line 11, in ?
    indicesn = orange.MakeRandomIndicesN(p=[0.5, 0.25])
SystemError: Orange class OrangeVector&lt;float,1&gt;, needed for 'MakeRandomIndicesN.p' not exported to Python
</TEST><TEST DATE="2005-01-21" ITERATION="0" ITERATIONS="3" PLATFORM="win32" RESULT="error" RUN="00038" xml:space="preserve">Traceback (most recent call last):
  File &quot;D:/ai/Orange/regressionTests/xtest1.py&quot;, line 92, in ?
    execfile(t__name)
  File &quot;randomindicesn.py&quot;, line 11, in ?
    indicesn = orange.MakeRandomIndicesN(p=[0.5, 0.25])
SystemError: Orange class OrangeVector&lt;float,1&gt;, needed for 'MakeRandomIndicesN.p' not exported to Python
</TEST><TEST DATE="2005-01-21" ITERATION="0" ITERATIONS="3" PLATFORM="win32" RESULT="error" RUN="00037" xml:space="preserve">Traceback (most recent call last):
  File &quot;D:/ai/Orange/regressionTests/xtest1.py&quot;, line 92, in ?
    execfile(t__name)
  File &quot;randomindicesn.py&quot;, line 11, in ?
    indicesn = orange.MakeRandomIndicesN(p=[0.5, 0.25])
SystemError: Orange class OrangeVector&lt;float,1&gt;, needed for 'MakeRandomIndicesN.p' not exported to Python
</TEST><TEST DATE="2004-11-29" ITERATIONS="3" PLATFORM="win32" RESULT="OK" RUN="00036"/><TEST DATE="2004-09-17" ITERATIONS="3" PLATFORM="win32" RESULT="OK" RUN="00035"/><TEST DATE="2004-09-17" ITERATIONS="3" PLATFORM="win32" RESULT="OK" RUN="00034"/><TEST DATE="2004-08-21" ITERATIONS="3" PLATFORM="linux2" RESULT="OK" RUN="00013"/><TEST DATE="2004-08-21" ITERATIONS="3" PLATFORM="win32" RESULT="OK" RUN="00012"/><TEST DATE="2004-08-20" ITERATIONS="3" PLATFORM="win32" RESULT="OK" RUN="00011"/><TEST DATE="2004-08-20" ITERATIONS="3" PLATFORM="win32" RESULT="OK" RUN="00010"/><TEST DATE="2004-08-19" ITERATIONS="3" PLATFORM="win32" RESULT="OK" RUN="00009"/><TEST DATE="2004-08-19" ITERATIONS="3" PLATFORM="win32" RESULT="OK" RUN="00008"/><TEST DATE="2004-08-19" ITERATIONS="3" PLATFORM="win32" RESULT="OK" RUN="00007"/><TEST DATE="2004-08-19" ITERATIONS="3" PLATFORM="win32" RESULT="OK" RUN="00006"/><TEST DATE="2004-07-15" ITERATIONS="3" PLATFORM="win32" RESULT="OK" RUN="00005"/><TEST DATE="2004-06-05" ITERATIONS="3" PLATFORM="win32" RESULT="OK" RUN="00004"/><TEST DATE="2004-06-03" ITERATIONS="1" PLATFORM="win32" RESULT="OK" RUN="00003"/><TEST DATE="2004-06-03" ITERATIONS="1" PLATFORM="win32" RESULT="OK" RUN="00002"/></FILE><FILE directory="reference" name="subsetsgenerators.py"><TEST DATE="2006-03-15" ITERATIONS="3" PLATFORM="win32" RESULT="OK" RUN="00071"/><TEST DATE="2006-03-14" ITERATIONS="3" PLATFORM="win32" RESULT="OK" RUN="00068"/><TEST DATE="2006-03-10" ITERATIONS="3" PLATFORM="win32" RESULT="OK" RUN="00058"/><TEST DATE="2005-06-18" ITERATIONS="1" PLATFORM="win32" RESULT="OK" RUN="00056"/><TEST DATE="2005-03-09" ITERATIONS="1" PLATFORM="win32" RESULT="OK" RUN="00055"/><TEST DATE="2005-02-14" ITERATIONS="1" PLATFORM="win32" RESULT="OK" RUN="00056"/><TEST DATE="2005-01-31" ITERATIONS="3" PLATFORM="win32" RESULT="OK" RUN="00054"/><TEST DATE="2005-01-29" ITERATIONS="3" PLATFORM="win32" RESULT="OK" RUN="00053"/><TEST DATE="2005-01-28" ITERATIONS="1" PLATFORM="win32" RESULT="OK" RUN="00051"/><TEST DATE="2005-01-27" ITERATIONS="3" PLATFORM="win32" RESULT="OK" RUN="00050"/><TEST DATE="2005-01-27" ITERATIONS="3" PLATFORM="win32" RESULT="OK" RUN="00044"/><TEST DATE="2005-01-27" ITERATION="0" ITERATIONS="3" PLATFORM="win32" RESULT="error" RUN="00043" xml:space="preserve">Traceback (most recent call last):
  File &quot;D:/ai/Orange/regressionTests/xtest1.py&quot;, line 92, in ?
    execfile(t__name)
  File &quot;subsetsgenerators.py&quot;, line 18, in ?
    for attrs in gen2(data.domain.attributes, B=3):
AttributeError: this function accepts no keyword arguments
</TEST><TEST DATE="2005-01-21" ITERATIONS="3" PLATFORM="win32" RESULT="OK" RUN="00037"/><TEST DATE="2004-11-29" ITERATIONS="3" PLATFORM="win32" RESULT="OK" RUN="00036"/><TEST DATE="2004-09-17" ITERATIONS="3" PLATFORM="win32" RESULT="OK" RUN="00035"/><TEST DATE="2004-09-17" ITERATIONS="3" PLATFORM="win32" RESULT="OK" RUN="00034"/><TEST DATE="2004-08-21" ITERATIONS="3" PLATFORM="linux2" RESULT="OK" RUN="00013"/><TEST DATE="2004-08-21" ITERATIONS="3" PLATFORM="win32" RESULT="OK" RUN="00012"/><TEST DATE="2004-08-20" ITERATIONS="3" PLATFORM="win32" RESULT="OK" RUN="00011"/><TEST DATE="2004-08-20" ITERATIONS="3" PLATFORM="win32" RESULT="OK" RUN="00010"/><TEST DATE="2004-08-19" ITERATIONS="3" PLATFORM="win32" RESULT="OK" RUN="00009"/><TEST DATE="2004-08-19" ITERATIONS="3" PLATFORM="win32" RESULT="OK" RUN="00008"/><TEST DATE="2004-08-19" ITERATIONS="3" PLATFORM="win32" RESULT="OK" RUN="00007"/><TEST DATE="2004-08-19" ITERATIONS="3" PLATFORM="win32" RESULT="OK" RUN="00006"/><TEST DATE="2004-07-15" ITERATIONS="3" PLATFORM="win32" RESULT="OK" RUN="00005"/><TEST DATE="2004-06-05" ITERATIONS="3" PLATFORM="win32" RESULT="OK" RUN="00004"/><TEST DATE="2004-06-03" ITERATIONS="1" PLATFORM="win32" RESULT="OK" RUN="00003"/><TEST DATE="2004-06-03" ITERATIONS="1" PLATFORM="win32" RESULT="OK" RUN="00002"/></FILE><FILE directory="reference" name="symmatrix.py"><TEST DATE="2006-03-15" ITERATIONS="3" PLATFORM="win32" RESULT="OK" RUN="00071"/><TEST DATE="2006-03-14" ITERATIONS="3" PLATFORM="win32" RESULT="OK" RUN="00068"/><TEST DATE="2006-03-10" ITERATIONS="3" PLATFORM="win32" RESULT="OK" RUN="00058"/><TEST DATE="2005-06-18" ITERATIONS="1" PLATFORM="win32" RESULT="OK" RUN="00056"/><TEST DATE="2005-03-09" ITERATIONS="1" PLATFORM="win32" RESULT="OK" RUN="00055"/><TEST DATE="2005-02-14" ITERATIONS="1" PLATFORM="win32" RESULT="OK" RUN="00056"/><TEST DATE="2005-01-31" ITERATIONS="3" PLATFORM="win32" RESULT="OK" RUN="00054"/><TEST DATE="2005-01-29" ITERATIONS="3" PLATFORM="win32" RESULT="OK" RUN="00053"/><TEST DATE="2005-01-28" ITERATIONS="1" PLATFORM="win32" RESULT="OK" RUN="00051"/><TEST DATE="2005-01-27" ITERATIONS="3" PLATFORM="win32" RESULT="OK" RUN="00050"/><TEST DATE="2005-01-27" ITERATIONS="3" PLATFORM="win32" RESULT="OK" RUN="00044"/><TEST DATE="2005-01-27" ITERATIONS="3" PLATFORM="win32" RESULT="OK" RUN="00043"/><TEST DATE="2005-01-21" ITERATIONS="3" PLATFORM="win32" RESULT="OK" RUN="00037"/><TEST DATE="2004-11-29" ITERATIONS="3" PLATFORM="win32" RESULT="OK" RUN="00036"/><TEST DATE="2004-09-17" ITERATIONS="3" PLATFORM="win32" RESULT="OK" RUN="00035"/><TEST DATE="2004-09-17" ITERATIONS="3" PLATFORM="win32" RESULT="OK" RUN="00034"/><TEST DATE="2004-08-21" ITERATIONS="3" PLATFORM="linux2" RESULT="OK" RUN="00013"/><TEST DATE="2004-08-21" ITERATIONS="3" PLATFORM="win32" RESULT="OK" RUN="00012"/><TEST DATE="2004-08-20" ITERATIONS="3" PLATFORM="win32" RESULT="OK" RUN="00011"/><TEST DATE="2004-08-20" ITERATIONS="3" PLATFORM="win32" RESULT="OK" RUN="00010"/><TEST DATE="2004-08-19" ITERATIONS="3" PLATFORM="win32" RESULT="OK" RUN="00009"/><TEST DATE="2004-08-19" ITERATIONS="3" PLATFORM="win32" RESULT="OK" RUN="00008"/><TEST DATE="2004-08-19" ITERATIONS="3" PLATFORM="win32" RESULT="OK" RUN="00007"/><TEST DATE="2004-08-19" ITERATIONS="3" PLATFORM="win32" RESULT="OK" RUN="00006"/><TEST DATE="2004-07-15" ITERATIONS="3" PLATFORM="win32" RESULT="OK" RUN="00005"/><TEST DATE="2004-06-05" ITERATIONS="3" PLATFORM="win32" RESULT="OK" RUN="00004"/><TEST DATE="2004-06-03" ITERATIONS="1" PLATFORM="win32" RESULT="OK" RUN="00003"/><TEST DATE="2004-06-03" ITERATIONS="1" PLATFORM="win32" RESULT="OK" RUN="00002"/></FILE><FILE directory="reference" name="transformvalue-d2c.py"><TEST DATE="2006-03-15" ITERATIONS="3" PLATFORM="win32" RESULT="OK" RUN="00071"/><TEST DATE="2006-03-14" ITERATIONS="3" PLATFORM="win32" RESULT="OK" RUN="00068"/><TEST DATE="2006-03-10" ITERATIONS="3" PLATFORM="win32" RESULT="OK" RUN="00058"/><TEST DATE="2005-06-18" ITERATIONS="1" PLATFORM="win32" RESULT="OK" RUN="00056"/><TEST DATE="2005-03-09" ITERATIONS="1" PLATFORM="win32" RESULT="OK" RUN="00055"/><TEST DATE="2005-02-14" ITERATIONS="1" PLATFORM="win32" RESULT="OK" RUN="00056"/><TEST DATE="2005-01-31" ITERATIONS="3" PLATFORM="win32" RESULT="OK" RUN="00054"/><TEST DATE="2005-01-29" ITERATIONS="3" PLATFORM="win32" RESULT="OK" RUN="00053"/><TEST DATE="2005-01-28" ITERATIONS="1" PLATFORM="win32" RESULT="OK" RUN="00051"/><TEST DATE="2005-01-27" ITERATIONS="3" PLATFORM="win32" RESULT="OK" RUN="00050"/><TEST DATE="2005-01-27" ITERATIONS="3" PLATFORM="win32" RESULT="OK" RUN="00044"/><TEST DATE="2005-01-27" ITERATIONS="3" PLATFORM="win32" RESULT="OK" RUN="00043"/><TEST DATE="2005-01-21" ITERATIONS="3" PLATFORM="win32" RESULT="OK" RUN="00037"/><TEST DATE="2004-11-29" ITERATIONS="3" PLATFORM="win32" RESULT="OK" RUN="00036"/><TEST DATE="2004-09-17" ITERATIONS="3" PLATFORM="win32" RESULT="OK" RUN="00035"/><TEST DATE="2004-09-17" ITERATIONS="3" PLATFORM="win32" RESULT="OK" RUN="00034"/><TEST DATE="2004-08-21" ITERATIONS="3" PLATFORM="linux2" RESULT="OK" RUN="00013"/><TEST DATE="2004-08-21" ITERATIONS="3" PLATFORM="win32" RESULT="OK" RUN="00012"/><TEST DATE="2004-08-20" ITERATIONS="3" PLATFORM="win32" RESULT="OK" RUN="00011"/><TEST DATE="2004-08-20" ITERATIONS="3" PLATFORM="win32" RESULT="OK" RUN="00010"/><TEST DATE="2004-08-19" ITERATIONS="3" PLATFORM="win32" RESULT="OK" RUN="00009"/><TEST DATE="2004-08-19" ITERATIONS="3" PLATFORM="win32" RESULT="OK" RUN="00008"/><TEST DATE="2004-08-19" ITERATIONS="3" PLATFORM="win32" RESULT="OK" RUN="00007"/><TEST DATE="2004-08-19" ITERATIONS="3" PLATFORM="win32" RESULT="OK" RUN="00006"/><TEST DATE="2004-07-15" ITERATIONS="3" PLATFORM="win32" RESULT="OK" RUN="00005"/><TEST DATE="2004-06-05" ITERATIONS="3" PLATFORM="win32" RESULT="OK" RUN="00004"/><TEST DATE="2004-06-03" ITERATIONS="1" PLATFORM="win32" RESULT="OK" RUN="00003"/><TEST DATE="2004-06-03" ITERATIONS="1" PLATFORM="win32" RESULT="OK" RUN="00002"/></FILE><FILE directory="reference" name="transformvalue-domain.py"><TEST DATE="2006-03-15" ITERATIONS="3" PLATFORM="win32" RESULT="OK" RUN="00071"/><TEST DATE="2006-03-14" ITERATIONS="3" PLATFORM="win32" RESULT="OK" RUN="00068"/><TEST DATE="2006-03-10" ITERATIONS="3" PLATFORM="win32" RESULT="OK" RUN="00058"/><TEST DATE="2005-06-18" ITERATIONS="1" PLATFORM="win32" RESULT="OK" RUN="00056"/><TEST DATE="2005-03-09" ITERATIONS="1" PLATFORM="win32" RESULT="OK" RUN="00055"/><TEST DATE="2005-02-14" ITERATIONS="1" PLATFORM="win32" RESULT="OK" RUN="00056"/><TEST DATE="2005-01-31" ITERATIONS="3" PLATFORM="win32" RESULT="OK" RUN="00054"/><TEST DATE="2005-01-29" ITERATIONS="3" PLATFORM="win32" RESULT="OK" RUN="00053"/><TEST DATE="2005-01-28" ITERATIONS="1" PLATFORM="win32" RESULT="OK" RUN="00052"/><TEST DATE="2005-01-28" ITERATIONS="1" PLATFORM="win32" RESULT="" RUN="00051"/><TEST DATE="2005-01-27" ITERATIONS="3" PLATFORM="win32" RESULT="OK" RUN="00050"/><TEST DATE="2005-01-27" ITERATIONS="3" PLATFORM="win32" RESULT="OK" RUN="00049"/><TEST DATE="2005-01-27" ITERATION="0" ITERATIONS="3" PLATFORM="win32" RESULT="error" RUN="00048" xml:space="preserve">Traceback (most recent call last):
  File &quot;D:/ai/orange/regressionTests/xtest1.py&quot;, line 92, in ?
    execfile(t__name)
  File &quot;transformvalue-domain.py&quot;, line 29, in ?
    domain0 = continuizer(data)
KernelException: null pointer to 'class TDomainContinuizer'
</TEST><TEST DATE="2005-01-27" ITERATION="0" ITERATIONS="3" PLATFORM="win32" RESULT="error" RUN="00047" xml:space="preserve">Traceback (most recent call last):
  File &quot;D:/ai/orange/regressionTests/xtest1.py&quot;, line 92, in ?
    execfile(t__name)
  File &quot;transformvalue-domain.py&quot;, line 29, in ?
    domain0 = continuizer(data)
KernelException: null pointer to 'class TDomainContinuizer'
</TEST><TEST DATE="2005-01-27" ITERATION="0" ITERATIONS="3" PLATFORM="win32" RESULT="error" RUN="00046" xml:space="preserve">Traceback (most recent call last):
  File &quot;D:/ai/orange/regressionTests/xtest1.py&quot;, line 92, in ?
    execfile(t__name)
  File &quot;transformvalue-domain.py&quot;, line 29, in ?
    domain0 = continuizer(data)
KernelException: null pointer to 'class TDomainContinuizer'
</TEST><TEST DATE="2005-01-27" ITERATION="0" ITERATIONS="3" PLATFORM="win32" RESULT="error" RUN="00045" xml:space="preserve">Traceback (most recent call last):
  File &quot;D:/ai/orange/regressionTests/xtest1.py&quot;, line 92, in ?
    execfile(t__name)
  File &quot;transformvalue-domain.py&quot;, line 29, in ?
    domain0 = continuizer(data)
KernelException: null pointer to 'class TDomainContinuizer'
</TEST><TEST DATE="2005-01-27" ITERATION="0" ITERATIONS="3" PLATFORM="win32" RESULT="error" RUN="00044" xml:space="preserve">Traceback (most recent call last):
  File &quot;D:/ai/Orange/regressionTests/xtest1.py&quot;, line 92, in ?
    execfile(t__name)
  File &quot;transformvalue-domain.py&quot;, line 29, in ?
    domain0 = continuizer(data)
KernelException: null pointer to 'class TDomainContinuizer'
</TEST><TEST DATE="2005-01-27" ITERATION="0" ITERATIONS="3" PLATFORM="win32" RESULT="error" RUN="00043" xml:space="preserve">Traceback (most recent call last):
  File &quot;D:/ai/Orange/regressionTests/xtest1.py&quot;, line 92, in ?
    execfile(t__name)
  File &quot;transformvalue-domain.py&quot;, line 29, in ?
    domain0 = continuizer(data)
KernelException: null pointer to 'class TDomainContinuizer'
</TEST><TEST DATE="2005-01-21" ITERATION="0" ITERATIONS="3" PLATFORM="win32" RESULT="error" RUN="00042" xml:space="preserve">Traceback (most recent call last):
  File &quot;D:/ai/Orange/regressionTests/xtest1.py&quot;, line 92, in ?
    execfile(t__name)
  File &quot;transformvalue-domain.py&quot;, line 29, in ?
    domain0 = continuizer(data)
KernelException: invalid (null or wrong type) pointer to 'class TDomainContinuizer'
</TEST><TEST DATE="2005-01-21" ITERATION="0" ITERATIONS="3" PLATFORM="win32" RESULT="error" RUN="00041" xml:space="preserve">Traceback (most recent call last):
  File &quot;D:/ai/Orange/regressionTests/xtest1.py&quot;, line 92, in ?
    execfile(t__name)
  File &quot;transformvalue-domain.py&quot;, line 29, in ?
    domain0 = continuizer(data)
KernelException: invalid (null or wrong type) pointer to 'class TDomainContinuizer'
</TEST><TEST DATE="2005-01-21" ITERATION="0" ITERATIONS="3" PLATFORM="win32" RESULT="error" RUN="00040" xml:space="preserve">Traceback (most recent call last):
  File &quot;D:/ai/Orange/regressionTests/xtest1.py&quot;, line 92, in ?
    execfile(t__name)
  File &quot;transformvalue-domain.py&quot;, line 29, in ?
    domain0 = continuizer(data)
KernelException: invalid (null or wrong type) pointer to 'class TDomainContinuizer'
</TEST><TEST DATE="2005-01-21" ITERATION="0" ITERATIONS="3" PLATFORM="win32" RESULT="error" RUN="00039" xml:space="preserve">Traceback (most recent call last):
  File &quot;D:/ai/Orange/regressionTests/xtest1.py&quot;, line 92, in ?
    execfile(t__name)
  File &quot;transformvalue-domain.py&quot;, line 29, in ?
    domain0 = continuizer(data)
KernelException: invalid (null or wrong type) pointer to 'class TDomainContinuizer'
</TEST><TEST DATE="2005-01-21" ITERATION="0" ITERATIONS="3" PLATFORM="win32" RESULT="error" RUN="00038" xml:space="preserve">Traceback (most recent call last):
  File &quot;D:/ai/Orange/regressionTests/xtest1.py&quot;, line 92, in ?
    execfile(t__name)
  File &quot;transformvalue-domain.py&quot;, line 29, in ?
    domain0 = continuizer(data)
KernelException: invalid (null or wrong type) pointer to 'class TDomainContinuizer'
</TEST><TEST DATE="2005-01-21" ITERATION="0" ITERATIONS="3" PLATFORM="win32" RESULT="error" RUN="00037" xml:space="preserve">Traceback (most recent call last):
  File &quot;D:/ai/Orange/regressionTests/xtest1.py&quot;, line 92, in ?
    execfile(t__name)
  File &quot;transformvalue-domain.py&quot;, line 29, in ?
    domain0 = continuizer(data)
KernelException: invalid (null or wrong type) pointer to 'class TDomainContinuizer'
</TEST><TEST DATE="2004-11-29" ITERATIONS="3" PLATFORM="win32" RESULT="OK" RUN="00036"/><TEST DATE="2004-09-17" ITERATIONS="3" PLATFORM="win32" RESULT="OK" RUN="00035"/><TEST DATE="2004-09-17" ITERATIONS="3" PLATFORM="win32" RESULT="OK" RUN="00034"/><TEST DATE="2004-08-21" ITERATIONS="3" PLATFORM="linux2" RESULT="OK" RUN="00013"/><TEST DATE="2004-08-21" ITERATIONS="3" PLATFORM="win32" RESULT="OK" RUN="00012"/><TEST DATE="2004-08-20" ITERATIONS="3" PLATFORM="win32" RESULT="OK" RUN="00011"/><TEST DATE="2004-08-20" ITERATIONS="3" PLATFORM="win32" RESULT="OK" RUN="00010"/><TEST DATE="2004-08-19" ITERATIONS="3" PLATFORM="win32" RESULT="OK" RUN="00009"/><TEST DATE="2004-08-19" ITERATIONS="3" PLATFORM="win32" RESULT="OK" RUN="00008"/><TEST DATE="2004-08-19" ITERATIONS="3" PLATFORM="win32" RESULT="OK" RUN="00007"/><TEST DATE="2004-08-19" ITERATIONS="3" PLATFORM="win32" RESULT="OK" RUN="00006"/><TEST DATE="2004-07-15" ITERATIONS="3" PLATFORM="win32" RESULT="OK" RUN="00005"/><TEST DATE="2004-06-05" ITERATIONS="3" PLATFORM="win32" RESULT="OK" RUN="00004"/><TEST DATE="2004-06-03" ITERATIONS="1" PLATFORM="win32" RESULT="OK" RUN="00003"/><TEST DATE="2004-06-03" ITERATIONS="1" PLATFORM="win32" RESULT="OK" RUN="00002"/></FILE><FILE directory="reference" name="transformvalue-miv.py"><TEST DATE="2006-03-15" ITERATIONS="3" PLATFORM="win32" RESULT="OK" RUN="00071"/><TEST DATE="2006-03-14" ITERATIONS="3" PLATFORM="win32" RESULT="OK" RUN="00068"/><TEST DATE="2006-03-10" ITERATIONS="3" PLATFORM="win32" RESULT="OK" RUN="00058"/><TEST DATE="2005-06-18" ITERATIONS="1" PLATFORM="win32" RESULT="OK" RUN="00056"/><TEST DATE="2005-03-09" ITERATIONS="1" PLATFORM="win32" RESULT="OK" RUN="00055"/><TEST DATE="2005-02-14" ITERATIONS="1" PLATFORM="win32" RESULT="OK" RUN="00056"/><TEST DATE="2005-01-31" ITERATIONS="3" PLATFORM="win32" RESULT="OK" RUN="00054"/><TEST DATE="2005-01-29" ITERATIONS="3" PLATFORM="win32" RESULT="OK" RUN="00053"/><TEST DATE="2005-01-28" ITERATIONS="1" PLATFORM="win32" RESULT="OK" RUN="00051"/><TEST DATE="2005-01-27" ITERATIONS="3" PLATFORM="win32" RESULT="OK" RUN="00050"/><TEST DATE="2005-01-27" ITERATIONS="3" PLATFORM="win32" RESULT="OK" RUN="00044"/><TEST DATE="2005-01-27" ITERATIONS="3" PLATFORM="win32" RESULT="OK" RUN="00043"/><TEST DATE="2005-01-21" ITERATIONS="3" PLATFORM="win32" RESULT="OK" RUN="00040"/><TEST DATE="2005-01-21" ITERATION="0" ITERATIONS="3" PLATFORM="win32" RESULT="error" RUN="00039" xml:space="preserve">Traceback (most recent call last):
  File &quot;D:/ai/Orange/regressionTests/xtest1.py&quot;, line 92, in ?
    execfile(t__name)
  File &quot;transformvalue-miv.py&quot;, line 13, in ?
    age_b = orange.EnumVariable(&quot;age_c&quot;, values = ['young', 'old'])
SystemError: Orange class OrangeVector&lt;class std::basic_string&lt;char,struct std::char_traits&lt;char&gt;,class std::allocator&lt;char&gt; &gt;,1&gt;, needed for 'EnumVariable.values' not exported to Python
</TEST><TEST DATE="2005-01-21" ITERATION="0" ITERATIONS="3" PLATFORM="win32" RESULT="error" RUN="00038" xml:space="preserve">Traceback (most recent call last):
  File &quot;D:/ai/Orange/regressionTests/xtest1.py&quot;, line 92, in ?
    execfile(t__name)
  File &quot;transformvalue-miv.py&quot;, line 13, in ?
    age_b = orange.EnumVariable(&quot;age_c&quot;, values = ['young', 'old'])
SystemError: Orange class OrangeVector&lt;class std::basic_string&lt;char,struct std::char_traits&lt;char&gt;,class std::allocator&lt;char&gt; &gt;,1&gt;, needed for 'EnumVariable.values' not exported to Python
</TEST><TEST DATE="2005-01-21" ITERATION="0" ITERATIONS="3" PLATFORM="win32" RESULT="error" RUN="00037" xml:space="preserve">Traceback (most recent call last):
  File &quot;D:/ai/Orange/regressionTests/xtest1.py&quot;, line 92, in ?
    execfile(t__name)
  File &quot;transformvalue-miv.py&quot;, line 13, in ?
    age_b = orange.EnumVariable(&quot;age_c&quot;, values = ['young', 'old'])
SystemError: Orange class OrangeVector&lt;class std::basic_string&lt;char,struct std::char_traits&lt;char&gt;,class std::allocator&lt;char&gt; &gt;,1&gt;, needed for 'EnumVariable.values' not exported to Python
</TEST><TEST DATE="2004-11-29" ITERATIONS="3" PLATFORM="win32" RESULT="OK" RUN="00036"/><TEST DATE="2004-09-17" ITERATIONS="3" PLATFORM="win32" RESULT="OK" RUN="00035"/><TEST DATE="2004-09-17" ITERATIONS="3" PLATFORM="win32" RESULT="OK" RUN="00034"/><TEST DATE="2004-08-21" ITERATIONS="3" PLATFORM="linux2" RESULT="OK" RUN="00013"/><TEST DATE="2004-08-21" ITERATIONS="3" PLATFORM="win32" RESULT="OK" RUN="00012"/><TEST DATE="2004-08-20" ITERATIONS="3" PLATFORM="win32" RESULT="OK" RUN="00011"/><TEST DATE="2004-08-20" ITERATIONS="3" PLATFORM="win32" RESULT="OK" RUN="00010"/><TEST DATE="2004-08-19" ITERATIONS="3" PLATFORM="win32" RESULT="OK" RUN="00009"/><TEST DATE="2004-08-19" ITERATIONS="3" PLATFORM="win32" RESULT="OK" RUN="00008"/><TEST DATE="2004-08-19" ITERATIONS="3" PLATFORM="win32" RESULT="OK" RUN="00007"/><TEST DATE="2004-08-19" ITERATIONS="3" PLATFORM="win32" RESULT="OK" RUN="00006"/><TEST DATE="2004-07-15" ITERATIONS="3" PLATFORM="win32" RESULT="OK" RUN="00005"/><TEST DATE="2004-06-05" ITERATIONS="3" PLATFORM="win32" RESULT="OK" RUN="00004"/><TEST DATE="2004-06-03" ITERATIONS="1" PLATFORM="win32" RESULT="OK" RUN="00003"/><TEST DATE="2004-06-03" ITERATIONS="1" PLATFORM="win32" RESULT="OK" RUN="00002"/></FILE><FILE directory="reference" name="transformvalue-nc.py"><TEST DATE="2006-03-15" ITERATIONS="3" PLATFORM="win32" RESULT="OK" RUN="00071"/><TEST DATE="2006-03-14" ITERATIONS="3" PLATFORM="win32" RESULT="OK" RUN="00068"/><TEST DATE="2006-03-10" ITERATIONS="3" PLATFORM="win32" RESULT="OK" RUN="00058"/><TEST DATE="2005-06-18" ITERATIONS="1" PLATFORM="win32" RESULT="OK" RUN="00056"/><TEST DATE="2005-03-09" ITERATIONS="1" PLATFORM="win32" RESULT="OK" RUN="00055"/><TEST DATE="2005-02-14" ITERATIONS="1" PLATFORM="win32" RESULT="OK" RUN="00056"/><TEST DATE="2005-01-31" ITERATIONS="3" PLATFORM="win32" RESULT="OK" RUN="00054"/><TEST DATE="2005-01-29" ITERATIONS="3" PLATFORM="win32" RESULT="OK" RUN="00053"/><TEST DATE="2005-01-28" ITERATIONS="1" PLATFORM="win32" RESULT="OK" RUN="00051"/><TEST DATE="2005-01-27" ITERATIONS="3" PLATFORM="win32" RESULT="OK" RUN="00050"/><TEST DATE="2005-01-27" ITERATIONS="3" PLATFORM="win32" RESULT="OK" RUN="00044"/><TEST DATE="2005-01-27" ITERATIONS="3" PLATFORM="win32" RESULT="OK" RUN="00043"/><TEST DATE="2005-01-21" ITERATIONS="3" PLATFORM="win32" RESULT="OK" RUN="00037"/><TEST DATE="2004-11-29" ITERATIONS="3" PLATFORM="win32" RESULT="OK" RUN="00036"/><TEST DATE="2004-09-17" ITERATIONS="3" PLATFORM="win32" RESULT="OK" RUN="00035"/><TEST DATE="2004-09-17" ITERATIONS="3" PLATFORM="win32" RESULT="OK" RUN="00034"/><TEST DATE="2004-08-21" ITERATIONS="3" PLATFORM="linux2" RESULT="OK" RUN="00013"/><TEST DATE="2004-08-21" ITERATIONS="3" PLATFORM="win32" RESULT="OK" RUN="00012"/><TEST DATE="2004-08-20" ITERATIONS="3" PLATFORM="win32" RESULT="OK" RUN="00011"/><TEST DATE="2004-08-20" ITERATIONS="3" PLATFORM="win32" RESULT="OK" RUN="00010"/><TEST DATE="2004-08-19" ITERATIONS="3" PLATFORM="win32" RESULT="OK" RUN="00009"/><TEST DATE="2004-08-19" ITERATIONS="3" PLATFORM="win32" RESULT="OK" RUN="00008"/><TEST DATE="2004-08-19" ITERATIONS="3" PLATFORM="win32" RESULT="OK" RUN="00007"/><TEST DATE="2004-08-19" ITERATIONS="3" PLATFORM="win32" RESULT="OK" RUN="00006"/><TEST DATE="2004-07-15" ITERATIONS="3" PLATFORM="win32" RESULT="OK" RUN="00005"/><TEST DATE="2004-06-05" ITERATIONS="3" PLATFORM="win32" RESULT="OK" RUN="00004"/><TEST DATE="2004-06-03" ITERATIONS="1" PLATFORM="win32" RESULT="OK" RUN="00003"/><TEST DATE="2004-06-03" ITERATIONS="1" PLATFORM="win32" RESULT="OK" RUN="00002"/></FILE><FILE directory="reference" name="transformvalue-o2c.py"><TEST DATE="2006-03-15" ITERATIONS="3" PLATFORM="win32" RESULT="OK" RUN="00071"/><TEST DATE="2006-03-14" ITERATIONS="3" PLATFORM="win32" RESULT="OK" RUN="00068"/><TEST DATE="2006-03-10" ITERATIONS="3" PLATFORM="win32" RESULT="OK" RUN="00058"/><TEST DATE="2005-06-18" ITERATIONS="1" PLATFORM="win32" RESULT="OK" RUN="00056"/><TEST DATE="2005-03-09" ITERATIONS="1" PLATFORM="win32" RESULT="OK" RUN="00055"/><TEST DATE="2005-02-14" ITERATIONS="1" PLATFORM="win32" RESULT="OK" RUN="00056"/><TEST DATE="2005-01-31" ITERATIONS="3" PLATFORM="win32" RESULT="OK" RUN="00054"/><TEST DATE="2005-01-29" ITERATIONS="3" PLATFORM="win32" RESULT="OK" RUN="00053"/><TEST DATE="2005-01-28" ITERATIONS="1" PLATFORM="win32" RESULT="OK" RUN="00051"/><TEST DATE="2005-01-27" ITERATIONS="3" PLATFORM="win32" RESULT="OK" RUN="00050"/><TEST DATE="2005-01-27" ITERATIONS="3" PLATFORM="win32" RESULT="OK" RUN="00044"/><TEST DATE="2005-01-27" ITERATIONS="3" PLATFORM="win32" RESULT="OK" RUN="00043"/><TEST DATE="2005-01-21" ITERATIONS="3" PLATFORM="win32" RESULT="OK" RUN="00037"/><TEST DATE="2004-11-29" ITERATIONS="3" PLATFORM="win32" RESULT="OK" RUN="00036"/><TEST DATE="2004-09-17" ITERATIONS="3" PLATFORM="win32" RESULT="OK" RUN="00035"/><TEST DATE="2004-09-17" ITERATIONS="3" PLATFORM="win32" RESULT="OK" RUN="00034"/><TEST DATE="2004-08-21" ITERATIONS="3" PLATFORM="linux2" RESULT="OK" RUN="00013"/><TEST DATE="2004-08-21" ITERATIONS="3" PLATFORM="win32" RESULT="OK" RUN="00012"/><TEST DATE="2004-08-20" ITERATIONS="3" PLATFORM="win32" RESULT="OK" RUN="00011"/><TEST DATE="2004-08-20" ITERATIONS="3" PLATFORM="win32" RESULT="OK" RUN="00010"/><TEST DATE="2004-08-19" ITERATIONS="3" PLATFORM="win32" RESULT="OK" RUN="00009"/><TEST DATE="2004-08-19" ITERATIONS="3" PLATFORM="win32" RESULT="OK" RUN="00008"/><TEST DATE="2004-08-19" ITERATIONS="3" PLATFORM="win32" RESULT="OK" RUN="00007"/><TEST DATE="2004-08-19" ITERATIONS="3" PLATFORM="win32" RESULT="OK" RUN="00006"/><TEST DATE="2004-07-15" ITERATIONS="3" PLATFORM="win32" RESULT="OK" RUN="00005"/><TEST DATE="2004-06-05" ITERATIONS="3" PLATFORM="win32" RESULT="OK" RUN="00004"/><TEST DATE="2004-06-03" ITERATIONS="1" PLATFORM="win32" RESULT="OK" RUN="00003"/><TEST DATE="2004-06-03" ITERATIONS="1" PLATFORM="win32" RESULT="OK" RUN="00002"/></FILE><FILE directory="reference" name="treelearner.py"><TEST DATE="2006-03-15" ITERATIONS="3" PLATFORM="win32" RESULT="OK" RUN="00071"/><TEST DATE="2006-03-14" ITERATIONS="3" PLATFORM="win32" RESULT="OK" RUN="00068"/><TEST DATE="2006-03-10" ITERATIONS="3" PLATFORM="win32" RESULT="OK" RUN="00058"/><TEST DATE="2005-06-18" ITERATIONS="1" PLATFORM="win32" RESULT="OK" RUN="00056"/><TEST DATE="2005-03-09" ITERATIONS="1" PLATFORM="win32" RESULT="OK" RUN="00055"/><TEST DATE="2005-02-14" ITERATIONS="1" PLATFORM="win32" RESULT="OK" RUN="00056"/><TEST DATE="2005-01-31" ITERATIONS="3" PLATFORM="win32" RESULT="OK" RUN="00054"/><TEST DATE="2005-01-29" ITERATIONS="3" PLATFORM="win32" RESULT="OK" RUN="00053"/><TEST DATE="2005-01-28" ITERATIONS="1" PLATFORM="win32" RESULT="OK" RUN="00051"/><TEST DATE="2005-01-27" ITERATIONS="3" PLATFORM="win32" RESULT="OK" RUN="00050"/><TEST DATE="2005-01-27" ITERATIONS="3" PLATFORM="win32" RESULT="OK" RUN="00044"/><TEST DATE="2005-01-27" ITERATIONS="3" PLATFORM="win32" RESULT="OK" RUN="00043"/><TEST DATE="2005-01-21" ITERATIONS="3" PLATFORM="win32" RESULT="OK" RUN="00037"/><TEST DATE="2004-11-29" ITERATIONS="3" PLATFORM="win32" RESULT="OK" RUN="00036"/><TEST DATE="2004-09-17" ITERATIONS="3" PLATFORM="win32" RESULT="OK" RUN="00035"/><TEST DATE="2004-09-17" ITERATIONS="3" PLATFORM="win32" RESULT="OK" RUN="00034"/><TEST DATE="2004-08-21" ITERATIONS="3" PLATFORM="linux2" RESULT="OK" RUN="00013"/><TEST DATE="2004-08-21" ITERATIONS="3" PLATFORM="win32" RESULT="OK" RUN="00012"/><TEST DATE="2004-08-20" ITERATIONS="3" PLATFORM="win32" RESULT="OK" RUN="00011"/><TEST DATE="2004-08-20" ITERATIONS="3" PLATFORM="win32" RESULT="OK" RUN="00010"/><TEST DATE="2004-08-19" ITERATIONS="3" PLATFORM="win32" RESULT="OK" RUN="00009"/><TEST DATE="2004-08-19" ITERATIONS="3" PLATFORM="win32" RESULT="OK" RUN="00008"/><TEST DATE="2004-08-19" ITERATIONS="3" PLATFORM="win32" RESULT="OK" RUN="00007"/><TEST DATE="2004-08-19" ITERATIONS="3" PLATFORM="win32" RESULT="OK" RUN="00006"/><TEST DATE="2004-07-15" ITERATIONS="3" PLATFORM="win32" RESULT="OK" RUN="00005"/><TEST DATE="2004-06-05" ITERATIONS="3" PLATFORM="win32" RESULT="OK" RUN="00004"/><TEST DATE="2004-06-03" ITERATIONS="1" PLATFORM="win32" RESULT="OK" RUN="00003"/><TEST DATE="2004-06-03" ITERATIONS="1" PLATFORM="win32" RESULT="OK" RUN="00002"/></FILE><FILE directory="reference" name="treestructure.py"><TEST DATE="2006-03-15" ITERATIONS="3" PLATFORM="win32" RESULT="OK" RUN="00071"/><TEST DATE="2006-03-14" ITERATIONS="3" PLATFORM="win32" RESULT="OK" RUN="00068"/><TEST DATE="2006-03-10" ITERATIONS="3" PLATFORM="win32" RESULT="OK" RUN="00058"/><TEST DATE="2005-06-18" ITERATIONS="1" PLATFORM="win32" RESULT="OK" RUN="00056"/><TEST DATE="2005-03-09" ITERATIONS="1" PLATFORM="win32" RESULT="OK" RUN="00055"/><TEST DATE="2005-02-14" ITERATIONS="1" PLATFORM="win32" RESULT="OK" RUN="00056"/><TEST DATE="2005-01-31" ITERATIONS="3" PLATFORM="win32" RESULT="OK" RUN="00054"/><TEST DATE="2005-01-29" ITERATIONS="3" PLATFORM="win32" RESULT="OK" RUN="00053"/><TEST DATE="2005-01-28" ITERATIONS="1" PLATFORM="win32" RESULT="OK" RUN="00051"/><TEST DATE="2005-01-27" ITERATIONS="3" PLATFORM="win32" RESULT="OK" RUN="00050"/><TEST DATE="2005-01-27" ITERATIONS="3" PLATFORM="win32" RESULT="OK" RUN="00044"/><TEST DATE="2005-01-27" ITERATIONS="3" PLATFORM="win32" RESULT="OK" RUN="00043"/><TEST DATE="2005-01-21" ITERATIONS="3" PLATFORM="win32" RESULT="OK" RUN="00040"/><TEST DATE="2005-01-21" ITERATION="0" ITERATIONS="3" PLATFORM="win32" RESULT="error" RUN="00039" xml:space="preserve">Traceback (most recent call last):
  File &quot;D:/ai/Orange/regressionTests/xtest1.py&quot;, line 92, in ?
    execfile(t__name)
  File &quot;treestructure.py&quot;, line 65, in ?
    cutTree(treeClassifier.tree, 2)
  File &quot;treestructure.py&quot;, line 58, in cutTree
    cutTree(branch, level-1)
  File &quot;treestructure.py&quot;, line 58, in cutTree
    cutTree(branch, level-1)
  File &quot;treestructure.py&quot;, line 62, in cutTree
    node.branchDescriptions = None
SystemError: Orange class OrangeVector&lt;class std::basic_string&lt;char,struct std::char_traits&lt;char&gt;,class std::allocator&lt;char&gt; &gt;,1&gt;, needed for 'TreeNode.branchDescriptions' not exported to Python
</TEST><TEST DATE="2005-01-21" ITERATION="0" ITERATIONS="3" PLATFORM="win32" RESULT="error" RUN="00038" xml:space="preserve">Traceback (most recent call last):
  File &quot;D:/ai/Orange/regressionTests/xtest1.py&quot;, line 92, in ?
    execfile(t__name)
  File &quot;treestructure.py&quot;, line 65, in ?
    cutTree(treeClassifier.tree, 2)
  File &quot;treestructure.py&quot;, line 58, in cutTree
    cutTree(branch, level-1)
  File &quot;treestructure.py&quot;, line 58, in cutTree
    cutTree(branch, level-1)
  File &quot;treestructure.py&quot;, line 62, in cutTree
    node.branchDescriptions = None
SystemError: Orange class OrangeVector&lt;class std::basic_string&lt;char,struct std::char_traits&lt;char&gt;,class std::allocator&lt;char&gt; &gt;,1&gt;, needed for 'TreeNode.branchDescriptions' not exported to Python
</TEST><TEST DATE="2005-01-21" ITERATION="0" ITERATIONS="3" PLATFORM="win32" RESULT="error" RUN="00037" xml:space="preserve">Traceback (most recent call last):
  File &quot;D:/ai/Orange/regressionTests/xtest1.py&quot;, line 92, in ?
    execfile(t__name)
  File &quot;treestructure.py&quot;, line 65, in ?
    cutTree(treeClassifier.tree, 2)
  File &quot;treestructure.py&quot;, line 58, in cutTree
    cutTree(branch, level-1)
  File &quot;treestructure.py&quot;, line 58, in cutTree
    cutTree(branch, level-1)
  File &quot;treestructure.py&quot;, line 62, in cutTree
    node.branchDescriptions = None
SystemError: Orange class OrangeVector&lt;class std::basic_string&lt;char,struct std::char_traits&lt;char&gt;,class std::allocator&lt;char&gt; &gt;,1&gt;, needed for 'TreeNode.branchDescriptions' not exported to Python
</TEST><TEST DATE="2004-11-29" ITERATIONS="3" PLATFORM="win32" RESULT="OK" RUN="00036"/><TEST DATE="2004-09-17" ITERATIONS="3" PLATFORM="win32" RESULT="OK" RUN="00035"/><TEST DATE="2004-09-17" ITERATIONS="3" PLATFORM="win32" RESULT="OK" RUN="00034"/><TEST DATE="2004-08-21" ITERATIONS="3" PLATFORM="linux2" RESULT="OK" RUN="00013"/><TEST DATE="2004-08-21" ITERATIONS="3" PLATFORM="win32" RESULT="OK" RUN="00012"/><TEST DATE="2004-08-20" ITERATIONS="3" PLATFORM="win32" RESULT="OK" RUN="00011"/><TEST DATE="2004-08-20" ITERATIONS="3" PLATFORM="win32" RESULT="OK" RUN="00010"/><TEST DATE="2004-08-19" ITERATIONS="3" PLATFORM="win32" RESULT="OK" RUN="00009"/><TEST DATE="2004-08-19" ITERATIONS="3" PLATFORM="win32" RESULT="OK" RUN="00008"/><TEST DATE="2004-08-19" ITERATIONS="3" PLATFORM="win32" RESULT="OK" RUN="00007"/><TEST DATE="2004-08-19" ITERATIONS="3" PLATFORM="win32" RESULT="OK" RUN="00006"/><TEST DATE="2004-07-15" ITERATIONS="3" PLATFORM="win32" RESULT="OK" RUN="00005"/><TEST DATE="2004-06-05" ITERATIONS="3" PLATFORM="win32" RESULT="OK" RUN="00004"/><TEST DATE="2004-06-03" ITERATIONS="1" PLATFORM="win32" RESULT="OK" RUN="00003"/><TEST DATE="2004-06-03" ITERATIONS="1" PLATFORM="win32" RESULT="OK" RUN="00002"/></FILE><FILE directory="reference" name="unusedValues.py"><TEST DATE="2006-03-15" ITERATIONS="3" PLATFORM="win32" RESULT="OK" RUN="00071"/><TEST DATE="2006-03-14" ITERATIONS="3" PLATFORM="win32" RESULT="OK" RUN="00068"/><TEST DATE="2006-03-10" ITERATIONS="3" PLATFORM="win32" RESULT="OK" RUN="00058"/><TEST DATE="2005-06-18" ITERATIONS="1" PLATFORM="win32" RESULT="OK" RUN="00056"/><TEST DATE="2005-03-09" ITERATIONS="1" PLATFORM="win32" RESULT="OK" RUN="00055"/><TEST DATE="2005-02-14" ITERATIONS="1" PLATFORM="win32" RESULT="OK" RUN="00056"/><TEST DATE="2005-01-31" ITERATIONS="3" PLATFORM="win32" RESULT="OK" RUN="00054"/><TEST DATE="2005-01-29" ITERATIONS="3" PLATFORM="win32" RESULT="OK" RUN="00053"/><TEST DATE="2005-01-28" ITERATIONS="1" PLATFORM="win32" RESULT="OK" RUN="00051"/><TEST DATE="2005-01-27" ITERATIONS="3" PLATFORM="win32" RESULT="OK" RUN="00050"/><TEST DATE="2005-01-27" ITERATIONS="3" PLATFORM="win32" RESULT="OK" RUN="00044"/><TEST DATE="2005-01-27" ITERATIONS="3" PLATFORM="win32" RESULT="OK" RUN="00043"/><TEST DATE="2005-01-21" ITERATIONS="3" PLATFORM="win32" RESULT="OK" RUN="00037"/><TEST DATE="2004-11-29" ITERATIONS="3" PLATFORM="win32" RESULT="OK" RUN="00036"/><TEST DATE="2004-09-17" ITERATIONS="3" PLATFORM="win32" RESULT="OK" RUN="00035"/><TEST DATE="2004-09-17" ITERATIONS="3" PLATFORM="win32" RESULT="OK" RUN="00034"/><TEST DATE="2004-08-21" ITERATIONS="3" PLATFORM="linux2" RESULT="OK" RUN="00013"/><TEST DATE="2004-08-21" ITERATIONS="3" PLATFORM="win32" RESULT="OK" RUN="00012"/><TEST DATE="2004-08-20" ITERATIONS="3" PLATFORM="win32" RESULT="OK" RUN="00011"/><TEST DATE="2004-08-20" ITERATIONS="3" PLATFORM="win32" RESULT="OK" RUN="00010"/><TEST DATE="2004-08-19" ITERATIONS="3" PLATFORM="win32" RESULT="OK" RUN="00009"/><TEST DATE="2004-08-19" ITERATIONS="3" PLATFORM="win32" RESULT="OK" RUN="00008"/><TEST DATE="2004-08-19" ITERATIONS="3" PLATFORM="win32" RESULT="OK" RUN="00007"/><TEST DATE="2004-08-19" ITERATIONS="3" PLATFORM="win32" RESULT="OK" RUN="00006"/><TEST DATE="2004-07-15" ITERATIONS="3" PLATFORM="win32" RESULT="OK" RUN="00005"/><TEST DATE="2004-06-05" ITERATIONS="3" PLATFORM="win32" RESULT="OK" RUN="00004"/><TEST DATE="2004-06-03" ITERATIONS="1" PLATFORM="win32" RESULT="OK" RUN="00003"/><TEST DATE="2004-06-03" ITERATIONS="1" PLATFORM="win32" RESULT="OK" RUN="00002"/></FILE><FILE directory="reference" name="values.py"><TEST DATE="2006-03-15" ITERATIONS="3" PLATFORM="win32" RESULT="OK" RUN="00071"/><TEST DATE="2006-03-14" ITERATIONS="3" PLATFORM="win32" RESULT="OK" RUN="00068"/><TEST DATE="2005-06-18" ITERATIONS="1" PLATFORM="win32" RESULT="OK" RUN="00056"/><TEST DATE="2005-03-09" ITERATIONS="1" PLATFORM="win32" RESULT="OK" RUN="00055"/><TEST DATE="2005-02-14" ITERATIONS="1" PLATFORM="win32" RESULT="OK" RUN="00056"/><TEST DATE="2005-01-31" ITERATIONS="3" PLATFORM="win32" RESULT="OK" RUN="00054"/><TEST DATE="2005-01-29" ITERATIONS="3" PLATFORM="win32" RESULT="OK" RUN="00053"/><TEST DATE="2005-01-28" ITERATIONS="1" PLATFORM="win32" RESULT="OK" RUN="00051"/><TEST DATE="2005-01-27" ITERATIONS="3" PLATFORM="win32" RESULT="OK" RUN="00050"/><TEST DATE="2005-01-27" ITERATIONS="3" PLATFORM="win32" RESULT="OK" RUN="00044"/><TEST DATE="2005-01-27" ITERATIONS="3" PLATFORM="win32" RESULT="OK" RUN="00043"/><TEST DATE="2005-01-21" ITERATIONS="3" PLATFORM="win32" RESULT="OK" RUN="00040"/><TEST DATE="2005-01-21" ITERATION="0" ITERATIONS="3" PLATFORM="win32" RESULT="error" RUN="00039" xml:space="preserve">Traceback (most recent call last):
  File &quot;D:/ai/Orange/regressionTests/xtest1.py&quot;, line 92, in ?
    execfile(t__name)
  File &quot;values.py&quot;, line 12, in ?
    fruit = orange.EnumVariable(&quot;fruit&quot;, values = [&quot;plum&quot;, &quot;apple&quot;, &quot;lemon&quot;])
SystemError: Orange class OrangeVector&lt;class std::basic_string&lt;char,struct std::char_traits&lt;char&gt;,class std::allocator&lt;char&gt; &gt;,1&gt;, needed for 'EnumVariable.values' not exported to Python
</TEST><TEST DATE="2005-01-21" ITERATION="0" ITERATIONS="3" PLATFORM="win32" RESULT="error" RUN="00038" xml:space="preserve">Traceback (most recent call last):
  File &quot;D:/ai/Orange/regressionTests/xtest1.py&quot;, line 92, in ?
    execfile(t__name)
  File &quot;values.py&quot;, line 12, in ?
    fruit = orange.EnumVariable(&quot;fruit&quot;, values = [&quot;plum&quot;, &quot;apple&quot;, &quot;lemon&quot;])
SystemError: Orange class OrangeVector&lt;class std::basic_string&lt;char,struct std::char_traits&lt;char&gt;,class std::allocator&lt;char&gt; &gt;,1&gt;, needed for 'EnumVariable.values' not exported to Python
</TEST><TEST DATE="2005-01-21" ITERATION="0" ITERATIONS="3" PLATFORM="win32" RESULT="error" RUN="00037" xml:space="preserve">Traceback (most recent call last):
  File &quot;D:/ai/Orange/regressionTests/xtest1.py&quot;, line 92, in ?
    execfile(t__name)
  File &quot;values.py&quot;, line 12, in ?
    fruit = orange.EnumVariable(&quot;fruit&quot;, values = [&quot;plum&quot;, &quot;apple&quot;, &quot;lemon&quot;])
SystemError: Orange class OrangeVector&lt;class std::basic_string&lt;char,struct std::char_traits&lt;char&gt;,class std::allocator&lt;char&gt; &gt;,1&gt;, needed for 'EnumVariable.values' not exported to Python
</TEST><TEST DATE="2004-11-29" ITERATIONS="3" PLATFORM="win32" RESULT="OK" RUN="00036"/><TEST DATE="2004-09-17" ITERATIONS="3" PLATFORM="win32" RESULT="OK" RUN="00035"/><TEST DATE="2004-09-17" ITERATIONS="3" PLATFORM="win32" RESULT="OK" RUN="00034"/><TEST DATE="2004-08-21" ITERATIONS="3" PLATFORM="linux2" RESULT="OK" RUN="00013"/><TEST DATE="2004-08-21" ITERATIONS="3" PLATFORM="win32" RESULT="OK" RUN="00012"/><TEST DATE="2004-08-20" ITERATIONS="3" PLATFORM="win32" RESULT="OK" RUN="00011"/><TEST DATE="2004-08-20" ITERATIONS="3" PLATFORM="win32" RESULT="OK" RUN="00010"/><TEST DATE="2004-08-19" ITERATIONS="3" PLATFORM="win32" RESULT="OK" RUN="00009"/><TEST DATE="2004-08-19" ITERATIONS="3" PLATFORM="win32" RESULT="OK" RUN="00008"/><TEST DATE="2004-08-19" ITERATIONS="3" PLATFORM="win32" RESULT="OK" RUN="00007"/><TEST DATE="2004-08-19" ITERATIONS="3" PLATFORM="win32" RESULT="OK" RUN="00006"/><TEST DATE="2004-07-15" ITERATIONS="3" PLATFORM="win32" RESULT="OK" RUN="00005"/><TEST DATE="2004-06-05" ITERATIONS="3" PLATFORM="win32" RESULT="OK" RUN="00004"/><TEST DATE="2004-06-03" ITERATIONS="1" PLATFORM="win32" RESULT="OK" RUN="00003"/><TEST DATE="2004-06-03" ITERATIONS="1" PLATFORM="win32" RESULT="OK" RUN="00002"/></FILE><FILE directory="reference" name="variable.py"><TEST DATE="2006-03-15" ITERATIONS="3" PLATFORM="win32" RESULT="OK" RUN="00071"/><TEST DATE="2006-03-14" ITERATIONS="3" PLATFORM="win32" RESULT="OK" RUN="00068"/><TEST DATE="2005-06-18" ITERATIONS="1" PLATFORM="win32" RESULT="OK" RUN="00056"/><TEST DATE="2005-03-09" ITERATIONS="1" PLATFORM="win32" RESULT="OK" RUN="00055"/><TEST DATE="2005-02-14" ITERATIONS="1" PLATFORM="win32" RESULT="OK" RUN="00056"/><TEST DATE="2005-01-31" ITERATIONS="3" PLATFORM="win32" RESULT="OK" RUN="00054"/><TEST DATE="2005-01-29" ITERATIONS="3" PLATFORM="win32" RESULT="OK" RUN="00053"/><TEST DATE="2005-01-28" ITERATIONS="1" PLATFORM="win32" RESULT="OK" RUN="00051"/><TEST DATE="2005-01-27" ITERATIONS="3" PLATFORM="win32" RESULT="OK" RUN="00050"/><TEST DATE="2005-01-27" ITERATIONS="3" PLATFORM="win32" RESULT="OK" RUN="00044"/><TEST DATE="2005-01-27" ITERATIONS="3" PLATFORM="win32" RESULT="OK" RUN="00043"/><TEST DATE="2005-01-21" ITERATIONS="3" PLATFORM="win32" RESULT="OK" RUN="00040"/><TEST DATE="2005-01-21" ITERATION="0" ITERATIONS="3" PLATFORM="win32" RESULT="error" RUN="00039" xml:space="preserve">Traceback (most recent call last):
  File &quot;D:/ai/Orange/regressionTests/xtest1.py&quot;, line 92, in ?
    execfile(t__name)
  File &quot;variable.py&quot;, line 11, in ?
    e2 = orange.EnumVariable(&quot;e2&quot;, values = [&quot;not 1&quot;, &quot;1&quot;])
SystemError: Orange class OrangeVector&lt;class std::basic_string&lt;char,struct std::char_traits&lt;char&gt;,class std::allocator&lt;char&gt; &gt;,1&gt;, needed for 'EnumVariable.values' not exported to Python
</TEST><TEST DATE="2005-01-21" ITERATION="0" ITERATIONS="3" PLATFORM="win32" RESULT="error" RUN="00038" xml:space="preserve">Traceback (most recent call last):
  File &quot;D:/ai/Orange/regressionTests/xtest1.py&quot;, line 92, in ?
    execfile(t__name)
  File &quot;variable.py&quot;, line 11, in ?
    e2 = orange.EnumVariable(&quot;e2&quot;, values = [&quot;not 1&quot;, &quot;1&quot;])
SystemError: Orange class OrangeVector&lt;class std::basic_string&lt;char,struct std::char_traits&lt;char&gt;,class std::allocator&lt;char&gt; &gt;,1&gt;, needed for 'EnumVariable.values' not exported to Python
</TEST><TEST DATE="2005-01-21" ITERATION="0" ITERATIONS="3" PLATFORM="win32" RESULT="error" RUN="00037" xml:space="preserve">Traceback (most recent call last):
  File &quot;D:/ai/Orange/regressionTests/xtest1.py&quot;, line 92, in ?
    execfile(t__name)
  File &quot;variable.py&quot;, line 11, in ?
    e2 = orange.EnumVariable(&quot;e2&quot;, values = [&quot;not 1&quot;, &quot;1&quot;])
SystemError: Orange class OrangeVector&lt;class std::basic_string&lt;char,struct std::char_traits&lt;char&gt;,class std::allocator&lt;char&gt; &gt;,1&gt;, needed for 'EnumVariable.values' not exported to Python
</TEST><TEST DATE="2004-11-29" ITERATIONS="3" PLATFORM="win32" RESULT="OK" RUN="00036"/><TEST DATE="2004-09-17" ITERATIONS="3" PLATFORM="win32" RESULT="OK" RUN="00035"/><TEST DATE="2004-09-17" ITERATIONS="3" PLATFORM="win32" RESULT="OK" RUN="00034"/><TEST DATE="2004-08-21" ITERATIONS="3" PLATFORM="linux2" RESULT="OK" RUN="00013"/><TEST DATE="2004-08-21" ITERATIONS="3" PLATFORM="win32" RESULT="OK" RUN="00012"/><TEST DATE="2004-08-20" ITERATIONS="3" PLATFORM="win32" RESULT="OK" RUN="00011"/><TEST DATE="2004-08-20" ITERATIONS="3" PLATFORM="win32" RESULT="OK" RUN="00010"/><TEST DATE="2004-08-19" ITERATIONS="3" PLATFORM="win32" RESULT="OK" RUN="00009"/><TEST DATE="2004-08-19" ITERATIONS="3" PLATFORM="win32" RESULT="OK" RUN="00008"/><TEST DATE="2004-08-19" ITERATIONS="3" PLATFORM="win32" RESULT="OK" RUN="00007"/><TEST DATE="2004-08-19" ITERATIONS="3" PLATFORM="win32" RESULT="OK" RUN="00006"/><TEST DATE="2004-07-15" ITERATIONS="3" PLATFORM="win32" RESULT="OK" RUN="00005"/><TEST DATE="2004-06-05" ITERATIONS="3" PLATFORM="win32" RESULT="OK" RUN="00004"/><TEST DATE="2004-06-03" ITERATIONS="1" PLATFORM="win32" RESULT="OK" RUN="00003"/><TEST DATE="2004-06-03" ITERATIONS="1" PLATFORM="win32" RESULT="OK" RUN="00002"/></FILE><FILE directory="reference" name="variable2.py"><TEST DATE="2006-03-15" ITERATIONS="3" PLATFORM="win32" RESULT="OK" RUN="00071"/><TEST DATE="2006-03-14" ITERATIONS="3" PLATFORM="win32" RESULT="OK" RUN="00068"/><TEST DATE="2005-06-18" ITERATIONS="1" PLATFORM="win32" RESULT="OK" RUN="00056"/><TEST DATE="2005-03-09" ITERATIONS="1" PLATFORM="win32" RESULT="OK" RUN="00055"/><TEST DATE="2005-02-14" ITERATIONS="1" PLATFORM="win32" RESULT="OK" RUN="00056"/><TEST DATE="2005-01-31" ITERATIONS="3" PLATFORM="win32" RESULT="OK" RUN="00054"/><TEST DATE="2005-01-29" ITERATIONS="3" PLATFORM="win32" RESULT="OK" RUN="00053"/><TEST DATE="2005-01-28" ITERATIONS="1" PLATFORM="win32" RESULT="OK" RUN="00051"/><TEST DATE="2005-01-27" ITERATIONS="3" PLATFORM="win32" RESULT="OK" RUN="00050"/><TEST DATE="2005-01-27" ITERATIONS="3" PLATFORM="win32" RESULT="OK" RUN="00044"/><TEST DATE="2005-01-27" ITERATIONS="3" PLATFORM="win32" RESULT="OK" RUN="00043"/><TEST DATE="2005-01-21" ITERATIONS="3" PLATFORM="win32" RESULT="OK" RUN="00040"/><TEST DATE="2005-01-21" ITERATION="0" ITERATIONS="3" PLATFORM="win32" RESULT="error" RUN="00039" xml:space="preserve">Traceback (most recent call last):
  File &quot;D:/ai/Orange/regressionTests/xtest1.py&quot;, line 92, in ?
    execfile(t__name)
  File &quot;variable2.py&quot;, line 15, in ?
    e2 = orange.EnumVariable(&quot;e2&quot;, values = [&quot;not 1&quot;, &quot;1&quot;])
SystemError: Orange class OrangeVector&lt;class std::basic_string&lt;char,struct std::char_traits&lt;char&gt;,class std::allocator&lt;char&gt; &gt;,1&gt;, needed for 'EnumVariable.values' not exported to Python
</TEST><TEST DATE="2005-01-21" ITERATION="0" ITERATIONS="3" PLATFORM="win32" RESULT="error" RUN="00038" xml:space="preserve">Traceback (most recent call last):
  File &quot;D:/ai/Orange/regressionTests/xtest1.py&quot;, line 92, in ?
    execfile(t__name)
  File &quot;variable2.py&quot;, line 15, in ?
    e2 = orange.EnumVariable(&quot;e2&quot;, values = [&quot;not 1&quot;, &quot;1&quot;])
SystemError: Orange class OrangeVector&lt;class std::basic_string&lt;char,struct std::char_traits&lt;char&gt;,class std::allocator&lt;char&gt; &gt;,1&gt;, needed for 'EnumVariable.values' not exported to Python
</TEST><TEST DATE="2005-01-21" ITERATION="0" ITERATIONS="3" PLATFORM="win32" RESULT="error" RUN="00037" xml:space="preserve">Traceback (most recent call last):
  File &quot;D:/ai/Orange/regressionTests/xtest1.py&quot;, line 92, in ?
    execfile(t__name)
  File &quot;variable2.py&quot;, line 15, in ?
    e2 = orange.EnumVariable(&quot;e2&quot;, values = [&quot;not 1&quot;, &quot;1&quot;])
SystemError: Orange class OrangeVector&lt;class std::basic_string&lt;char,struct std::char_traits&lt;char&gt;,class std::allocator&lt;char&gt; &gt;,1&gt;, needed for 'EnumVariable.values' not exported to Python
</TEST><TEST DATE="2004-11-29" ITERATIONS="3" PLATFORM="win32" RESULT="OK" RUN="00036"/><TEST DATE="2004-09-17" ITERATIONS="3" PLATFORM="win32" RESULT="OK" RUN="00035"/><TEST DATE="2004-09-17" ITERATIONS="3" PLATFORM="win32" RESULT="OK" RUN="00034"/><TEST DATE="2004-08-21" ITERATIONS="3" PLATFORM="linux2" RESULT="OK" RUN="00013"/><TEST DATE="2004-08-21" ITERATIONS="3" PLATFORM="win32" RESULT="OK" RUN="00012"/><TEST DATE="2004-08-20" ITERATIONS="3" PLATFORM="win32" RESULT="OK" RUN="00011"/><TEST DATE="2004-08-20" ITERATIONS="3" PLATFORM="win32" RESULT="OK" RUN="00010"/><TEST DATE="2004-08-19" ITERATIONS="3" PLATFORM="win32" RESULT="OK" RUN="00009"/><TEST DATE="2004-08-19" ITERATIONS="3" PLATFORM="win32" RESULT="OK" RUN="00008"/><TEST DATE="2004-08-19" ITERATIONS="3" PLATFORM="win32" RESULT="OK" RUN="00007"/><TEST DATE="2004-08-19" ITERATIONS="3" PLATFORM="win32" RESULT="OK" RUN="00006"/><TEST DATE="2004-07-15" ITERATIONS="3" PLATFORM="win32" RESULT="OK" RUN="00005"/><TEST DATE="2004-06-05" ITERATIONS="3" PLATFORM="win32" RESULT="OK" RUN="00004"/><TEST DATE="2004-06-03" ITERATIONS="1" PLATFORM="win32" RESULT="OK" RUN="00003"/><TEST DATE="2004-06-03" ITERATIONS="1" PLATFORM="win32" RESULT="OK" RUN="00002"/></FILE><FILE directory="reference" name="filters.py"><TEST DATE="2006-03-15" ITERATIONS="3" PLATFORM="win32" RESULT="OK" RUN="00071"/><TEST DATE="2006-03-14" ITERATIONS="3" PLATFORM="win32" RESULT="OK" RUN="00068"/><TEST DATE="2006-03-10" ITERATIONS="3" PLATFORM="win32" RESULT="OK" RUN="00058"/><TEST DATE="2005-06-18" ITERATIONS="1" PLATFORM="win32" RESULT="OK" RUN="00056"/><TEST DATE="2005-03-09" ITERATIONS="1" PLATFORM="win32" RESULT="OK" RUN="00055"/><TEST DATE="2005-02-14" ITERATIONS="1" PLATFORM="win32" RESULT="OK" RUN="00056"/><TEST DATE="2005-01-31" ITERATIONS="3" PLATFORM="win32" RESULT="OK" RUN="00054"/><TEST DATE="2005-01-29" ITERATIONS="3" PLATFORM="win32" RESULT="OK" RUN="00053"/><TEST DATE="2005-01-28" ITERATIONS="1" PLATFORM="win32" RESULT="OK" RUN="00051"/><TEST DATE="2005-01-27" ITERATIONS="3" PLATFORM="win32" RESULT="OK" RUN="00050"/><TEST DATE="2005-01-27" ITERATIONS="3" PLATFORM="win32" RESULT="OK" RUN="00045"/><TEST DATE="2005-01-27" ITERATIONS="3" PLATFORM="win32" RESULT="changed" RUN="00044"/><TEST DATE="2005-01-27" ITERATION="0" ITERATIONS="3" PLATFORM="win32" RESULT="error" RUN="00043" xml:space="preserve">Traceback (most recent call last):
  File &quot;D:/ai/Orange/regressionTests/xtest1.py&quot;, line 92, in ?
    execfile(t__name)
  File &quot;filters.py&quot;, line 17, in ?
    fspec.check = [1] * len(data.domain)
TypeError: invalid parameter type for 'Filter_isDefined.check', (expected 'AttributedBoolList', got 'list')
</TEST><TEST DATE="2005-01-21" ITERATION="0" ITERATIONS="3" PLATFORM="win32" RESULT="error" RUN="00042" xml:space="preserve">Traceback (most recent call last):
  File &quot;D:/ai/Orange/regressionTests/xtest1.py&quot;, line 92, in ?
    execfile(t__name)
  File &quot;filters.py&quot;, line 17, in ?
    fspec.check = [1] * len(data.domain)
TypeError: invalid parameter type for 'Filter_isDefined.check', (expected 'AttributedBoolList', got 'list')
</TEST><TEST DATE="2005-01-21" ITERATION="0" ITERATIONS="3" PLATFORM="win32" RESULT="error" RUN="00041" xml:space="preserve">Traceback (most recent call last):
  File &quot;D:/ai/Orange/regressionTests/xtest1.py&quot;, line 92, in ?
    execfile(t__name)
  File &quot;filters.py&quot;, line 17, in ?
    fspec.check = [1] * len(data.domain)
TypeError: invalid parameter type for 'Filter_isDefined.check', (expected 'AttributedBoolList', got 'list')
</TEST><TEST DATE="2005-01-21" ITERATION="0" ITERATIONS="3" PLATFORM="win32" RESULT="error" RUN="00040" xml:space="preserve">Traceback (most recent call last):
  File &quot;D:/ai/Orange/regressionTests/xtest1.py&quot;, line 92, in ?
    execfile(t__name)
  File &quot;filters.py&quot;, line 17, in ?
    fspec.check = [1] * len(data.domain)
TypeError: invalid parameter type for 'Filter_isDefined.check', (expected 'AttributedBoolList', got 'list')
</TEST><TEST DATE="2005-01-21" ITERATION="0" ITERATIONS="3" PLATFORM="win32" RESULT="error" RUN="00039" xml:space="preserve">Traceback (most recent call last):
  File &quot;D:/ai/Orange/regressionTests/xtest1.py&quot;, line 92, in ?
    execfile(t__name)
  File &quot;filters.py&quot;, line 17, in ?
    fspec.check = [1] * len(data.domain)
TypeError: invalid parameter type for 'Filter_isDefined.check', (expected 'AttributedBoolList', got 'list')
</TEST><TEST DATE="2005-01-21" ITERATION="0" ITERATIONS="3" PLATFORM="win32" RESULT="error" RUN="00038" xml:space="preserve">Traceback (most recent call last):
  File &quot;D:/ai/Orange/regressionTests/xtest1.py&quot;, line 92, in ?
    execfile(t__name)
  File &quot;filters.py&quot;, line 17, in ?
    fspec.check = [1] * len(data.domain)
TypeError: invalid parameter type for 'Filter_isDefined.check', (expected 'AttributedBoolList', got 'list')
</TEST><TEST DATE="2005-01-21" ITERATION="0" ITERATIONS="3" PLATFORM="win32" RESULT="error" RUN="00037" xml:space="preserve">Traceback (most recent call last):
  File &quot;D:/ai/Orange/regressionTests/xtest1.py&quot;, line 92, in ?
    execfile(t__name)
  File &quot;filters.py&quot;, line 17, in ?
    fspec.check = [1] * len(data.domain)
TypeError: invalid parameter type for 'Filter_isDefined.check', (expected 'AttributedBoolList', got 'list')
</TEST><TEST DATE="2004-11-29" ITERATION="0" ITERATIONS="3" PLATFORM="win32" RESULT="error" RUN="00036" xml:space="preserve">Traceback (most recent call last):
  File &quot;D:/AI/Orange/regressionTests/xtest1.py&quot;, line 92, in ?
    execfile(t__name)
  File &quot;filters.py&quot;, line 17, in ?
    fspec.check = [1] * len(data.domain)
TypeError: invalid parameter type for 'Filter_isDefined.check', (expected 'AttributedBoolList', got 'list')
</TEST><TEST DATE="2004-09-17" ITERATIONS="3" PLATFORM="win32" RESULT="OK" RUN="00035"/><TEST DATE="2004-09-17" ITERATIONS="3" PLATFORM="win32" RESULT="OK" RUN="00034"/><TEST DATE="2004-08-21" ITERATIONS="3" PLATFORM="linux2" RESULT="OK" RUN="00013"/><TEST DATE="2004-08-21" ITERATIONS="3" PLATFORM="win32" RESULT="OK" RUN="00012"/><TEST DATE="2004-08-20" ITERATIONS="3" PLATFORM="win32" RESULT="OK" RUN="00011"/><TEST DATE="2004-08-20" ITERATIONS="3" PLATFORM="win32" RESULT="OK" RUN="00010"/><TEST DATE="2004-08-19" ITERATIONS="3" PLATFORM="win32" RESULT="OK" RUN="00009"/><TEST DATE="2004-08-19" ITERATIONS="3" PLATFORM="win32" RESULT="OK" RUN="00008"/><TEST DATE="2004-08-19" ITERATIONS="3" PLATFORM="win32" RESULT="OK" RUN="00007"/><TEST DATE="2004-08-19" ITERATIONS="3" PLATFORM="win32" RESULT="OK" RUN="00006"/></FILE><FILE directory="reference" name="filterv.py"><TEST DATE="2006-03-15" ITERATIONS="3" PLATFORM="win32" RESULT="OK" RUN="00071"/><TEST DATE="2006-03-14" ITERATIONS="3" PLATFORM="win32" RESULT="OK" RUN="00068"/><TEST DATE="2006-03-10" ITERATIONS="3" PLATFORM="win32" RESULT="OK" RUN="00058"/><TEST DATE="2005-06-18" ITERATIONS="1" PLATFORM="win32" RESULT="OK" RUN="00056"/><TEST DATE="2005-03-09" ITERATIONS="1" PLATFORM="win32" RESULT="OK" RUN="00055"/><TEST DATE="2005-02-14" ITERATIONS="1" PLATFORM="win32" RESULT="OK" RUN="00056"/><TEST DATE="2005-01-31" ITERATIONS="3" PLATFORM="win32" RESULT="OK" RUN="00054"/><TEST DATE="2005-01-29" ITERATIONS="3" PLATFORM="win32" RESULT="OK" RUN="00053"/><TEST DATE="2005-01-28" ITERATIONS="1" PLATFORM="win32" RESULT="OK" RUN="00052"/><TEST DATE="2005-01-28" ITERATIONS="1" PLATFORM="win32" RESULT="" RUN="00051"/><TEST DATE="2005-01-27" ITERATIONS="3" PLATFORM="win32" RESULT="OK" RUN="00050"/><TEST DATE="2005-01-27" ITERATIONS="3" PLATFORM="win32" RESULT="OK" RUN="00044"/><TEST DATE="2005-01-27" ITERATIONS="3" PLATFORM="win32" RESULT="OK" RUN="00043"/><TEST DATE="2005-01-21" ITERATIONS="3" PLATFORM="win32" RESULT="OK" RUN="00037"/><TEST DATE="2004-11-29" ITERATIONS="3" PLATFORM="win32" RESULT="OK" RUN="00036"/><TEST DATE="2004-09-17" ITERATIONS="3" PLATFORM="win32" RESULT="OK" RUN="00035"/><TEST DATE="2004-09-17" ITERATIONS="3" PLATFORM="win32" RESULT="OK" RUN="00034"/><TEST DATE="2004-08-21" ITERATIONS="3" PLATFORM="linux2" RESULT="OK" RUN="00013"/><TEST DATE="2004-08-21" ITERATIONS="3" PLATFORM="win32" RESULT="OK" RUN="00012"/><TEST DATE="2004-08-20" ITERATIONS="3" PLATFORM="win32" RESULT="OK" RUN="00011"/><TEST DATE="2004-08-20" ITERATIONS="3" PLATFORM="win32" RESULT="OK" RUN="00010"/><TEST DATE="2004-08-19" ITERATIONS="3" PLATFORM="win32" RESULT="OK" RUN="00009"/><TEST DATE="2004-08-19" ITERATIONS="3" PLATFORM="win32" RESULT="OK" RUN="00008"/><TEST DATE="2004-08-19" ITERATIONS="3" PLATFORM="win32" RESULT="OK" RUN="00007"/><TEST DATE="2004-08-19" ITERATIONS="3" PLATFORM="win32" RESULT="OK" RUN="00006"/></FILE><FILE directory="reference" name="hclust.py"><TEST DATE="2006-03-15" ITERATIONS="3" PLATFORM="win32" RESULT="OK" RUN="00071"/><TEST DATE="2006-03-14" ITERATIONS="3" PLATFORM="win32" RESULT="OK" RUN="00068"/><TEST DATE="2006-03-10" ITERATIONS="3" PLATFORM="win32" RESULT="OK" RUN="00058"/><TEST DATE="2005-06-18" ITERATIONS="1" PLATFORM="win32" RESULT="OK" RUN="00056"/><TEST DATE="2005-03-09" ITERATIONS="1" PLATFORM="win32" RESULT="OK" RUN="00055"/><TEST DATE="2005-02-14" ITERATIONS="1" PLATFORM="win32" RESULT="OK" RUN="00056"/><TEST DATE="2005-01-31" ITERATIONS="3" PLATFORM="win32" RESULT="OK" RUN="00054"/><TEST DATE="2005-01-29" ITERATIONS="3" PLATFORM="win32" RESULT="OK" RUN="00053"/><TEST DATE="2005-01-28" ITERATIONS="1" PLATFORM="win32" RESULT="OK" RUN="00051"/><TEST DATE="2005-01-27" ITERATIONS="3" PLATFORM="win32" RESULT="OK" RUN="00050"/><TEST DATE="2005-01-27" ITERATIONS="3" PLATFORM="win32" RESULT="OK" RUN="00044"/><TEST DATE="2005-01-27" ITERATIONS="3" PLATFORM="win32" RESULT="OK" RUN="00043"/><TEST DATE="2005-01-21" ITERATIONS="3" PLATFORM="win32" RESULT="OK" RUN="00037"/><TEST DATE="2004-11-29" ITERATIONS="3" PLATFORM="win32" RESULT="OK" RUN="00036"/><TEST DATE="2004-09-17" ITERATIONS="3" PLATFORM="win32" RESULT="OK" RUN="00035"/><TEST DATE="2004-09-17" ITERATIONS="3" PLATFORM="win32" RESULT="OK" RUN="00034"/><TEST DATE="2004-08-26" ITERATIONS="3" PLATFORM="win32" RESULT="OK" RUN="00032"/><TEST DATE="2004-08-26" ITERATIONS="3" PLATFORM="linux2" RESULT="changed" RUN="00031"/><TEST DATE="2004-08-26" ITERATIONS="3" PLATFORM="linux2" RESULT="changed" RUN="00030"/><TEST DATE="2004-08-26" ITERATIONS="3" PLATFORM="linux2" RESULT="changed" RUN="00029"/><TEST DATE="2004-08-26" ITERATIONS="3" PLATFORM="linux2" RESULT="changed" RUN="00028"/><TEST DATE="2004-08-26" ITERATIONS="3" PLATFORM="win32" RESULT="changed" RUN="00027"/><TEST DATE="2004-08-26" ITERATIONS="3" PLATFORM="win32" RESULT="changed" RUN="00026"/><TEST DATE="2004-08-26" ITERATIONS="3" PLATFORM="win32" RESULT="changed" RUN="00025"/><TEST DATE="2004-08-26" ITERATIONS="3" PLATFORM="win32" RESULT="" RUN="00024"/><TEST DATE="2004-08-26" ITERATIONS="3" PLATFORM="win32" RESULT="" RUN="00023"/><TEST DATE="2004-08-26" ITERATIONS="3" PLATFORM="win32" RESULT="" RUN="00022"/><TEST DATE="2004-08-26" ITERATIONS="3" PLATFORM="win32" RESULT="" RUN="00021"/><TEST DATE="2004-08-26" ITERATIONS="3" PLATFORM="win32" RESULT="" RUN="00020"/><TEST DATE="2004-08-26" ITERATIONS="3" PLATFORM="win32" RESULT="" RUN="00019"/><TEST DATE="2004-08-26" ITERATIONS="3" PLATFORM="win32" RESULT="" RUN="00018"/><TEST DATE="2004-08-26" ITERATIONS="3" PLATFORM="win32" RESULT="" RUN="00017"/><TEST DATE="2004-08-26" ITERATIONS="3" PLATFORM="win32" RESULT="" RUN="00016"/><TEST DATE="2004-08-26" ITERATIONS="3" PLATFORM="win32" RESULT="changed" RUN="00015"/><TEST DATE="2004-08-26" ITERATIONS="3" PLATFORM="win32" RESULT="changed" RUN="00014"/><TEST DATE="2004-08-21" ITERATIONS="3" PLATFORM="linux2" RESULT="changed" RUN="00013"/><TEST DATE="2004-08-21" ITERATIONS="3" PLATFORM="win32" RESULT="changed" RUN="00012"/><TEST DATE="2004-08-20" ITERATIONS="3" PLATFORM="win32" RESULT="random" RUN="00011"/><TEST DATE="2004-08-20" ITERATIONS="3" PLATFORM="win32" RESULT="random" RUN="00010"/><TEST DATE="2004-08-19" ITERATIONS="3" PLATFORM="win32" RESULT="changed" RUN="00009"/><TEST DATE="2004-08-19" ITERATIONS="3" PLATFORM="win32" RESULT="changed" RUN="00008"/><TEST DATE="2004-08-19" ITERATIONS="3" PLATFORM="win32" RESULT="changed" RUN="00007"/><TEST DATE="2004-08-19" ITERATIONS="3" PLATFORM="win32" RESULT="OK" RUN="00006"/></FILE><FILE directory="reference" name="hclust_art.py"><TEST DATE="2006-03-15" ITERATIONS="3" PLATFORM="win32" RESULT="OK" RUN="00071"/><TEST DATE="2006-03-14" ITERATIONS="3" PLATFORM="win32" RESULT="OK" RUN="00068"/><TEST DATE="2006-03-10" ITERATIONS="3" PLATFORM="win32" RESULT="OK" RUN="00058"/><TEST DATE="2005-06-18" ITERATIONS="1" PLATFORM="win32" RESULT="OK" RUN="00056"/><TEST DATE="2005-03-09" ITERATIONS="1" PLATFORM="win32" RESULT="OK" RUN="00055"/><TEST DATE="2005-02-14" ITERATIONS="1" PLATFORM="win32" RESULT="OK" RUN="00056"/><TEST DATE="2005-01-31" ITERATIONS="3" PLATFORM="win32" RESULT="OK" RUN="00054"/><TEST DATE="2005-01-29" ITERATIONS="3" PLATFORM="win32" RESULT="OK" RUN="00053"/><TEST DATE="2005-01-28" ITERATIONS="1" PLATFORM="win32" RESULT="OK" RUN="00051"/><TEST DATE="2005-01-27" ITERATIONS="3" PLATFORM="win32" RESULT="OK" RUN="00050"/><TEST DATE="2005-01-27" ITERATIONS="3" PLATFORM="win32" RESULT="OK" RUN="00044"/><TEST DATE="2005-01-27" ITERATIONS="3" PLATFORM="win32" RESULT="OK" RUN="00043"/><TEST DATE="2005-01-21" ITERATIONS="3" PLATFORM="win32" RESULT="OK" RUN="00037"/><TEST DATE="2004-11-29" ITERATIONS="3" PLATFORM="win32" RESULT="OK" RUN="00036"/><TEST DATE="2004-09-17" ITERATIONS="3" PLATFORM="win32" RESULT="OK" RUN="00035"/><TEST DATE="2004-09-17" ITERATIONS="3" PLATFORM="win32" RESULT="OK" RUN="00034"/><TEST DATE="2004-08-21" ITERATIONS="3" PLATFORM="linux2" RESULT="OK" RUN="00013"/><TEST DATE="2004-08-21" ITERATIONS="3" PLATFORM="win32" RESULT="OK" RUN="00012"/><TEST DATE="2004-08-20" ITERATIONS="3" PLATFORM="win32" RESULT="OK" RUN="00011"/><TEST DATE="2004-08-20" ITERATIONS="3" PLATFORM="win32" RESULT="OK" RUN="00010"/><TEST DATE="2004-08-19" ITERATIONS="3" PLATFORM="win32" RESULT="OK" RUN="00009"/><TEST DATE="2004-08-19" ITERATIONS="3" PLATFORM="win32" RESULT="OK" RUN="00008"/><TEST DATE="2004-08-19" ITERATIONS="3" PLATFORM="win32" RESULT="OK" RUN="00007"/><TEST DATE="2004-08-19" ITERATIONS="3" PLATFORM="win32" RESULT="OK" RUN="00006"/></FILE><FILE directory="reference" name="imputation.py"><TEST DATE="2006-03-15" ITERATIONS="3" PLATFORM="win32" RESULT="OK" RUN="00071"/><TEST DATE="2006-03-14" ITERATIONS="3" PLATFORM="win32" RESULT="OK" RUN="00068"/><TEST DATE="2006-03-13" ITERATIONS="3" PLATFORM="win32" RESULT="OK" RUN="00063"/><TEST DATE="2006-03-12" ITERATIONS="3" PLATFORM="win32" RESULT="changed" RUN="00062"/><TEST DATE="2006-03-12" ITERATIONS="3" PLATFORM="win32" RESULT="changed" RUN="00061"/><TEST DATE="2006-03-12" ITERATIONS="3" PLATFORM="win32" RESULT="changed" RUN="00060"/><TEST DATE="2006-03-10" ITERATIONS="3" PLATFORM="win32" RESULT="changed" RUN="00059"/><TEST DATE="2006-03-10" ITERATIONS="3" PLATFORM="win32" RESULT="changed" RUN="00058"/><TEST DATE="2005-06-18" ITERATIONS="1" PLATFORM="win32" RESULT="changed" RUN="00056"/><TEST DATE="2005-03-09" ITERATIONS="1" PLATFORM="win32" RESULT="OK" RUN="00055"/><TEST DATE="2005-02-14" ITERATIONS="1" PLATFORM="win32" RESULT="OK" RUN="00056"/><TEST DATE="2005-01-31" ITERATIONS="3" PLATFORM="win32" RESULT="OK" RUN="00054"/><TEST DATE="2005-01-29" ITERATIONS="3" PLATFORM="win32" RESULT="OK" RUN="00053"/><TEST DATE="2005-01-28" ITERATIONS="1" PLATFORM="win32" RESULT="OK" RUN="00051"/><TEST DATE="2005-01-27" ITERATIONS="3" PLATFORM="win32" RESULT="OK" RUN="00050"/><TEST DATE="2005-01-27" ITERATIONS="3" PLATFORM="win32" RESULT="OK" RUN="00049"/><TEST DATE="2005-01-27" ITERATION="0" ITERATIONS="3" PLATFORM="win32" RESULT="error" RUN="00048" xml:space="preserve">Traceback (most recent call last):
  File &quot;D:/ai/orange/regressionTests/xtest1.py&quot;, line 92, in ?
    execfile(t__name)
  File &quot;imputation.py&quot;, line 21, in ?
    impdata = imputer(data)
KernelException: null pointer to 'class TImputer'
</TEST><TEST DATE="2005-01-27" ITERATION="0" ITERATIONS="3" PLATFORM="win32" RESULT="error" RUN="00047" xml:space="preserve">Traceback (most recent call last):
  File &quot;D:/ai/orange/regressionTests/xtest1.py&quot;, line 92, in ?
    execfile(t__name)
  File &quot;imputation.py&quot;, line 21, in ?
    impdata = imputer(data)
KernelException: null pointer to 'class TImputer'
</TEST><TEST DATE="2005-01-27" ITERATION="0" ITERATIONS="3" PLATFORM="win32" RESULT="error" RUN="00046" xml:space="preserve">Traceback (most recent call last):
  File &quot;D:/ai/orange/regressionTests/xtest1.py&quot;, line 92, in ?
    execfile(t__name)
  File &quot;imputation.py&quot;, line 21, in ?
    impdata = imputer(data)
KernelException: null pointer to 'class TImputer'
</TEST><TEST DATE="2005-01-27" ITERATION="0" ITERATIONS="3" PLATFORM="win32" RESULT="error" RUN="00045" xml:space="preserve">Traceback (most recent call last):
  File &quot;D:/ai/orange/regressionTests/xtest1.py&quot;, line 92, in ?
    execfile(t__name)
  File &quot;imputation.py&quot;, line 21, in ?
    impdata = imputer(data)
KernelException: null pointer to 'class TImputer'
</TEST><TEST DATE="2005-01-27" ITERATION="0" ITERATIONS="3" PLATFORM="win32" RESULT="error" RUN="00044" xml:space="preserve">Traceback (most recent call last):
  File &quot;D:/ai/Orange/regressionTests/xtest1.py&quot;, line 92, in ?
    execfile(t__name)
  File &quot;imputation.py&quot;, line 21, in ?
    impdata = imputer(data)
KernelException: null pointer to 'class TImputer'
</TEST><TEST DATE="2005-01-27" ITERATION="0" ITERATIONS="3" PLATFORM="win32" RESULT="error" RUN="00043" xml:space="preserve">Traceback (most recent call last):
  File &quot;D:/ai/Orange/regressionTests/xtest1.py&quot;, line 92, in ?
    execfile(t__name)
  File &quot;imputation.py&quot;, line 21, in ?
    impdata = imputer(data)
KernelException: null pointer to 'class TImputer'
</TEST><TEST DATE="2005-01-21" ITERATION="0" ITERATIONS="3" PLATFORM="win32" RESULT="error" RUN="00042" xml:space="preserve">Traceback (most recent call last):
  File &quot;D:/ai/Orange/regressionTests/xtest1.py&quot;, line 92, in ?
    execfile(t__name)
  File &quot;imputation.py&quot;, line 21, in ?
    impdata = imputer(data)
KernelException: invalid (null or wrong type) pointer to 'class TImputer'
</TEST><TEST DATE="2005-01-21" ITERATION="0" ITERATIONS="3" PLATFORM="win32" RESULT="error" RUN="00041" xml:space="preserve">Traceback (most recent call last):
  File &quot;D:/ai/Orange/regressionTests/xtest1.py&quot;, line 92, in ?
    execfile(t__name)
  File &quot;imputation.py&quot;, line 21, in ?
    impdata = imputer(data)
KernelException: invalid (null or wrong type) pointer to 'class TImputer'
</TEST><TEST DATE="2005-01-21" ITERATION="0" ITERATIONS="3" PLATFORM="win32" RESULT="error" RUN="00040" xml:space="preserve">Traceback (most recent call last):
  File &quot;D:/ai/Orange/regressionTests/xtest1.py&quot;, line 92, in ?
    execfile(t__name)
  File &quot;imputation.py&quot;, line 21, in ?
    impdata = imputer(data)
KernelException: invalid (null or wrong type) pointer to 'class TImputer'
</TEST><TEST DATE="2005-01-21" ITERATION="0" ITERATIONS="3" PLATFORM="win32" RESULT="error" RUN="00039" xml:space="preserve">Traceback (most recent call last):
  File &quot;D:/ai/Orange/regressionTests/xtest1.py&quot;, line 92, in ?
    execfile(t__name)
  File &quot;imputation.py&quot;, line 21, in ?
    impdata = imputer(data)
KernelException: invalid (null or wrong type) pointer to 'class TImputer'
</TEST><TEST DATE="2005-01-21" ITERATION="0" ITERATIONS="3" PLATFORM="win32" RESULT="error" RUN="00038" xml:space="preserve">Traceback (most recent call last):
  File &quot;D:/ai/Orange/regressionTests/xtest1.py&quot;, line 92, in ?
    execfile(t__name)
  File &quot;imputation.py&quot;, line 21, in ?
    impdata = imputer(data)
KernelException: invalid (null or wrong type) pointer to 'class TImputer'
</TEST><TEST DATE="2005-01-21" ITERATION="0" ITERATIONS="3" PLATFORM="win32" RESULT="error" RUN="00037" xml:space="preserve">Traceback (most recent call last):
  File &quot;D:/ai/Orange/regressionTests/xtest1.py&quot;, line 92, in ?
    execfile(t__name)
  File &quot;imputation.py&quot;, line 21, in ?
    impdata = imputer(data)
KernelException: invalid (null or wrong type) pointer to 'class TImputer'
</TEST><TEST DATE="2004-11-29" ITERATIONS="3" PLATFORM="win32" RESULT="OK" RUN="00036"/><TEST DATE="2004-09-17" ITERATIONS="3" PLATFORM="win32" RESULT="OK" RUN="00035"/><TEST DATE="2004-09-17" ITERATIONS="3" PLATFORM="win32" RESULT="OK" RUN="00034"/><TEST DATE="2004-08-21" ITERATIONS="3" PLATFORM="linux2" RESULT="OK" RUN="00013"/><TEST DATE="2004-08-21" ITERATIONS="3" PLATFORM="win32" RESULT="OK" RUN="00012"/><TEST DATE="2004-08-20" ITERATIONS="3" PLATFORM="win32" RESULT="OK" RUN="00011"/><TEST DATE="2004-08-20" ITERATIONS="3" PLATFORM="win32" RESULT="OK" RUN="00010"/><TEST DATE="2004-08-19" ITERATIONS="3" PLATFORM="win32" RESULT="OK" RUN="00009"/><TEST DATE="2004-08-19" ITERATIONS="3" PLATFORM="win32" RESULT="OK" RUN="00008"/><TEST DATE="2004-08-19" ITERATIONS="3" PLATFORM="win32" RESULT="OK" RUN="00007"/><TEST DATE="2004-08-19" ITERATIONS="3" PLATFORM="win32" RESULT="OK" RUN="00006"/></FILE><FILE directory="reference" name="pythonvariable1.py"><TEST DATE="2006-03-15" ITERATIONS="3" PLATFORM="win32" RESULT="OK" RUN="00071"/><TEST DATE="2006-03-14" ITERATIONS="3" PLATFORM="win32" RESULT="OK" RUN="00068"/><TEST DATE="2006-03-13" ITERATIONS="3" PLATFORM="win32" RESULT="OK" RUN="00065"/><TEST DATE="2006-03-13" ITERATIONS="3" PLATFORM="win32" RESULT="changed" RUN="00064"/><TEST DATE="2006-03-13" ITERATIONS="3" PLATFORM="win32" RESULT="changed" RUN="00063"/><TEST DATE="2006-03-12" ITERATIONS="3" PLATFORM="win32" RESULT="changed" RUN="00061"/><TEST DATE="2006-03-12" ITERATIONS="3" PLATFORM="win32" RESULT="changed" RUN="00060"/><TEST DATE="2006-03-10" ITERATIONS="3" PLATFORM="win32" RESULT="changed" RUN="00059"/><TEST DATE="2006-03-10" ITERATIONS="3" PLATFORM="win32" RESULT="changed" RUN="00058"/><TEST DATE="2005-06-18" ITERATIONS="1" PLATFORM="win32" RESULT="OK" RUN="00056"/><TEST DATE="2005-03-09" ITERATIONS="1" PLATFORM="win32" RESULT="OK" RUN="00055"/><TEST DATE="2005-02-14" ITERATIONS="1" PLATFORM="win32" RESULT="OK" RUN="00056"/><TEST DATE="2005-01-31" ITERATIONS="3" PLATFORM="win32" RESULT="OK" RUN="00054"/><TEST DATE="2005-01-29" ITERATIONS="3" PLATFORM="win32" RESULT="OK" RUN="00053"/><TEST DATE="2005-01-28" ITERATIONS="1" PLATFORM="win32" RESULT="OK" RUN="00051"/><TEST DATE="2005-01-27" ITERATIONS="3" PLATFORM="win32" RESULT="OK" RUN="00050"/><TEST DATE="2005-01-27" ITERATIONS="3" PLATFORM="win32" RESULT="OK" RUN="00048"/><TEST DATE="2005-01-27" ITERATIONS="3" PLATFORM="win32" RESULT="changed" RUN="00047"/><TEST DATE="2005-01-27" ITERATIONS="3" PLATFORM="win32" RESULT="changed" RUN="00046"/><TEST DATE="2005-01-27" ITERATIONS="3" PLATFORM="win32" RESULT="random" RUN="00045"/><TEST DATE="2005-01-27" ITERATIONS="3" PLATFORM="win32" RESULT="random" RUN="00044"/><TEST DATE="2005-01-27" ITERATIONS="3" PLATFORM="win32" RESULT="random" RUN="00043"/><TEST DATE="2005-01-21" ITERATIONS="3" PLATFORM="win32" RESULT="random" RUN="00042"/><TEST DATE="2005-01-21" ITERATIONS="3" PLATFORM="win32" RESULT="" RUN="00041"/><TEST DATE="2005-01-21" ITERATIONS="3" PLATFORM="win32" RESULT="" RUN="00040"/><TEST DATE="2005-01-21" ITERATIONS="3" PLATFORM="win32" RESULT="" RUN="00039"/><TEST DATE="2005-01-21" ITERATIONS="3" PLATFORM="win32" RESULT="" RUN="00038"/><TEST DATE="2005-01-21" ITERATIONS="3" PLATFORM="win32" RESULT="" RUN="00037"/><TEST DATE="2004-11-29" ITERATIONS="3" PLATFORM="win32" RESULT="random" RUN="00036"/><TEST DATE="2004-09-17" ITERATIONS="3" PLATFORM="win32" RESULT="random" RUN="00035"/><TEST DATE="2004-09-17" ITERATIONS="3" PLATFORM="win32" RESULT="random" RUN="00034"/><TEST DATE="2004-08-26" ITERATION="0" ITERATIONS="3" PLATFORM="win32" RESULT="error" RUN="00032" xml:space="preserve">Traceback (most recent call last):
  File &quot;D:/ai/Orange/regressionTests/xtest1.py&quot;, line 92, in ?
    execfile(t__name)
  File &quot;pythonvariable1.py&quot;, line 15, in ?
    data[1][&quot;foo&quot;] = &quot;a string&quot;
KernelException: 'orange.PythonVariable': cannot intepret string representations for values of type 'PythonVariable'
</TEST><TEST DATE="2004-08-26" ITERATIONS="3" PLATFORM="linux2" RESULT="random" RUN="00031"/><TEST DATE="2004-08-26" ITERATIONS="3" PLATFORM="linux2" RESULT="random" RUN="00030"/><TEST DATE="2004-08-26" ITERATIONS="3" PLATFORM="linux2" RESULT="random" RUN="00029"/><TEST DATE="2004-08-26" ITERATION="0" ITERATIONS="3" PLATFORM="linux2" RESULT="error" RUN="00028" xml:space="preserve">Traceback (most recent call last):
  File &quot;/mnt/windows/ai/orange/regressionTests/xtest1.py&quot;, line 50, in ?
    execfile(t__name)
  File &quot;pythonvariable1.py&quot;, line 14, in ?
    data[0][&quot;foo&quot;] = (&quot;a&quot;, &quot;tuple&quot;)
TypeError: cannot convert an object of type 'tuple' to value of attribute 'foo'
</TEST><TEST DATE="2004-08-26" ITERATIONS="3" PLATFORM="win32" RESULT="random" RUN="00027"/><TEST DATE="2004-08-26" ITERATIONS="3" PLATFORM="win32" RESULT="random" RUN="00026"/><TEST DATE="2004-08-26" ITERATIONS="3" PLATFORM="win32" RESULT="random" RUN="00025"/><TEST DATE="2004-08-26" ITERATIONS="3" PLATFORM="win32" RESULT="" RUN="00024"/><TEST DATE="2004-08-26" ITERATIONS="3" PLATFORM="win32" RESULT="" RUN="00023"/><TEST DATE="2004-08-26" ITERATIONS="3" PLATFORM="win32" RESULT="" RUN="00022"/><TEST DATE="2004-08-26" ITERATIONS="3" PLATFORM="win32" RESULT="" RUN="00021"/><TEST DATE="2004-08-26" ITERATIONS="3" PLATFORM="win32" RESULT="" RUN="00020"/><TEST DATE="2004-08-26" ITERATIONS="3" PLATFORM="win32" RESULT="" RUN="00019"/><TEST DATE="2004-08-26" ITERATIONS="3" PLATFORM="win32" RESULT="" RUN="00018"/><TEST DATE="2004-08-26" ITERATIONS="3" PLATFORM="win32" RESULT="" RUN="00017"/><TEST DATE="2004-08-26" ITERATIONS="3" PLATFORM="win32" RESULT="" RUN="00016"/><TEST DATE="2004-08-26" ITERATIONS="3" PLATFORM="win32" RESULT="random" RUN="00015"/><TEST DATE="2004-08-26" ITERATION="0" ITERATIONS="3" PLATFORM="win32" RESULT="error" RUN="00014" xml:space="preserve">Traceback (most recent call last):
  File &quot;../xtest1.py&quot;, line 49, in ?
    execfile(t__name)
  File &quot;pythonvariable1.py&quot;, line 15, in ?
    data[1][&quot;foo&quot;] = &quot;a string&quot;
KernelException: 'orange.PythonVariable': cannot intepret string representations for values of type 'PythonVariable'
</TEST></FILE><FILE directory="reference" name="pythonvariable2a.py"><TEST DATE="2006-03-15" ITERATIONS="3" PLATFORM="win32" RESULT="OK" RUN="00071"/><TEST DATE="2006-03-14" ITERATIONS="3" PLATFORM="win32" RESULT="OK" RUN="00068"/><TEST DATE="2006-03-10" ITERATIONS="3" PLATFORM="win32" RESULT="OK" RUN="00058"/><TEST DATE="2005-06-18" ITERATIONS="1" PLATFORM="win32" RESULT="OK" RUN="00056"/><TEST DATE="2005-03-09" ITERATIONS="1" PLATFORM="win32" RESULT="OK" RUN="00055"/><TEST DATE="2005-02-14" ITERATIONS="1" PLATFORM="win32" RESULT="OK" RUN="00056"/><TEST DATE="2005-01-31" ITERATIONS="3" PLATFORM="win32" RESULT="OK" RUN="00054"/><TEST DATE="2005-01-29" ITERATIONS="3" PLATFORM="win32" RESULT="OK" RUN="00053"/><TEST DATE="2005-01-28" ITERATIONS="1" PLATFORM="win32" RESULT="OK" RUN="00052"/><TEST DATE="2005-01-28" ITERATIONS="1" PLATFORM="win32" RESULT="" RUN="00051"/><TEST DATE="2005-01-27" ITERATIONS="3" PLATFORM="win32" RESULT="OK" RUN="00050"/><TEST DATE="2005-01-27" ITERATIONS="3" PLATFORM="win32" RESULT="OK" RUN="00044"/><TEST DATE="2005-01-27" ITERATIONS="3" PLATFORM="win32" RESULT="OK" RUN="00043"/><TEST DATE="2005-01-21" ITERATIONS="3" PLATFORM="win32" RESULT="OK" RUN="00042"/><TEST DATE="2005-01-21" ITERATIONS="3" PLATFORM="win32" RESULT="" RUN="00041"/><TEST DATE="2005-01-21" ITERATIONS="3" PLATFORM="win32" RESULT="" RUN="00040"/><TEST DATE="2005-01-21" ITERATIONS="3" PLATFORM="win32" RESULT="" RUN="00039"/><TEST DATE="2005-01-21" ITERATIONS="3" PLATFORM="win32" RESULT="" RUN="00038"/><TEST DATE="2005-01-21" ITERATIONS="3" PLATFORM="win32" RESULT="" RUN="00037"/><TEST DATE="2004-11-29" ITERATIONS="3" PLATFORM="win32" RESULT="OK" RUN="00036"/><TEST DATE="2004-09-17" ITERATIONS="3" PLATFORM="win32" RESULT="OK" RUN="00035"/><TEST DATE="2004-09-17" ITERATIONS="3" PLATFORM="win32" RESULT="OK" RUN="00034"/><TEST DATE="2004-08-26" ITERATIONS="3" PLATFORM="linux2" RESULT="OK" RUN="00029"/><TEST DATE="2004-08-26" ITERATIONS="3" PLATFORM="linux2" RESULT="changed" RUN="00028"/><TEST DATE="2004-08-26" ITERATIONS="3" PLATFORM="win32" RESULT="OK" RUN="00014"/></FILE><FILE directory="reference" name="pythonvariable2b.py"><TEST DATE="2006-03-15" ITERATIONS="3" PLATFORM="win32" RESULT="OK" RUN="00071"/><TEST DATE="2006-03-14" ITERATIONS="3" PLATFORM="win32" RESULT="OK" RUN="00068"/><TEST DATE="2006-03-10" ITERATIONS="3" PLATFORM="win32" RESULT="OK" RUN="00058"/><TEST DATE="2005-06-18" ITERATIONS="1" PLATFORM="win32" RESULT="OK" RUN="00056"/><TEST DATE="2005-03-09" ITERATIONS="1" PLATFORM="win32" RESULT="OK" RUN="00055"/><TEST DATE="2005-02-14" ITERATIONS="1" PLATFORM="win32" RESULT="OK" RUN="00056"/><TEST DATE="2005-01-31" ITERATIONS="3" PLATFORM="win32" RESULT="OK" RUN="00054"/><TEST DATE="2005-01-29" ITERATIONS="3" PLATFORM="win32" RESULT="OK" RUN="00053"/><TEST DATE="2005-01-28" ITERATIONS="1" PLATFORM="win32" RESULT="OK" RUN="00052"/><TEST DATE="2005-01-28" ITERATIONS="1" PLATFORM="win32" RESULT="" RUN="00051"/><TEST DATE="2005-01-27" ITERATIONS="3" PLATFORM="win32" RESULT="OK" RUN="00050"/><TEST DATE="2005-01-27" ITERATIONS="3" PLATFORM="win32" RESULT="OK" RUN="00044"/><TEST DATE="2005-01-27" ITERATIONS="3" PLATFORM="win32" RESULT="OK" RUN="00043"/><TEST DATE="2005-01-21" ITERATIONS="3" PLATFORM="win32" RESULT="OK" RUN="00042"/><TEST DATE="2005-01-21" ITERATIONS="3" PLATFORM="win32" RESULT="" RUN="00041"/><TEST DATE="2005-01-21" ITERATIONS="3" PLATFORM="win32" RESULT="" RUN="00040"/><TEST DATE="2005-01-21" ITERATIONS="3" PLATFORM="win32" RESULT="" RUN="00039"/><TEST DATE="2005-01-21" ITERATIONS="3" PLATFORM="win32" RESULT="" RUN="00038"/><TEST DATE="2005-01-21" ITERATIONS="3" PLATFORM="win32" RESULT="" RUN="00037"/><TEST DATE="2004-11-29" ITERATIONS="3" PLATFORM="win32" RESULT="OK" RUN="00036"/><TEST DATE="2004-09-17" ITERATIONS="3" PLATFORM="win32" RESULT="OK" RUN="00035"/><TEST DATE="2004-09-17" ITERATIONS="3" PLATFORM="win32" RESULT="OK" RUN="00034"/><TEST DATE="2004-08-26" ITERATIONS="3" PLATFORM="linux2" RESULT="OK" RUN="00028"/><TEST DATE="2004-08-26" ITERATIONS="3" PLATFORM="win32" RESULT="OK" RUN="00014"/></FILE><FILE directory="reference" name="pythonvariable2c.py"><TEST DATE="2006-03-15" ITERATIONS="3" PLATFORM="win32" RESULT="OK" RUN="00071"/><TEST DATE="2006-03-14" ITERATIONS="3" PLATFORM="win32" RESULT="OK" RUN="00068"/><TEST DATE="2006-03-10" ITERATIONS="3" PLATFORM="win32" RESULT="OK" RUN="00058"/><TEST DATE="2005-06-18" ITERATIONS="1" PLATFORM="win32" RESULT="OK" RUN="00056"/><TEST DATE="2005-03-09" ITERATIONS="1" PLATFORM="win32" RESULT="OK" RUN="00055"/><TEST DATE="2005-02-14" ITERATIONS="1" PLATFORM="win32" RESULT="OK" RUN="00056"/><TEST DATE="2005-01-31" ITERATIONS="3" PLATFORM="win32" RESULT="OK" RUN="00054"/><TEST DATE="2005-01-29" ITERATIONS="3" PLATFORM="win32" RESULT="OK" RUN="00053"/><TEST DATE="2005-01-28" ITERATIONS="1" PLATFORM="win32" RESULT="OK" RUN="00052"/><TEST DATE="2005-01-28" ITERATIONS="1" PLATFORM="win32" RESULT="" RUN="00051"/><TEST DATE="2005-01-27" ITERATIONS="3" PLATFORM="win32" RESULT="OK" RUN="00050"/><TEST DATE="2005-01-27" ITERATIONS="3" PLATFORM="win32" RESULT="OK" RUN="00044"/><TEST DATE="2005-01-27" ITERATIONS="3" PLATFORM="win32" RESULT="OK" RUN="00043"/><TEST DATE="2005-01-21" ITERATIONS="3" PLATFORM="win32" RESULT="OK" RUN="00042"/><TEST DATE="2005-01-21" ITERATIONS="3" PLATFORM="win32" RESULT="" RUN="00041"/><TEST DATE="2005-01-21" ITERATIONS="3" PLATFORM="win32" RESULT="" RUN="00040"/><TEST DATE="2005-01-21" ITERATIONS="3" PLATFORM="win32" RESULT="" RUN="00039"/><TEST DATE="2005-01-21" ITERATIONS="3" PLATFORM="win32" RESULT="" RUN="00038"/><TEST DATE="2005-01-21" ITERATIONS="3" PLATFORM="win32" RESULT="" RUN="00037"/><TEST DATE="2004-11-29" ITERATIONS="3" PLATFORM="win32" RESULT="OK" RUN="00036"/><TEST DATE="2004-09-17" ITERATIONS="3" PLATFORM="win32" RESULT="OK" RUN="00035"/><TEST DATE="2004-09-17" ITERATIONS="3" PLATFORM="win32" RESULT="OK" RUN="00034"/><TEST DATE="2004-08-26" ITERATIONS="3" PLATFORM="linux2" RESULT="OK" RUN="00029"/><TEST DATE="2004-08-26" ITERATION="0" ITERATIONS="3" PLATFORM="linux2" RESULT="error" RUN="00028" xml:space="preserve">Traceback (most recent call last):
  File &quot;/mnt/windows/ai/orange/regressionTests/xtest1.py&quot;, line 50, in ?
    execfile(t__name)
  File &quot;pythonvariable2c.py&quot;, line 30, in ?
    orange.saveTabDelimited(&quot;del2&quot;, newdata)
TypeError: val2filestr() takes exactly 3 arguments (2 given)
</TEST><TEST DATE="2004-08-26" ITERATIONS="3" PLATFORM="win32" RESULT="OK" RUN="00014"/></FILE><FILE directory="reference" name="pythonvariable2d.py"><TEST DATE="2006-03-15" ITERATIONS="3" PLATFORM="win32" RESULT="OK" RUN="00071"/><TEST DATE="2006-03-14" ITERATIONS="3" PLATFORM="win32" RESULT="OK" RUN="00068"/><TEST DATE="2006-03-10" ITERATIONS="3" PLATFORM="win32" RESULT="OK" RUN="00058"/><TEST DATE="2005-06-18" ITERATIONS="1" PLATFORM="win32" RESULT="OK" RUN="00056"/><TEST DATE="2005-03-09" ITERATIONS="1" PLATFORM="win32" RESULT="OK" RUN="00055"/><TEST DATE="2005-02-14" ITERATIONS="1" PLATFORM="win32" RESULT="OK" RUN="00056"/><TEST DATE="2005-01-31" ITERATIONS="3" PLATFORM="win32" RESULT="OK" RUN="00054"/><TEST DATE="2005-01-29" ITERATIONS="3" PLATFORM="win32" RESULT="OK" RUN="00053"/><TEST DATE="2005-01-28" ITERATIONS="1" PLATFORM="win32" RESULT="OK" RUN="00051"/><TEST DATE="2005-01-27" ITERATIONS="3" PLATFORM="win32" RESULT="OK" RUN="00050"/><TEST DATE="2005-01-27" ITERATIONS="3" PLATFORM="win32" RESULT="OK" RUN="00044"/><TEST DATE="2005-01-27" ITERATIONS="3" PLATFORM="win32" RESULT="OK" RUN="00043"/><TEST DATE="2005-01-21" ITERATIONS="3" PLATFORM="win32" RESULT="OK" RUN="00037"/><TEST DATE="2004-11-29" ITERATIONS="3" PLATFORM="win32" RESULT="OK" RUN="00036"/><TEST DATE="2004-09-17" ITERATIONS="3" PLATFORM="win32" RESULT="OK" RUN="00035"/><TEST DATE="2004-09-17" ITERATIONS="3" PLATFORM="win32" RESULT="OK" RUN="00034"/><TEST DATE="2004-08-26" ITERATIONS="3" PLATFORM="linux2" RESULT="OK" RUN="00029"/><TEST DATE="2004-08-26" ITERATION="0" ITERATIONS="3" PLATFORM="linux2" RESULT="error" RUN="00028" xml:space="preserve">Traceback (most recent call last):
  File &quot;/mnt/windows/ai/orange/regressionTests/xtest1.py&quot;, line 50, in ?
    execfile(t__name)
  File &quot;pythonvariable2d.py&quot;, line 14, in ?
    data = orange.ExampleTable(&quot;pythonvariable.tab&quot;)
KernelException: makeVariable: PythonVariable's constructor is expected to return a 'PythonVariable', not 'tuple'
</TEST><TEST DATE="2004-08-26" ITERATIONS="3" PLATFORM="win32" RESULT="OK" RUN="00014"/></FILE><FILE directory="reference" name="graph.py"><TEST DATE="2006-03-15" ITERATIONS="3" PLATFORM="win32" RESULT="OK" RUN="00071"/><TEST DATE="2006-03-14" ITERATIONS="3" PLATFORM="win32" RESULT="OK" RUN="00068"/><TEST DATE="2006-03-10" ITERATIONS="3" PLATFORM="win32" RESULT="OK" RUN="00058"/><TEST DATE="2005-06-18" ITERATIONS="1" PLATFORM="win32" RESULT="OK" RUN="00056"/><TEST DATE="2005-03-09" ITERATIONS="1" PLATFORM="win32" RESULT="OK" RUN="00055"/><TEST DATE="2005-02-14" ITERATIONS="1" PLATFORM="win32" RESULT="OK" RUN="00056"/><TEST DATE="2005-01-31" ITERATIONS="3" PLATFORM="win32" RESULT="OK" RUN="00054"/><TEST DATE="2005-01-29" ITERATIONS="3" PLATFORM="win32" RESULT="OK" RUN="00053"/><TEST DATE="2005-01-28" ITERATIONS="1" PLATFORM="win32" RESULT="OK" RUN="00051"/><TEST DATE="2005-01-27" ITERATIONS="3" PLATFORM="win32" RESULT="OK" RUN="00050"/><TEST DATE="2005-01-27" ITERATIONS="3" PLATFORM="win32" RESULT="OK" RUN="00045"/><TEST DATE="2005-01-27" ITERATIONS="3" PLATFORM="win32" RESULT="changed" RUN="00044"/><TEST DATE="2005-01-27" ITERATIONS="3" PLATFORM="win32" RESULT="changed" RUN="00043"/><TEST DATE="2005-01-21" ITERATION="0" ITERATIONS="3" PLATFORM="win32" RESULT="error" RUN="00042" xml:space="preserve">Traceback (most recent call last):
  File &quot;D:/ai/Orange/regressionTests/xtest1.py&quot;, line 92, in ?
    execfile(t__name)
  File &quot;graph.py&quot;, line 16, in ?
    asdf
NameError: name 'asdf' is not defined
</TEST><TEST DATE="2005-01-21" ITERATION="0" ITERATIONS="3" PLATFORM="win32" RESULT="error" RUN="00041" xml:space="preserve">Traceback (most recent call last):
  File &quot;D:/ai/Orange/regressionTests/xtest1.py&quot;, line 92, in ?
    execfile(t__name)
  File &quot;graph.py&quot;, line 16, in ?
    asdf
NameError: name 'asdf' is not defined
</TEST><TEST DATE="2005-01-21" ITERATION="0" ITERATIONS="3" PLATFORM="win32" RESULT="error" RUN="00040" xml:space="preserve">Traceback (most recent call last):
  File &quot;D:/ai/Orange/regressionTests/xtest1.py&quot;, line 92, in ?
    execfile(t__name)
  File &quot;graph.py&quot;, line 16, in ?
    asdf
NameError: name 'asdf' is not defined
</TEST><TEST DATE="2005-01-21" ITERATION="0" ITERATIONS="3" PLATFORM="win32" RESULT="error" RUN="00039" xml:space="preserve">Traceback (most recent call last):
  File &quot;D:/ai/Orange/regressionTests/xtest1.py&quot;, line 92, in ?
    execfile(t__name)
  File &quot;graph.py&quot;, line 16, in ?
    asdf
NameError: name 'asdf' is not defined
</TEST><TEST DATE="2005-01-21" ITERATION="0" ITERATIONS="3" PLATFORM="win32" RESULT="error" RUN="00038" xml:space="preserve">Traceback (most recent call last):
  File &quot;D:/ai/Orange/regressionTests/xtest1.py&quot;, line 92, in ?
    execfile(t__name)
  File &quot;graph.py&quot;, line 16, in ?
    asdf
NameError: name 'asdf' is not defined
</TEST><TEST DATE="2005-01-21" ITERATION="0" ITERATIONS="3" PLATFORM="win32" RESULT="error" RUN="00037" xml:space="preserve">Traceback (most recent call last):
  File &quot;D:/ai/Orange/regressionTests/xtest1.py&quot;, line 92, in ?
    execfile(t__name)
  File &quot;graph.py&quot;, line 16, in ?
    asdf
NameError: name 'asdf' is not defined
</TEST><TEST DATE="2004-11-29" ITERATION="0" ITERATIONS="3" PLATFORM="win32" RESULT="error" RUN="00036" xml:space="preserve">Traceback (most recent call last):
  File &quot;D:/AI/Orange/regressionTests/xtest1.py&quot;, line 92, in ?
    execfile(t__name)
  File &quot;graph.py&quot;, line 15, in ?
    print graph.getEdges()
AttributeError: 'GraphAsMatrix' has no attribute 'getEdges'
</TEST></FILE><FILE directory="widgets" name="OWDataSamplerA.py"><TEST DATE="2005-01-27" ITERATION="0" ITERATIONS="3" PLATFORM="win32" RESULT="error" RUN="00046" xml:space="preserve">Traceback (most recent call last):
  File &quot;D:/ai/orange/regressionTests/xtest1.py&quot;, line 92, in ?
    execfile(t__name)
IndentationError: unindent does not match any outer indentation level (OWDataSamplerA.py, line 24)
</TEST><TEST DATE="2005-01-27" ITERATION="0" ITERATIONS="3" PLATFORM="win32" RESULT="error" RUN="00045" xml:space="preserve">Traceback (most recent call last):
  File &quot;D:/ai/orange/regressionTests/xtest1.py&quot;, line 92, in ?
    execfile(t__name)
IndentationError: unindent does not match any outer indentation level (OWDataSamplerA.py, line 24)
</TEST><TEST DATE="2005-01-27" ITERATION="0" ITERATIONS="3" PLATFORM="win32" RESULT="error" RUN="00044" xml:space="preserve">Traceback (most recent call last):
  File &quot;D:/ai/Orange/regressionTests/xtest1.py&quot;, line 92, in ?
    execfile(t__name)
IndentationError: unindent does not match any outer indentation level (OWDataSamplerA.py, line 24)
</TEST><TEST DATE="2005-01-27" ITERATION="0" ITERATIONS="3" PLATFORM="win32" RESULT="error" RUN="00043" xml:space="preserve">Traceback (most recent call last):
  File &quot;D:/ai/Orange/regressionTests/xtest1.py&quot;, line 92, in ?
    execfile(t__name)
  File &quot;OWDataSamplerA.py&quot;, line 46, in ?
    dataset = orange.ExampleTable('iris.tab')
KernelException: FileExampleGenerator: cannot open file 'iris.tab'
</TEST><TEST DATE="2005-01-21" ITERATION="0" ITERATIONS="3" PLATFORM="win32" RESULT="error" RUN="00042" xml:space="preserve">Traceback (most recent call last):
  File &quot;D:/ai/Orange/regressionTests/xtest1.py&quot;, line 92, in ?
    execfile(t__name)
  File &quot;OWDataSamplerA.py&quot;, line 46, in ?
    dataset = orange.ExampleTable('iris.tab')
KernelException: FileExampleGenerator: cannot open file 'iris.tab'
</TEST><TEST DATE="2005-01-21" ITERATION="0" ITERATIONS="3" PLATFORM="win32" RESULT="error" RUN="00041" xml:space="preserve">Traceback (most recent call last):
  File &quot;D:/ai/Orange/regressionTests/xtest1.py&quot;, line 92, in ?
    execfile(t__name)
  File &quot;OWDataSamplerA.py&quot;, line 46, in ?
    dataset = orange.ExampleTable('iris.tab')
KernelException: FileExampleGenerator: cannot open file 'iris.tab'
</TEST><TEST DATE="2005-01-21" ITERATION="0" ITERATIONS="3" PLATFORM="win32" RESULT="error" RUN="00040" xml:space="preserve">Traceback (most recent call last):
  File &quot;D:/ai/Orange/regressionTests/xtest1.py&quot;, line 92, in ?
    execfile(t__name)
  File &quot;OWDataSamplerA.py&quot;, line 46, in ?
    dataset = orange.ExampleTable('iris.tab')
KernelException: FileExampleGenerator: cannot open file 'iris.tab'
</TEST><TEST DATE="2005-01-21" ITERATION="0" ITERATIONS="3" PLATFORM="win32" RESULT="error" RUN="00039" xml:space="preserve">Traceback (most recent call last):
  File &quot;D:/ai/Orange/regressionTests/xtest1.py&quot;, line 92, in ?
    execfile(t__name)
  File &quot;OWDataSamplerA.py&quot;, line 46, in ?
    dataset = orange.ExampleTable('iris.tab')
KernelException: FileExampleGenerator: cannot open file 'iris.tab'
</TEST><TEST DATE="2005-01-21" ITERATION="0" ITERATIONS="3" PLATFORM="win32" RESULT="error" RUN="00038" xml:space="preserve">Traceback (most recent call last):
  File &quot;D:/ai/Orange/regressionTests/xtest1.py&quot;, line 92, in ?
    execfile(t__name)
  File &quot;OWDataSamplerA.py&quot;, line 46, in ?
    dataset = orange.ExampleTable('iris.tab')
KernelException: FileExampleGenerator: cannot open file 'iris.tab'
</TEST><TEST DATE="2005-01-21" ITERATION="0" ITERATIONS="3" PLATFORM="win32" RESULT="error" RUN="00037" xml:space="preserve">Traceback (most recent call last):
  File &quot;D:/ai/Orange/regressionTests/xtest1.py&quot;, line 92, in ?
    execfile(t__name)
  File &quot;OWDataSamplerA.py&quot;, line 46, in ?
    dataset = orange.ExampleTable('iris.tab')
KernelException: FileExampleGenerator: cannot open file 'iris.tab'
</TEST></FILE><FILE directory="widgets" name="OWDataSamplerB.py"><TEST DATE="2005-01-27" ITERATION="0" ITERATIONS="3" PLATFORM="win32" RESULT="error" RUN="00046" xml:space="preserve">Traceback (most recent call last):
  File &quot;D:/ai/orange/regressionTests/xtest1.py&quot;, line 92, in ?
    execfile(t__name)
  File &quot;OWDataSamplerB.py&quot;, line 71, in ?
    dataset = orange.ExampleTable('iris.tab')
KernelException: FileExampleGenerator: cannot open file 'iris.tab'
</TEST><TEST DATE="2005-01-27" ITERATION="0" ITERATIONS="3" PLATFORM="win32" RESULT="error" RUN="00045" xml:space="preserve">Traceback (most recent call last):
  File &quot;D:/ai/orange/regressionTests/xtest1.py&quot;, line 92, in ?
    execfile(t__name)
  File &quot;OWDataSamplerB.py&quot;, line 71, in ?
    dataset = orange.ExampleTable('iris.tab')
KernelException: FileExampleGenerator: cannot open file 'iris.tab'
</TEST><TEST DATE="2005-01-27" ITERATION="0" ITERATIONS="3" PLATFORM="win32" RESULT="error" RUN="00044" xml:space="preserve">Traceback (most recent call last):
  File &quot;D:/ai/Orange/regressionTests/xtest1.py&quot;, line 92, in ?
    execfile(t__name)
  File &quot;OWDataSamplerB.py&quot;, line 71, in ?
    dataset = orange.ExampleTable('iris.tab')
KernelException: FileExampleGenerator: cannot open file 'iris.tab'
</TEST><TEST DATE="2005-01-27" ITERATION="0" ITERATIONS="3" PLATFORM="win32" RESULT="error" RUN="00043" xml:space="preserve">Traceback (most recent call last):
  File &quot;D:/ai/Orange/regressionTests/xtest1.py&quot;, line 92, in ?
    execfile(t__name)
  File &quot;OWDataSamplerB.py&quot;, line 71, in ?
    dataset = orange.ExampleTable('iris.tab')
KernelException: FileExampleGenerator: cannot open file 'iris.tab'
</TEST><TEST DATE="2005-01-21" ITERATION="0" ITERATIONS="3" PLATFORM="win32" RESULT="error" RUN="00042" xml:space="preserve">Traceback (most recent call last):
  File &quot;D:/ai/Orange/regressionTests/xtest1.py&quot;, line 92, in ?
    execfile(t__name)
  File &quot;OWDataSamplerB.py&quot;, line 71, in ?
    dataset = orange.ExampleTable('iris.tab')
KernelException: FileExampleGenerator: cannot open file 'iris.tab'
</TEST><TEST DATE="2005-01-21" ITERATION="0" ITERATIONS="3" PLATFORM="win32" RESULT="error" RUN="00041" xml:space="preserve">Traceback (most recent call last):
  File &quot;D:/ai/Orange/regressionTests/xtest1.py&quot;, line 92, in ?
    execfile(t__name)
  File &quot;OWDataSamplerB.py&quot;, line 71, in ?
    dataset = orange.ExampleTable('iris.tab')
KernelException: FileExampleGenerator: cannot open file 'iris.tab'
</TEST><TEST DATE="2005-01-21" ITERATION="0" ITERATIONS="3" PLATFORM="win32" RESULT="error" RUN="00040" xml:space="preserve">Traceback (most recent call last):
  File &quot;D:/ai/Orange/regressionTests/xtest1.py&quot;, line 92, in ?
    execfile(t__name)
  File &quot;OWDataSamplerB.py&quot;, line 71, in ?
    dataset = orange.ExampleTable('iris.tab')
KernelException: FileExampleGenerator: cannot open file 'iris.tab'
</TEST><TEST DATE="2005-01-21" ITERATION="0" ITERATIONS="3" PLATFORM="win32" RESULT="error" RUN="00039" xml:space="preserve">Traceback (most recent call last):
  File &quot;D:/ai/Orange/regressionTests/xtest1.py&quot;, line 92, in ?
    execfile(t__name)
  File &quot;OWDataSamplerB.py&quot;, line 71, in ?
    dataset = orange.ExampleTable('iris.tab')
KernelException: FileExampleGenerator: cannot open file 'iris.tab'
</TEST><TEST DATE="2005-01-21" ITERATION="0" ITERATIONS="3" PLATFORM="win32" RESULT="error" RUN="00038" xml:space="preserve">Traceback (most recent call last):
  File &quot;D:/ai/Orange/regressionTests/xtest1.py&quot;, line 92, in ?
    execfile(t__name)
  File &quot;OWDataSamplerB.py&quot;, line 71, in ?
    dataset = orange.ExampleTable('iris.tab')
KernelException: FileExampleGenerator: cannot open file 'iris.tab'
</TEST><TEST DATE="2005-01-21" ITERATION="0" ITERATIONS="3" PLATFORM="win32" RESULT="error" RUN="00037" xml:space="preserve">Traceback (most recent call last):
  File &quot;D:/ai/Orange/regressionTests/xtest1.py&quot;, line 92, in ?
    execfile(t__name)
  File &quot;OWDataSamplerB.py&quot;, line 71, in ?
    dataset = orange.ExampleTable('iris.tab')
KernelException: FileExampleGenerator: cannot open file 'iris.tab'
</TEST></FILE><FILE directory="widgets" name="OWDataSamplerC.py"><TEST DATE="2005-01-27" ITERATION="0" ITERATIONS="3" PLATFORM="win32" RESULT="error" RUN="00046" xml:space="preserve">Traceback (most recent call last):
  File &quot;D:/ai/orange/regressionTests/xtest1.py&quot;, line 92, in ?
    execfile(t__name)
  File &quot;OWDataSamplerC.py&quot;, line 73, in ?
    dataset = orange.ExampleTable('iris.tab')
KernelException: FileExampleGenerator: cannot open file 'iris.tab'
</TEST><TEST DATE="2005-01-27" ITERATION="0" ITERATIONS="3" PLATFORM="win32" RESULT="error" RUN="00045" xml:space="preserve">Traceback (most recent call last):
  File &quot;D:/ai/orange/regressionTests/xtest1.py&quot;, line 92, in ?
    execfile(t__name)
  File &quot;OWDataSamplerC.py&quot;, line 73, in ?
    dataset = orange.ExampleTable('iris.tab')
KernelException: FileExampleGenerator: cannot open file 'iris.tab'
</TEST><TEST DATE="2005-01-27" ITERATION="0" ITERATIONS="3" PLATFORM="win32" RESULT="error" RUN="00044" xml:space="preserve">Traceback (most recent call last):
  File &quot;D:/ai/Orange/regressionTests/xtest1.py&quot;, line 92, in ?
    execfile(t__name)
  File &quot;OWDataSamplerC.py&quot;, line 73, in ?
    dataset = orange.ExampleTable('iris.tab')
KernelException: FileExampleGenerator: cannot open file 'iris.tab'
</TEST><TEST DATE="2005-01-27" ITERATION="0" ITERATIONS="3" PLATFORM="win32" RESULT="error" RUN="00043" xml:space="preserve">Traceback (most recent call last):
  File &quot;D:/ai/Orange/regressionTests/xtest1.py&quot;, line 92, in ?
    execfile(t__name)
  File &quot;OWDataSamplerC.py&quot;, line 73, in ?
    dataset = orange.ExampleTable('iris.tab')
KernelException: FileExampleGenerator: cannot open file 'iris.tab'
</TEST><TEST DATE="2005-01-21" ITERATION="0" ITERATIONS="3" PLATFORM="win32" RESULT="error" RUN="00042" xml:space="preserve">Traceback (most recent call last):
  File &quot;D:/ai/Orange/regressionTests/xtest1.py&quot;, line 92, in ?
    execfile(t__name)
  File &quot;OWDataSamplerC.py&quot;, line 73, in ?
    dataset = orange.ExampleTable('iris.tab')
KernelException: FileExampleGenerator: cannot open file 'iris.tab'
</TEST><TEST DATE="2005-01-21" ITERATION="0" ITERATIONS="3" PLATFORM="win32" RESULT="error" RUN="00041" xml:space="preserve">Traceback (most recent call last):
  File &quot;D:/ai/Orange/regressionTests/xtest1.py&quot;, line 92, in ?
    execfile(t__name)
  File &quot;OWDataSamplerC.py&quot;, line 73, in ?
    dataset = orange.ExampleTable('iris.tab')
KernelException: FileExampleGenerator: cannot open file 'iris.tab'
</TEST><TEST DATE="2005-01-21" ITERATION="0" ITERATIONS="3" PLATFORM="win32" RESULT="error" RUN="00040" xml:space="preserve">Traceback (most recent call last):
  File &quot;D:/ai/Orange/regressionTests/xtest1.py&quot;, line 92, in ?
    execfile(t__name)
  File &quot;OWDataSamplerC.py&quot;, line 73, in ?
    dataset = orange.ExampleTable('iris.tab')
KernelException: FileExampleGenerator: cannot open file 'iris.tab'
</TEST><TEST DATE="2005-01-21" ITERATION="0" ITERATIONS="3" PLATFORM="win32" RESULT="error" RUN="00039" xml:space="preserve">Traceback (most recent call last):
  File &quot;D:/ai/Orange/regressionTests/xtest1.py&quot;, line 92, in ?
    execfile(t__name)
  File &quot;OWDataSamplerC.py&quot;, line 73, in ?
    dataset = orange.ExampleTable('iris.tab')
KernelException: FileExampleGenerator: cannot open file 'iris.tab'
</TEST><TEST DATE="2005-01-21" ITERATION="0" ITERATIONS="3" PLATFORM="win32" RESULT="error" RUN="00038" xml:space="preserve">Traceback (most recent call last):
  File &quot;D:/ai/Orange/regressionTests/xtest1.py&quot;, line 92, in ?
    execfile(t__name)
  File &quot;OWDataSamplerC.py&quot;, line 73, in ?
    dataset = orange.ExampleTable('iris.tab')
KernelException: FileExampleGenerator: cannot open file 'iris.tab'
</TEST><TEST DATE="2005-01-21" ITERATION="0" ITERATIONS="3" PLATFORM="win32" RESULT="error" RUN="00037" xml:space="preserve">Traceback (most recent call last):
  File &quot;D:/ai/Orange/regressionTests/xtest1.py&quot;, line 92, in ?
    execfile(t__name)
  File &quot;OWDataSamplerC.py&quot;, line 73, in ?
    dataset = orange.ExampleTable('iris.tab')
KernelException: FileExampleGenerator: cannot open file 'iris.tab'
</TEST></FILE><FILE directory="widgets" name="OWLearningCurveA.py"><TEST DATE="2005-01-27" ITERATION="0" ITERATIONS="3" PLATFORM="win32" RESULT="error" RUN="00046" xml:space="preserve">Traceback (most recent call last):
  File &quot;D:/ai/orange/regressionTests/xtest1.py&quot;, line 92, in ?
    execfile(t__name)
  File &quot;OWLearningCurveA.py&quot;, line 176, in ?
    data = orange.ExampleTable('iris.tab')
KernelException: FileExampleGenerator: cannot open file 'iris.tab'
</TEST><TEST DATE="2005-01-27" ITERATION="0" ITERATIONS="3" PLATFORM="win32" RESULT="error" RUN="00045" xml:space="preserve">Traceback (most recent call last):
  File &quot;D:/ai/orange/regressionTests/xtest1.py&quot;, line 92, in ?
    execfile(t__name)
  File &quot;OWLearningCurveA.py&quot;, line 176, in ?
    data = orange.ExampleTable('iris.tab')
KernelException: FileExampleGenerator: cannot open file 'iris.tab'
</TEST><TEST DATE="2005-01-27" ITERATION="0" ITERATIONS="3" PLATFORM="win32" RESULT="error" RUN="00044" xml:space="preserve">Traceback (most recent call last):
  File &quot;D:/ai/Orange/regressionTests/xtest1.py&quot;, line 92, in ?
    execfile(t__name)
  File &quot;OWLearningCurveA.py&quot;, line 176, in ?
    data = orange.ExampleTable('iris.tab')
KernelException: FileExampleGenerator: cannot open file 'iris.tab'
</TEST><TEST DATE="2005-01-27" ITERATION="0" ITERATIONS="3" PLATFORM="win32" RESULT="error" RUN="00043" xml:space="preserve">Traceback (most recent call last):
  File &quot;D:/ai/Orange/regressionTests/xtest1.py&quot;, line 92, in ?
    execfile(t__name)
  File &quot;OWLearningCurveA.py&quot;, line 176, in ?
    data = orange.ExampleTable('iris.tab')
KernelException: FileExampleGenerator: cannot open file 'iris.tab'
</TEST><TEST DATE="2005-01-21" ITERATION="0" ITERATIONS="3" PLATFORM="win32" RESULT="error" RUN="00042" xml:space="preserve">Traceback (most recent call last):
  File &quot;D:/ai/Orange/regressionTests/xtest1.py&quot;, line 92, in ?
    execfile(t__name)
  File &quot;OWLearningCurveA.py&quot;, line 176, in ?
    data = orange.ExampleTable('iris.tab')
KernelException: FileExampleGenerator: cannot open file 'iris.tab'
</TEST><TEST DATE="2005-01-21" ITERATION="0" ITERATIONS="3" PLATFORM="win32" RESULT="error" RUN="00041" xml:space="preserve">Traceback (most recent call last):
  File &quot;D:/ai/Orange/regressionTests/xtest1.py&quot;, line 92, in ?
    execfile(t__name)
  File &quot;OWLearningCurveA.py&quot;, line 176, in ?
    data = orange.ExampleTable('iris.tab')
KernelException: FileExampleGenerator: cannot open file 'iris.tab'
</TEST><TEST DATE="2005-01-21" ITERATION="0" ITERATIONS="3" PLATFORM="win32" RESULT="error" RUN="00040" xml:space="preserve">Traceback (most recent call last):
  File &quot;D:/ai/Orange/regressionTests/xtest1.py&quot;, line 92, in ?
    execfile(t__name)
  File &quot;OWLearningCurveA.py&quot;, line 176, in ?
    data = orange.ExampleTable('iris.tab')
KernelException: FileExampleGenerator: cannot open file 'iris.tab'
</TEST><TEST DATE="2005-01-21" ITERATION="0" ITERATIONS="3" PLATFORM="win32" RESULT="error" RUN="00039" xml:space="preserve">Traceback (most recent call last):
  File &quot;D:/ai/Orange/regressionTests/xtest1.py&quot;, line 92, in ?
    execfile(t__name)
  File &quot;OWLearningCurveA.py&quot;, line 176, in ?
    data = orange.ExampleTable('iris.tab')
KernelException: FileExampleGenerator: cannot open file 'iris.tab'
</TEST><TEST DATE="2005-01-21" ITERATION="0" ITERATIONS="3" PLATFORM="win32" RESULT="error" RUN="00038" xml:space="preserve">Traceback (most recent call last):
  File &quot;D:/ai/Orange/regressionTests/xtest1.py&quot;, line 92, in ?
    execfile(t__name)
  File &quot;OWLearningCurveA.py&quot;, line 176, in ?
    data = orange.ExampleTable('iris.tab')
KernelException: FileExampleGenerator: cannot open file 'iris.tab'
</TEST><TEST DATE="2005-01-21" ITERATION="0" ITERATIONS="3" PLATFORM="win32" RESULT="error" RUN="00037" xml:space="preserve">Traceback (most recent call last):
  File &quot;D:/ai/Orange/regressionTests/xtest1.py&quot;, line 92, in ?
    execfile(t__name)
  File &quot;OWLearningCurveA.py&quot;, line 176, in ?
    data = orange.ExampleTable('iris.tab')
KernelException: FileExampleGenerator: cannot open file 'iris.tab'
</TEST></FILE><FILE directory="widgets" name="OWLearningCurveB.py"><TEST DATE="2005-01-27" ITERATION="0" ITERATIONS="3" PLATFORM="win32" RESULT="error" RUN="00046" xml:space="preserve">Traceback (most recent call last):
  File &quot;D:/ai/orange/regressionTests/xtest1.py&quot;, line 92, in ?
    execfile(t__name)
  File &quot;OWLearningCurveB.py&quot;, line 188, in ?
    data = orange.ExampleTable('iris.tab')
KernelException: FileExampleGenerator: cannot open file 'iris.tab'
</TEST><TEST DATE="2005-01-27" ITERATION="0" ITERATIONS="3" PLATFORM="win32" RESULT="error" RUN="00045" xml:space="preserve">Traceback (most recent call last):
  File &quot;D:/ai/orange/regressionTests/xtest1.py&quot;, line 92, in ?
    execfile(t__name)
  File &quot;OWLearningCurveB.py&quot;, line 188, in ?
    data = orange.ExampleTable('iris.tab')
KernelException: FileExampleGenerator: cannot open file 'iris.tab'
</TEST><TEST DATE="2005-01-27" ITERATION="0" ITERATIONS="3" PLATFORM="win32" RESULT="error" RUN="00044" xml:space="preserve">Traceback (most recent call last):
  File &quot;D:/ai/Orange/regressionTests/xtest1.py&quot;, line 92, in ?
    execfile(t__name)
  File &quot;OWLearningCurveB.py&quot;, line 188, in ?
    data = orange.ExampleTable('iris.tab')
KernelException: FileExampleGenerator: cannot open file 'iris.tab'
</TEST><TEST DATE="2005-01-27" ITERATION="0" ITERATIONS="3" PLATFORM="win32" RESULT="error" RUN="00043" xml:space="preserve">Traceback (most recent call last):
  File &quot;D:/ai/Orange/regressionTests/xtest1.py&quot;, line 92, in ?
    execfile(t__name)
  File &quot;OWLearningCurveB.py&quot;, line 188, in ?
    data = orange.ExampleTable('iris.tab')
KernelException: FileExampleGenerator: cannot open file 'iris.tab'
</TEST><TEST DATE="2005-01-21" ITERATION="0" ITERATIONS="3" PLATFORM="win32" RESULT="error" RUN="00042" xml:space="preserve">Traceback (most recent call last):
  File &quot;D:/ai/Orange/regressionTests/xtest1.py&quot;, line 92, in ?
    execfile(t__name)
  File &quot;OWLearningCurveB.py&quot;, line 188, in ?
    data = orange.ExampleTable('iris.tab')
KernelException: FileExampleGenerator: cannot open file 'iris.tab'
</TEST><TEST DATE="2005-01-21" ITERATION="0" ITERATIONS="3" PLATFORM="win32" RESULT="error" RUN="00041" xml:space="preserve">Traceback (most recent call last):
  File &quot;D:/ai/Orange/regressionTests/xtest1.py&quot;, line 92, in ?
    execfile(t__name)
  File &quot;OWLearningCurveB.py&quot;, line 188, in ?
    data = orange.ExampleTable('iris.tab')
KernelException: FileExampleGenerator: cannot open file 'iris.tab'
</TEST><TEST DATE="2005-01-21" ITERATION="0" ITERATIONS="3" PLATFORM="win32" RESULT="error" RUN="00040" xml:space="preserve">Traceback (most recent call last):
  File &quot;D:/ai/Orange/regressionTests/xtest1.py&quot;, line 92, in ?
    execfile(t__name)
  File &quot;OWLearningCurveB.py&quot;, line 188, in ?
    data = orange.ExampleTable('iris.tab')
KernelException: FileExampleGenerator: cannot open file 'iris.tab'
</TEST><TEST DATE="2005-01-21" ITERATION="0" ITERATIONS="3" PLATFORM="win32" RESULT="error" RUN="00039" xml:space="preserve">Traceback (most recent call last):
  File &quot;D:/ai/Orange/regressionTests/xtest1.py&quot;, line 92, in ?
    execfile(t__name)
  File &quot;OWLearningCurveB.py&quot;, line 188, in ?
    data = orange.ExampleTable('iris.tab')
KernelException: FileExampleGenerator: cannot open file 'iris.tab'
</TEST><TEST DATE="2005-01-21" ITERATION="0" ITERATIONS="3" PLATFORM="win32" RESULT="error" RUN="00038" xml:space="preserve">Traceback (most recent call last):
  File &quot;D:/ai/Orange/regressionTests/xtest1.py&quot;, line 92, in ?
    execfile(t__name)
  File &quot;OWLearningCurveB.py&quot;, line 188, in ?
    data = orange.ExampleTable('iris.tab')
KernelException: FileExampleGenerator: cannot open file 'iris.tab'
</TEST><TEST DATE="2005-01-21" ITERATION="0" ITERATIONS="3" PLATFORM="win32" RESULT="error" RUN="00037" xml:space="preserve">Traceback (most recent call last):
  File &quot;D:/ai/Orange/regressionTests/xtest1.py&quot;, line 92, in ?
    execfile(t__name)
  File &quot;OWLearningCurveB.py&quot;, line 188, in ?
    data = orange.ExampleTable('iris.tab')
KernelException: FileExampleGenerator: cannot open file 'iris.tab'
</TEST></FILE><FILE directory="widgets" name="OWLearningCurveC.py"><TEST DATE="2005-01-27" ITERATION="0" ITERATIONS="3" PLATFORM="win32" RESULT="error" RUN="00046" xml:space="preserve">Traceback (most recent call last):
  File &quot;D:/ai/orange/regressionTests/xtest1.py&quot;, line 92, in ?
    execfile(t__name)
  File &quot;OWLearningCurveC.py&quot;, line 290, in ?
    data = orange.ExampleTable('iris.tab')
KernelException: FileExampleGenerator: cannot open file 'iris.tab'
</TEST><TEST DATE="2005-01-27" ITERATION="0" ITERATIONS="3" PLATFORM="win32" RESULT="error" RUN="00045" xml:space="preserve">Traceback (most recent call last):
  File &quot;D:/ai/orange/regressionTests/xtest1.py&quot;, line 92, in ?
    execfile(t__name)
  File &quot;OWLearningCurveC.py&quot;, line 290, in ?
    data = orange.ExampleTable('iris.tab')
KernelException: FileExampleGenerator: cannot open file 'iris.tab'
</TEST><TEST DATE="2005-01-27" ITERATION="0" ITERATIONS="3" PLATFORM="win32" RESULT="error" RUN="00044" xml:space="preserve">Traceback (most recent call last):
  File &quot;D:/ai/Orange/regressionTests/xtest1.py&quot;, line 92, in ?
    execfile(t__name)
  File &quot;OWLearningCurveC.py&quot;, line 290, in ?
    data = orange.ExampleTable('iris.tab')
KernelException: FileExampleGenerator: cannot open file 'iris.tab'
</TEST><TEST DATE="2005-01-27" ITERATION="0" ITERATIONS="3" PLATFORM="win32" RESULT="error" RUN="00043" xml:space="preserve">Traceback (most recent call last):
  File &quot;D:/ai/Orange/regressionTests/xtest1.py&quot;, line 92, in ?
    execfile(t__name)
  File &quot;OWLearningCurveC.py&quot;, line 290, in ?
    data = orange.ExampleTable('iris.tab')
KernelException: FileExampleGenerator: cannot open file 'iris.tab'
</TEST><TEST DATE="2005-01-21" ITERATION="0" ITERATIONS="3" PLATFORM="win32" RESULT="error" RUN="00042" xml:space="preserve">Traceback (most recent call last):
  File &quot;D:/ai/Orange/regressionTests/xtest1.py&quot;, line 92, in ?
    execfile(t__name)
  File &quot;OWLearningCurveC.py&quot;, line 290, in ?
    data = orange.ExampleTable('iris.tab')
KernelException: FileExampleGenerator: cannot open file 'iris.tab'
</TEST><TEST DATE="2005-01-21" ITERATION="0" ITERATIONS="3" PLATFORM="win32" RESULT="error" RUN="00041" xml:space="preserve">Traceback (most recent call last):
  File &quot;D:/ai/Orange/regressionTests/xtest1.py&quot;, line 92, in ?
    execfile(t__name)
  File &quot;OWLearningCurveC.py&quot;, line 282, in ?
    ow = OWLearningCurveC()
  File &quot;OWLearningCurveC.py&quot;, line 34, in __init__
    warnings.filterwarnings(&quot;ignore&quot;, &quot;.*builtin attribute.*&quot;, orange.AttributeWarning)
AttributeError: 'module' object has no attribute 'AttributeWarning'
</TEST><TEST DATE="2005-01-21" ITERATION="0" ITERATIONS="3" PLATFORM="win32" RESULT="error" RUN="00040" xml:space="preserve">Traceback (most recent call last):
  File &quot;D:/ai/Orange/regressionTests/xtest1.py&quot;, line 92, in ?
    execfile(t__name)
  File &quot;OWLearningCurveC.py&quot;, line 282, in ?
    ow = OWLearningCurveC()
  File &quot;OWLearningCurveC.py&quot;, line 34, in __init__
    warnings.filterwarnings(&quot;ignore&quot;, &quot;.*builtin attribute.*&quot;, orange.AttributeWarning)
AttributeError: 'module' object has no attribute 'AttributeWarning'
</TEST><TEST DATE="2005-01-21" ITERATION="0" ITERATIONS="3" PLATFORM="win32" RESULT="error" RUN="00039" xml:space="preserve">Traceback (most recent call last):
  File &quot;D:/ai/Orange/regressionTests/xtest1.py&quot;, line 92, in ?
    execfile(t__name)
  File &quot;OWLearningCurveC.py&quot;, line 282, in ?
    ow = OWLearningCurveC()
  File &quot;OWLearningCurveC.py&quot;, line 34, in __init__
    warnings.filterwarnings(&quot;ignore&quot;, &quot;.*builtin attribute.*&quot;, orange.AttributeWarning)
AttributeError: 'module' object has no attribute 'AttributeWarning'
</TEST><TEST DATE="2005-01-21" ITERATION="0" ITERATIONS="3" PLATFORM="win32" RESULT="error" RUN="00038" xml:space="preserve">Traceback (most recent call last):
  File &quot;D:/ai/Orange/regressionTests/xtest1.py&quot;, line 92, in ?
    execfile(t__name)
  File &quot;OWLearningCurveC.py&quot;, line 282, in ?
    ow = OWLearningCurveC()
  File &quot;OWLearningCurveC.py&quot;, line 34, in __init__
    warnings.filterwarnings(&quot;ignore&quot;, &quot;.*builtin attribute.*&quot;, orange.AttributeWarning)
AttributeError: 'module' object has no attribute 'AttributeWarning'
</TEST><TEST DATE="2005-01-21" ITERATION="0" ITERATIONS="3" PLATFORM="win32" RESULT="error" RUN="00037" xml:space="preserve">Traceback (most recent call last):
  File &quot;D:/ai/Orange/regressionTests/xtest1.py&quot;, line 92, in ?
    execfile(t__name)
  File &quot;OWLearningCurveC.py&quot;, line 282, in ?
    ow = OWLearningCurveC()
  File &quot;OWLearningCurveC.py&quot;, line 34, in __init__
    warnings.filterwarnings(&quot;ignore&quot;, &quot;.*builtin attribute.*&quot;, orange.AttributeWarning)
AttributeError: 'module' object has no attribute 'AttributeWarning'
</TEST></FILE><FILE directory="reference" name="undefineds.py"><TEST DATE="2006-03-15" ITERATIONS="3" PLATFORM="win32" RESULT="OK" RUN="00071"/><TEST DATE="2006-03-14" ITERATIONS="3" PLATFORM="win32" RESULT="OK" RUN="00068"/><TEST DATE="2006-03-10" ITERATIONS="3" PLATFORM="win32" RESULT="OK" RUN="00058"/><TEST DATE="2005-06-18" ITERATIONS="1" PLATFORM="win32" RESULT="OK" RUN="00056"/><TEST DATE="2005-03-09" ITERATIONS="1" PLATFORM="win32" RESULT="OK" RUN="00055"/><TEST DATE="2005-02-14" ITERATIONS="1" PLATFORM="win32" RESULT="OK" RUN="00056"/><TEST DATE="2005-01-31" ITERATIONS="3" PLATFORM="win32" RESULT="OK" RUN="00054"/><TEST DATE="2005-01-29" ITERATIONS="3" PLATFORM="win32" RESULT="OK" RUN="00053"/><TEST DATE="2005-01-28" ITERATIONS="1" PLATFORM="win32" RESULT="OK" RUN="00051"/></FILE><FILE directory="modules" name="ensemble2.py"><TEST DATE="2006-03-15" ITERATIONS="3" PLATFORM="win32" RESULT="OK" RUN="00071"/><TEST DATE="2006-03-14" ITERATIONS="3" PLATFORM="win32" RESULT="OK" RUN="00068"/><TEST DATE="2006-03-14" ITERATIONS="3" PLATFORM="win32" RESULT="OK" RUN="00067"/><TEST DATE="2006-03-10" ITERATIONS="3" PLATFORM="win32" RESULT="OK" RUN="00058"/></FILE><FILE directory="modules" name="ensemble3.py"><TEST DATE="2006-03-15" ITERATIONS="3" PLATFORM="win32" RESULT="OK" RUN="00071"/><TEST DATE="2006-03-14" ITERATIONS="3" PLATFORM="win32" RESULT="OK" RUN="00068"/><TEST DATE="2006-03-14" ITERATIONS="3" PLATFORM="win32" RESULT="OK" RUN="00067"/><TEST DATE="2006-03-13" ITERATIONS="3" PLATFORM="win32" RESULT="OK" RUN="00063"/><TEST DATE="2006-03-12" ITERATIONS="3" PLATFORM="win32" RESULT="changed" RUN="00062"/><TEST DATE="2006-03-12" ITERATION="0" ITERATIONS="3" PLATFORM="win32" RESULT="error" RUN="00061" xml:space="preserve">Traceback (most recent call last):
  File &quot;C:/D/ai/Orange/regressionTests/xtest1.py&quot;, line 92, in ?
    execfile(t__name)
  File &quot;ensemble3.py&quot;, line 17, in ?
    tree.split = orngEnsemble.SplitConstructor_AttributeSubset(tree.split, 3)
  File &quot;c:\d\ai\orange\orngEnsemble.py&quot;, line 149, in __init__
    sefl.rand.seed(0)
NameError: global name 'sefl' is not defined
</TEST><TEST DATE="2006-03-12" ITERATIONS="3" PLATFORM="win32" RESULT="random" RUN="00060"/><TEST DATE="2006-03-10" ITERATIONS="3" PLATFORM="win32" RESULT="random" RUN="00059"/><TEST DATE="2006-03-10" ITERATIONS="3" PLATFORM="win32" RESULT="random" RUN="00058"/></FILE><FILE directory="modules" name="mds1.py"><TEST DATE="2006-03-15" ITERATIONS="3" PLATFORM="win32" RESULT="OK" RUN="00071"/><TEST DATE="2006-03-14" ITERATIONS="3" PLATFORM="win32" RESULT="OK" RUN="00068"/><TEST DATE="2006-03-14" ITERATIONS="3" PLATFORM="win32" RESULT="OK" RUN="00067"/><TEST DATE="2006-03-10" ITERATIONS="3" PLATFORM="win32" RESULT="OK" RUN="00058"/></FILE><FILE directory="reference" name="graph_obj.py"><TEST DATE="2006-03-15" ITERATIONS="3" PLATFORM="win32" RESULT="OK" RUN="00071"/><TEST DATE="2006-03-14" ITERATIONS="3" PLATFORM="win32" RESULT="OK" RUN="00068"/><TEST DATE="2006-03-10" ITERATIONS="3" PLATFORM="win32" RESULT="OK" RUN="00058"/></FILE><FILE directory="reference" name="testRulelearner.py"><TEST DATE="2006-03-15" ITERATIONS="3" PLATFORM="win32" RESULT="OK" RUN="00071"/><TEST DATE="2006-03-14" ITERATIONS="3" PLATFORM="win32" RESULT="OK" RUN="00069"/><TEST DATE="2006-03-14" ITERATIONS="3" PLATFORM="win32" RESULT="changed" RUN="00068"/><TEST DATE="2006-03-13" ITERATIONS="3" PLATFORM="win32" RESULT="OK" RUN="00064"/><TEST DATE="2006-03-12" ITERATIONS="3" PLATFORM="win32" RESULT="" RUN="00060"/><TEST DATE="2006-03-10" ITERATIONS="3" PLATFORM="win32" RESULT="" RUN="00059"/><TEST DATE="2006-03-10" ITERATION="0" ITERATIONS="3" PLATFORM="win32" RESULT="error" RUN="00058" xml:space="preserve">Traceback (most recent call last):
  File &quot;C:/D/ai/Orange/regressionTests/xtest1.py&quot;, line 92, in ?
    execfile(t__name)
  File &quot;testRulelearner.py&quot;, line 9, in ?
    cl = learner(data)
KernelException: 'orange.ExampleTable.resize': out of memory
</TEST></FILE><FILE directory="modules" name="misc_bestOnTheFly.py"><TEST DATE="2006-03-15" ITERATIONS="3" PLATFORM="win32" RESULT="OK" RUN="00071"/><TEST DATE="2006-03-15" ITERATIONS="3" PLATFORM="win32" RESULT="OK" RUN="00070"/></FILE></FILES></XML>