<?xml version="1.0" ?>
<XML><STATUS><PLATFORM name="win32"><FILE DATE="2006-05-23" STATUS="OK" name="modules/assoc.py" xml:space="preserve"/><FILE DATE="2006-11-15" STATUS="OK" name="modules/bayes.py" xml:space="preserve"/><FILE DATE="2006-10-26" STATUS="OK" name="modules/c45.py" xml:space="preserve"/><FILE DATE="2006-11-15" STATUS="OK" name="modules/ensemble.py" xml:space="preserve"/><FILE DATE="2006-11-15" STATUS="OK" name="modules/ensemble2.py" xml:space="preserve"/><FILE DATE="2006-11-15" STATUS="OK" name="modules/ensemble3.py" xml:space="preserve"/><FILE DATE="2006-11-15" STATUS="OK" name="modules/fss1.py" xml:space="preserve"/><FILE DATE="2006-11-15" STATUS="OK" name="modules/fss2.py" xml:space="preserve"/><FILE DATE="2006-11-15" STATUS="OK" name="modules/fss3.py" xml:space="preserve"/><FILE DATE="2006-11-15" STATUS="OK" name="modules/fss4.py" xml:space="preserve"/><FILE DATE="2006-11-15" STATUS="OK" name="modules/fss5.py" xml:space="preserve"/><FILE DATE="2006-11-15" STATUS="OK" name="modules/fss6.py"/><FILE DATE="2006-11-15" STATUS="OK" name="modules/fss7.py"/><FILE DATE="2006-11-15" STATUS="changed" name="modules/mds1.py" xml:space="preserve"/><FILE DATE="2006-11-15" STATUS="OK" name="modules/misc_bestOnTheFly.py"/><FILE DATE="2006-11-15" STATUS="OK" name="modules/statExamples.py" xml:space="preserve"/><FILE DATE="2006-11-15" STATUS="OK" name="modules/test.py" xml:space="preserve"/><FILE DATE="2006-11-15" STATUS="OK" name="modules/thresholding1.py"/><FILE DATE="2006-11-15" STATUS="OK" name="modules/thresholding2.py" xml:space="preserve"/><FILE DATE="2006-11-15" STATUS="OK" name="modules/tree1.py" xml:space="preserve"/><FILE DATE="2006-11-15" STATUS="OK" name="modules/tree2.py" xml:space="preserve"/><FILE DATE="2006-11-15" STATUS="OK" name="modules/tree3.py" xml:space="preserve"/><FILE DATE="2006-11-15" STATUS="OK" name="modules/tree4.py" xml:space="preserve"/><FILE DATE="2006-04-06" STATUS="OK" name="modules/tree5.py" xml:space="preserve"/><FILE DATE="2006-04-06" STATUS="OK" name="modules/tree6.py" xml:space="preserve"/><FILE DATE="2006-04-06" STATUS="OK" name="modules/tree7.py" xml:space="preserve"/><FILE DATE="2006-11-15" STATUS="OK" name="modules/tree8.py"/><FILE DATE="2006-04-05" STATUS="OK" name="modules/tree9.py"/><FILE DATE="2006-11-15" STATUS="OK" name="modules/tuning1.py" xml:space="preserve"/><FILE DATE="2006-11-15" STATUS="OK" name="modules/tuningm.py"/><FILE DATE="2006-11-15" STATUS="OK" name="ofb/accuracy.py"/><FILE DATE="2006-11-15" STATUS="OK" name="ofb/accuracy2.py"/><FILE DATE="2006-11-15" STATUS="OK" name="ofb/accuracy3.py"/><FILE DATE="2006-11-15" STATUS="OK" name="ofb/accuracy4.py"/><FILE DATE="2006-11-15" STATUS="OK" name="ofb/accuracy5.py"/><FILE DATE="2006-11-15" STATUS="OK" name="ofb/accuracy6.py"/><FILE DATE="2006-11-15" STATUS="OK" name="ofb/accuracy7.py"/><FILE DATE="2006-11-15" STATUS="OK" name="ofb/assoc1.py" xml:space="preserve"/><FILE DATE="2006-11-15" STATUS="OK" name="ofb/assoc2.py" xml:space="preserve"/><FILE DATE="2006-06-22" STATUS="error" name="ofb/assoc3.py" xml:space="preserve">Traceback (most recent call last):
  File &quot;C:/D/ai/Orange/regressionTests/xtest1.py&quot;, line 92, in ?
    execfile(t__name)
  File &quot;assoc3.py&quot;, line 15, in ?
    rules = orngAssoc.build(data, minSupport)
  File &quot;c:\d\ai\orange\orngAssoc.py&quot;, line 7, in build
    return AssociationRulesInducer(data, support=support, maxItemSets=maxItemSets)
NameError: global name 'AssociationRulesInducer' is not defined
</FILE><FILE DATE="2006-11-15" STATUS="OK" name="ofb/bagging.py"/><FILE DATE="2006-11-15" STATUS="OK" name="ofb/bagging_test.py"/><FILE DATE="2006-11-15" STATUS="OK" name="ofb/bayes.py"/><FILE DATE="2006-11-15" STATUS="OK" name="ofb/bayes_test.py"/><FILE DATE="2006-11-15" STATUS="OK" name="ofb/classifier.py"/><FILE DATE="2006-11-15" STATUS="OK" name="ofb/classifier2.py"/><FILE DATE="2006-11-15" STATUS="OK" name="ofb/data_characteristics.py"/><FILE DATE="2006-11-15" STATUS="OK" name="ofb/data_characteristics2.py"/><FILE DATE="2006-11-15" STATUS="OK" name="ofb/data_characteristics3.py"/><FILE DATE="2006-11-15" STATUS="OK" name="ofb/data_characteristics4.py"/><FILE DATE="2006-11-15" STATUS="OK" name="ofb/disc.py"/><FILE DATE="2006-11-15" STATUS="OK" name="ofb/disc1.py"/><FILE DATE="2006-11-15" STATUS="OK" name="ofb/disc2.py"/><FILE DATE="2006-11-15" STATUS="OK" name="ofb/disc3.py"/><FILE DATE="2006-11-15" STATUS="OK" name="ofb/disc4.py"/><FILE DATE="2006-11-15" STATUS="OK" name="ofb/disc5.py"/><FILE DATE="2006-11-15" STATUS="OK" name="ofb/disc6.py"/><FILE DATE="2006-11-15" STATUS="OK" name="ofb/domain1.py"/><FILE DATE="2006-11-15" STATUS="OK" name="ofb/domain10.py"/><FILE DATE="2006-11-15" STATUS="OK" name="ofb/domain11.py"/><FILE DATE="2006-11-15" STATUS="OK" name="ofb/domain12.py"/><FILE DATE="2006-11-15" STATUS="OK" name="ofb/domain13.py"/><FILE DATE="2006-11-15" STATUS="OK" name="ofb/domain2.py"/><FILE DATE="2006-11-15" STATUS="OK" name="ofb/domain3.py"/><FILE DATE="2006-11-15" STATUS="OK" name="ofb/domain4.py"/><FILE DATE="2006-11-15" STATUS="OK" name="ofb/domain5.py"/><FILE DATE="2006-11-15" STATUS="OK" name="ofb/domain6.py"/><FILE DATE="2006-11-15" STATUS="OK" name="ofb/domain7.py"/><FILE DATE="2006-11-15" STATUS="OK" name="ofb/domain8.py"/><FILE DATE="2006-11-15" STATUS="OK" name="ofb/domain9.py"/><FILE DATE="2006-11-15" STATUS="OK" name="ofb/ensemble2.py"/><FILE DATE="2006-11-15" STATUS="OK" name="ofb/ensemble3.py"/><FILE DATE="2006-11-15" STATUS="OK" name="ofb/handful.py"/><FILE DATE="2006-11-15" STATUS="OK" name="ofb/lenses.py"/><FILE DATE="2006-11-15" STATUS="OK" name="ofb/nbdisc.py"/><FILE DATE="2006-11-15" STATUS="OK" name="ofb/nbdisc_test.py"/><FILE DATE="2006-11-15" STATUS="OK" name="ofb/regression1.py" xml:space="preserve"/><FILE DATE="2006-11-15" STATUS="OK" name="ofb/regression2.py"/><FILE DATE="2006-11-15" STATUS="OK" name="ofb/regression3.py"/><FILE DATE="2006-11-15" STATUS="OK" name="ofb/report_missing.py"/><FILE DATE="2006-11-15" STATUS="OK" name="ofb/roc.py"/><FILE DATE="2006-11-15" STATUS="OK" name="ofb/sample_adult.py"/><FILE DATE="2006-11-15" STATUS="OK" name="ofb/tree.py" xml:space="preserve"/><FILE DATE="2006-04-06" STATUS="OK" name="ofb/tree_print.py" xml:space="preserve"/><FILE DATE="2006-11-15" STATUS="OK" name="reference/ClassifierByExampleTable.py"/><FILE DATE="2006-11-15" STATUS="OK" name="reference/ClassifierByLookupTable.py"/><FILE DATE="2006-11-15" STATUS="OK" name="reference/CostMatrix.py"/><FILE DATE="2006-11-15" STATUS="OK" name="reference/MeasureAttribute1.py"/><FILE DATE="2006-11-15" STATUS="OK" name="reference/MeasureAttribute1a.py"/><FILE DATE="2006-11-15" STATUS="OK" name="reference/MeasureAttribute1b.py"/><FILE DATE="2006-11-15" STATUS="OK" name="reference/MeasureAttribute2.py"/><FILE DATE="2006-11-15" STATUS="OK" name="reference/MeasureAttribute3.py"/><FILE DATE="2006-11-15" STATUS="OK" name="reference/RandomClassifier.py"/><FILE DATE="2006-11-15" STATUS="OK" name="reference/assoc-agrawal.py"/><FILE DATE="2006-11-15" STATUS="OK" name="reference/assoc-rule.py"/><FILE DATE="2006-11-15" STATUS="OK" name="reference/assoc.py"/><FILE DATE="2006-11-15" STATUS="OK" name="reference/basicattrstat.py"/><FILE DATE="2006-11-15" STATUS="OK" name="reference/basket.py"/><FILE DATE="2006-11-15" STATUS="OK" name="reference/c45.py"/><FILE DATE="2006-11-15" STATUS="OK" name="reference/cb-classifier.py"/><FILE DATE="2006-11-15" STATUS="OK" name="reference/cb-descender.py" xml:space="preserve"/><FILE DATE="2006-11-15" STATUS="OK" name="reference/cb-filter.py"/><FILE DATE="2006-11-15" STATUS="OK" name="reference/cb-learner.py"/><FILE DATE="2006-11-15" STATUS="OK" name="reference/cb-measureattribute.py" xml:space="preserve"/><FILE DATE="2006-11-15" STATUS="OK" name="reference/cb-mydomain.py"/><FILE DATE="2006-11-15" STATUS="OK" name="reference/cb-splitconstructor.py" xml:space="preserve"/><FILE DATE="2006-11-15" STATUS="OK" name="reference/cb-stopcriteria.py" xml:space="preserve"/><FILE DATE="2006-11-15" STATUS="OK" name="reference/classifierFromVar.py"/><FILE DATE="2006-11-15" STATUS="OK" name="reference/contingency1.py"/><FILE DATE="2006-11-15" STATUS="OK" name="reference/contingency2.py"/><FILE DATE="2006-11-15" STATUS="OK" name="reference/contingency3.py"/><FILE DATE="2006-11-15" STATUS="OK" name="reference/contingency4.py"/><FILE DATE="2006-11-15" STATUS="OK" name="reference/contingency5.py"/><FILE DATE="2006-11-15" STATUS="OK" name="reference/contingency6.py"/><FILE DATE="2006-11-15" STATUS="OK" name="reference/contingency7.py"/><FILE DATE="2006-11-15" STATUS="OK" name="reference/contingency8.py"/><FILE DATE="2006-11-15" STATUS="OK" name="reference/discretization.py"/><FILE DATE="2006-11-15" STATUS="OK" name="reference/distributions.py"/><FILE DATE="2006-11-15" STATUS="OK" name="reference/domain1.py"/><FILE DATE="2006-11-15" STATUS="OK" name="reference/domain2.py"/><FILE DATE="2006-11-15" STATUS="OK" name="reference/domainDepot.py"/><FILE DATE="2006-11-15" STATUS="OK" name="reference/example.py"/><FILE DATE="2006-11-15" STATUS="OK" name="reference/example2.py"/><FILE DATE="2006-11-15" STATUS="OK" name="reference/example3.py"/><FILE DATE="2006-11-15" STATUS="OK" name="reference/example_merge.py"/><FILE DATE="2006-11-15" STATUS="OK" name="reference/examplesdistance-missing.py"/><FILE DATE="2006-11-15" STATUS="OK" name="reference/examplesdistance.py"/><FILE DATE="2006-11-15" STATUS="OK" name="reference/exampletable1.py"/><FILE DATE="2006-11-15" STATUS="OK" name="reference/exampletable2.py"/><FILE DATE="2006-11-15" STATUS="OK" name="reference/exampletable3.py"/><FILE DATE="2006-11-15" STATUS="OK" name="reference/exampletable4.py"/><FILE DATE="2006-11-15" STATUS="OK" name="reference/exampletable5.py"/><FILE DATE="2006-11-15" STATUS="OK" name="reference/exampletable_merge.py"/><FILE DATE="2006-11-15" STATUS="OK" name="reference/filter.py"/><FILE DATE="2006-11-15" STATUS="OK" name="reference/filters.py" xml:space="preserve"/><FILE DATE="2006-11-15" STATUS="OK" name="reference/filterv.py"/><FILE DATE="2006-11-15" STATUS="OK" name="reference/findnearest.py"/><FILE DATE="2006-11-15" STATUS="OK" name="reference/graph.py"/><FILE DATE="2006-11-15" STATUS="OK" name="reference/graph_obj.py" xml:space="preserve"/><FILE DATE="2006-11-15" STATUS="OK" name="reference/hclust.py"/><FILE DATE="2006-11-15" STATUS="OK" name="reference/hclust_art.py"/><FILE DATE="2006-11-15" STATUS="OK" name="reference/imputation.py" xml:space="preserve"/><FILE DATE="2006-11-15" STATUS="OK" name="reference/knnlearner.py" xml:space="preserve"/><FILE DATE="2006-11-15" STATUS="OK" name="reference/majority.py"/><FILE DATE="2006-11-15" STATUS="OK" name="reference/output.py"/><FILE DATE="2006-11-15" STATUS="OK" name="reference/pp-attributes.py"/><FILE DATE="2006-11-15" STATUS="OK" name="reference/pp-censoring.py"/><FILE DATE="2006-11-15" STATUS="OK" name="reference/pp-discretization.py"/><FILE DATE="2006-11-15" STATUS="OK" name="reference/pp-duplicates.py"/><FILE DATE="2006-11-15" STATUS="OK" name="reference/pp-missing.py"/><FILE DATE="2006-11-15" STATUS="OK" name="reference/pp-noise.py"/><FILE DATE="2006-11-15" STATUS="OK" name="reference/pp-select.py"/><FILE DATE="2006-11-15" STATUS="OK" name="reference/pp-weights.py"/><FILE DATE="2006-11-15" STATUS="OK" name="reference/pythonvariable1.py"/><FILE DATE="2006-11-15" STATUS="OK" name="reference/pythonvariable2a.py"/><FILE DATE="2006-11-15" STATUS="OK" name="reference/pythonvariable2b.py"/><FILE DATE="2006-11-15" STATUS="OK" name="reference/pythonvariable2c.py"/><FILE DATE="2006-11-15" STATUS="OK" name="reference/pythonvariable2d.py"/><FILE DATE="2006-11-15" STATUS="OK" name="reference/randomindices2.py"/><FILE DATE="2006-11-15" STATUS="OK" name="reference/randomindicescv.py"/><FILE DATE="2006-11-15" STATUS="OK" name="reference/randomindicesn.py"/><FILE DATE="2006-11-15" STATUS="OK" name="reference/subsetsgenerators.py" xml:space="preserve"/><FILE DATE="2006-11-15" STATUS="OK" name="reference/symmatrix.py"/><FILE DATE="2006-11-15" STATUS="OK" name="reference/testRulelearner.py"/><FILE DATE="2006-11-15" STATUS="OK" name="reference/transformvalue-d2c.py"/><FILE DATE="2006-11-15" STATUS="OK" name="reference/transformvalue-domain.py"/><FILE DATE="2006-11-15" STATUS="OK" name="reference/transformvalue-miv.py"/><FILE DATE="2006-11-15" STATUS="OK" name="reference/transformvalue-nc.py"/><FILE DATE="2006-11-15" STATUS="OK" name="reference/transformvalue-o2c.py"/><FILE DATE="2006-11-15" STATUS="OK" name="reference/treelearner.py"/><FILE DATE="2006-11-15" STATUS="OK" name="reference/treestructure.py"/><FILE DATE="2006-11-15" STATUS="OK" name="reference/undefineds.py"/><FILE DATE="2006-11-15" STATUS="OK" name="reference/unusedValues.py"/><FILE DATE="2006-11-15" STATUS="OK" name="reference/values.py"/><FILE DATE="2006-11-15" STATUS="OK" name="reference/variable.py"/><FILE DATE="2006-11-15" STATUS="OK" name="reference/variable2.py" xml:space="preserve"/><FILE DATE="2006-11-15" STATUS="OK" name="modules/imputation.py"/><FILE DATE="2006-11-15" STATUS="OK" name="modules/orngTree1.py"/><FILE DATE="2006-11-15" STATUS="OK" name="modules/orngTree2.py"/><FILE DATE="2006-05-23" STATUS="OK" name="modules/mds2.py"/><FILE DATE="2006-11-15" STATUS="OK" name="modules/som1.py" xml:space="preserve"/><FILE DATE="2006-06-02" STATUS="error" name="modules/sql1.py" xml:space="preserve">Traceback (most recent call last):
  File &quot;C:/D/ai/Orange/regressionTests/xtest1.py&quot;, line 92, in ?
    execfile(t__name)
  File &quot;sql1.py&quot;, line 6, in ?
    import orange, orngMySQL
  File &quot;c:\d\ai\orange\orngMySQL.py&quot;, line 10, in ?
    import MySQLdb
ImportError: No module named MySQLdb
</FILE><FILE DATE="2006-06-02" STATUS="error" name="modules/sql2.py" xml:space="preserve">Traceback (most recent call last):
  File &quot;C:/D/ai/Orange/regressionTests/xtest1.py&quot;, line 92, in ?
    execfile(t__name)
  File &quot;sql2.py&quot;, line 7, in ?
    import orngMySQL
  File &quot;c:\d\ai\orange\orngMySQL.py&quot;, line 10, in ?
    import MySQLdb
ImportError: No module named MySQLdb
</FILE><FILE DATE="2006-06-02" STATUS="error" name="modules/sql3.py" xml:space="preserve">Traceback (most recent call last):
  File &quot;C:/D/ai/Orange/regressionTests/xtest1.py&quot;, line 92, in ?
    execfile(t__name)
  File &quot;sql3.py&quot;, line 6, in ?
    import orange, orngMySQL, orngTree
  File &quot;c:\d\ai\orange\orngMySQL.py&quot;, line 10, in ?
    import MySQLdb
ImportError: No module named MySQLdb
</FILE><FILE DATE="2006-06-02" STATUS="error" name="modules/sql4.py" xml:space="preserve">Traceback (most recent call last):
  File &quot;C:/D/ai/Orange/regressionTests/xtest1.py&quot;, line 92, in ?
    execfile(t__name)
  File &quot;sql4.py&quot;, line 7, in ?
    import orange, orngMySQL, orngTree
  File &quot;c:\d\ai\orange\orngMySQL.py&quot;, line 10, in ?
    import MySQLdb
ImportError: No module named MySQLdb
</FILE><FILE DATE="2006-11-15" STATUS="OK" name="ofb/disc7.py"/><FILE DATE="2006-11-15" STATUS="OK" name="reference/tab-basket.py"/><FILE DATE="2006-11-15" STATUS="OK" name="reference/filterm.py"/><FILE DATE="2006-11-15" STATUS="OK" name="reference/outlier1.py"/><FILE DATE="2006-11-15" STATUS="OK" name="reference/outlier2.py"/></PLATFORM></STATUS><RUN DATE="2006-11-15" PLATFORM="win32" TYPE="update"><FILE DATE="2006-11-15" STATUS="changed" name="modules/mds1.py" xml:space="preserve"/></RUN></XML>