<?xml version="1.0" ?>
<XML><RUNS><RUN DATE="2004-08-26" ID="00027" PLATFORM="win32" TYPE="update"><FILE NAME="domainDepot.py" RESULT="random"/><FILE NAME="example_merge.py" RESULT="random"/><FILE NAME="exampletable_merge.py" RESULT="random"/><FILE NAME="hclust.py" RESULT="changed"/><FILE NAME="pythonvariable1.py" RESULT="random"/></RUN><RUN DATE="2004-08-26" ID="00026" PLATFORM="win32" TYPE="update"><FILE NAME="domainDepot.py" RESULT="random"/><FILE NAME="example_merge.py" RESULT="random"/><FILE NAME="exampletable_merge.py" RESULT="random"/><FILE NAME="hclust.py" RESULT="changed"/><FILE NAME="pythonvariable1.py" RESULT="random"/></RUN></RUNS><FILES><FILE directory="modules" name="assoc.py"><TEST DATE="2004-08-21" ITERATIONS="3" PLATFORM="linux2" RESULT="changed" RUN="00013"/><TEST DATE="2004-08-21" ITERATIONS="3" PLATFORM="win32" RESULT="OK" RUN="00012"/><TEST DATE="2004-08-20" ITERATIONS="3" PLATFORM="win32" RESULT="OK" RUN="00011"/><TEST DATE="2004-08-20" ITERATIONS="3" PLATFORM="win32" RESULT="OK" RUN="00010"/><TEST DATE="2004-08-19" ITERATIONS="3" PLATFORM="win32" RESULT="OK" RUN="00009"/><TEST DATE="2004-08-19" ITERATIONS="3" PLATFORM="win32" RESULT="OK" RUN="00008"/><TEST DATE="2004-08-19" ITERATIONS="3" PLATFORM="win32" RESULT="OK" RUN="00007"/><TEST DATE="2004-08-19" ITERATIONS="3" PLATFORM="win32" RESULT="OK" RUN="00006"/><TEST DATE="2004-07-15" ITERATIONS="3" PLATFORM="win32" RESULT="OK" RUN="00005"/><TEST DATE="2004-06-05" ITERATIONS="3" PLATFORM="win32" RESULT="OK" RUN="00004"/><TEST DATE="2004-06-03" ITERATIONS="1" PLATFORM="win32" RESULT="OK" RUN="00003"/><TEST DATE="2004-06-03" ITERATIONS="1" PLATFORM="win32" RESULT="OK" RUN="00002"/><TEST DATE="2004-06-03" ITERATIONS="1" PLATFORM="win32" RESULT="OK" RUN="00001"/></FILE><FILE directory="modules" name="ensemble.py"><TEST DATE="2004-08-21" ITERATIONS="3" PLATFORM="linux2" RESULT="changed" RUN="00013"/><TEST DATE="2004-08-21" ITERATIONS="3" PLATFORM="win32" RESULT="OK" RUN="00012"/><TEST DATE="2004-08-20" ITERATIONS="3" PLATFORM="win32" RESULT="OK" RUN="00011"/><TEST DATE="2004-08-20" ITERATIONS="3" PLATFORM="win32" RESULT="OK" RUN="00010"/><TEST DATE="2004-08-19" ITERATIONS="3" PLATFORM="win32" RESULT="OK" RUN="00009"/><TEST DATE="2004-08-19" ITERATIONS="3" PLATFORM="win32" RESULT="OK" RUN="00008"/><TEST DATE="2004-08-19" ITERATIONS="3" PLATFORM="win32" RESULT="OK" RUN="00007"/><TEST DATE="2004-08-19" ITERATIONS="3" PLATFORM="win32" RESULT="OK" RUN="00006"/><TEST DATE="2004-07-15" ITERATIONS="3" PLATFORM="win32" RESULT="OK" RUN="00005"/><TEST DATE="2004-06-05" ITERATIONS="3" PLATFORM="win32" RESULT="OK" RUN="00004"/><TEST DATE="2004-06-03" ITERATIONS="1" PLATFORM="win32" RESULT="OK" RUN="00003"/><TEST DATE="2004-06-03" ITERATIONS="1" PLATFORM="win32" RESULT="OK" RUN="00002"/><TEST DATE="2004-06-03" ITERATIONS="1" PLATFORM="win32" RESULT="OK" RUN="00001"/></FILE><FILE directory="modules" name="fss1.py"><TEST DATE="2004-08-21" ITERATIONS="3" PLATFORM="linux2" RESULT="OK" RUN="00013"/><TEST DATE="2004-08-21" ITERATIONS="3" PLATFORM="win32" RESULT="OK" RUN="00012"/><TEST DATE="2004-08-20" ITERATIONS="3" PLATFORM="win32" RESULT="OK" RUN="00011"/><TEST DATE="2004-08-20" ITERATIONS="3" PLATFORM="win32" RESULT="OK" RUN="00010"/><TEST DATE="2004-08-19" ITERATIONS="3" PLATFORM="win32" RESULT="OK" RUN="00009"/><TEST DATE="2004-08-19" ITERATIONS="3" PLATFORM="win32" RESULT="OK" RUN="00008"/><TEST DATE="2004-08-19" ITERATIONS="3" PLATFORM="win32" RESULT="OK" RUN="00007"/><TEST DATE="2004-08-19" ITERATIONS="3" PLATFORM="win32" RESULT="OK" RUN="00006"/><TEST DATE="2004-07-15" ITERATIONS="3" PLATFORM="win32" RESULT="changed" RUN="00005"/><TEST DATE="2004-06-05" ITERATIONS="3" PLATFORM="win32" RESULT="changed" RUN="00004"/><TEST DATE="2004-06-03" ITERATIONS="1" PLATFORM="win32" RESULT="changed" RUN="00003"/><TEST DATE="2004-06-03" ITERATIONS="1" PLATFORM="win32" RESULT="OK" RUN="00002"/><TEST DATE="2004-06-03" ITERATIONS="1" PLATFORM="win32" RESULT="OK" RUN="00001"/></FILE><FILE directory="modules" name="fss2.py"><TEST DATE="2004-08-21" ITERATIONS="3" PLATFORM="linux2" RESULT="OK" RUN="00013"/><TEST DATE="2004-08-21" ITERATIONS="3" PLATFORM="win32" RESULT="OK" RUN="00012"/><TEST DATE="2004-08-20" ITERATIONS="3" PLATFORM="win32" RESULT="OK" RUN="00011"/><TEST DATE="2004-08-20" ITERATIONS="3" PLATFORM="win32" RESULT="OK" RUN="00010"/><TEST DATE="2004-08-19" ITERATIONS="3" PLATFORM="win32" RESULT="OK" RUN="00009"/><TEST DATE="2004-08-19" ITERATIONS="3" PLATFORM="win32" RESULT="OK" RUN="00008"/><TEST DATE="2004-08-19" ITERATIONS="3" PLATFORM="win32" RESULT="OK" RUN="00007"/><TEST DATE="2004-08-19" ITERATIONS="3" PLATFORM="win32" RESULT="OK" RUN="00006"/><TEST DATE="2004-07-15" ITERATIONS="3" PLATFORM="win32" RESULT="OK" RUN="00005"/><TEST DATE="2004-06-05" ITERATIONS="3" PLATFORM="win32" RESULT="OK" RUN="00004"/><TEST DATE="2004-06-03" ITERATIONS="1" PLATFORM="win32" RESULT="OK" RUN="00003"/><TEST DATE="2004-06-03" ITERATIONS="1" PLATFORM="win32" RESULT="OK" RUN="00002"/><TEST DATE="2004-06-03" ITERATIONS="1" PLATFORM="win32" RESULT="OK" RUN="00001"/></FILE><FILE directory="modules" name="fss3.py"><TEST DATE="2004-08-21" ITERATIONS="3" PLATFORM="linux2" RESULT="OK" RUN="00013"/><TEST DATE="2004-08-21" ITERATIONS="3" PLATFORM="win32" RESULT="OK" RUN="00012"/><TEST DATE="2004-08-20" ITERATIONS="3" PLATFORM="win32" RESULT="OK" RUN="00011"/><TEST DATE="2004-08-20" ITERATIONS="3" PLATFORM="win32" RESULT="OK" RUN="00010"/><TEST DATE="2004-08-19" ITERATIONS="3" PLATFORM="win32" RESULT="OK" RUN="00009"/><TEST DATE="2004-08-19" ITERATIONS="3" PLATFORM="win32" RESULT="OK" RUN="00008"/><TEST DATE="2004-08-19" ITERATIONS="3" PLATFORM="win32" RESULT="OK" RUN="00007"/><TEST DATE="2004-08-19" ITERATIONS="3" PLATFORM="win32" RESULT="OK" RUN="00006"/><TEST DATE="2004-07-15" ITERATIONS="3" PLATFORM="win32" RESULT="OK" RUN="00005"/><TEST DATE="2004-06-05" ITERATIONS="3" PLATFORM="win32" RESULT="OK" RUN="00004"/><TEST DATE="2004-06-03" ITERATIONS="1" PLATFORM="win32" RESULT="OK" RUN="00003"/><TEST DATE="2004-06-03" ITERATIONS="1" PLATFORM="win32" RESULT="OK" RUN="00002"/><TEST DATE="2004-06-03" ITERATIONS="1" PLATFORM="win32" RESULT="OK" RUN="00001"/></FILE><FILE directory="modules" name="fss4.py"><TEST DATE="2004-08-21" ITERATIONS="3" PLATFORM="linux2" RESULT="OK" RUN="00013"/><TEST DATE="2004-08-21" ITERATIONS="3" PLATFORM="win32" RESULT="OK" RUN="00012"/><TEST DATE="2004-08-20" ITERATIONS="3" PLATFORM="win32" RESULT="OK" RUN="00011"/><TEST DATE="2004-08-20" ITERATIONS="3" PLATFORM="win32" RESULT="OK" RUN="00010"/><TEST DATE="2004-08-19" ITERATIONS="3" PLATFORM="win32" RESULT="OK" RUN="00009"/><TEST DATE="2004-08-19" ITERATIONS="3" PLATFORM="win32" RESULT="OK" RUN="00008"/><TEST DATE="2004-08-19" ITERATIONS="3" PLATFORM="win32" RESULT="OK" RUN="00007"/><TEST DATE="2004-08-19" ITERATIONS="3" PLATFORM="win32" RESULT="OK" RUN="00006"/><TEST DATE="2004-07-15" ITERATIONS="3" PLATFORM="win32" RESULT="OK" RUN="00005"/><TEST DATE="2004-06-03" ITERATIONS="1" PLATFORM="win32" RESULT="changed" RUN="00002"/><TEST DATE="2004-06-03" ITERATIONS="1" PLATFORM="win32" RESULT="" RUN="00001"/></FILE><FILE directory="modules" name="fss5.py"><TEST DATE="2004-08-21" ITERATIONS="3" PLATFORM="linux2" RESULT="OK" RUN="00013"/><TEST DATE="2004-08-21" ITERATIONS="3" PLATFORM="win32" RESULT="OK" RUN="00012"/><TEST DATE="2004-08-20" ITERATIONS="3" PLATFORM="win32" RESULT="OK" RUN="00011"/><TEST DATE="2004-08-20" ITERATIONS="3" PLATFORM="win32" RESULT="OK" RUN="00010"/><TEST DATE="2004-08-19" ITERATIONS="3" PLATFORM="win32" RESULT="OK" RUN="00009"/><TEST DATE="2004-08-19" ITERATIONS="3" PLATFORM="win32" RESULT="OK" RUN="00008"/><TEST DATE="2004-08-19" ITERATIONS="3" PLATFORM="win32" RESULT="OK" RUN="00007"/><TEST DATE="2004-08-19" ITERATIONS="3" PLATFORM="win32" RESULT="OK" RUN="00006"/><TEST DATE="2004-07-15" ITERATIONS="3" PLATFORM="win32" RESULT="OK" RUN="00005"/><TEST DATE="2004-06-05" ITERATIONS="3" PLATFORM="win32" RESULT="OK" RUN="00004"/><TEST DATE="2004-06-03" ITERATIONS="1" PLATFORM="win32" RESULT="OK" RUN="00003"/><TEST DATE="2004-06-03" ITERATIONS="1" PLATFORM="win32" RESULT="OK" RUN="00002"/></FILE><FILE directory="modules" name="fss6.py"><TEST DATE="2004-08-21" ITERATIONS="3" PLATFORM="linux2" RESULT="OK" RUN="00013"/><TEST DATE="2004-08-21" ITERATIONS="3" PLATFORM="win32" RESULT="OK" RUN="00012"/><TEST DATE="2004-08-20" ITERATIONS="3" PLATFORM="win32" RESULT="OK" RUN="00011"/><TEST DATE="2004-08-20" ITERATIONS="3" PLATFORM="win32" RESULT="OK" RUN="00010"/><TEST DATE="2004-08-19" ITERATIONS="3" PLATFORM="win32" RESULT="OK" RUN="00009"/><TEST DATE="2004-08-19" ITERATIONS="3" PLATFORM="win32" RESULT="OK" RUN="00008"/><TEST DATE="2004-08-19" ITERATIONS="3" PLATFORM="win32" RESULT="OK" RUN="00007"/><TEST DATE="2004-08-19" ITERATIONS="3" PLATFORM="win32" RESULT="OK" RUN="00006"/><TEST DATE="2004-07-15" ITERATIONS="3" PLATFORM="win32" RESULT="OK" RUN="00005"/><TEST DATE="2004-06-05" ITERATIONS="3" PLATFORM="win32" RESULT="OK" RUN="00004"/><TEST DATE="2004-06-03" ITERATIONS="1" PLATFORM="win32" RESULT="OK" RUN="00003"/><TEST DATE="2004-06-03" ITERATIONS="1" PLATFORM="win32" RESULT="OK" RUN="00002"/></FILE><FILE directory="modules" name="fss7.py"><TEST DATE="2004-08-21" ITERATIONS="3" PLATFORM="linux2" RESULT="OK" RUN="00013"/><TEST DATE="2004-08-21" ITERATIONS="3" PLATFORM="win32" RESULT="OK" RUN="00012"/><TEST DATE="2004-08-20" ITERATIONS="3" PLATFORM="win32" RESULT="OK" RUN="00011"/><TEST DATE="2004-08-20" ITERATIONS="3" PLATFORM="win32" RESULT="OK" RUN="00010"/><TEST DATE="2004-08-19" ITERATIONS="3" PLATFORM="win32" RESULT="OK" RUN="00009"/><TEST DATE="2004-08-19" ITERATIONS="3" PLATFORM="win32" RESULT="OK" RUN="00008"/><TEST DATE="2004-08-19" ITERATIONS="3" PLATFORM="win32" RESULT="OK" RUN="00007"/><TEST DATE="2004-08-19" ITERATIONS="3" PLATFORM="win32" RESULT="OK" RUN="00006"/><TEST DATE="2004-07-15" ITERATIONS="3" PLATFORM="win32" RESULT="OK" RUN="00005"/><TEST DATE="2004-06-05" ITERATIONS="3" PLATFORM="win32" RESULT="OK" RUN="00004"/><TEST DATE="2004-06-03" ITERATIONS="1" PLATFORM="win32" RESULT="OK" RUN="00003"/><TEST DATE="2004-06-03" ITERATIONS="1" PLATFORM="win32" RESULT="OK" RUN="00002"/></FILE><FILE directory="modules" name="test.py"><TEST DATE="2004-08-21" ITERATIONS="3" PLATFORM="linux2" RESULT="changed" RUN="00013"/><TEST DATE="2004-08-21" ITERATIONS="3" PLATFORM="win32" RESULT="OK" RUN="00012"/><TEST DATE="2004-08-20" ITERATIONS="3" PLATFORM="win32" RESULT="OK" RUN="00011"/><TEST DATE="2004-08-20" ITERATIONS="3" PLATFORM="win32" RESULT="OK" RUN="00010"/><TEST DATE="2004-08-19" ITERATIONS="3" PLATFORM="win32" RESULT="OK" RUN="00009"/><TEST DATE="2004-08-19" ITERATIONS="3" PLATFORM="win32" RESULT="OK" RUN="00008"/><TEST DATE="2004-08-19" ITERATIONS="3" PLATFORM="win32" RESULT="OK" RUN="00007"/><TEST DATE="2004-08-19" ITERATIONS="3" PLATFORM="win32" RESULT="OK" RUN="00006"/><TEST DATE="2004-07-15" ITERATIONS="3" PLATFORM="win32" RESULT="OK" RUN="00005"/><TEST DATE="2004-06-05" ITERATIONS="3" PLATFORM="win32" RESULT="OK" RUN="00004"/><TEST DATE="2004-06-03" ITERATIONS="1" PLATFORM="win32" RESULT="OK" RUN="00003"/><TEST DATE="2004-06-03" ITERATIONS="1" PLATFORM="win32" RESULT="OK" RUN="00002"/></FILE><FILE directory="modules" name="tree1.py"><TEST DATE="2004-08-21" ITERATIONS="3" PLATFORM="linux2" RESULT="OK" RUN="00013"/><TEST DATE="2004-08-21" ITERATIONS="3" PLATFORM="win32" RESULT="OK" RUN="00012"/><TEST DATE="2004-08-20" ITERATIONS="3" PLATFORM="win32" RESULT="OK" RUN="00011"/><TEST DATE="2004-08-20" ITERATIONS="3" PLATFORM="win32" RESULT="OK" RUN="00010"/><TEST DATE="2004-08-19" ITERATIONS="3" PLATFORM="win32" RESULT="OK" RUN="00009"/><TEST DATE="2004-08-19" ITERATIONS="3" PLATFORM="win32" RESULT="OK" RUN="00008"/><TEST DATE="2004-08-19" ITERATIONS="3" PLATFORM="win32" RESULT="OK" RUN="00007"/><TEST DATE="2004-08-19" ITERATIONS="3" PLATFORM="win32" RESULT="OK" RUN="00006"/><TEST DATE="2004-07-15" ITERATIONS="3" PLATFORM="win32" RESULT="OK" RUN="00005"/><TEST DATE="2004-06-05" ITERATIONS="3" PLATFORM="win32" RESULT="OK" RUN="00004"/><TEST DATE="2004-06-03" ITERATIONS="1" PLATFORM="win32" RESULT="OK" RUN="00003"/><TEST DATE="2004-06-03" ITERATIONS="1" PLATFORM="win32" RESULT="OK" RUN="00002"/></FILE><FILE directory="modules" name="tree2.py"><TEST DATE="2004-08-21" ITERATIONS="3" PLATFORM="linux2" RESULT="OK" RUN="00013"/><TEST DATE="2004-08-21" ITERATIONS="3" PLATFORM="win32" RESULT="OK" RUN="00012"/><TEST DATE="2004-08-20" ITERATIONS="3" PLATFORM="win32" RESULT="OK" RUN="00011"/><TEST DATE="2004-08-20" ITERATIONS="3" PLATFORM="win32" RESULT="OK" RUN="00010"/><TEST DATE="2004-08-19" ITERATIONS="3" PLATFORM="win32" RESULT="OK" RUN="00009"/><TEST DATE="2004-08-19" ITERATIONS="3" PLATFORM="win32" RESULT="OK" RUN="00008"/><TEST DATE="2004-08-19" ITERATIONS="3" PLATFORM="win32" RESULT="OK" RUN="00007"/><TEST DATE="2004-08-19" ITERATIONS="3" PLATFORM="win32" RESULT="OK" RUN="00006"/><TEST DATE="2004-07-15" ITERATIONS="3" PLATFORM="win32" RESULT="OK" RUN="00005"/><TEST DATE="2004-06-05" ITERATIONS="3" PLATFORM="win32" RESULT="OK" RUN="00004"/><TEST DATE="2004-06-03" ITERATIONS="1" PLATFORM="win32" RESULT="OK" RUN="00003"/><TEST DATE="2004-06-03" ITERATIONS="1" PLATFORM="win32" RESULT="OK" RUN="00002"/></FILE><FILE directory="modules" name="tree3.py"><TEST DATE="2004-08-21" ITERATIONS="3" PLATFORM="linux2" RESULT="OK" RUN="00013"/><TEST DATE="2004-08-21" ITERATIONS="3" PLATFORM="win32" RESULT="OK" RUN="00012"/><TEST DATE="2004-08-20" ITERATIONS="3" PLATFORM="win32" RESULT="OK" RUN="00011"/><TEST DATE="2004-08-20" ITERATIONS="3" PLATFORM="win32" RESULT="OK" RUN="00010"/><TEST DATE="2004-08-19" ITERATIONS="3" PLATFORM="win32" RESULT="OK" RUN="00009"/><TEST DATE="2004-08-19" ITERATIONS="3" PLATFORM="win32" RESULT="OK" RUN="00008"/><TEST DATE="2004-08-19" ITERATIONS="3" PLATFORM="win32" RESULT="OK" RUN="00007"/><TEST DATE="2004-08-19" ITERATIONS="3" PLATFORM="win32" RESULT="OK" RUN="00006"/><TEST DATE="2004-07-15" ITERATIONS="3" PLATFORM="win32" RESULT="OK" RUN="00005"/><TEST DATE="2004-06-05" ITERATIONS="3" PLATFORM="win32" RESULT="OK" RUN="00004"/><TEST DATE="2004-06-03" ITERATIONS="1" PLATFORM="win32" RESULT="OK" RUN="00003"/><TEST DATE="2004-06-03" ITERATIONS="1" PLATFORM="win32" RESULT="OK" RUN="00002"/></FILE><FILE directory="modules" name="tree4.py"><TEST DATE="2004-08-21" ITERATIONS="3" PLATFORM="linux2" RESULT="OK" RUN="00013"/><TEST DATE="2004-08-21" ITERATIONS="3" PLATFORM="win32" RESULT="OK" RUN="00012"/><TEST DATE="2004-08-20" ITERATIONS="3" PLATFORM="win32" RESULT="OK" RUN="00011"/><TEST DATE="2004-08-20" ITERATIONS="3" PLATFORM="win32" RESULT="OK" RUN="00010"/><TEST DATE="2004-08-19" ITERATIONS="3" PLATFORM="win32" RESULT="OK" RUN="00009"/><TEST DATE="2004-08-19" ITERATIONS="3" PLATFORM="win32" RESULT="OK" RUN="00008"/><TEST DATE="2004-08-19" ITERATIONS="3" PLATFORM="win32" RESULT="OK" RUN="00007"/><TEST DATE="2004-08-19" ITERATIONS="3" PLATFORM="win32" RESULT="OK" RUN="00006"/><TEST DATE="2004-07-15" ITERATIONS="3" PLATFORM="win32" RESULT="OK" RUN="00005"/><TEST DATE="2004-06-05" ITERATIONS="3" PLATFORM="win32" RESULT="OK" RUN="00004"/><TEST DATE="2004-06-03" ITERATIONS="1" PLATFORM="win32" RESULT="OK" RUN="00003"/><TEST DATE="2004-06-03" ITERATIONS="1" PLATFORM="win32" RESULT="OK" RUN="00002"/></FILE><FILE directory="modules" name="tree5.py"><TEST DATE="2004-08-21" ITERATIONS="3" PLATFORM="linux2" RESULT="OK" RUN="00013"/><TEST DATE="2004-08-21" ITERATIONS="3" PLATFORM="win32" RESULT="OK" RUN="00012"/><TEST DATE="2004-08-20" ITERATIONS="3" PLATFORM="win32" RESULT="OK" RUN="00011"/><TEST DATE="2004-08-20" ITERATIONS="3" PLATFORM="win32" RESULT="OK" RUN="00010"/><TEST DATE="2004-08-19" ITERATIONS="3" PLATFORM="win32" RESULT="OK" RUN="00009"/><TEST DATE="2004-08-19" ITERATIONS="3" PLATFORM="win32" RESULT="OK" RUN="00008"/><TEST DATE="2004-08-19" ITERATIONS="3" PLATFORM="win32" RESULT="OK" RUN="00007"/><TEST DATE="2004-08-19" ITERATIONS="3" PLATFORM="win32" RESULT="OK" RUN="00006"/><TEST DATE="2004-07-15" ITERATIONS="3" PLATFORM="win32" RESULT="OK" RUN="00005"/><TEST DATE="2004-06-05" ITERATIONS="3" PLATFORM="win32" RESULT="OK" RUN="00004"/><TEST DATE="2004-06-03" ITERATIONS="1" PLATFORM="win32" RESULT="OK" RUN="00003"/><TEST DATE="2004-06-03" ITERATIONS="1" PLATFORM="win32" RESULT="OK" RUN="00002"/></FILE><FILE directory="modules" name="tree6.py"><TEST DATE="2004-08-21" ITERATIONS="3" PLATFORM="linux2" RESULT="OK" RUN="00013"/><TEST DATE="2004-08-21" ITERATIONS="3" PLATFORM="win32" RESULT="OK" RUN="00012"/><TEST DATE="2004-08-20" ITERATIONS="3" PLATFORM="win32" RESULT="OK" RUN="00011"/><TEST DATE="2004-08-20" ITERATIONS="3" PLATFORM="win32" RESULT="OK" RUN="00010"/><TEST DATE="2004-08-19" ITERATIONS="3" PLATFORM="win32" RESULT="OK" RUN="00009"/><TEST DATE="2004-08-19" ITERATIONS="3" PLATFORM="win32" RESULT="OK" RUN="00008"/><TEST DATE="2004-08-19" ITERATIONS="3" PLATFORM="win32" RESULT="OK" RUN="00007"/><TEST DATE="2004-08-19" ITERATIONS="3" PLATFORM="win32" RESULT="OK" RUN="00006"/><TEST DATE="2004-07-15" ITERATIONS="3" PLATFORM="win32" RESULT="OK" RUN="00005"/><TEST DATE="2004-06-05" ITERATIONS="3" PLATFORM="win32" RESULT="OK" RUN="00004"/><TEST DATE="2004-06-03" ITERATIONS="1" PLATFORM="win32" RESULT="OK" RUN="00003"/><TEST DATE="2004-06-03" ITERATIONS="1" PLATFORM="win32" RESULT="OK" RUN="00002"/></FILE><FILE directory="modules" name="tree7.py"><TEST DATE="2004-08-21" ITERATIONS="3" PLATFORM="linux2" RESULT="OK" RUN="00013"/><TEST DATE="2004-08-21" ITERATIONS="3" PLATFORM="win32" RESULT="OK" RUN="00012"/><TEST DATE="2004-08-20" ITERATIONS="3" PLATFORM="win32" RESULT="OK" RUN="00011"/><TEST DATE="2004-08-20" ITERATIONS="3" PLATFORM="win32" RESULT="OK" RUN="00010"/><TEST DATE="2004-08-19" ITERATIONS="3" PLATFORM="win32" RESULT="OK" RUN="00009"/><TEST DATE="2004-08-19" ITERATIONS="3" PLATFORM="win32" RESULT="OK" RUN="00008"/><TEST DATE="2004-08-19" ITERATIONS="3" PLATFORM="win32" RESULT="OK" RUN="00007"/><TEST DATE="2004-08-19" ITERATIONS="3" PLATFORM="win32" RESULT="OK" RUN="00006"/><TEST DATE="2004-07-15" ITERATIONS="3" PLATFORM="win32" RESULT="OK" RUN="00005"/><TEST DATE="2004-06-05" ITERATIONS="3" PLATFORM="win32" RESULT="OK" RUN="00004"/><TEST DATE="2004-06-03" ITERATIONS="1" PLATFORM="win32" RESULT="OK" RUN="00003"/><TEST DATE="2004-06-03" ITERATIONS="1" PLATFORM="win32" RESULT="OK" RUN="00002"/></FILE><FILE directory="modules" name="tree8.py"><TEST DATE="2004-08-21" ITERATIONS="3" PLATFORM="linux2" RESULT="changed" RUN="00013"/><TEST DATE="2004-08-21" ITERATIONS="3" PLATFORM="win32" RESULT="OK" RUN="00012"/><TEST DATE="2004-08-20" ITERATIONS="3" PLATFORM="win32" RESULT="OK" RUN="00011"/><TEST DATE="2004-08-20" ITERATIONS="3" PLATFORM="win32" RESULT="OK" RUN="00010"/><TEST DATE="2004-08-19" ITERATIONS="3" PLATFORM="win32" RESULT="OK" RUN="00009"/><TEST DATE="2004-08-19" ITERATIONS="3" PLATFORM="win32" RESULT="OK" RUN="00008"/><TEST DATE="2004-08-19" ITERATIONS="3" PLATFORM="win32" RESULT="OK" RUN="00007"/><TEST DATE="2004-08-19" ITERATIONS="3" PLATFORM="win32" RESULT="OK" RUN="00006"/><TEST DATE="2004-07-15" ITERATIONS="3" PLATFORM="win32" RESULT="OK" RUN="00005"/><TEST DATE="2004-06-05" ITERATIONS="3" PLATFORM="win32" RESULT="OK" RUN="00004"/><TEST DATE="2004-06-03" ITERATIONS="1" PLATFORM="win32" RESULT="OK" RUN="00003"/><TEST DATE="2004-06-03" ITERATIONS="1" PLATFORM="win32" RESULT="OK" RUN="00002"/></FILE><FILE directory="modules" name="tree9.py"><TEST DATE="2004-08-21" ITERATIONS="3" PLATFORM="linux2" RESULT="OK" RUN="00013"/><TEST DATE="2004-08-21" ITERATIONS="3" PLATFORM="win32" RESULT="OK" RUN="00012"/><TEST DATE="2004-08-20" ITERATIONS="3" PLATFORM="win32" RESULT="OK" RUN="00011"/><TEST DATE="2004-08-20" ITERATIONS="3" PLATFORM="win32" RESULT="OK" RUN="00010"/><TEST DATE="2004-08-19" ITERATIONS="3" PLATFORM="win32" RESULT="OK" RUN="00009"/><TEST DATE="2004-08-19" ITERATIONS="3" PLATFORM="win32" RESULT="OK" RUN="00008"/><TEST DATE="2004-08-19" ITERATIONS="3" PLATFORM="win32" RESULT="OK" RUN="00007"/><TEST DATE="2004-08-19" ITERATIONS="3" PLATFORM="win32" RESULT="OK" RUN="00006"/><TEST DATE="2004-07-15" ITERATIONS="3" PLATFORM="win32" RESULT="OK" RUN="00005"/><TEST DATE="2004-06-05" ITERATIONS="3" PLATFORM="win32" RESULT="OK" RUN="00004"/><TEST DATE="2004-06-03" ITERATIONS="1" PLATFORM="win32" RESULT="OK" RUN="00003"/><TEST DATE="2004-06-03" ITERATIONS="1" PLATFORM="win32" RESULT="OK" RUN="00002"/></FILE><FILE directory="ofb" name="accuracy.py"><TEST DATE="2004-08-21" ITERATIONS="3" PLATFORM="linux2" RESULT="OK" RUN="00013"/><TEST DATE="2004-08-21" ITERATIONS="3" PLATFORM="win32" RESULT="OK" RUN="00012"/><TEST DATE="2004-08-20" ITERATIONS="3" PLATFORM="win32" RESULT="OK" RUN="00011"/><TEST DATE="2004-08-20" ITERATIONS="3" PLATFORM="win32" RESULT="OK" RUN="00010"/><TEST DATE="2004-08-19" ITERATIONS="3" PLATFORM="win32" RESULT="OK" RUN="00009"/><TEST DATE="2004-08-19" ITERATIONS="3" PLATFORM="win32" RESULT="OK" RUN="00008"/><TEST DATE="2004-08-19" ITERATIONS="3" PLATFORM="win32" RESULT="OK" RUN="00007"/><TEST DATE="2004-08-19" ITERATIONS="3" PLATFORM="win32" RESULT="OK" RUN="00006"/><TEST DATE="2004-07-15" ITERATIONS="3" PLATFORM="win32" RESULT="OK" RUN="00005"/><TEST DATE="2004-06-05" ITERATIONS="3" PLATFORM="win32" RESULT="OK" RUN="00004"/><TEST DATE="2004-06-03" ITERATIONS="1" PLATFORM="win32" RESULT="OK" RUN="00003"/><TEST DATE="2004-06-03" ITERATIONS="1" PLATFORM="win32" RESULT="OK" RUN="00002"/></FILE><FILE directory="ofb" name="accuracy2.py"><TEST DATE="2004-08-21" ITERATIONS="3" PLATFORM="linux2" RESULT="OK" RUN="00013"/><TEST DATE="2004-08-21" ITERATIONS="3" PLATFORM="win32" RESULT="OK" RUN="00012"/><TEST DATE="2004-08-20" ITERATIONS="3" PLATFORM="win32" RESULT="OK" RUN="00011"/><TEST DATE="2004-08-20" ITERATIONS="3" PLATFORM="win32" RESULT="OK" RUN="00010"/><TEST DATE="2004-08-19" ITERATIONS="3" PLATFORM="win32" RESULT="OK" RUN="00009"/><TEST DATE="2004-08-19" ITERATIONS="3" PLATFORM="win32" RESULT="OK" RUN="00008"/><TEST DATE="2004-08-19" ITERATIONS="3" PLATFORM="win32" RESULT="OK" RUN="00007"/><TEST DATE="2004-08-19" ITERATIONS="3" PLATFORM="win32" RESULT="OK" RUN="00006"/><TEST DATE="2004-07-15" ITERATIONS="3" PLATFORM="win32" RESULT="OK" RUN="00005"/><TEST DATE="2004-06-05" ITERATIONS="3" PLATFORM="win32" RESULT="OK" RUN="00004"/><TEST DATE="2004-06-03" ITERATIONS="1" PLATFORM="win32" RESULT="OK" RUN="00003"/><TEST DATE="2004-06-03" ITERATIONS="1" PLATFORM="win32" RESULT="OK" RUN="00002"/></FILE><FILE directory="ofb" name="accuracy3.py"><TEST DATE="2004-08-21" ITERATIONS="3" PLATFORM="linux2" RESULT="OK" RUN="00013"/><TEST DATE="2004-08-21" ITERATIONS="3" PLATFORM="win32" RESULT="OK" RUN="00012"/><TEST DATE="2004-08-20" ITERATIONS="3" PLATFORM="win32" RESULT="OK" RUN="00011"/><TEST DATE="2004-08-20" ITERATIONS="3" PLATFORM="win32" RESULT="OK" RUN="00010"/><TEST DATE="2004-08-19" ITERATIONS="3" PLATFORM="win32" RESULT="OK" RUN="00009"/><TEST DATE="2004-08-19" ITERATIONS="3" PLATFORM="win32" RESULT="OK" RUN="00008"/><TEST DATE="2004-08-19" ITERATIONS="3" PLATFORM="win32" RESULT="OK" RUN="00007"/><TEST DATE="2004-08-19" ITERATIONS="3" PLATFORM="win32" RESULT="OK" RUN="00006"/><TEST DATE="2004-07-15" ITERATIONS="3" PLATFORM="win32" RESULT="OK" RUN="00005"/><TEST DATE="2004-06-05" ITERATIONS="3" PLATFORM="win32" RESULT="OK" RUN="00004"/><TEST DATE="2004-06-03" ITERATIONS="1" PLATFORM="win32" RESULT="OK" RUN="00003"/><TEST DATE="2004-06-03" ITERATIONS="1" PLATFORM="win32" RESULT="OK" RUN="00002"/></FILE><FILE directory="ofb" name="accuracy4.py"><TEST DATE="2004-08-21" ITERATIONS="3" PLATFORM="linux2" RESULT="OK" RUN="00013"/><TEST DATE="2004-08-21" ITERATIONS="3" PLATFORM="win32" RESULT="OK" RUN="00012"/><TEST DATE="2004-08-20" ITERATIONS="3" PLATFORM="win32" RESULT="OK" RUN="00011"/><TEST DATE="2004-08-20" ITERATIONS="3" PLATFORM="win32" RESULT="OK" RUN="00010"/><TEST DATE="2004-08-19" ITERATIONS="3" PLATFORM="win32" RESULT="OK" RUN="00009"/><TEST DATE="2004-08-19" ITERATIONS="3" PLATFORM="win32" RESULT="OK" RUN="00008"/><TEST DATE="2004-08-19" ITERATIONS="3" PLATFORM="win32" RESULT="OK" RUN="00007"/><TEST DATE="2004-08-19" ITERATIONS="3" PLATFORM="win32" RESULT="OK" RUN="00006"/><TEST DATE="2004-07-15" ITERATIONS="3" PLATFORM="win32" RESULT="OK" RUN="00005"/><TEST DATE="2004-06-05" ITERATIONS="3" PLATFORM="win32" RESULT="OK" RUN="00004"/><TEST DATE="2004-06-03" ITERATIONS="1" PLATFORM="win32" RESULT="OK" RUN="00003"/><TEST DATE="2004-06-03" ITERATIONS="1" PLATFORM="win32" RESULT="OK" RUN="00002"/></FILE><FILE directory="ofb" name="accuracy5.py"><TEST DATE="2004-08-21" ITERATIONS="3" PLATFORM="linux2" RESULT="OK" RUN="00013"/><TEST DATE="2004-08-21" ITERATIONS="3" PLATFORM="win32" RESULT="OK" RUN="00012"/><TEST DATE="2004-08-20" ITERATIONS="3" PLATFORM="win32" RESULT="OK" RUN="00011"/><TEST DATE="2004-08-20" ITERATIONS="3" PLATFORM="win32" RESULT="OK" RUN="00010"/><TEST DATE="2004-08-19" ITERATIONS="3" PLATFORM="win32" RESULT="OK" RUN="00009"/><TEST DATE="2004-08-19" ITERATIONS="3" PLATFORM="win32" RESULT="OK" RUN="00008"/><TEST DATE="2004-08-19" ITERATIONS="3" PLATFORM="win32" RESULT="OK" RUN="00007"/><TEST DATE="2004-08-19" ITERATIONS="3" PLATFORM="win32" RESULT="OK" RUN="00006"/><TEST DATE="2004-07-15" ITERATIONS="3" PLATFORM="win32" RESULT="OK" RUN="00005"/><TEST DATE="2004-06-05" ITERATIONS="3" PLATFORM="win32" RESULT="OK" RUN="00004"/><TEST DATE="2004-06-03" ITERATIONS="1" PLATFORM="win32" RESULT="OK" RUN="00003"/><TEST DATE="2004-06-03" ITERATIONS="1" PLATFORM="win32" RESULT="OK" RUN="00002"/></FILE><FILE directory="ofb" name="accuracy6.py"><TEST DATE="2004-08-21" ITERATIONS="3" PLATFORM="linux2" RESULT="OK" RUN="00013"/><TEST DATE="2004-08-21" ITERATIONS="3" PLATFORM="win32" RESULT="OK" RUN="00012"/><TEST DATE="2004-08-20" ITERATIONS="3" PLATFORM="win32" RESULT="OK" RUN="00011"/><TEST DATE="2004-08-20" ITERATIONS="3" PLATFORM="win32" RESULT="OK" RUN="00010"/><TEST DATE="2004-08-19" ITERATIONS="3" PLATFORM="win32" RESULT="OK" RUN="00009"/><TEST DATE="2004-08-19" ITERATIONS="3" PLATFORM="win32" RESULT="OK" RUN="00008"/><TEST DATE="2004-08-19" ITERATIONS="3" PLATFORM="win32" RESULT="OK" RUN="00007"/><TEST DATE="2004-08-19" ITERATIONS="3" PLATFORM="win32" RESULT="OK" RUN="00006"/><TEST DATE="2004-07-15" ITERATIONS="3" PLATFORM="win32" RESULT="OK" RUN="00005"/><TEST DATE="2004-06-05" ITERATIONS="3" PLATFORM="win32" RESULT="OK" RUN="00004"/><TEST DATE="2004-06-03" ITERATIONS="1" PLATFORM="win32" RESULT="OK" RUN="00003"/><TEST DATE="2004-06-03" ITERATIONS="1" PLATFORM="win32" RESULT="OK" RUN="00002"/></FILE><FILE directory="ofb" name="accuracy7.py"><TEST DATE="2004-08-21" ITERATIONS="3" PLATFORM="linux2" RESULT="OK" RUN="00013"/><TEST DATE="2004-08-21" ITERATIONS="3" PLATFORM="win32" RESULT="OK" RUN="00012"/><TEST DATE="2004-08-20" ITERATIONS="3" PLATFORM="win32" RESULT="OK" RUN="00011"/><TEST DATE="2004-08-20" ITERATIONS="3" PLATFORM="win32" RESULT="OK" RUN="00010"/><TEST DATE="2004-08-19" ITERATIONS="3" PLATFORM="win32" RESULT="OK" RUN="00009"/><TEST DATE="2004-08-19" ITERATIONS="3" PLATFORM="win32" RESULT="OK" RUN="00008"/><TEST DATE="2004-08-19" ITERATIONS="3" PLATFORM="win32" RESULT="OK" RUN="00007"/><TEST DATE="2004-08-19" ITERATIONS="3" PLATFORM="win32" RESULT="OK" RUN="00006"/><TEST DATE="2004-07-15" ITERATIONS="3" PLATFORM="win32" RESULT="OK" RUN="00005"/><TEST DATE="2004-06-05" ITERATIONS="3" PLATFORM="win32" RESULT="OK" RUN="00004"/><TEST DATE="2004-06-03" ITERATIONS="1" PLATFORM="win32" RESULT="OK" RUN="00003"/><TEST DATE="2004-06-03" ITERATIONS="1" PLATFORM="win32" RESULT="OK" RUN="00002"/></FILE><FILE directory="ofb" name="assoc1.py"><TEST DATE="2004-08-21" ITERATIONS="3" PLATFORM="linux2" RESULT="OK" RUN="00013"/><TEST DATE="2004-08-21" ITERATIONS="3" PLATFORM="win32" RESULT="OK" RUN="00012"/><TEST DATE="2004-08-20" ITERATIONS="3" PLATFORM="win32" RESULT="OK" RUN="00011"/><TEST DATE="2004-08-20" ITERATIONS="3" PLATFORM="win32" RESULT="OK" RUN="00010"/><TEST DATE="2004-08-19" ITERATIONS="3" PLATFORM="win32" RESULT="OK" RUN="00009"/><TEST DATE="2004-08-19" ITERATIONS="3" PLATFORM="win32" RESULT="OK" RUN="00008"/><TEST DATE="2004-08-19" ITERATIONS="3" PLATFORM="win32" RESULT="OK" RUN="00007"/><TEST DATE="2004-08-19" ITERATIONS="3" PLATFORM="win32" RESULT="OK" RUN="00006"/><TEST DATE="2004-07-15" ITERATIONS="3" PLATFORM="win32" RESULT="OK" RUN="00005"/><TEST DATE="2004-06-05" ITERATIONS="3" PLATFORM="win32" RESULT="OK" RUN="00004"/><TEST DATE="2004-06-03" ITERATIONS="1" PLATFORM="win32" RESULT="OK" RUN="00003"/><TEST DATE="2004-06-03" ITERATIONS="1" PLATFORM="win32" RESULT="OK" RUN="00002"/></FILE><FILE directory="ofb" name="assoc2.py"><TEST DATE="2004-08-21" ITERATIONS="3" PLATFORM="linux2" RESULT="OK" RUN="00013"/><TEST DATE="2004-08-21" ITERATIONS="3" PLATFORM="win32" RESULT="OK" RUN="00012"/><TEST DATE="2004-08-20" ITERATIONS="3" PLATFORM="win32" RESULT="OK" RUN="00011"/><TEST DATE="2004-08-20" ITERATIONS="3" PLATFORM="win32" RESULT="OK" RUN="00010"/><TEST DATE="2004-08-19" ITERATIONS="3" PLATFORM="win32" RESULT="OK" RUN="00009"/><TEST DATE="2004-08-19" ITERATIONS="3" PLATFORM="win32" RESULT="OK" RUN="00008"/><TEST DATE="2004-08-19" ITERATIONS="3" PLATFORM="win32" RESULT="OK" RUN="00007"/><TEST DATE="2004-08-19" ITERATIONS="3" PLATFORM="win32" RESULT="OK" RUN="00006"/><TEST DATE="2004-07-15" ITERATIONS="3" PLATFORM="win32" RESULT="OK" RUN="00005"/><TEST DATE="2004-06-05" ITERATIONS="3" PLATFORM="win32" RESULT="OK" RUN="00004"/><TEST DATE="2004-06-03" ITERATIONS="1" PLATFORM="win32" RESULT="OK" RUN="00003"/><TEST DATE="2004-06-03" ITERATIONS="1" PLATFORM="win32" RESULT="OK" RUN="00002"/></FILE><FILE directory="ofb" name="assoc3.py"><TEST DATE="2004-08-21" ITERATIONS="3" PLATFORM="linux2" RESULT="OK" RUN="00013"/><TEST DATE="2004-08-21" ITERATIONS="3" PLATFORM="win32" RESULT="OK" RUN="00012"/><TEST DATE="2004-08-20" ITERATIONS="3" PLATFORM="win32" RESULT="OK" RUN="00011"/><TEST DATE="2004-08-20" ITERATIONS="3" PLATFORM="win32" RESULT="OK" RUN="00010"/><TEST DATE="2004-08-19" ITERATIONS="3" PLATFORM="win32" RESULT="OK" RUN="00009"/><TEST DATE="2004-08-19" ITERATIONS="3" PLATFORM="win32" RESULT="OK" RUN="00008"/><TEST DATE="2004-08-19" ITERATIONS="3" PLATFORM="win32" RESULT="OK" RUN="00007"/><TEST DATE="2004-08-19" ITERATIONS="3" PLATFORM="win32" RESULT="OK" RUN="00006"/><TEST DATE="2004-07-15" ITERATIONS="3" PLATFORM="win32" RESULT="OK" RUN="00005"/><TEST DATE="2004-06-05" ITERATIONS="3" PLATFORM="win32" RESULT="OK" RUN="00004"/><TEST DATE="2004-06-03" ITERATIONS="1" PLATFORM="win32" RESULT="OK" RUN="00003"/><TEST DATE="2004-06-03" ITERATIONS="1" PLATFORM="win32" RESULT="OK" RUN="00002"/></FILE><FILE directory="ofb" name="bagging.py"><TEST DATE="2004-08-21" ITERATIONS="3" PLATFORM="linux2" RESULT="OK" RUN="00013"/><TEST DATE="2004-08-21" ITERATIONS="3" PLATFORM="win32" RESULT="OK" RUN="00012"/><TEST DATE="2004-08-20" ITERATIONS="3" PLATFORM="win32" RESULT="OK" RUN="00011"/><TEST DATE="2004-08-20" ITERATIONS="3" PLATFORM="win32" RESULT="OK" RUN="00010"/><TEST DATE="2004-08-19" ITERATIONS="3" PLATFORM="win32" RESULT="OK" RUN="00009"/><TEST DATE="2004-08-19" ITERATIONS="3" PLATFORM="win32" RESULT="OK" RUN="00008"/><TEST DATE="2004-08-19" ITERATIONS="3" PLATFORM="win32" RESULT="OK" RUN="00007"/><TEST DATE="2004-08-19" ITERATIONS="3" PLATFORM="win32" RESULT="OK" RUN="00006"/><TEST DATE="2004-07-15" ITERATIONS="3" PLATFORM="win32" RESULT="OK" RUN="00005"/><TEST DATE="2004-06-05" ITERATIONS="3" PLATFORM="win32" RESULT="OK" RUN="00004"/><TEST DATE="2004-06-03" ITERATIONS="1" PLATFORM="win32" RESULT="OK" RUN="00003"/><TEST DATE="2004-06-03" ITERATIONS="1" PLATFORM="win32" RESULT="OK" RUN="00002"/></FILE><FILE directory="ofb" name="bagging_test.py"><TEST DATE="2004-08-21" ITERATIONS="3" PLATFORM="linux2" RESULT="changed" RUN="00013"/><TEST DATE="2004-08-21" ITERATIONS="3" PLATFORM="win32" RESULT="OK" RUN="00012"/><TEST DATE="2004-08-20" ITERATIONS="3" PLATFORM="win32" RESULT="OK" RUN="00011"/><TEST DATE="2004-08-20" ITERATIONS="3" PLATFORM="win32" RESULT="OK" RUN="00010"/><TEST DATE="2004-08-19" ITERATIONS="3" PLATFORM="win32" RESULT="OK" RUN="00009"/><TEST DATE="2004-08-19" ITERATIONS="3" PLATFORM="win32" RESULT="OK" RUN="00008"/><TEST DATE="2004-08-19" ITERATIONS="3" PLATFORM="win32" RESULT="OK" RUN="00007"/><TEST DATE="2004-08-19" ITERATIONS="3" PLATFORM="win32" RESULT="OK" RUN="00006"/><TEST DATE="2004-07-15" ITERATIONS="3" PLATFORM="win32" RESULT="OK" RUN="00005"/><TEST DATE="2004-06-05" ITERATIONS="3" PLATFORM="win32" RESULT="OK" RUN="00004"/><TEST DATE="2004-06-03" ITERATIONS="1" PLATFORM="win32" RESULT="OK" RUN="00003"/><TEST DATE="2004-06-03" ITERATIONS="1" PLATFORM="win32" RESULT="OK" RUN="00002"/></FILE><FILE directory="ofb" name="bayes.py"><TEST DATE="2004-08-21" ITERATIONS="3" PLATFORM="linux2" RESULT="OK" RUN="00013"/><TEST DATE="2004-08-21" ITERATIONS="3" PLATFORM="win32" RESULT="OK" RUN="00012"/><TEST DATE="2004-08-20" ITERATIONS="3" PLATFORM="win32" RESULT="OK" RUN="00011"/><TEST DATE="2004-08-20" ITERATIONS="3" PLATFORM="win32" RESULT="OK" RUN="00010"/><TEST DATE="2004-08-19" ITERATIONS="3" PLATFORM="win32" RESULT="OK" RUN="00009"/><TEST DATE="2004-08-19" ITERATIONS="3" PLATFORM="win32" RESULT="OK" RUN="00008"/><TEST DATE="2004-08-19" ITERATIONS="3" PLATFORM="win32" RESULT="OK" RUN="00007"/><TEST DATE="2004-08-19" ITERATIONS="3" PLATFORM="win32" RESULT="OK" RUN="00006"/><TEST DATE="2004-07-15" ITERATIONS="3" PLATFORM="win32" RESULT="OK" RUN="00005"/><TEST DATE="2004-06-05" ITERATIONS="3" PLATFORM="win32" RESULT="OK" RUN="00004"/><TEST DATE="2004-06-03" ITERATIONS="1" PLATFORM="win32" RESULT="OK" RUN="00003"/><TEST DATE="2004-06-03" ITERATIONS="1" PLATFORM="win32" RESULT="OK" RUN="00002"/></FILE><FILE directory="ofb" name="bayes_test.py"><TEST DATE="2004-08-21" ITERATIONS="3" PLATFORM="linux2" RESULT="OK" RUN="00013"/><TEST DATE="2004-08-21" ITERATIONS="3" PLATFORM="win32" RESULT="OK" RUN="00012"/><TEST DATE="2004-08-20" ITERATIONS="3" PLATFORM="win32" RESULT="OK" RUN="00011"/><TEST DATE="2004-08-20" ITERATIONS="3" PLATFORM="win32" RESULT="OK" RUN="00010"/><TEST DATE="2004-08-19" ITERATIONS="3" PLATFORM="win32" RESULT="OK" RUN="00009"/><TEST DATE="2004-08-19" ITERATIONS="3" PLATFORM="win32" RESULT="OK" RUN="00008"/><TEST DATE="2004-08-19" ITERATIONS="3" PLATFORM="win32" RESULT="OK" RUN="00007"/><TEST DATE="2004-08-19" ITERATIONS="3" PLATFORM="win32" RESULT="OK" RUN="00006"/><TEST DATE="2004-07-15" ITERATIONS="3" PLATFORM="win32" RESULT="OK" RUN="00005"/><TEST DATE="2004-06-05" ITERATIONS="3" PLATFORM="win32" RESULT="OK" RUN="00004"/><TEST DATE="2004-06-03" ITERATIONS="1" PLATFORM="win32" RESULT="OK" RUN="00003"/><TEST DATE="2004-06-03" ITERATIONS="1" PLATFORM="win32" RESULT="OK" RUN="00002"/></FILE><FILE directory="ofb" name="classifier.py"><TEST DATE="2004-08-21" ITERATIONS="3" PLATFORM="linux2" RESULT="OK" RUN="00013"/><TEST DATE="2004-08-21" ITERATIONS="3" PLATFORM="win32" RESULT="OK" RUN="00012"/><TEST DATE="2004-08-20" ITERATIONS="3" PLATFORM="win32" RESULT="OK" RUN="00011"/><TEST DATE="2004-08-20" ITERATIONS="3" PLATFORM="win32" RESULT="OK" RUN="00010"/><TEST DATE="2004-08-19" ITERATIONS="3" PLATFORM="win32" RESULT="OK" RUN="00009"/><TEST DATE="2004-08-19" ITERATIONS="3" PLATFORM="win32" RESULT="OK" RUN="00008"/><TEST DATE="2004-08-19" ITERATIONS="3" PLATFORM="win32" RESULT="OK" RUN="00007"/><TEST DATE="2004-08-19" ITERATIONS="3" PLATFORM="win32" RESULT="OK" RUN="00006"/><TEST DATE="2004-07-15" ITERATIONS="3" PLATFORM="win32" RESULT="OK" RUN="00005"/><TEST DATE="2004-06-05" ITERATIONS="3" PLATFORM="win32" RESULT="OK" RUN="00004"/><TEST DATE="2004-06-03" ITERATIONS="1" PLATFORM="win32" RESULT="OK" RUN="00003"/><TEST DATE="2004-06-03" ITERATIONS="1" PLATFORM="win32" RESULT="OK" RUN="00002"/></FILE><FILE directory="ofb" name="classifier2.py"><TEST DATE="2004-08-21" ITERATIONS="3" PLATFORM="linux2" RESULT="OK" RUN="00013"/><TEST DATE="2004-08-21" ITERATIONS="3" PLATFORM="win32" RESULT="OK" RUN="00012"/><TEST DATE="2004-08-20" ITERATIONS="3" PLATFORM="win32" RESULT="OK" RUN="00011"/><TEST DATE="2004-08-20" ITERATIONS="3" PLATFORM="win32" RESULT="OK" RUN="00010"/><TEST DATE="2004-08-19" ITERATIONS="3" PLATFORM="win32" RESULT="OK" RUN="00009"/><TEST DATE="2004-08-19" ITERATIONS="3" PLATFORM="win32" RESULT="OK" RUN="00008"/><TEST DATE="2004-08-19" ITERATIONS="3" PLATFORM="win32" RESULT="OK" RUN="00007"/><TEST DATE="2004-08-19" ITERATIONS="3" PLATFORM="win32" RESULT="OK" RUN="00006"/><TEST DATE="2004-07-15" ITERATIONS="3" PLATFORM="win32" RESULT="OK" RUN="00005"/><TEST DATE="2004-06-05" ITERATIONS="3" PLATFORM="win32" RESULT="OK" RUN="00004"/><TEST DATE="2004-06-03" ITERATIONS="1" PLATFORM="win32" RESULT="OK" RUN="00003"/><TEST DATE="2004-06-03" ITERATIONS="1" PLATFORM="win32" RESULT="OK" RUN="00002"/></FILE><FILE directory="ofb" name="data_characteristics.py"><TEST DATE="2004-08-21" ITERATIONS="3" PLATFORM="linux2" RESULT="OK" RUN="00013"/><TEST DATE="2004-08-21" ITERATIONS="3" PLATFORM="win32" RESULT="OK" RUN="00012"/><TEST DATE="2004-08-20" ITERATIONS="3" PLATFORM="win32" RESULT="OK" RUN="00011"/><TEST DATE="2004-08-20" ITERATIONS="3" PLATFORM="win32" RESULT="OK" RUN="00010"/><TEST DATE="2004-08-19" ITERATIONS="3" PLATFORM="win32" RESULT="OK" RUN="00009"/><TEST DATE="2004-08-19" ITERATIONS="3" PLATFORM="win32" RESULT="OK" RUN="00008"/><TEST DATE="2004-08-19" ITERATIONS="3" PLATFORM="win32" RESULT="OK" RUN="00007"/><TEST DATE="2004-08-19" ITERATIONS="3" PLATFORM="win32" RESULT="OK" RUN="00006"/><TEST DATE="2004-07-15" ITERATIONS="3" PLATFORM="win32" RESULT="OK" RUN="00005"/><TEST DATE="2004-06-05" ITERATIONS="3" PLATFORM="win32" RESULT="OK" RUN="00004"/><TEST DATE="2004-06-03" ITERATIONS="1" PLATFORM="win32" RESULT="OK" RUN="00003"/><TEST DATE="2004-06-03" ITERATIONS="1" PLATFORM="win32" RESULT="OK" RUN="00002"/></FILE><FILE directory="ofb" name="data_characteristics2.py"><TEST DATE="2004-08-21" ITERATIONS="3" PLATFORM="linux2" RESULT="OK" RUN="00013"/><TEST DATE="2004-08-21" ITERATIONS="3" PLATFORM="win32" RESULT="OK" RUN="00012"/><TEST DATE="2004-08-20" ITERATIONS="3" PLATFORM="win32" RESULT="OK" RUN="00011"/><TEST DATE="2004-08-20" ITERATIONS="3" PLATFORM="win32" RESULT="OK" RUN="00010"/><TEST DATE="2004-08-19" ITERATIONS="3" PLATFORM="win32" RESULT="OK" RUN="00009"/><TEST DATE="2004-08-19" ITERATIONS="3" PLATFORM="win32" RESULT="OK" RUN="00008"/><TEST DATE="2004-08-19" ITERATIONS="3" PLATFORM="win32" RESULT="OK" RUN="00007"/><TEST DATE="2004-08-19" ITERATIONS="3" PLATFORM="win32" RESULT="OK" RUN="00006"/><TEST DATE="2004-07-15" ITERATIONS="3" PLATFORM="win32" RESULT="OK" RUN="00005"/><TEST DATE="2004-06-05" ITERATIONS="3" PLATFORM="win32" RESULT="OK" RUN="00004"/><TEST DATE="2004-06-03" ITERATIONS="1" PLATFORM="win32" RESULT="OK" RUN="00003"/><TEST DATE="2004-06-03" ITERATIONS="1" PLATFORM="win32" RESULT="OK" RUN="00002"/></FILE><FILE directory="ofb" name="data_characteristics3.py"><TEST DATE="2004-08-21" ITERATIONS="3" PLATFORM="linux2" RESULT="OK" RUN="00013"/><TEST DATE="2004-08-21" ITERATIONS="3" PLATFORM="win32" RESULT="OK" RUN="00012"/><TEST DATE="2004-08-20" ITERATIONS="3" PLATFORM="win32" RESULT="OK" RUN="00011"/><TEST DATE="2004-08-20" ITERATIONS="3" PLATFORM="win32" RESULT="OK" RUN="00010"/><TEST DATE="2004-08-19" ITERATIONS="3" PLATFORM="win32" RESULT="OK" RUN="00009"/><TEST DATE="2004-08-19" ITERATIONS="3" PLATFORM="win32" RESULT="OK" RUN="00008"/><TEST DATE="2004-08-19" ITERATIONS="3" PLATFORM="win32" RESULT="OK" RUN="00007"/><TEST DATE="2004-08-19" ITERATIONS="3" PLATFORM="win32" RESULT="OK" RUN="00006"/><TEST DATE="2004-07-15" ITERATIONS="3" PLATFORM="win32" RESULT="OK" RUN="00005"/><TEST DATE="2004-06-05" ITERATIONS="3" PLATFORM="win32" RESULT="OK" RUN="00004"/><TEST DATE="2004-06-03" ITERATIONS="1" PLATFORM="win32" RESULT="OK" RUN="00003"/><TEST DATE="2004-06-03" ITERATIONS="1" PLATFORM="win32" RESULT="OK" RUN="00002"/></FILE><FILE directory="ofb" name="data_characteristics4.py"><TEST DATE="2004-08-21" ITERATIONS="3" PLATFORM="linux2" RESULT="changed" RUN="00013"/><TEST DATE="2004-08-21" ITERATIONS="3" PLATFORM="win32" RESULT="OK" RUN="00012"/><TEST DATE="2004-08-20" ITERATIONS="3" PLATFORM="win32" RESULT="OK" RUN="00011"/><TEST DATE="2004-08-20" ITERATIONS="3" PLATFORM="win32" RESULT="OK" RUN="00010"/><TEST DATE="2004-08-19" ITERATIONS="3" PLATFORM="win32" RESULT="OK" RUN="00009"/><TEST DATE="2004-08-19" ITERATIONS="3" PLATFORM="win32" RESULT="OK" RUN="00008"/><TEST DATE="2004-08-19" ITERATIONS="3" PLATFORM="win32" RESULT="OK" RUN="00007"/><TEST DATE="2004-08-19" ITERATIONS="3" PLATFORM="win32" RESULT="OK" RUN="00006"/><TEST DATE="2004-07-15" ITERATIONS="3" PLATFORM="win32" RESULT="OK" RUN="00005"/><TEST DATE="2004-06-05" ITERATIONS="3" PLATFORM="win32" RESULT="OK" RUN="00004"/><TEST DATE="2004-06-03" ITERATIONS="1" PLATFORM="win32" RESULT="OK" RUN="00003"/><TEST DATE="2004-06-03" ITERATIONS="1" PLATFORM="win32" RESULT="OK" RUN="00002"/></FILE><FILE directory="ofb" name="disc.py"><TEST DATE="2004-08-21" ITERATIONS="3" PLATFORM="linux2" RESULT="OK" RUN="00013"/><TEST DATE="2004-08-21" ITERATIONS="3" PLATFORM="win32" RESULT="OK" RUN="00012"/><TEST DATE="2004-08-20" ITERATIONS="3" PLATFORM="win32" RESULT="OK" RUN="00011"/><TEST DATE="2004-08-20" ITERATIONS="3" PLATFORM="win32" RESULT="OK" RUN="00010"/><TEST DATE="2004-08-19" ITERATIONS="3" PLATFORM="win32" RESULT="OK" RUN="00009"/><TEST DATE="2004-08-19" ITERATIONS="3" PLATFORM="win32" RESULT="OK" RUN="00008"/><TEST DATE="2004-08-19" ITERATIONS="3" PLATFORM="win32" RESULT="OK" RUN="00007"/><TEST DATE="2004-08-19" ITERATIONS="3" PLATFORM="win32" RESULT="OK" RUN="00006"/><TEST DATE="2004-07-15" ITERATIONS="3" PLATFORM="win32" RESULT="OK" RUN="00005"/><TEST DATE="2004-06-05" ITERATIONS="3" PLATFORM="win32" RESULT="OK" RUN="00004"/><TEST DATE="2004-06-03" ITERATIONS="1" PLATFORM="win32" RESULT="OK" RUN="00003"/><TEST DATE="2004-06-03" ITERATIONS="1" PLATFORM="win32" RESULT="OK" RUN="00002"/></FILE><FILE directory="ofb" name="disc1.py"><TEST DATE="2004-08-21" ITERATIONS="3" PLATFORM="linux2" RESULT="OK" RUN="00013"/><TEST DATE="2004-08-21" ITERATIONS="3" PLATFORM="win32" RESULT="OK" RUN="00012"/><TEST DATE="2004-08-20" ITERATIONS="3" PLATFORM="win32" RESULT="OK" RUN="00011"/><TEST DATE="2004-08-20" ITERATIONS="3" PLATFORM="win32" RESULT="OK" RUN="00010"/><TEST DATE="2004-08-19" ITERATIONS="3" PLATFORM="win32" RESULT="OK" RUN="00009"/><TEST DATE="2004-08-19" ITERATIONS="3" PLATFORM="win32" RESULT="OK" RUN="00008"/><TEST DATE="2004-08-19" ITERATIONS="3" PLATFORM="win32" RESULT="OK" RUN="00007"/><TEST DATE="2004-08-19" ITERATIONS="3" PLATFORM="win32" RESULT="OK" RUN="00006"/><TEST DATE="2004-07-15" ITERATIONS="3" PLATFORM="win32" RESULT="OK" RUN="00005"/><TEST DATE="2004-06-05" ITERATIONS="3" PLATFORM="win32" RESULT="OK" RUN="00004"/><TEST DATE="2004-06-03" ITERATIONS="1" PLATFORM="win32" RESULT="OK" RUN="00003"/><TEST DATE="2004-06-03" ITERATIONS="1" PLATFORM="win32" RESULT="OK" RUN="00002"/></FILE><FILE directory="ofb" name="disc2.py"><TEST DATE="2004-08-21" ITERATIONS="3" PLATFORM="linux2" RESULT="OK" RUN="00013"/><TEST DATE="2004-08-21" ITERATIONS="3" PLATFORM="win32" RESULT="OK" RUN="00012"/><TEST DATE="2004-08-20" ITERATIONS="3" PLATFORM="win32" RESULT="OK" RUN="00011"/><TEST DATE="2004-08-20" ITERATIONS="3" PLATFORM="win32" RESULT="OK" RUN="00010"/><TEST DATE="2004-08-19" ITERATIONS="3" PLATFORM="win32" RESULT="OK" RUN="00009"/><TEST DATE="2004-08-19" ITERATIONS="3" PLATFORM="win32" RESULT="OK" RUN="00008"/><TEST DATE="2004-08-19" ITERATIONS="3" PLATFORM="win32" RESULT="OK" RUN="00007"/><TEST DATE="2004-08-19" ITERATIONS="3" PLATFORM="win32" RESULT="OK" RUN="00006"/><TEST DATE="2004-07-15" ITERATIONS="3" PLATFORM="win32" RESULT="OK" RUN="00005"/><TEST DATE="2004-06-05" ITERATIONS="3" PLATFORM="win32" RESULT="OK" RUN="00004"/><TEST DATE="2004-06-03" ITERATIONS="1" PLATFORM="win32" RESULT="OK" RUN="00003"/><TEST DATE="2004-06-03" ITERATIONS="1" PLATFORM="win32" RESULT="OK" RUN="00002"/></FILE><FILE directory="ofb" name="disc3.py"><TEST DATE="2004-08-21" ITERATIONS="3" PLATFORM="linux2" RESULT="OK" RUN="00013"/><TEST DATE="2004-08-21" ITERATIONS="3" PLATFORM="win32" RESULT="OK" RUN="00012"/><TEST DATE="2004-08-20" ITERATIONS="3" PLATFORM="win32" RESULT="OK" RUN="00011"/><TEST DATE="2004-08-20" ITERATIONS="3" PLATFORM="win32" RESULT="OK" RUN="00010"/><TEST DATE="2004-08-19" ITERATIONS="3" PLATFORM="win32" RESULT="OK" RUN="00009"/><TEST DATE="2004-08-19" ITERATIONS="3" PLATFORM="win32" RESULT="OK" RUN="00008"/><TEST DATE="2004-08-19" ITERATIONS="3" PLATFORM="win32" RESULT="OK" RUN="00007"/><TEST DATE="2004-08-19" ITERATIONS="3" PLATFORM="win32" RESULT="OK" RUN="00006"/><TEST DATE="2004-07-15" ITERATIONS="3" PLATFORM="win32" RESULT="OK" RUN="00005"/><TEST DATE="2004-06-05" ITERATIONS="3" PLATFORM="win32" RESULT="OK" RUN="00004"/><TEST DATE="2004-06-03" ITERATIONS="1" PLATFORM="win32" RESULT="OK" RUN="00003"/><TEST DATE="2004-06-03" ITERATIONS="1" PLATFORM="win32" RESULT="OK" RUN="00002"/></FILE><FILE directory="ofb" name="disc4.py"><TEST DATE="2004-08-21" ITERATIONS="3" PLATFORM="linux2" RESULT="OK" RUN="00013"/><TEST DATE="2004-08-21" ITERATIONS="3" PLATFORM="win32" RESULT="OK" RUN="00012"/><TEST DATE="2004-08-20" ITERATIONS="3" PLATFORM="win32" RESULT="OK" RUN="00011"/><TEST DATE="2004-08-20" ITERATIONS="3" PLATFORM="win32" RESULT="OK" RUN="00010"/><TEST DATE="2004-08-19" ITERATIONS="3" PLATFORM="win32" RESULT="OK" RUN="00009"/><TEST DATE="2004-08-19" ITERATIONS="3" PLATFORM="win32" RESULT="OK" RUN="00008"/><TEST DATE="2004-08-19" ITERATIONS="3" PLATFORM="win32" RESULT="OK" RUN="00007"/><TEST DATE="2004-08-19" ITERATIONS="3" PLATFORM="win32" RESULT="OK" RUN="00006"/><TEST DATE="2004-07-15" ITERATIONS="3" PLATFORM="win32" RESULT="OK" RUN="00005"/><TEST DATE="2004-06-05" ITERATIONS="3" PLATFORM="win32" RESULT="OK" RUN="00004"/><TEST DATE="2004-06-03" ITERATIONS="1" PLATFORM="win32" RESULT="OK" RUN="00003"/><TEST DATE="2004-06-03" ITERATIONS="1" PLATFORM="win32" RESULT="OK" RUN="00002"/></FILE><FILE directory="ofb" name="disc5.py"><TEST DATE="2004-08-21" ITERATIONS="3" PLATFORM="linux2" RESULT="OK" RUN="00013"/><TEST DATE="2004-08-21" ITERATIONS="3" PLATFORM="win32" RESULT="OK" RUN="00012"/><TEST DATE="2004-08-20" ITERATIONS="3" PLATFORM="win32" RESULT="OK" RUN="00011"/><TEST DATE="2004-08-20" ITERATIONS="3" PLATFORM="win32" RESULT="OK" RUN="00010"/><TEST DATE="2004-08-19" ITERATIONS="3" PLATFORM="win32" RESULT="OK" RUN="00009"/><TEST DATE="2004-08-19" ITERATIONS="3" PLATFORM="win32" RESULT="OK" RUN="00008"/><TEST DATE="2004-08-19" ITERATIONS="3" PLATFORM="win32" RESULT="OK" RUN="00007"/><TEST DATE="2004-08-19" ITERATIONS="3" PLATFORM="win32" RESULT="OK" RUN="00006"/><TEST DATE="2004-07-15" ITERATIONS="3" PLATFORM="win32" RESULT="OK" RUN="00005"/><TEST DATE="2004-06-05" ITERATIONS="3" PLATFORM="win32" RESULT="OK" RUN="00004"/><TEST DATE="2004-06-03" ITERATIONS="1" PLATFORM="win32" RESULT="OK" RUN="00003"/><TEST DATE="2004-06-03" ITERATIONS="1" PLATFORM="win32" RESULT="OK" RUN="00002"/></FILE><FILE directory="ofb" name="disc6.py"><TEST DATE="2004-08-21" ITERATIONS="3" PLATFORM="linux2" RESULT="OK" RUN="00013"/><TEST DATE="2004-08-21" ITERATIONS="3" PLATFORM="win32" RESULT="OK" RUN="00012"/><TEST DATE="2004-08-20" ITERATIONS="3" PLATFORM="win32" RESULT="OK" RUN="00011"/><TEST DATE="2004-08-20" ITERATIONS="3" PLATFORM="win32" RESULT="OK" RUN="00010"/><TEST DATE="2004-08-19" ITERATIONS="3" PLATFORM="win32" RESULT="OK" RUN="00009"/><TEST DATE="2004-08-19" ITERATIONS="3" PLATFORM="win32" RESULT="OK" RUN="00008"/><TEST DATE="2004-08-19" ITERATIONS="3" PLATFORM="win32" RESULT="OK" RUN="00007"/><TEST DATE="2004-08-19" ITERATIONS="3" PLATFORM="win32" RESULT="OK" RUN="00006"/><TEST DATE="2004-07-15" ITERATIONS="3" PLATFORM="win32" RESULT="OK" RUN="00005"/><TEST DATE="2004-06-05" ITERATIONS="3" PLATFORM="win32" RESULT="OK" RUN="00004"/><TEST DATE="2004-06-03" ITERATIONS="1" PLATFORM="win32" RESULT="OK" RUN="00003"/><TEST DATE="2004-06-03" ITERATIONS="1" PLATFORM="win32" RESULT="OK" RUN="00002"/></FILE><FILE directory="ofb" name="domain1.py"><TEST DATE="2004-08-21" ITERATIONS="3" PLATFORM="linux2" RESULT="OK" RUN="00013"/><TEST DATE="2004-08-21" ITERATIONS="3" PLATFORM="win32" RESULT="OK" RUN="00012"/><TEST DATE="2004-08-20" ITERATIONS="3" PLATFORM="win32" RESULT="OK" RUN="00011"/><TEST DATE="2004-08-20" ITERATIONS="3" PLATFORM="win32" RESULT="OK" RUN="00010"/><TEST DATE="2004-08-19" ITERATIONS="3" PLATFORM="win32" RESULT="OK" RUN="00009"/><TEST DATE="2004-08-19" ITERATIONS="3" PLATFORM="win32" RESULT="OK" RUN="00008"/><TEST DATE="2004-08-19" ITERATIONS="3" PLATFORM="win32" RESULT="OK" RUN="00007"/><TEST DATE="2004-08-19" ITERATIONS="3" PLATFORM="win32" RESULT="OK" RUN="00006"/><TEST DATE="2004-07-15" ITERATIONS="3" PLATFORM="win32" RESULT="OK" RUN="00005"/><TEST DATE="2004-06-05" ITERATIONS="3" PLATFORM="win32" RESULT="OK" RUN="00004"/><TEST DATE="2004-06-03" ITERATIONS="1" PLATFORM="win32" RESULT="OK" RUN="00003"/><TEST DATE="2004-06-03" ITERATIONS="1" PLATFORM="win32" RESULT="OK" RUN="00002"/></FILE><FILE directory="ofb" name="domain10.py"><TEST DATE="2004-08-21" ITERATIONS="3" PLATFORM="linux2" RESULT="OK" RUN="00013"/><TEST DATE="2004-08-21" ITERATIONS="3" PLATFORM="win32" RESULT="OK" RUN="00012"/><TEST DATE="2004-08-20" ITERATIONS="3" PLATFORM="win32" RESULT="OK" RUN="00011"/><TEST DATE="2004-08-20" ITERATIONS="3" PLATFORM="win32" RESULT="OK" RUN="00010"/><TEST DATE="2004-08-19" ITERATIONS="3" PLATFORM="win32" RESULT="OK" RUN="00009"/><TEST DATE="2004-08-19" ITERATIONS="3" PLATFORM="win32" RESULT="OK" RUN="00008"/><TEST DATE="2004-08-19" ITERATIONS="3" PLATFORM="win32" RESULT="OK" RUN="00007"/><TEST DATE="2004-08-19" ITERATIONS="3" PLATFORM="win32" RESULT="OK" RUN="00006"/><TEST DATE="2004-07-15" ITERATIONS="3" PLATFORM="win32" RESULT="OK" RUN="00005"/><TEST DATE="2004-06-05" ITERATIONS="3" PLATFORM="win32" RESULT="OK" RUN="00004"/><TEST DATE="2004-06-03" ITERATIONS="1" PLATFORM="win32" RESULT="OK" RUN="00003"/><TEST DATE="2004-06-03" ITERATIONS="1" PLATFORM="win32" RESULT="OK" RUN="00002"/></FILE><FILE directory="ofb" name="domain11.py"><TEST DATE="2004-08-21" ITERATIONS="3" PLATFORM="linux2" RESULT="OK" RUN="00013"/><TEST DATE="2004-08-21" ITERATIONS="3" PLATFORM="win32" RESULT="OK" RUN="00012"/><TEST DATE="2004-08-20" ITERATIONS="3" PLATFORM="win32" RESULT="OK" RUN="00011"/><TEST DATE="2004-08-20" ITERATIONS="3" PLATFORM="win32" RESULT="OK" RUN="00010"/><TEST DATE="2004-08-19" ITERATIONS="3" PLATFORM="win32" RESULT="OK" RUN="00009"/><TEST DATE="2004-08-19" ITERATIONS="3" PLATFORM="win32" RESULT="OK" RUN="00008"/><TEST DATE="2004-08-19" ITERATIONS="3" PLATFORM="win32" RESULT="OK" RUN="00007"/><TEST DATE="2004-08-19" ITERATIONS="3" PLATFORM="win32" RESULT="OK" RUN="00006"/><TEST DATE="2004-07-15" ITERATIONS="3" PLATFORM="win32" RESULT="OK" RUN="00005"/><TEST DATE="2004-06-05" ITERATIONS="3" PLATFORM="win32" RESULT="OK" RUN="00004"/><TEST DATE="2004-06-03" ITERATIONS="1" PLATFORM="win32" RESULT="OK" RUN="00003"/><TEST DATE="2004-06-03" ITERATIONS="1" PLATFORM="win32" RESULT="OK" RUN="00002"/></FILE><FILE directory="ofb" name="domain12.py"><TEST DATE="2004-08-21" ITERATIONS="3" PLATFORM="linux2" RESULT="OK" RUN="00013"/><TEST DATE="2004-08-21" ITERATIONS="3" PLATFORM="win32" RESULT="OK" RUN="00012"/><TEST DATE="2004-08-20" ITERATIONS="3" PLATFORM="win32" RESULT="OK" RUN="00011"/><TEST DATE="2004-08-20" ITERATIONS="3" PLATFORM="win32" RESULT="OK" RUN="00010"/><TEST DATE="2004-08-19" ITERATIONS="3" PLATFORM="win32" RESULT="OK" RUN="00009"/><TEST DATE="2004-08-19" ITERATIONS="3" PLATFORM="win32" RESULT="OK" RUN="00008"/><TEST DATE="2004-08-19" ITERATIONS="3" PLATFORM="win32" RESULT="OK" RUN="00007"/><TEST DATE="2004-08-19" ITERATIONS="3" PLATFORM="win32" RESULT="OK" RUN="00006"/><TEST DATE="2004-07-15" ITERATIONS="3" PLATFORM="win32" RESULT="OK" RUN="00005"/><TEST DATE="2004-06-05" ITERATIONS="3" PLATFORM="win32" RESULT="OK" RUN="00004"/><TEST DATE="2004-06-03" ITERATIONS="1" PLATFORM="win32" RESULT="OK" RUN="00003"/><TEST DATE="2004-06-03" ITERATIONS="1" PLATFORM="win32" RESULT="OK" RUN="00002"/></FILE><FILE directory="ofb" name="domain13.py"><TEST DATE="2004-08-21" ITERATIONS="3" PLATFORM="linux2" RESULT="OK" RUN="00013"/><TEST DATE="2004-08-21" ITERATIONS="3" PLATFORM="win32" RESULT="OK" RUN="00012"/><TEST DATE="2004-08-20" ITERATIONS="3" PLATFORM="win32" RESULT="OK" RUN="00011"/><TEST DATE="2004-08-20" ITERATIONS="3" PLATFORM="win32" RESULT="OK" RUN="00010"/><TEST DATE="2004-08-19" ITERATIONS="3" PLATFORM="win32" RESULT="OK" RUN="00009"/><TEST DATE="2004-08-19" ITERATIONS="3" PLATFORM="win32" RESULT="OK" RUN="00008"/><TEST DATE="2004-08-19" ITERATIONS="3" PLATFORM="win32" RESULT="OK" RUN="00007"/><TEST DATE="2004-08-19" ITERATIONS="3" PLATFORM="win32" RESULT="OK" RUN="00006"/><TEST DATE="2004-07-15" ITERATIONS="3" PLATFORM="win32" RESULT="OK" RUN="00005"/><TEST DATE="2004-06-05" ITERATIONS="3" PLATFORM="win32" RESULT="OK" RUN="00004"/><TEST DATE="2004-06-03" ITERATIONS="1" PLATFORM="win32" RESULT="OK" RUN="00003"/><TEST DATE="2004-06-03" ITERATIONS="1" PLATFORM="win32" RESULT="OK" RUN="00002"/></FILE><FILE directory="ofb" name="domain2.py"><TEST DATE="2004-08-21" ITERATIONS="3" PLATFORM="linux2" RESULT="OK" RUN="00013"/><TEST DATE="2004-08-21" ITERATIONS="3" PLATFORM="win32" RESULT="OK" RUN="00012"/><TEST DATE="2004-08-20" ITERATIONS="3" PLATFORM="win32" RESULT="OK" RUN="00011"/><TEST DATE="2004-08-20" ITERATIONS="3" PLATFORM="win32" RESULT="OK" RUN="00010"/><TEST DATE="2004-08-19" ITERATIONS="3" PLATFORM="win32" RESULT="OK" RUN="00009"/><TEST DATE="2004-08-19" ITERATIONS="3" PLATFORM="win32" RESULT="OK" RUN="00008"/><TEST DATE="2004-08-19" ITERATIONS="3" PLATFORM="win32" RESULT="OK" RUN="00007"/><TEST DATE="2004-08-19" ITERATIONS="3" PLATFORM="win32" RESULT="OK" RUN="00006"/><TEST DATE="2004-07-15" ITERATIONS="3" PLATFORM="win32" RESULT="OK" RUN="00005"/><TEST DATE="2004-06-05" ITERATIONS="3" PLATFORM="win32" RESULT="OK" RUN="00004"/><TEST DATE="2004-06-03" ITERATIONS="1" PLATFORM="win32" RESULT="OK" RUN="00003"/><TEST DATE="2004-06-03" ITERATIONS="1" PLATFORM="win32" RESULT="OK" RUN="00002"/></FILE><FILE directory="ofb" name="domain3.py"><TEST DATE="2004-08-21" ITERATIONS="3" PLATFORM="linux2" RESULT="OK" RUN="00013"/><TEST DATE="2004-08-21" ITERATIONS="3" PLATFORM="win32" RESULT="OK" RUN="00012"/><TEST DATE="2004-08-20" ITERATIONS="3" PLATFORM="win32" RESULT="OK" RUN="00011"/><TEST DATE="2004-08-20" ITERATIONS="3" PLATFORM="win32" RESULT="OK" RUN="00010"/><TEST DATE="2004-08-19" ITERATIONS="3" PLATFORM="win32" RESULT="OK" RUN="00009"/><TEST DATE="2004-08-19" ITERATIONS="3" PLATFORM="win32" RESULT="OK" RUN="00008"/><TEST DATE="2004-08-19" ITERATIONS="3" PLATFORM="win32" RESULT="OK" RUN="00007"/><TEST DATE="2004-08-19" ITERATIONS="3" PLATFORM="win32" RESULT="OK" RUN="00006"/><TEST DATE="2004-07-15" ITERATIONS="3" PLATFORM="win32" RESULT="OK" RUN="00005"/><TEST DATE="2004-06-05" ITERATIONS="3" PLATFORM="win32" RESULT="OK" RUN="00004"/><TEST DATE="2004-06-03" ITERATIONS="1" PLATFORM="win32" RESULT="OK" RUN="00003"/><TEST DATE="2004-06-03" ITERATIONS="1" PLATFORM="win32" RESULT="OK" RUN="00002"/></FILE><FILE directory="ofb" name="domain4.py"><TEST DATE="2004-08-21" ITERATIONS="3" PLATFORM="linux2" RESULT="OK" RUN="00013"/><TEST DATE="2004-08-21" ITERATIONS="3" PLATFORM="win32" RESULT="OK" RUN="00012"/><TEST DATE="2004-08-20" ITERATIONS="3" PLATFORM="win32" RESULT="OK" RUN="00011"/><TEST DATE="2004-08-20" ITERATIONS="3" PLATFORM="win32" RESULT="OK" RUN="00010"/><TEST DATE="2004-08-19" ITERATIONS="3" PLATFORM="win32" RESULT="OK" RUN="00009"/><TEST DATE="2004-08-19" ITERATIONS="3" PLATFORM="win32" RESULT="OK" RUN="00008"/><TEST DATE="2004-08-19" ITERATIONS="3" PLATFORM="win32" RESULT="OK" RUN="00007"/><TEST DATE="2004-08-19" ITERATIONS="3" PLATFORM="win32" RESULT="OK" RUN="00006"/><TEST DATE="2004-07-15" ITERATIONS="3" PLATFORM="win32" RESULT="OK" RUN="00005"/><TEST DATE="2004-06-05" ITERATIONS="3" PLATFORM="win32" RESULT="OK" RUN="00004"/><TEST DATE="2004-06-03" ITERATIONS="1" PLATFORM="win32" RESULT="OK" RUN="00003"/><TEST DATE="2004-06-03" ITERATIONS="1" PLATFORM="win32" RESULT="OK" RUN="00002"/></FILE><FILE directory="ofb" name="domain5.py"><TEST DATE="2004-08-21" ITERATIONS="3" PLATFORM="linux2" RESULT="OK" RUN="00013"/><TEST DATE="2004-08-21" ITERATIONS="3" PLATFORM="win32" RESULT="OK" RUN="00012"/><TEST DATE="2004-08-20" ITERATIONS="3" PLATFORM="win32" RESULT="OK" RUN="00011"/><TEST DATE="2004-08-20" ITERATIONS="3" PLATFORM="win32" RESULT="OK" RUN="00010"/><TEST DATE="2004-08-19" ITERATIONS="3" PLATFORM="win32" RESULT="OK" RUN="00009"/><TEST DATE="2004-08-19" ITERATIONS="3" PLATFORM="win32" RESULT="OK" RUN="00008"/><TEST DATE="2004-08-19" ITERATIONS="3" PLATFORM="win32" RESULT="OK" RUN="00007"/><TEST DATE="2004-08-19" ITERATIONS="3" PLATFORM="win32" RESULT="OK" RUN="00006"/><TEST DATE="2004-07-15" ITERATIONS="3" PLATFORM="win32" RESULT="OK" RUN="00005"/><TEST DATE="2004-06-05" ITERATIONS="3" PLATFORM="win32" RESULT="OK" RUN="00004"/><TEST DATE="2004-06-03" ITERATIONS="1" PLATFORM="win32" RESULT="OK" RUN="00003"/><TEST DATE="2004-06-03" ITERATIONS="1" PLATFORM="win32" RESULT="OK" RUN="00002"/></FILE><FILE directory="ofb" name="domain6.py"><TEST DATE="2004-08-21" ITERATIONS="3" PLATFORM="linux2" RESULT="OK" RUN="00013"/><TEST DATE="2004-08-21" ITERATIONS="3" PLATFORM="win32" RESULT="OK" RUN="00012"/><TEST DATE="2004-08-20" ITERATIONS="3" PLATFORM="win32" RESULT="OK" RUN="00011"/><TEST DATE="2004-08-20" ITERATIONS="3" PLATFORM="win32" RESULT="OK" RUN="00010"/><TEST DATE="2004-08-19" ITERATIONS="3" PLATFORM="win32" RESULT="OK" RUN="00009"/><TEST DATE="2004-08-19" ITERATIONS="3" PLATFORM="win32" RESULT="OK" RUN="00008"/><TEST DATE="2004-08-19" ITERATIONS="3" PLATFORM="win32" RESULT="OK" RUN="00007"/><TEST DATE="2004-08-19" ITERATIONS="3" PLATFORM="win32" RESULT="OK" RUN="00006"/><TEST DATE="2004-07-15" ITERATIONS="3" PLATFORM="win32" RESULT="OK" RUN="00005"/><TEST DATE="2004-06-05" ITERATIONS="3" PLATFORM="win32" RESULT="OK" RUN="00004"/><TEST DATE="2004-06-03" ITERATIONS="1" PLATFORM="win32" RESULT="OK" RUN="00003"/><TEST DATE="2004-06-03" ITERATIONS="1" PLATFORM="win32" RESULT="OK" RUN="00002"/></FILE><FILE directory="ofb" name="domain7.py"><TEST DATE="2004-08-21" ITERATIONS="3" PLATFORM="linux2" RESULT="OK" RUN="00013"/><TEST DATE="2004-08-21" ITERATIONS="3" PLATFORM="win32" RESULT="OK" RUN="00012"/><TEST DATE="2004-08-20" ITERATIONS="3" PLATFORM="win32" RESULT="OK" RUN="00011"/><TEST DATE="2004-08-20" ITERATIONS="3" PLATFORM="win32" RESULT="OK" RUN="00010"/><TEST DATE="2004-08-19" ITERATIONS="3" PLATFORM="win32" RESULT="OK" RUN="00009"/><TEST DATE="2004-08-19" ITERATIONS="3" PLATFORM="win32" RESULT="OK" RUN="00008"/><TEST DATE="2004-08-19" ITERATIONS="3" PLATFORM="win32" RESULT="OK" RUN="00007"/><TEST DATE="2004-08-19" ITERATIONS="3" PLATFORM="win32" RESULT="OK" RUN="00006"/><TEST DATE="2004-07-15" ITERATIONS="3" PLATFORM="win32" RESULT="OK" RUN="00005"/><TEST DATE="2004-06-05" ITERATIONS="3" PLATFORM="win32" RESULT="OK" RUN="00004"/><TEST DATE="2004-06-03" ITERATIONS="1" PLATFORM="win32" RESULT="OK" RUN="00003"/><TEST DATE="2004-06-03" ITERATIONS="1" PLATFORM="win32" RESULT="OK" RUN="00002"/></FILE><FILE directory="ofb" name="domain8.py"><TEST DATE="2004-08-21" ITERATIONS="3" PLATFORM="linux2" RESULT="OK" RUN="00013"/><TEST DATE="2004-08-21" ITERATIONS="3" PLATFORM="win32" RESULT="OK" RUN="00012"/><TEST DATE="2004-08-20" ITERATIONS="3" PLATFORM="win32" RESULT="OK" RUN="00011"/><TEST DATE="2004-08-20" ITERATIONS="3" PLATFORM="win32" RESULT="OK" RUN="00010"/><TEST DATE="2004-08-19" ITERATIONS="3" PLATFORM="win32" RESULT="OK" RUN="00009"/><TEST DATE="2004-08-19" ITERATIONS="3" PLATFORM="win32" RESULT="OK" RUN="00008"/><TEST DATE="2004-08-19" ITERATIONS="3" PLATFORM="win32" RESULT="OK" RUN="00007"/><TEST DATE="2004-08-19" ITERATIONS="3" PLATFORM="win32" RESULT="OK" RUN="00006"/><TEST DATE="2004-07-15" ITERATIONS="3" PLATFORM="win32" RESULT="OK" RUN="00005"/><TEST DATE="2004-06-05" ITERATIONS="3" PLATFORM="win32" RESULT="OK" RUN="00004"/><TEST DATE="2004-06-03" ITERATIONS="1" PLATFORM="win32" RESULT="OK" RUN="00003"/><TEST DATE="2004-06-03" ITERATIONS="1" PLATFORM="win32" RESULT="OK" RUN="00002"/></FILE><FILE directory="ofb" name="domain9.py"><TEST DATE="2004-08-21" ITERATIONS="3" PLATFORM="linux2" RESULT="OK" RUN="00013"/><TEST DATE="2004-08-21" ITERATIONS="3" PLATFORM="win32" RESULT="OK" RUN="00012"/><TEST DATE="2004-08-20" ITERATIONS="3" PLATFORM="win32" RESULT="OK" RUN="00011"/><TEST DATE="2004-08-20" ITERATIONS="3" PLATFORM="win32" RESULT="OK" RUN="00010"/><TEST DATE="2004-08-19" ITERATIONS="3" PLATFORM="win32" RESULT="OK" RUN="00009"/><TEST DATE="2004-08-19" ITERATIONS="3" PLATFORM="win32" RESULT="OK" RUN="00008"/><TEST DATE="2004-08-19" ITERATIONS="3" PLATFORM="win32" RESULT="OK" RUN="00007"/><TEST DATE="2004-08-19" ITERATIONS="3" PLATFORM="win32" RESULT="OK" RUN="00006"/><TEST DATE="2004-07-15" ITERATIONS="3" PLATFORM="win32" RESULT="OK" RUN="00005"/><TEST DATE="2004-06-05" ITERATIONS="3" PLATFORM="win32" RESULT="OK" RUN="00004"/><TEST DATE="2004-06-03" ITERATIONS="1" PLATFORM="win32" RESULT="OK" RUN="00003"/><TEST DATE="2004-06-03" ITERATIONS="1" PLATFORM="win32" RESULT="OK" RUN="00002"/></FILE><FILE directory="ofb" name="ensemble2.py"><TEST DATE="2004-08-21" ITERATIONS="3" PLATFORM="linux2" RESULT="OK" RUN="00013"/><TEST DATE="2004-08-21" ITERATIONS="3" PLATFORM="win32" RESULT="OK" RUN="00012"/><TEST DATE="2004-08-20" ITERATIONS="3" PLATFORM="win32" RESULT="OK" RUN="00011"/><TEST DATE="2004-08-20" ITERATIONS="3" PLATFORM="win32" RESULT="OK" RUN="00010"/><TEST DATE="2004-08-19" ITERATIONS="3" PLATFORM="win32" RESULT="OK" RUN="00009"/><TEST DATE="2004-08-19" ITERATIONS="3" PLATFORM="win32" RESULT="OK" RUN="00008"/><TEST DATE="2004-08-19" ITERATIONS="3" PLATFORM="win32" RESULT="OK" RUN="00007"/><TEST DATE="2004-08-19" ITERATIONS="3" PLATFORM="win32" RESULT="OK" RUN="00006"/><TEST DATE="2004-07-15" ITERATIONS="3" PLATFORM="win32" RESULT="OK" RUN="00005"/><TEST DATE="2004-06-05" ITERATIONS="3" PLATFORM="win32" RESULT="OK" RUN="00004"/><TEST DATE="2004-06-03" ITERATIONS="1" PLATFORM="win32" RESULT="OK" RUN="00003"/><TEST DATE="2004-06-03" ITERATIONS="1" PLATFORM="win32" RESULT="OK" RUN="00002"/></FILE><FILE directory="ofb" name="ensemble3.py"><TEST DATE="2004-08-21" ITERATIONS="3" PLATFORM="linux2" RESULT="OK" RUN="00013"/><TEST DATE="2004-08-21" ITERATIONS="3" PLATFORM="win32" RESULT="OK" RUN="00012"/><TEST DATE="2004-08-20" ITERATIONS="3" PLATFORM="win32" RESULT="OK" RUN="00011"/><TEST DATE="2004-08-20" ITERATIONS="3" PLATFORM="win32" RESULT="OK" RUN="00010"/><TEST DATE="2004-08-19" ITERATIONS="3" PLATFORM="win32" RESULT="OK" RUN="00009"/><TEST DATE="2004-08-19" ITERATIONS="3" PLATFORM="win32" RESULT="OK" RUN="00008"/><TEST DATE="2004-08-19" ITERATIONS="3" PLATFORM="win32" RESULT="OK" RUN="00007"/><TEST DATE="2004-08-19" ITERATIONS="3" PLATFORM="win32" RESULT="OK" RUN="00006"/><TEST DATE="2004-07-15" ITERATIONS="3" PLATFORM="win32" RESULT="OK" RUN="00005"/><TEST DATE="2004-06-05" ITERATIONS="3" PLATFORM="win32" RESULT="OK" RUN="00004"/><TEST DATE="2004-06-03" ITERATIONS="1" PLATFORM="win32" RESULT="OK" RUN="00003"/><TEST DATE="2004-06-03" ITERATIONS="1" PLATFORM="win32" RESULT="OK" RUN="00002"/></FILE><FILE directory="ofb" name="handful.py"><TEST DATE="2004-08-21" ITERATIONS="3" PLATFORM="linux2" RESULT="OK" RUN="00013"/><TEST DATE="2004-08-21" ITERATIONS="3" PLATFORM="win32" RESULT="OK" RUN="00012"/><TEST DATE="2004-08-20" ITERATIONS="3" PLATFORM="win32" RESULT="OK" RUN="00011"/><TEST DATE="2004-08-20" ITERATIONS="3" PLATFORM="win32" RESULT="OK" RUN="00010"/><TEST DATE="2004-08-19" ITERATIONS="3" PLATFORM="win32" RESULT="OK" RUN="00009"/><TEST DATE="2004-08-19" ITERATIONS="3" PLATFORM="win32" RESULT="OK" RUN="00008"/><TEST DATE="2004-08-19" ITERATIONS="3" PLATFORM="win32" RESULT="OK" RUN="00007"/><TEST DATE="2004-08-19" ITERATIONS="3" PLATFORM="win32" RESULT="OK" RUN="00006"/><TEST DATE="2004-07-15" ITERATIONS="3" PLATFORM="win32" RESULT="OK" RUN="00005"/><TEST DATE="2004-06-05" ITERATIONS="3" PLATFORM="win32" RESULT="OK" RUN="00004"/><TEST DATE="2004-06-03" ITERATIONS="1" PLATFORM="win32" RESULT="OK" RUN="00003"/><TEST DATE="2004-06-03" ITERATIONS="1" PLATFORM="win32" RESULT="OK" RUN="00002"/></FILE><FILE directory="ofb" name="lenses.py"><TEST DATE="2004-08-21" ITERATIONS="3" PLATFORM="linux2" RESULT="OK" RUN="00013"/><TEST DATE="2004-08-21" ITERATIONS="3" PLATFORM="win32" RESULT="OK" RUN="00012"/><TEST DATE="2004-08-20" ITERATIONS="3" PLATFORM="win32" RESULT="OK" RUN="00011"/><TEST DATE="2004-08-20" ITERATIONS="3" PLATFORM="win32" RESULT="OK" RUN="00010"/><TEST DATE="2004-08-19" ITERATIONS="3" PLATFORM="win32" RESULT="OK" RUN="00009"/><TEST DATE="2004-08-19" ITERATIONS="3" PLATFORM="win32" RESULT="OK" RUN="00008"/><TEST DATE="2004-08-19" ITERATIONS="3" PLATFORM="win32" RESULT="OK" RUN="00007"/><TEST DATE="2004-08-19" ITERATIONS="3" PLATFORM="win32" RESULT="OK" RUN="00006"/><TEST DATE="2004-07-15" ITERATIONS="3" PLATFORM="win32" RESULT="OK" RUN="00005"/><TEST DATE="2004-06-05" ITERATIONS="3" PLATFORM="win32" RESULT="OK" RUN="00004"/><TEST DATE="2004-06-03" ITERATIONS="1" PLATFORM="win32" RESULT="OK" RUN="00003"/><TEST DATE="2004-06-03" ITERATIONS="1" PLATFORM="win32" RESULT="OK" RUN="00002"/></FILE><FILE directory="ofb" name="nbdisc.py"><TEST DATE="2004-08-21" ITERATIONS="3" PLATFORM="linux2" RESULT="OK" RUN="00013"/><TEST DATE="2004-08-21" ITERATIONS="3" PLATFORM="win32" RESULT="OK" RUN="00012"/><TEST DATE="2004-08-20" ITERATIONS="3" PLATFORM="win32" RESULT="OK" RUN="00011"/><TEST DATE="2004-08-20" ITERATIONS="3" PLATFORM="win32" RESULT="OK" RUN="00010"/><TEST DATE="2004-08-19" ITERATIONS="3" PLATFORM="win32" RESULT="OK" RUN="00009"/><TEST DATE="2004-08-19" ITERATIONS="3" PLATFORM="win32" RESULT="OK" RUN="00008"/><TEST DATE="2004-08-19" ITERATIONS="3" PLATFORM="win32" RESULT="OK" RUN="00007"/><TEST DATE="2004-08-19" ITERATIONS="3" PLATFORM="win32" RESULT="OK" RUN="00006"/><TEST DATE="2004-07-15" ITERATIONS="3" PLATFORM="win32" RESULT="OK" RUN="00005"/><TEST DATE="2004-06-05" ITERATIONS="3" PLATFORM="win32" RESULT="OK" RUN="00004"/><TEST DATE="2004-06-03" ITERATIONS="1" PLATFORM="win32" RESULT="OK" RUN="00003"/><TEST DATE="2004-06-03" ITERATIONS="1" PLATFORM="win32" RESULT="OK" RUN="00002"/></FILE><FILE directory="ofb" name="nbdisc_test.py"><TEST DATE="2004-08-21" ITERATIONS="3" PLATFORM="linux2" RESULT="OK" RUN="00013"/><TEST DATE="2004-08-21" ITERATIONS="3" PLATFORM="win32" RESULT="OK" RUN="00012"/><TEST DATE="2004-08-20" ITERATIONS="3" PLATFORM="win32" RESULT="OK" RUN="00011"/><TEST DATE="2004-08-20" ITERATIONS="3" PLATFORM="win32" RESULT="OK" RUN="00010"/><TEST DATE="2004-08-19" ITERATIONS="3" PLATFORM="win32" RESULT="OK" RUN="00009"/><TEST DATE="2004-08-19" ITERATIONS="3" PLATFORM="win32" RESULT="OK" RUN="00008"/><TEST DATE="2004-08-19" ITERATIONS="3" PLATFORM="win32" RESULT="OK" RUN="00007"/><TEST DATE="2004-08-19" ITERATIONS="3" PLATFORM="win32" RESULT="OK" RUN="00006"/><TEST DATE="2004-07-15" ITERATIONS="3" PLATFORM="win32" RESULT="OK" RUN="00005"/><TEST DATE="2004-06-05" ITERATIONS="3" PLATFORM="win32" RESULT="OK" RUN="00004"/><TEST DATE="2004-06-03" ITERATIONS="1" PLATFORM="win32" RESULT="OK" RUN="00003"/><TEST DATE="2004-06-03" ITERATIONS="1" PLATFORM="win32" RESULT="OK" RUN="00002"/></FILE><FILE directory="ofb" name="regression1.py"><TEST DATE="2004-08-21" ITERATIONS="3" PLATFORM="linux2" RESULT="OK" RUN="00013"/><TEST DATE="2004-08-21" ITERATIONS="3" PLATFORM="win32" RESULT="OK" RUN="00012"/><TEST DATE="2004-08-20" ITERATIONS="3" PLATFORM="win32" RESULT="OK" RUN="00011"/><TEST DATE="2004-08-20" ITERATIONS="3" PLATFORM="win32" RESULT="OK" RUN="00010"/><TEST DATE="2004-08-19" ITERATIONS="3" PLATFORM="win32" RESULT="OK" RUN="00009"/><TEST DATE="2004-08-19" ITERATIONS="3" PLATFORM="win32" RESULT="OK" RUN="00008"/><TEST DATE="2004-08-19" ITERATIONS="3" PLATFORM="win32" RESULT="OK" RUN="00007"/><TEST DATE="2004-08-19" ITERATIONS="3" PLATFORM="win32" RESULT="OK" RUN="00006"/><TEST DATE="2004-07-15" ITERATIONS="3" PLATFORM="win32" RESULT="OK" RUN="00005"/><TEST DATE="2004-06-05" ITERATIONS="3" PLATFORM="win32" RESULT="OK" RUN="00004"/><TEST DATE="2004-06-03" ITERATIONS="1" PLATFORM="win32" RESULT="OK" RUN="00003"/><TEST DATE="2004-06-03" ITERATIONS="1" PLATFORM="win32" RESULT="OK" RUN="00002"/></FILE><FILE directory="ofb" name="regression2.py"><TEST DATE="2004-08-21" ITERATIONS="3" PLATFORM="linux2" RESULT="OK" RUN="00013"/><TEST DATE="2004-08-21" ITERATIONS="3" PLATFORM="win32" RESULT="OK" RUN="00012"/><TEST DATE="2004-08-20" ITERATIONS="3" PLATFORM="win32" RESULT="OK" RUN="00011"/><TEST DATE="2004-08-20" ITERATIONS="3" PLATFORM="win32" RESULT="OK" RUN="00010"/><TEST DATE="2004-08-19" ITERATIONS="3" PLATFORM="win32" RESULT="OK" RUN="00009"/><TEST DATE="2004-08-19" ITERATIONS="3" PLATFORM="win32" RESULT="OK" RUN="00008"/><TEST DATE="2004-08-19" ITERATIONS="3" PLATFORM="win32" RESULT="OK" RUN="00007"/><TEST DATE="2004-08-19" ITERATIONS="3" PLATFORM="win32" RESULT="OK" RUN="00006"/><TEST DATE="2004-07-15" ITERATIONS="3" PLATFORM="win32" RESULT="OK" RUN="00005"/><TEST DATE="2004-06-05" ITERATIONS="3" PLATFORM="win32" RESULT="OK" RUN="00004"/><TEST DATE="2004-06-03" ITERATIONS="1" PLATFORM="win32" RESULT="OK" RUN="00003"/><TEST DATE="2004-06-03" ITERATIONS="1" PLATFORM="win32" RESULT="OK" RUN="00002"/></FILE><FILE directory="ofb" name="regression3.py"><TEST DATE="2004-08-21" ITERATIONS="3" PLATFORM="linux2" RESULT="OK" RUN="00013"/><TEST DATE="2004-08-21" ITERATIONS="3" PLATFORM="win32" RESULT="OK" RUN="00012"/><TEST DATE="2004-08-20" ITERATIONS="3" PLATFORM="win32" RESULT="OK" RUN="00011"/><TEST DATE="2004-08-20" ITERATIONS="3" PLATFORM="win32" RESULT="OK" RUN="00010"/><TEST DATE="2004-08-19" ITERATIONS="3" PLATFORM="win32" RESULT="OK" RUN="00009"/><TEST DATE="2004-08-19" ITERATIONS="3" PLATFORM="win32" RESULT="OK" RUN="00008"/><TEST DATE="2004-08-19" ITERATIONS="3" PLATFORM="win32" RESULT="OK" RUN="00007"/><TEST DATE="2004-08-19" ITERATIONS="3" PLATFORM="win32" RESULT="OK" RUN="00006"/><TEST DATE="2004-07-15" ITERATIONS="3" PLATFORM="win32" RESULT="OK" RUN="00005"/><TEST DATE="2004-06-05" ITERATIONS="3" PLATFORM="win32" RESULT="OK" RUN="00004"/><TEST DATE="2004-06-03" ITERATIONS="1" PLATFORM="win32" RESULT="OK" RUN="00003"/><TEST DATE="2004-06-03" ITERATIONS="1" PLATFORM="win32" RESULT="OK" RUN="00002"/></FILE><FILE directory="ofb" name="report_missing.py"><TEST DATE="2004-08-21" ITERATIONS="3" PLATFORM="linux2" RESULT="OK" RUN="00013"/><TEST DATE="2004-08-21" ITERATIONS="3" PLATFORM="win32" RESULT="OK" RUN="00012"/><TEST DATE="2004-08-20" ITERATIONS="3" PLATFORM="win32" RESULT="OK" RUN="00011"/><TEST DATE="2004-08-20" ITERATIONS="3" PLATFORM="win32" RESULT="OK" RUN="00010"/><TEST DATE="2004-08-19" ITERATIONS="3" PLATFORM="win32" RESULT="OK" RUN="00009"/><TEST DATE="2004-08-19" ITERATIONS="3" PLATFORM="win32" RESULT="OK" RUN="00008"/><TEST DATE="2004-08-19" ITERATIONS="3" PLATFORM="win32" RESULT="OK" RUN="00007"/><TEST DATE="2004-08-19" ITERATIONS="3" PLATFORM="win32" RESULT="OK" RUN="00006"/><TEST DATE="2004-07-15" ITERATIONS="3" PLATFORM="win32" RESULT="OK" RUN="00005"/><TEST DATE="2004-06-05" ITERATIONS="3" PLATFORM="win32" RESULT="OK" RUN="00004"/><TEST DATE="2004-06-03" ITERATIONS="1" PLATFORM="win32" RESULT="OK" RUN="00003"/><TEST DATE="2004-06-03" ITERATIONS="1" PLATFORM="win32" RESULT="OK" RUN="00002"/></FILE><FILE directory="ofb" name="roc.py"><TEST DATE="2004-08-21" ITERATIONS="3" PLATFORM="linux2" RESULT="OK" RUN="00013"/><TEST DATE="2004-08-21" ITERATIONS="3" PLATFORM="win32" RESULT="OK" RUN="00012"/><TEST DATE="2004-08-20" ITERATIONS="3" PLATFORM="win32" RESULT="OK" RUN="00011"/><TEST DATE="2004-08-20" ITERATIONS="3" PLATFORM="win32" RESULT="OK" RUN="00010"/><TEST DATE="2004-08-19" ITERATIONS="3" PLATFORM="win32" RESULT="OK" RUN="00009"/><TEST DATE="2004-08-19" ITERATIONS="3" PLATFORM="win32" RESULT="OK" RUN="00008"/><TEST DATE="2004-08-19" ITERATIONS="3" PLATFORM="win32" RESULT="OK" RUN="00007"/><TEST DATE="2004-08-19" ITERATIONS="3" PLATFORM="win32" RESULT="OK" RUN="00006"/><TEST DATE="2004-07-15" ITERATIONS="3" PLATFORM="win32" RESULT="OK" RUN="00005"/><TEST DATE="2004-06-05" ITERATIONS="3" PLATFORM="win32" RESULT="OK" RUN="00004"/><TEST DATE="2004-06-03" ITERATIONS="1" PLATFORM="win32" RESULT="OK" RUN="00003"/><TEST DATE="2004-06-03" ITERATIONS="1" PLATFORM="win32" RESULT="OK" RUN="00002"/></FILE><FILE directory="ofb" name="sample_adult.py"><TEST DATE="2004-08-21" ITERATIONS="3" PLATFORM="linux2" RESULT="OK" RUN="00013"/><TEST DATE="2004-08-21" ITERATIONS="3" PLATFORM="win32" RESULT="OK" RUN="00012"/><TEST DATE="2004-08-20" ITERATIONS="3" PLATFORM="win32" RESULT="OK" RUN="00011"/><TEST DATE="2004-08-20" ITERATIONS="3" PLATFORM="win32" RESULT="OK" RUN="00010"/><TEST DATE="2004-08-19" ITERATIONS="3" PLATFORM="win32" RESULT="OK" RUN="00009"/><TEST DATE="2004-08-19" ITERATIONS="3" PLATFORM="win32" RESULT="OK" RUN="00008"/><TEST DATE="2004-08-19" ITERATIONS="3" PLATFORM="win32" RESULT="OK" RUN="00007"/><TEST DATE="2004-08-19" ITERATIONS="3" PLATFORM="win32" RESULT="OK" RUN="00006"/><TEST DATE="2004-07-15" ITERATIONS="3" PLATFORM="win32" RESULT="OK" RUN="00005"/><TEST DATE="2004-06-05" ITERATIONS="3" PLATFORM="win32" RESULT="OK" RUN="00004"/><TEST DATE="2004-06-03" ITERATIONS="1" PLATFORM="win32" RESULT="OK" RUN="00003"/><TEST DATE="2004-06-03" ITERATIONS="1" PLATFORM="win32" RESULT="OK" RUN="00002"/></FILE><FILE directory="ofb" name="tree.py"><TEST DATE="2004-08-21" ITERATIONS="3" PLATFORM="linux2" RESULT="OK" RUN="00013"/><TEST DATE="2004-08-21" ITERATIONS="3" PLATFORM="win32" RESULT="OK" RUN="00012"/><TEST DATE="2004-08-20" ITERATIONS="3" PLATFORM="win32" RESULT="OK" RUN="00011"/><TEST DATE="2004-08-20" ITERATIONS="3" PLATFORM="win32" RESULT="OK" RUN="00010"/><TEST DATE="2004-08-19" ITERATIONS="3" PLATFORM="win32" RESULT="OK" RUN="00009"/><TEST DATE="2004-08-19" ITERATIONS="3" PLATFORM="win32" RESULT="OK" RUN="00008"/><TEST DATE="2004-08-19" ITERATIONS="3" PLATFORM="win32" RESULT="OK" RUN="00007"/><TEST DATE="2004-08-19" ITERATIONS="3" PLATFORM="win32" RESULT="OK" RUN="00006"/><TEST DATE="2004-07-15" ITERATIONS="3" PLATFORM="win32" RESULT="OK" RUN="00005"/><TEST DATE="2004-06-05" ITERATIONS="3" PLATFORM="win32" RESULT="OK" RUN="00004"/><TEST DATE="2004-06-03" ITERATIONS="1" PLATFORM="win32" RESULT="OK" RUN="00003"/><TEST DATE="2004-06-03" ITERATIONS="1" PLATFORM="win32" RESULT="OK" RUN="00002"/></FILE><FILE directory="ofb" name="tree_print.py"><TEST DATE="2004-08-21" ITERATIONS="3" PLATFORM="linux2" RESULT="OK" RUN="00013"/><TEST DATE="2004-08-21" ITERATIONS="3" PLATFORM="win32" RESULT="OK" RUN="00012"/><TEST DATE="2004-08-20" ITERATIONS="3" PLATFORM="win32" RESULT="OK" RUN="00011"/><TEST DATE="2004-08-20" ITERATIONS="3" PLATFORM="win32" RESULT="OK" RUN="00010"/><TEST DATE="2004-08-19" ITERATIONS="3" PLATFORM="win32" RESULT="OK" RUN="00009"/><TEST DATE="2004-08-19" ITERATIONS="3" PLATFORM="win32" RESULT="OK" RUN="00008"/><TEST DATE="2004-08-19" ITERATIONS="3" PLATFORM="win32" RESULT="OK" RUN="00007"/><TEST DATE="2004-08-19" ITERATIONS="3" PLATFORM="win32" RESULT="OK" RUN="00006"/><TEST DATE="2004-07-15" ITERATIONS="3" PLATFORM="win32" RESULT="OK" RUN="00005"/><TEST DATE="2004-06-05" ITERATIONS="3" PLATFORM="win32" RESULT="OK" RUN="00004"/><TEST DATE="2004-06-03" ITERATIONS="1" PLATFORM="win32" RESULT="OK" RUN="00003"/><TEST DATE="2004-06-03" ITERATIONS="1" PLATFORM="win32" RESULT="OK" RUN="00002"/></FILE><FILE directory="reference" name="ClassifierByExampleTable.py"><TEST DATE="2004-08-21" ITERATIONS="3" PLATFORM="linux2" RESULT="OK" RUN="00013"/><TEST DATE="2004-08-21" ITERATIONS="3" PLATFORM="win32" RESULT="OK" RUN="00012"/><TEST DATE="2004-08-20" ITERATIONS="3" PLATFORM="win32" RESULT="OK" RUN="00011"/><TEST DATE="2004-08-20" ITERATIONS="3" PLATFORM="win32" RESULT="OK" RUN="00010"/><TEST DATE="2004-08-19" ITERATIONS="3" PLATFORM="win32" RESULT="OK" RUN="00009"/><TEST DATE="2004-08-19" ITERATIONS="3" PLATFORM="win32" RESULT="OK" RUN="00008"/><TEST DATE="2004-08-19" ITERATIONS="3" PLATFORM="win32" RESULT="OK" RUN="00007"/><TEST DATE="2004-08-19" ITERATIONS="3" PLATFORM="win32" RESULT="OK" RUN="00006"/><TEST DATE="2004-07-15" ITERATIONS="3" PLATFORM="win32" RESULT="OK" RUN="00005"/><TEST DATE="2004-06-05" ITERATIONS="3" PLATFORM="win32" RESULT="OK" RUN="00004"/><TEST DATE="2004-06-03" ITERATIONS="1" PLATFORM="win32" RESULT="OK" RUN="00003"/><TEST DATE="2004-06-03" ITERATIONS="1" PLATFORM="win32" RESULT="OK" RUN="00002"/></FILE><FILE directory="reference" name="ClassifierByLookupTable.py"><TEST DATE="2004-08-21" ITERATIONS="3" PLATFORM="linux2" RESULT="OK" RUN="00013"/><TEST DATE="2004-08-21" ITERATIONS="3" PLATFORM="win32" RESULT="OK" RUN="00012"/><TEST DATE="2004-08-20" ITERATIONS="3" PLATFORM="win32" RESULT="OK" RUN="00011"/><TEST DATE="2004-08-20" ITERATIONS="3" PLATFORM="win32" RESULT="OK" RUN="00010"/><TEST DATE="2004-08-19" ITERATIONS="3" PLATFORM="win32" RESULT="OK" RUN="00009"/><TEST DATE="2004-08-19" ITERATIONS="3" PLATFORM="win32" RESULT="OK" RUN="00008"/><TEST DATE="2004-08-19" ITERATIONS="3" PLATFORM="win32" RESULT="OK" RUN="00007"/><TEST DATE="2004-08-19" ITERATIONS="3" PLATFORM="win32" RESULT="OK" RUN="00006"/><TEST DATE="2004-07-15" ITERATIONS="3" PLATFORM="win32" RESULT="OK" RUN="00005"/><TEST DATE="2004-06-05" ITERATIONS="3" PLATFORM="win32" RESULT="OK" RUN="00004"/><TEST DATE="2004-06-03" ITERATIONS="1" PLATFORM="win32" RESULT="OK" RUN="00003"/><TEST DATE="2004-06-03" ITERATIONS="1" PLATFORM="win32" RESULT="OK" RUN="00002"/></FILE><FILE directory="reference" name="CostMatrix.py"><TEST DATE="2004-08-21" ITERATIONS="3" PLATFORM="linux2" RESULT="OK" RUN="00013"/><TEST DATE="2004-08-21" ITERATIONS="3" PLATFORM="win32" RESULT="OK" RUN="00012"/><TEST DATE="2004-08-20" ITERATIONS="3" PLATFORM="win32" RESULT="OK" RUN="00011"/><TEST DATE="2004-08-20" ITERATIONS="3" PLATFORM="win32" RESULT="OK" RUN="00010"/><TEST DATE="2004-08-19" ITERATIONS="3" PLATFORM="win32" RESULT="OK" RUN="00009"/><TEST DATE="2004-08-19" ITERATIONS="3" PLATFORM="win32" RESULT="OK" RUN="00008"/><TEST DATE="2004-08-19" ITERATIONS="3" PLATFORM="win32" RESULT="OK" RUN="00007"/><TEST DATE="2004-08-19" ITERATIONS="3" PLATFORM="win32" RESULT="OK" RUN="00006"/><TEST DATE="2004-07-15" ITERATIONS="3" PLATFORM="win32" RESULT="OK" RUN="00005"/><TEST DATE="2004-06-05" ITERATIONS="3" PLATFORM="win32" RESULT="OK" RUN="00004"/><TEST DATE="2004-06-03" ITERATIONS="1" PLATFORM="win32" RESULT="OK" RUN="00003"/><TEST DATE="2004-06-03" ITERATIONS="1" PLATFORM="win32" RESULT="OK" RUN="00002"/></FILE><FILE directory="reference" name="MeasureAttribute1.py"><TEST DATE="2004-08-21" ITERATIONS="3" PLATFORM="linux2" RESULT="OK" RUN="00013"/><TEST DATE="2004-08-21" ITERATIONS="3" PLATFORM="win32" RESULT="OK" RUN="00012"/><TEST DATE="2004-08-20" ITERATIONS="3" PLATFORM="win32" RESULT="OK" RUN="00011"/><TEST DATE="2004-08-20" ITERATIONS="3" PLATFORM="win32" RESULT="OK" RUN="00010"/><TEST DATE="2004-08-19" ITERATIONS="3" PLATFORM="win32" RESULT="OK" RUN="00009"/><TEST DATE="2004-08-19" ITERATIONS="3" PLATFORM="win32" RESULT="OK" RUN="00008"/><TEST DATE="2004-08-19" ITERATIONS="3" PLATFORM="win32" RESULT="OK" RUN="00007"/><TEST DATE="2004-08-19" ITERATIONS="3" PLATFORM="win32" RESULT="OK" RUN="00006"/><TEST DATE="2004-07-15" ITERATIONS="3" PLATFORM="win32" RESULT="OK" RUN="00005"/><TEST DATE="2004-06-05" ITERATIONS="3" PLATFORM="win32" RESULT="OK" RUN="00004"/><TEST DATE="2004-06-03" ITERATIONS="1" PLATFORM="win32" RESULT="OK" RUN="00003"/><TEST DATE="2004-06-03" ITERATIONS="1" PLATFORM="win32" RESULT="OK" RUN="00002"/></FILE><FILE directory="reference" name="MeasureAttribute1a.py"><TEST DATE="2004-08-21" ITERATIONS="3" PLATFORM="linux2" RESULT="OK" RUN="00013"/><TEST DATE="2004-08-21" ITERATIONS="3" PLATFORM="win32" RESULT="OK" RUN="00012"/><TEST DATE="2004-08-20" ITERATIONS="3" PLATFORM="win32" RESULT="OK" RUN="00011"/><TEST DATE="2004-08-20" ITERATIONS="3" PLATFORM="win32" RESULT="OK" RUN="00010"/><TEST DATE="2004-08-19" ITERATIONS="3" PLATFORM="win32" RESULT="OK" RUN="00009"/><TEST DATE="2004-08-19" ITERATIONS="3" PLATFORM="win32" RESULT="OK" RUN="00008"/><TEST DATE="2004-08-19" ITERATIONS="3" PLATFORM="win32" RESULT="OK" RUN="00007"/><TEST DATE="2004-08-19" ITERATIONS="3" PLATFORM="win32" RESULT="OK" RUN="00006"/><TEST DATE="2004-07-15" ITERATIONS="3" PLATFORM="win32" RESULT="OK" RUN="00005"/><TEST DATE="2004-06-05" ITERATIONS="3" PLATFORM="win32" RESULT="OK" RUN="00004"/><TEST DATE="2004-06-03" ITERATIONS="1" PLATFORM="win32" RESULT="OK" RUN="00003"/><TEST DATE="2004-06-03" ITERATIONS="1" PLATFORM="win32" RESULT="OK" RUN="00002"/></FILE><FILE directory="reference" name="MeasureAttribute1b.py"><TEST DATE="2004-08-21" ITERATIONS="3" PLATFORM="linux2" RESULT="OK" RUN="00013"/><TEST DATE="2004-08-21" ITERATIONS="3" PLATFORM="win32" RESULT="OK" RUN="00012"/><TEST DATE="2004-08-20" ITERATIONS="3" PLATFORM="win32" RESULT="OK" RUN="00011"/><TEST DATE="2004-08-20" ITERATIONS="3" PLATFORM="win32" RESULT="OK" RUN="00010"/><TEST DATE="2004-08-19" ITERATIONS="3" PLATFORM="win32" RESULT="OK" RUN="00009"/><TEST DATE="2004-08-19" ITERATIONS="3" PLATFORM="win32" RESULT="OK" RUN="00008"/><TEST DATE="2004-08-19" ITERATIONS="3" PLATFORM="win32" RESULT="OK" RUN="00007"/><TEST DATE="2004-08-19" ITERATIONS="3" PLATFORM="win32" RESULT="OK" RUN="00006"/><TEST DATE="2004-07-15" ITERATIONS="3" PLATFORM="win32" RESULT="OK" RUN="00005"/><TEST DATE="2004-06-05" ITERATIONS="3" PLATFORM="win32" RESULT="OK" RUN="00004"/><TEST DATE="2004-06-03" ITERATIONS="1" PLATFORM="win32" RESULT="OK" RUN="00003"/><TEST DATE="2004-06-03" ITERATIONS="1" PLATFORM="win32" RESULT="OK" RUN="00002"/></FILE><FILE directory="reference" name="MeasureAttribute2.py"><TEST DATE="2004-08-21" ITERATIONS="3" PLATFORM="linux2" RESULT="OK" RUN="00013"/><TEST DATE="2004-08-21" ITERATIONS="3" PLATFORM="win32" RESULT="OK" RUN="00012"/><TEST DATE="2004-08-20" ITERATIONS="3" PLATFORM="win32" RESULT="OK" RUN="00011"/><TEST DATE="2004-08-20" ITERATIONS="3" PLATFORM="win32" RESULT="OK" RUN="00010"/><TEST DATE="2004-08-19" ITERATIONS="3" PLATFORM="win32" RESULT="OK" RUN="00009"/><TEST DATE="2004-08-19" ITERATIONS="3" PLATFORM="win32" RESULT="OK" RUN="00008"/><TEST DATE="2004-08-19" ITERATIONS="3" PLATFORM="win32" RESULT="OK" RUN="00007"/><TEST DATE="2004-08-19" ITERATIONS="3" PLATFORM="win32" RESULT="OK" RUN="00006"/><TEST DATE="2004-07-15" ITERATIONS="3" PLATFORM="win32" RESULT="OK" RUN="00005"/><TEST DATE="2004-06-05" ITERATIONS="3" PLATFORM="win32" RESULT="OK" RUN="00004"/><TEST DATE="2004-06-03" ITERATIONS="1" PLATFORM="win32" RESULT="OK" RUN="00003"/><TEST DATE="2004-06-03" ITERATIONS="1" PLATFORM="win32" RESULT="OK" RUN="00002"/></FILE><FILE directory="reference" name="MeasureAttribute3.py"><TEST DATE="2004-08-21" ITERATIONS="3" PLATFORM="linux2" RESULT="OK" RUN="00013"/><TEST DATE="2004-08-21" ITERATIONS="3" PLATFORM="win32" RESULT="OK" RUN="00012"/><TEST DATE="2004-08-20" ITERATIONS="3" PLATFORM="win32" RESULT="OK" RUN="00011"/><TEST DATE="2004-08-20" ITERATIONS="3" PLATFORM="win32" RESULT="OK" RUN="00010"/><TEST DATE="2004-08-19" ITERATIONS="3" PLATFORM="win32" RESULT="OK" RUN="00009"/><TEST DATE="2004-08-19" ITERATIONS="3" PLATFORM="win32" RESULT="OK" RUN="00008"/><TEST DATE="2004-08-19" ITERATIONS="3" PLATFORM="win32" RESULT="OK" RUN="00007"/><TEST DATE="2004-08-19" ITERATIONS="3" PLATFORM="win32" RESULT="OK" RUN="00006"/><TEST DATE="2004-07-15" ITERATIONS="3" PLATFORM="win32" RESULT="OK" RUN="00005"/><TEST DATE="2004-06-05" ITERATIONS="3" PLATFORM="win32" RESULT="OK" RUN="00004"/><TEST DATE="2004-06-03" ITERATIONS="1" PLATFORM="win32" RESULT="OK" RUN="00003"/><TEST DATE="2004-06-03" ITERATIONS="1" PLATFORM="win32" RESULT="OK" RUN="00002"/></FILE><FILE directory="reference" name="RandomClassifier.py"><TEST DATE="2004-08-21" ITERATIONS="3" PLATFORM="linux2" RESULT="OK" RUN="00013"/><TEST DATE="2004-08-21" ITERATIONS="3" PLATFORM="win32" RESULT="OK" RUN="00012"/><TEST DATE="2004-08-20" ITERATIONS="3" PLATFORM="win32" RESULT="OK" RUN="00011"/><TEST DATE="2004-08-20" ITERATIONS="3" PLATFORM="win32" RESULT="OK" RUN="00010"/><TEST DATE="2004-08-19" ITERATIONS="3" PLATFORM="win32" RESULT="OK" RUN="00009"/><TEST DATE="2004-08-19" ITERATIONS="3" PLATFORM="win32" RESULT="OK" RUN="00008"/><TEST DATE="2004-08-19" ITERATIONS="3" PLATFORM="win32" RESULT="OK" RUN="00007"/><TEST DATE="2004-08-19" ITERATIONS="3" PLATFORM="win32" RESULT="OK" RUN="00006"/><TEST DATE="2004-07-15" ITERATIONS="3" PLATFORM="win32" RESULT="OK" RUN="00005"/><TEST DATE="2004-06-05" ITERATIONS="3" PLATFORM="win32" RESULT="OK" RUN="00004"/><TEST DATE="2004-06-03" ITERATIONS="1" PLATFORM="win32" RESULT="OK" RUN="00003"/><TEST DATE="2004-06-03" ITERATIONS="1" PLATFORM="win32" RESULT="OK" RUN="00002"/></FILE><FILE directory="reference" name="assoc-agrawal.py"><TEST DATE="2004-08-21" ITERATIONS="3" PLATFORM="linux2" RESULT="OK" RUN="00013"/><TEST DATE="2004-08-21" ITERATIONS="3" PLATFORM="win32" RESULT="OK" RUN="00012"/><TEST DATE="2004-08-20" ITERATIONS="3" PLATFORM="win32" RESULT="OK" RUN="00011"/><TEST DATE="2004-08-20" ITERATIONS="3" PLATFORM="win32" RESULT="OK" RUN="00010"/><TEST DATE="2004-08-19" ITERATIONS="3" PLATFORM="win32" RESULT="OK" RUN="00009"/><TEST DATE="2004-08-19" ITERATIONS="3" PLATFORM="win32" RESULT="OK" RUN="00008"/><TEST DATE="2004-08-19" ITERATIONS="3" PLATFORM="win32" RESULT="OK" RUN="00007"/><TEST DATE="2004-08-19" ITERATIONS="3" PLATFORM="win32" RESULT="OK" RUN="00006"/><TEST DATE="2004-07-15" ITERATIONS="3" PLATFORM="win32" RESULT="OK" RUN="00005"/><TEST DATE="2004-06-05" ITERATIONS="3" PLATFORM="win32" RESULT="OK" RUN="00004"/><TEST DATE="2004-06-03" ITERATIONS="1" PLATFORM="win32" RESULT="OK" RUN="00003"/><TEST DATE="2004-06-03" ITERATIONS="1" PLATFORM="win32" RESULT="OK" RUN="00002"/></FILE><FILE directory="reference" name="assoc-rule.py"><TEST DATE="2004-08-21" ITERATIONS="3" PLATFORM="linux2" RESULT="OK" RUN="00013"/><TEST DATE="2004-08-21" ITERATIONS="3" PLATFORM="win32" RESULT="OK" RUN="00012"/><TEST DATE="2004-08-20" ITERATIONS="3" PLATFORM="win32" RESULT="OK" RUN="00011"/><TEST DATE="2004-08-20" ITERATIONS="3" PLATFORM="win32" RESULT="OK" RUN="00010"/><TEST DATE="2004-08-19" ITERATIONS="3" PLATFORM="win32" RESULT="OK" RUN="00009"/><TEST DATE="2004-08-19" ITERATIONS="3" PLATFORM="win32" RESULT="OK" RUN="00008"/><TEST DATE="2004-08-19" ITERATIONS="3" PLATFORM="win32" RESULT="OK" RUN="00007"/><TEST DATE="2004-08-19" ITERATIONS="3" PLATFORM="win32" RESULT="OK" RUN="00006"/><TEST DATE="2004-07-15" ITERATIONS="3" PLATFORM="win32" RESULT="OK" RUN="00005"/><TEST DATE="2004-06-05" ITERATIONS="3" PLATFORM="win32" RESULT="OK" RUN="00004"/><TEST DATE="2004-06-03" ITERATIONS="1" PLATFORM="win32" RESULT="OK" RUN="00003"/><TEST DATE="2004-06-03" ITERATIONS="1" PLATFORM="win32" RESULT="OK" RUN="00002"/></FILE><FILE directory="reference" name="assoc.py"><TEST DATE="2004-08-21" ITERATIONS="3" PLATFORM="linux2" RESULT="OK" RUN="00013"/><TEST DATE="2004-08-21" ITERATIONS="3" PLATFORM="win32" RESULT="OK" RUN="00012"/><TEST DATE="2004-08-20" ITERATIONS="3" PLATFORM="win32" RESULT="OK" RUN="00011"/><TEST DATE="2004-08-20" ITERATIONS="3" PLATFORM="win32" RESULT="OK" RUN="00010"/><TEST DATE="2004-08-19" ITERATIONS="3" PLATFORM="win32" RESULT="OK" RUN="00009"/><TEST DATE="2004-08-19" ITERATIONS="3" PLATFORM="win32" RESULT="OK" RUN="00008"/><TEST DATE="2004-08-19" ITERATIONS="3" PLATFORM="win32" RESULT="OK" RUN="00007"/><TEST DATE="2004-08-19" ITERATIONS="3" PLATFORM="win32" RESULT="OK" RUN="00006"/><TEST DATE="2004-07-15" ITERATIONS="3" PLATFORM="win32" RESULT="OK" RUN="00005"/><TEST DATE="2004-06-05" ITERATIONS="3" PLATFORM="win32" RESULT="OK" RUN="00004"/><TEST DATE="2004-06-03" ITERATIONS="1" PLATFORM="win32" RESULT="OK" RUN="00003"/><TEST DATE="2004-06-03" ITERATIONS="1" PLATFORM="win32" RESULT="OK" RUN="00002"/></FILE><FILE directory="reference" name="basicattrstat.py"><TEST DATE="2004-08-21" ITERATIONS="3" PLATFORM="linux2" RESULT="OK" RUN="00013"/><TEST DATE="2004-08-21" ITERATIONS="3" PLATFORM="win32" RESULT="OK" RUN="00012"/><TEST DATE="2004-08-20" ITERATIONS="3" PLATFORM="win32" RESULT="OK" RUN="00011"/><TEST DATE="2004-08-20" ITERATIONS="3" PLATFORM="win32" RESULT="OK" RUN="00010"/><TEST DATE="2004-08-19" ITERATIONS="3" PLATFORM="win32" RESULT="OK" RUN="00009"/><TEST DATE="2004-08-19" ITERATIONS="3" PLATFORM="win32" RESULT="OK" RUN="00008"/><TEST DATE="2004-08-19" ITERATIONS="3" PLATFORM="win32" RESULT="OK" RUN="00007"/><TEST DATE="2004-08-19" ITERATIONS="3" PLATFORM="win32" RESULT="OK" RUN="00006"/><TEST DATE="2004-07-15" ITERATIONS="3" PLATFORM="win32" RESULT="OK" RUN="00005"/><TEST DATE="2004-06-05" ITERATIONS="3" PLATFORM="win32" RESULT="OK" RUN="00004"/><TEST DATE="2004-06-03" ITERATIONS="1" PLATFORM="win32" RESULT="OK" RUN="00003"/><TEST DATE="2004-06-03" ITERATIONS="1" PLATFORM="win32" RESULT="OK" RUN="00002"/></FILE><FILE directory="reference" name="basket.py"><TEST DATE="2004-08-21" ITERATIONS="3" PLATFORM="linux2" RESULT="OK" RUN="00013"/><TEST DATE="2004-08-21" ITERATIONS="3" PLATFORM="win32" RESULT="OK" RUN="00012"/><TEST DATE="2004-08-20" ITERATIONS="3" PLATFORM="win32" RESULT="OK" RUN="00011"/><TEST DATE="2004-08-20" ITERATIONS="3" PLATFORM="win32" RESULT="OK" RUN="00010"/><TEST DATE="2004-08-19" ITERATIONS="3" PLATFORM="win32" RESULT="OK" RUN="00009"/><TEST DATE="2004-08-19" ITERATIONS="3" PLATFORM="win32" RESULT="OK" RUN="00008"/><TEST DATE="2004-08-19" ITERATIONS="3" PLATFORM="win32" RESULT="OK" RUN="00007"/><TEST DATE="2004-08-19" ITERATIONS="3" PLATFORM="win32" RESULT="OK" RUN="00006"/><TEST DATE="2004-07-15" ITERATIONS="3" PLATFORM="win32" RESULT="OK" RUN="00005"/><TEST DATE="2004-06-05" ITERATIONS="3" PLATFORM="win32" RESULT="OK" RUN="00004"/><TEST DATE="2004-06-03" ITERATIONS="1" PLATFORM="win32" RESULT="OK" RUN="00003"/><TEST DATE="2004-06-03" ITERATIONS="1" PLATFORM="win32" RESULT="OK" RUN="00002"/></FILE><FILE directory="reference" name="c45.py"><TEST DATE="2004-08-21" ITERATIONS="3" PLATFORM="linux2" RESULT="OK" RUN="00013"/><TEST DATE="2004-08-21" ITERATIONS="3" PLATFORM="win32" RESULT="OK" RUN="00012"/><TEST DATE="2004-08-20" ITERATIONS="3" PLATFORM="win32" RESULT="OK" RUN="00011"/><TEST DATE="2004-08-20" ITERATIONS="3" PLATFORM="win32" RESULT="OK" RUN="00010"/><TEST DATE="2004-08-19" ITERATIONS="3" PLATFORM="win32" RESULT="OK" RUN="00009"/><TEST DATE="2004-08-19" ITERATIONS="3" PLATFORM="win32" RESULT="OK" RUN="00008"/><TEST DATE="2004-08-19" ITERATIONS="3" PLATFORM="win32" RESULT="OK" RUN="00007"/><TEST DATE="2004-08-19" ITERATIONS="3" PLATFORM="win32" RESULT="OK" RUN="00006"/><TEST DATE="2004-07-15" ITERATIONS="3" PLATFORM="win32" RESULT="OK" RUN="00005"/><TEST DATE="2004-06-05" ITERATIONS="3" PLATFORM="win32" RESULT="OK" RUN="00004"/><TEST DATE="2004-06-03" ITERATIONS="1" PLATFORM="win32" RESULT="OK" RUN="00003"/><TEST DATE="2004-06-03" ITERATIONS="1" PLATFORM="win32" RESULT="OK" RUN="00002"/></FILE><FILE directory="reference" name="cb-classifier.py"><TEST DATE="2004-08-21" ITERATIONS="3" PLATFORM="linux2" RESULT="OK" RUN="00013"/><TEST DATE="2004-08-21" ITERATIONS="3" PLATFORM="win32" RESULT="OK" RUN="00012"/><TEST DATE="2004-08-20" ITERATIONS="3" PLATFORM="win32" RESULT="OK" RUN="00011"/><TEST DATE="2004-08-20" ITERATIONS="3" PLATFORM="win32" RESULT="OK" RUN="00010"/><TEST DATE="2004-08-19" ITERATIONS="3" PLATFORM="win32" RESULT="OK" RUN="00009"/><TEST DATE="2004-08-19" ITERATIONS="3" PLATFORM="win32" RESULT="OK" RUN="00008"/><TEST DATE="2004-08-19" ITERATIONS="3" PLATFORM="win32" RESULT="OK" RUN="00007"/><TEST DATE="2004-08-19" ITERATIONS="3" PLATFORM="win32" RESULT="OK" RUN="00006"/><TEST DATE="2004-07-15" ITERATIONS="3" PLATFORM="win32" RESULT="OK" RUN="00005"/><TEST DATE="2004-06-05" ITERATIONS="3" PLATFORM="win32" RESULT="OK" RUN="00004"/><TEST DATE="2004-06-03" ITERATIONS="1" PLATFORM="win32" RESULT="OK" RUN="00003"/><TEST DATE="2004-06-03" ITERATIONS="1" PLATFORM="win32" RESULT="OK" RUN="00002"/></FILE><FILE directory="reference" name="cb-descender.py"><TEST DATE="2004-08-21" ITERATIONS="3" PLATFORM="linux2" RESULT="OK" RUN="00013"/><TEST DATE="2004-08-21" ITERATIONS="3" PLATFORM="win32" RESULT="OK" RUN="00012"/><TEST DATE="2004-08-20" ITERATIONS="3" PLATFORM="win32" RESULT="OK" RUN="00011"/><TEST DATE="2004-08-20" ITERATIONS="3" PLATFORM="win32" RESULT="OK" RUN="00010"/><TEST DATE="2004-08-19" ITERATIONS="3" PLATFORM="win32" RESULT="OK" RUN="00009"/><TEST DATE="2004-08-19" ITERATIONS="3" PLATFORM="win32" RESULT="OK" RUN="00008"/><TEST DATE="2004-08-19" ITERATIONS="3" PLATFORM="win32" RESULT="OK" RUN="00007"/><TEST DATE="2004-08-19" ITERATIONS="3" PLATFORM="win32" RESULT="OK" RUN="00006"/><TEST DATE="2004-07-15" ITERATIONS="3" PLATFORM="win32" RESULT="OK" RUN="00005"/><TEST DATE="2004-06-05" ITERATIONS="3" PLATFORM="win32" RESULT="OK" RUN="00004"/><TEST DATE="2004-06-03" ITERATIONS="1" PLATFORM="win32" RESULT="OK" RUN="00003"/><TEST DATE="2004-06-03" ITERATIONS="1" PLATFORM="win32" RESULT="OK" RUN="00002"/></FILE><FILE directory="reference" name="cb-filter.py"><TEST DATE="2004-08-21" ITERATIONS="3" PLATFORM="linux2" RESULT="OK" RUN="00013"/><TEST DATE="2004-08-21" ITERATIONS="3" PLATFORM="win32" RESULT="OK" RUN="00012"/><TEST DATE="2004-08-20" ITERATIONS="3" PLATFORM="win32" RESULT="OK" RUN="00011"/><TEST DATE="2004-08-20" ITERATIONS="3" PLATFORM="win32" RESULT="OK" RUN="00010"/><TEST DATE="2004-08-19" ITERATIONS="3" PLATFORM="win32" RESULT="OK" RUN="00009"/><TEST DATE="2004-08-19" ITERATIONS="3" PLATFORM="win32" RESULT="OK" RUN="00008"/><TEST DATE="2004-08-19" ITERATIONS="3" PLATFORM="win32" RESULT="OK" RUN="00007"/><TEST DATE="2004-08-19" ITERATIONS="3" PLATFORM="win32" RESULT="OK" RUN="00006"/><TEST DATE="2004-07-15" ITERATIONS="3" PLATFORM="win32" RESULT="OK" RUN="00005"/><TEST DATE="2004-06-05" ITERATIONS="3" PLATFORM="win32" RESULT="OK" RUN="00004"/><TEST DATE="2004-06-03" ITERATIONS="1" PLATFORM="win32" RESULT="OK" RUN="00003"/><TEST DATE="2004-06-03" ITERATIONS="1" PLATFORM="win32" RESULT="OK" RUN="00002"/></FILE><FILE directory="reference" name="cb-learner.py"><TEST DATE="2004-08-21" ITERATIONS="3" PLATFORM="linux2" RESULT="OK" RUN="00013"/><TEST DATE="2004-08-21" ITERATIONS="3" PLATFORM="win32" RESULT="OK" RUN="00012"/><TEST DATE="2004-08-20" ITERATIONS="3" PLATFORM="win32" RESULT="OK" RUN="00011"/><TEST DATE="2004-08-20" ITERATIONS="3" PLATFORM="win32" RESULT="OK" RUN="00010"/><TEST DATE="2004-08-19" ITERATIONS="3" PLATFORM="win32" RESULT="OK" RUN="00009"/><TEST DATE="2004-08-19" ITERATIONS="3" PLATFORM="win32" RESULT="OK" RUN="00008"/><TEST DATE="2004-08-19" ITERATIONS="3" PLATFORM="win32" RESULT="OK" RUN="00007"/><TEST DATE="2004-08-19" ITERATIONS="3" PLATFORM="win32" RESULT="OK" RUN="00006"/><TEST DATE="2004-07-15" ITERATIONS="3" PLATFORM="win32" RESULT="OK" RUN="00005"/><TEST DATE="2004-06-05" ITERATIONS="3" PLATFORM="win32" RESULT="OK" RUN="00004"/><TEST DATE="2004-06-03" ITERATIONS="1" PLATFORM="win32" RESULT="OK" RUN="00003"/><TEST DATE="2004-06-03" ITERATIONS="1" PLATFORM="win32" RESULT="OK" RUN="00002"/></FILE><FILE directory="reference" name="cb-measureattribute.py"><TEST DATE="2004-08-21" ITERATIONS="3" PLATFORM="linux2" RESULT="OK" RUN="00013"/><TEST DATE="2004-08-21" ITERATIONS="3" PLATFORM="win32" RESULT="OK" RUN="00012"/><TEST DATE="2004-08-20" ITERATIONS="3" PLATFORM="win32" RESULT="OK" RUN="00011"/><TEST DATE="2004-08-20" ITERATIONS="3" PLATFORM="win32" RESULT="OK" RUN="00010"/><TEST DATE="2004-08-19" ITERATIONS="3" PLATFORM="win32" RESULT="OK" RUN="00009"/><TEST DATE="2004-08-19" ITERATIONS="3" PLATFORM="win32" RESULT="OK" RUN="00008"/><TEST DATE="2004-08-19" ITERATIONS="3" PLATFORM="win32" RESULT="OK" RUN="00007"/><TEST DATE="2004-08-19" ITERATIONS="3" PLATFORM="win32" RESULT="OK" RUN="00006"/><TEST DATE="2004-07-15" ITERATIONS="3" PLATFORM="win32" RESULT="OK" RUN="00005"/><TEST DATE="2004-06-05" ITERATIONS="3" PLATFORM="win32" RESULT="OK" RUN="00004"/><TEST DATE="2004-06-03" ITERATIONS="1" PLATFORM="win32" RESULT="OK" RUN="00003"/><TEST DATE="2004-06-03" ITERATIONS="1" PLATFORM="win32" RESULT="OK" RUN="00002"/></FILE><FILE directory="reference" name="cb-mydomain.py"><TEST DATE="2004-08-21" ITERATIONS="3" PLATFORM="linux2" RESULT="OK" RUN="00013"/><TEST DATE="2004-08-21" ITERATIONS="3" PLATFORM="win32" RESULT="OK" RUN="00012"/><TEST DATE="2004-08-20" ITERATIONS="3" PLATFORM="win32" RESULT="OK" RUN="00011"/><TEST DATE="2004-08-20" ITERATIONS="3" PLATFORM="win32" RESULT="OK" RUN="00010"/><TEST DATE="2004-08-19" ITERATIONS="3" PLATFORM="win32" RESULT="OK" RUN="00009"/><TEST DATE="2004-08-19" ITERATIONS="3" PLATFORM="win32" RESULT="OK" RUN="00008"/><TEST DATE="2004-08-19" ITERATIONS="3" PLATFORM="win32" RESULT="OK" RUN="00007"/><TEST DATE="2004-08-19" ITERATIONS="3" PLATFORM="win32" RESULT="OK" RUN="00006"/><TEST DATE="2004-07-15" ITERATIONS="3" PLATFORM="win32" RESULT="OK" RUN="00005"/><TEST DATE="2004-06-05" ITERATIONS="3" PLATFORM="win32" RESULT="OK" RUN="00004"/><TEST DATE="2004-06-03" ITERATIONS="1" PLATFORM="win32" RESULT="OK" RUN="00003"/><TEST DATE="2004-06-03" ITERATIONS="1" PLATFORM="win32" RESULT="OK" RUN="00002"/></FILE><FILE directory="reference" name="cb-splitconstructor.py"><TEST DATE="2004-08-21" ITERATIONS="3" PLATFORM="linux2" RESULT="OK" RUN="00013"/><TEST DATE="2004-08-21" ITERATIONS="3" PLATFORM="win32" RESULT="OK" RUN="00012"/><TEST DATE="2004-08-20" ITERATIONS="3" PLATFORM="win32" RESULT="OK" RUN="00011"/><TEST DATE="2004-08-20" ITERATIONS="3" PLATFORM="win32" RESULT="OK" RUN="00010"/><TEST DATE="2004-08-19" ITERATIONS="3" PLATFORM="win32" RESULT="OK" RUN="00009"/><TEST DATE="2004-08-19" ITERATIONS="3" PLATFORM="win32" RESULT="OK" RUN="00008"/><TEST DATE="2004-08-19" ITERATIONS="3" PLATFORM="win32" RESULT="OK" RUN="00007"/><TEST DATE="2004-08-19" ITERATIONS="3" PLATFORM="win32" RESULT="OK" RUN="00006"/><TEST DATE="2004-07-15" ITERATIONS="3" PLATFORM="win32" RESULT="OK" RUN="00005"/><TEST DATE="2004-06-05" ITERATIONS="3" PLATFORM="win32" RESULT="OK" RUN="00004"/><TEST DATE="2004-06-03" ITERATIONS="1" PLATFORM="win32" RESULT="OK" RUN="00003"/><TEST DATE="2004-06-03" ITERATIONS="1" PLATFORM="win32" RESULT="OK" RUN="00002"/></FILE><FILE directory="reference" name="cb-stopcriteria.py"><TEST DATE="2004-08-21" ITERATIONS="3" PLATFORM="linux2" RESULT="OK" RUN="00013"/><TEST DATE="2004-08-21" ITERATIONS="3" PLATFORM="win32" RESULT="OK" RUN="00012"/><TEST DATE="2004-08-20" ITERATIONS="3" PLATFORM="win32" RESULT="OK" RUN="00011"/><TEST DATE="2004-08-20" ITERATIONS="3" PLATFORM="win32" RESULT="OK" RUN="00010"/><TEST DATE="2004-08-19" ITERATIONS="3" PLATFORM="win32" RESULT="OK" RUN="00009"/><TEST DATE="2004-08-19" ITERATIONS="3" PLATFORM="win32" RESULT="OK" RUN="00008"/><TEST DATE="2004-08-19" ITERATIONS="3" PLATFORM="win32" RESULT="OK" RUN="00007"/><TEST DATE="2004-08-19" ITERATIONS="3" PLATFORM="win32" RESULT="OK" RUN="00006"/><TEST DATE="2004-07-15" ITERATIONS="3" PLATFORM="win32" RESULT="OK" RUN="00005"/><TEST DATE="2004-06-05" ITERATIONS="3" PLATFORM="win32" RESULT="OK" RUN="00004"/><TEST DATE="2004-06-03" ITERATIONS="1" PLATFORM="win32" RESULT="OK" RUN="00003"/><TEST DATE="2004-06-03" ITERATIONS="1" PLATFORM="win32" RESULT="OK" RUN="00002"/></FILE><FILE directory="reference" name="classifierFromVar.py"><TEST DATE="2004-08-21" ITERATIONS="3" PLATFORM="linux2" RESULT="OK" RUN="00013"/><TEST DATE="2004-08-21" ITERATIONS="3" PLATFORM="win32" RESULT="OK" RUN="00012"/><TEST DATE="2004-08-20" ITERATIONS="3" PLATFORM="win32" RESULT="OK" RUN="00011"/><TEST DATE="2004-08-20" ITERATIONS="3" PLATFORM="win32" RESULT="OK" RUN="00010"/><TEST DATE="2004-08-19" ITERATIONS="3" PLATFORM="win32" RESULT="OK" RUN="00009"/><TEST DATE="2004-08-19" ITERATIONS="3" PLATFORM="win32" RESULT="OK" RUN="00008"/><TEST DATE="2004-08-19" ITERATIONS="3" PLATFORM="win32" RESULT="OK" RUN="00007"/><TEST DATE="2004-08-19" ITERATIONS="3" PLATFORM="win32" RESULT="OK" RUN="00006"/><TEST DATE="2004-07-15" ITERATIONS="3" PLATFORM="win32" RESULT="OK" RUN="00005"/><TEST DATE="2004-06-05" ITERATIONS="3" PLATFORM="win32" RESULT="OK" RUN="00004"/><TEST DATE="2004-06-03" ITERATIONS="1" PLATFORM="win32" RESULT="OK" RUN="00003"/><TEST DATE="2004-06-03" ITERATIONS="1" PLATFORM="win32" RESULT="OK" RUN="00002"/></FILE><FILE directory="reference" name="contingency1.py"><TEST DATE="2004-08-21" ITERATIONS="3" PLATFORM="linux2" RESULT="OK" RUN="00013"/><TEST DATE="2004-08-21" ITERATIONS="3" PLATFORM="win32" RESULT="OK" RUN="00012"/><TEST DATE="2004-08-20" ITERATIONS="3" PLATFORM="win32" RESULT="OK" RUN="00011"/><TEST DATE="2004-08-20" ITERATIONS="3" PLATFORM="win32" RESULT="OK" RUN="00010"/><TEST DATE="2004-08-19" ITERATIONS="3" PLATFORM="win32" RESULT="OK" RUN="00009"/><TEST DATE="2004-08-19" ITERATIONS="3" PLATFORM="win32" RESULT="OK" RUN="00008"/><TEST DATE="2004-08-19" ITERATIONS="3" PLATFORM="win32" RESULT="OK" RUN="00007"/><TEST DATE="2004-08-19" ITERATIONS="3" PLATFORM="win32" RESULT="OK" RUN="00006"/><TEST DATE="2004-07-15" ITERATIONS="3" PLATFORM="win32" RESULT="OK" RUN="00005"/><TEST DATE="2004-06-05" ITERATIONS="3" PLATFORM="win32" RESULT="OK" RUN="00004"/><TEST DATE="2004-06-03" ITERATIONS="1" PLATFORM="win32" RESULT="OK" RUN="00003"/><TEST DATE="2004-06-03" ITERATIONS="1" PLATFORM="win32" RESULT="OK" RUN="00002"/></FILE><FILE directory="reference" name="contingency2.py"><TEST DATE="2004-08-21" ITERATIONS="3" PLATFORM="linux2" RESULT="OK" RUN="00013"/><TEST DATE="2004-08-21" ITERATIONS="3" PLATFORM="win32" RESULT="OK" RUN="00012"/><TEST DATE="2004-08-20" ITERATIONS="3" PLATFORM="win32" RESULT="OK" RUN="00011"/><TEST DATE="2004-08-20" ITERATIONS="3" PLATFORM="win32" RESULT="OK" RUN="00010"/><TEST DATE="2004-08-19" ITERATIONS="3" PLATFORM="win32" RESULT="OK" RUN="00009"/><TEST DATE="2004-08-19" ITERATIONS="3" PLATFORM="win32" RESULT="OK" RUN="00008"/><TEST DATE="2004-08-19" ITERATIONS="3" PLATFORM="win32" RESULT="OK" RUN="00007"/><TEST DATE="2004-08-19" ITERATIONS="3" PLATFORM="win32" RESULT="OK" RUN="00006"/><TEST DATE="2004-07-15" ITERATIONS="3" PLATFORM="win32" RESULT="OK" RUN="00005"/><TEST DATE="2004-06-05" ITERATIONS="3" PLATFORM="win32" RESULT="OK" RUN="00004"/><TEST DATE="2004-06-03" ITERATIONS="1" PLATFORM="win32" RESULT="OK" RUN="00003"/><TEST DATE="2004-06-03" ITERATIONS="1" PLATFORM="win32" RESULT="OK" RUN="00002"/></FILE><FILE directory="reference" name="contingency3.py"><TEST DATE="2004-08-21" ITERATIONS="3" PLATFORM="linux2" RESULT="OK" RUN="00013"/><TEST DATE="2004-08-21" ITERATIONS="3" PLATFORM="win32" RESULT="OK" RUN="00012"/><TEST DATE="2004-08-20" ITERATIONS="3" PLATFORM="win32" RESULT="OK" RUN="00011"/><TEST DATE="2004-08-20" ITERATIONS="3" PLATFORM="win32" RESULT="OK" RUN="00010"/><TEST DATE="2004-08-19" ITERATIONS="3" PLATFORM="win32" RESULT="OK" RUN="00009"/><TEST DATE="2004-08-19" ITERATIONS="3" PLATFORM="win32" RESULT="OK" RUN="00008"/><TEST DATE="2004-08-19" ITERATIONS="3" PLATFORM="win32" RESULT="OK" RUN="00007"/><TEST DATE="2004-08-19" ITERATIONS="3" PLATFORM="win32" RESULT="OK" RUN="00006"/><TEST DATE="2004-07-15" ITERATIONS="3" PLATFORM="win32" RESULT="OK" RUN="00005"/><TEST DATE="2004-06-05" ITERATIONS="3" PLATFORM="win32" RESULT="OK" RUN="00004"/><TEST DATE="2004-06-03" ITERATIONS="1" PLATFORM="win32" RESULT="OK" RUN="00003"/><TEST DATE="2004-06-03" ITERATIONS="1" PLATFORM="win32" RESULT="OK" RUN="00002"/></FILE><FILE directory="reference" name="contingency4.py"><TEST DATE="2004-08-21" ITERATIONS="3" PLATFORM="linux2" RESULT="OK" RUN="00013"/><TEST DATE="2004-08-21" ITERATIONS="3" PLATFORM="win32" RESULT="OK" RUN="00012"/><TEST DATE="2004-08-20" ITERATIONS="3" PLATFORM="win32" RESULT="OK" RUN="00011"/><TEST DATE="2004-08-20" ITERATIONS="3" PLATFORM="win32" RESULT="OK" RUN="00010"/><TEST DATE="2004-08-19" ITERATIONS="3" PLATFORM="win32" RESULT="OK" RUN="00009"/><TEST DATE="2004-08-19" ITERATIONS="3" PLATFORM="win32" RESULT="OK" RUN="00008"/><TEST DATE="2004-08-19" ITERATIONS="3" PLATFORM="win32" RESULT="OK" RUN="00007"/><TEST DATE="2004-08-19" ITERATIONS="3" PLATFORM="win32" RESULT="OK" RUN="00006"/><TEST DATE="2004-07-15" ITERATIONS="3" PLATFORM="win32" RESULT="OK" RUN="00005"/><TEST DATE="2004-06-05" ITERATIONS="3" PLATFORM="win32" RESULT="OK" RUN="00004"/><TEST DATE="2004-06-03" ITERATIONS="1" PLATFORM="win32" RESULT="OK" RUN="00003"/><TEST DATE="2004-06-03" ITERATIONS="1" PLATFORM="win32" RESULT="OK" RUN="00002"/></FILE><FILE directory="reference" name="contingency5.py"><TEST DATE="2004-08-21" ITERATIONS="3" PLATFORM="linux2" RESULT="OK" RUN="00013"/><TEST DATE="2004-08-21" ITERATIONS="3" PLATFORM="win32" RESULT="OK" RUN="00012"/><TEST DATE="2004-08-20" ITERATIONS="3" PLATFORM="win32" RESULT="OK" RUN="00011"/><TEST DATE="2004-08-20" ITERATIONS="3" PLATFORM="win32" RESULT="OK" RUN="00010"/><TEST DATE="2004-08-19" ITERATIONS="3" PLATFORM="win32" RESULT="OK" RUN="00009"/><TEST DATE="2004-08-19" ITERATIONS="3" PLATFORM="win32" RESULT="OK" RUN="00008"/><TEST DATE="2004-08-19" ITERATIONS="3" PLATFORM="win32" RESULT="OK" RUN="00007"/><TEST DATE="2004-08-19" ITERATIONS="3" PLATFORM="win32" RESULT="OK" RUN="00006"/><TEST DATE="2004-07-15" ITERATIONS="3" PLATFORM="win32" RESULT="OK" RUN="00005"/><TEST DATE="2004-06-05" ITERATIONS="3" PLATFORM="win32" RESULT="OK" RUN="00004"/><TEST DATE="2004-06-03" ITERATIONS="1" PLATFORM="win32" RESULT="OK" RUN="00003"/><TEST DATE="2004-06-03" ITERATIONS="1" PLATFORM="win32" RESULT="OK" RUN="00002"/></FILE><FILE directory="reference" name="contingency6.py"><TEST DATE="2004-08-21" ITERATIONS="3" PLATFORM="linux2" RESULT="OK" RUN="00013"/><TEST DATE="2004-08-21" ITERATIONS="3" PLATFORM="win32" RESULT="OK" RUN="00012"/><TEST DATE="2004-08-20" ITERATIONS="3" PLATFORM="win32" RESULT="OK" RUN="00011"/><TEST DATE="2004-08-20" ITERATIONS="3" PLATFORM="win32" RESULT="OK" RUN="00010"/><TEST DATE="2004-08-19" ITERATIONS="3" PLATFORM="win32" RESULT="OK" RUN="00009"/><TEST DATE="2004-08-19" ITERATIONS="3" PLATFORM="win32" RESULT="OK" RUN="00008"/><TEST DATE="2004-08-19" ITERATIONS="3" PLATFORM="win32" RESULT="OK" RUN="00007"/><TEST DATE="2004-08-19" ITERATIONS="3" PLATFORM="win32" RESULT="OK" RUN="00006"/><TEST DATE="2004-07-15" ITERATIONS="3" PLATFORM="win32" RESULT="OK" RUN="00005"/><TEST DATE="2004-06-05" ITERATIONS="3" PLATFORM="win32" RESULT="OK" RUN="00004"/><TEST DATE="2004-06-03" ITERATIONS="1" PLATFORM="win32" RESULT="OK" RUN="00003"/><TEST DATE="2004-06-03" ITERATIONS="1" PLATFORM="win32" RESULT="OK" RUN="00002"/></FILE><FILE directory="reference" name="contingency7.py"><TEST DATE="2004-08-21" ITERATIONS="3" PLATFORM="linux2" RESULT="OK" RUN="00013"/><TEST DATE="2004-08-21" ITERATIONS="3" PLATFORM="win32" RESULT="OK" RUN="00012"/><TEST DATE="2004-08-20" ITERATIONS="3" PLATFORM="win32" RESULT="OK" RUN="00011"/><TEST DATE="2004-08-20" ITERATIONS="3" PLATFORM="win32" RESULT="OK" RUN="00010"/><TEST DATE="2004-08-19" ITERATIONS="3" PLATFORM="win32" RESULT="OK" RUN="00009"/><TEST DATE="2004-08-19" ITERATIONS="3" PLATFORM="win32" RESULT="OK" RUN="00008"/><TEST DATE="2004-08-19" ITERATIONS="3" PLATFORM="win32" RESULT="OK" RUN="00007"/><TEST DATE="2004-08-19" ITERATIONS="3" PLATFORM="win32" RESULT="OK" RUN="00006"/><TEST DATE="2004-07-15" ITERATIONS="3" PLATFORM="win32" RESULT="OK" RUN="00005"/><TEST DATE="2004-06-05" ITERATIONS="3" PLATFORM="win32" RESULT="OK" RUN="00004"/><TEST DATE="2004-06-03" ITERATIONS="1" PLATFORM="win32" RESULT="OK" RUN="00003"/><TEST DATE="2004-06-03" ITERATIONS="1" PLATFORM="win32" RESULT="OK" RUN="00002"/></FILE><FILE directory="reference" name="contingency8.py"><TEST DATE="2004-08-21" ITERATIONS="3" PLATFORM="linux2" RESULT="OK" RUN="00013"/><TEST DATE="2004-08-21" ITERATIONS="3" PLATFORM="win32" RESULT="OK" RUN="00012"/><TEST DATE="2004-08-20" ITERATIONS="3" PLATFORM="win32" RESULT="OK" RUN="00011"/><TEST DATE="2004-08-20" ITERATIONS="3" PLATFORM="win32" RESULT="OK" RUN="00010"/><TEST DATE="2004-08-19" ITERATIONS="3" PLATFORM="win32" RESULT="OK" RUN="00009"/><TEST DATE="2004-08-19" ITERATIONS="3" PLATFORM="win32" RESULT="OK" RUN="00008"/><TEST DATE="2004-08-19" ITERATIONS="3" PLATFORM="win32" RESULT="OK" RUN="00007"/><TEST DATE="2004-08-19" ITERATIONS="3" PLATFORM="win32" RESULT="OK" RUN="00006"/><TEST DATE="2004-07-15" ITERATIONS="3" PLATFORM="win32" RESULT="OK" RUN="00005"/><TEST DATE="2004-06-05" ITERATIONS="3" PLATFORM="win32" RESULT="OK" RUN="00004"/><TEST DATE="2004-06-03" ITERATIONS="1" PLATFORM="win32" RESULT="OK" RUN="00003"/><TEST DATE="2004-06-03" ITERATIONS="1" PLATFORM="win32" RESULT="OK" RUN="00002"/></FILE><FILE directory="reference" name="discretization.py"><TEST DATE="2004-08-21" ITERATIONS="3" PLATFORM="linux2" RESULT="OK" RUN="00013"/><TEST DATE="2004-08-21" ITERATIONS="3" PLATFORM="win32" RESULT="OK" RUN="00012"/><TEST DATE="2004-08-20" ITERATIONS="3" PLATFORM="win32" RESULT="OK" RUN="00011"/><TEST DATE="2004-08-20" ITERATIONS="3" PLATFORM="win32" RESULT="OK" RUN="00010"/><TEST DATE="2004-08-19" ITERATIONS="3" PLATFORM="win32" RESULT="OK" RUN="00009"/><TEST DATE="2004-08-19" ITERATIONS="3" PLATFORM="win32" RESULT="OK" RUN="00008"/><TEST DATE="2004-08-19" ITERATIONS="3" PLATFORM="win32" RESULT="OK" RUN="00007"/><TEST DATE="2004-08-19" ITERATIONS="3" PLATFORM="win32" RESULT="OK" RUN="00006"/><TEST DATE="2004-07-15" ITERATIONS="3" PLATFORM="win32" RESULT="OK" RUN="00005"/><TEST DATE="2004-06-05" ITERATIONS="3" PLATFORM="win32" RESULT="OK" RUN="00004"/><TEST DATE="2004-06-03" ITERATIONS="1" PLATFORM="win32" RESULT="OK" RUN="00003"/><TEST DATE="2004-06-03" ITERATIONS="1" PLATFORM="win32" RESULT="OK" RUN="00002"/></FILE><FILE directory="reference" name="distributions.py"><TEST DATE="2004-08-21" ITERATIONS="3" PLATFORM="linux2" RESULT="OK" RUN="00013"/><TEST DATE="2004-08-21" ITERATIONS="3" PLATFORM="win32" RESULT="OK" RUN="00012"/><TEST DATE="2004-08-20" ITERATIONS="3" PLATFORM="win32" RESULT="OK" RUN="00011"/><TEST DATE="2004-08-20" ITERATIONS="3" PLATFORM="win32" RESULT="OK" RUN="00010"/><TEST DATE="2004-08-19" ITERATIONS="3" PLATFORM="win32" RESULT="OK" RUN="00009"/><TEST DATE="2004-08-19" ITERATIONS="3" PLATFORM="win32" RESULT="OK" RUN="00008"/><TEST DATE="2004-08-19" ITERATIONS="3" PLATFORM="win32" RESULT="OK" RUN="00007"/><TEST DATE="2004-08-19" ITERATIONS="3" PLATFORM="win32" RESULT="OK" RUN="00006"/><TEST DATE="2004-07-15" ITERATIONS="3" PLATFORM="win32" RESULT="OK" RUN="00005"/><TEST DATE="2004-06-05" ITERATIONS="3" PLATFORM="win32" RESULT="OK" RUN="00004"/><TEST DATE="2004-06-03" ITERATIONS="1" PLATFORM="win32" RESULT="OK" RUN="00003"/><TEST DATE="2004-06-03" ITERATIONS="1" PLATFORM="win32" RESULT="OK" RUN="00002"/></FILE><FILE directory="reference" name="domain1.py"><TEST DATE="2004-08-21" ITERATIONS="3" PLATFORM="linux2" RESULT="OK" RUN="00013"/><TEST DATE="2004-08-21" ITERATIONS="3" PLATFORM="win32" RESULT="OK" RUN="00012"/><TEST DATE="2004-08-20" ITERATIONS="3" PLATFORM="win32" RESULT="OK" RUN="00011"/><TEST DATE="2004-08-20" ITERATIONS="3" PLATFORM="win32" RESULT="OK" RUN="00010"/><TEST DATE="2004-08-19" ITERATIONS="3" PLATFORM="win32" RESULT="OK" RUN="00009"/><TEST DATE="2004-08-19" ITERATIONS="3" PLATFORM="win32" RESULT="OK" RUN="00008"/><TEST DATE="2004-08-19" ITERATIONS="3" PLATFORM="win32" RESULT="OK" RUN="00007"/><TEST DATE="2004-08-19" ITERATIONS="3" PLATFORM="win32" RESULT="OK" RUN="00006"/><TEST DATE="2004-07-15" ITERATIONS="3" PLATFORM="win32" RESULT="OK" RUN="00005"/><TEST DATE="2004-06-05" ITERATIONS="3" PLATFORM="win32" RESULT="OK" RUN="00004"/><TEST DATE="2004-06-03" ITERATIONS="1" PLATFORM="win32" RESULT="OK" RUN="00003"/><TEST DATE="2004-06-03" ITERATIONS="1" PLATFORM="win32" RESULT="OK" RUN="00002"/></FILE><FILE directory="reference" name="domain2.py"><TEST DATE="2004-08-21" ITERATIONS="3" PLATFORM="linux2" RESULT="OK" RUN="00013"/><TEST DATE="2004-08-21" ITERATIONS="3" PLATFORM="win32" RESULT="OK" RUN="00012"/><TEST DATE="2004-08-20" ITERATIONS="3" PLATFORM="win32" RESULT="OK" RUN="00011"/><TEST DATE="2004-08-20" ITERATIONS="3" PLATFORM="win32" RESULT="OK" RUN="00010"/><TEST DATE="2004-08-19" ITERATIONS="3" PLATFORM="win32" RESULT="OK" RUN="00009"/><TEST DATE="2004-08-19" ITERATIONS="3" PLATFORM="win32" RESULT="OK" RUN="00008"/><TEST DATE="2004-08-19" ITERATIONS="3" PLATFORM="win32" RESULT="OK" RUN="00007"/><TEST DATE="2004-08-19" ITERATIONS="3" PLATFORM="win32" RESULT="OK" RUN="00006"/><TEST DATE="2004-07-15" ITERATIONS="3" PLATFORM="win32" RESULT="OK" RUN="00005"/><TEST DATE="2004-06-05" ITERATIONS="3" PLATFORM="win32" RESULT="OK" RUN="00004"/><TEST DATE="2004-06-03" ITERATIONS="1" PLATFORM="win32" RESULT="OK" RUN="00003"/><TEST DATE="2004-06-03" ITERATIONS="1" PLATFORM="win32" RESULT="OK" RUN="00002"/></FILE><FILE directory="reference" name="domainDepot.py"><TEST DATE="2004-08-26" ITERATIONS="3" PLATFORM="win32" RESULT="random" RUN="00027"/><TEST DATE="2004-08-26" ITERATIONS="3" PLATFORM="win32" RESULT="random" RUN="00026"/><TEST DATE="2004-08-26" ITERATIONS="3" PLATFORM="win32" RESULT="random" RUN="00025"/><TEST DATE="2004-08-26" ITERATIONS="3" PLATFORM="win32" RESULT="" RUN="00024"/><TEST DATE="2004-08-26" ITERATIONS="3" PLATFORM="win32" RESULT="" RUN="00023"/><TEST DATE="2004-08-26" ITERATIONS="3" PLATFORM="win32" RESULT="" RUN="00022"/><TEST DATE="2004-08-26" ITERATIONS="3" PLATFORM="win32" RESULT="" RUN="00021"/><TEST DATE="2004-08-26" ITERATIONS="3" PLATFORM="win32" RESULT="" RUN="00020"/><TEST DATE="2004-08-26" ITERATIONS="3" PLATFORM="win32" RESULT="" RUN="00019"/><TEST DATE="2004-08-26" ITERATIONS="3" PLATFORM="win32" RESULT="" RUN="00018"/><TEST DATE="2004-08-26" ITERATIONS="3" PLATFORM="win32" RESULT="" RUN="00017"/><TEST DATE="2004-08-26" ITERATIONS="3" PLATFORM="win32" RESULT="" RUN="00016"/><TEST DATE="2004-08-26" ITERATIONS="3" PLATFORM="win32" RESULT="random" RUN="00015"/><TEST DATE="2004-08-26" ITERATIONS="3" PLATFORM="win32" RESULT="random" RUN="00014"/><TEST DATE="2004-08-21" ITERATIONS="3" PLATFORM="linux2" RESULT="random" RUN="00013"/><TEST DATE="2004-08-21" ITERATIONS="3" PLATFORM="win32" RESULT="random" RUN="00012"/><TEST DATE="2004-08-20" ITERATIONS="3" PLATFORM="win32" RESULT="random" RUN="00011"/><TEST DATE="2004-08-20" ITERATIONS="3" PLATFORM="win32" RESULT="random" RUN="00010"/><TEST DATE="2004-08-19" ITERATIONS="3" PLATFORM="win32" RESULT="random" RUN="00009"/><TEST DATE="2004-08-19" ITERATIONS="3" PLATFORM="win32" RESULT="random" RUN="00008"/><TEST DATE="2004-08-19" ITERATIONS="3" PLATFORM="win32" RESULT="random" RUN="00007"/><TEST DATE="2004-08-19" ITERATIONS="3" PLATFORM="win32" RESULT="random" RUN="00006"/><TEST DATE="2004-07-15" ITERATIONS="3" PLATFORM="win32" RESULT="random" RUN="00005"/><TEST DATE="2004-06-05" ITERATIONS="3" PLATFORM="win32" RESULT="random" RUN="00004"/><TEST DATE="2004-06-03" ITERATIONS="1" PLATFORM="win32" RESULT="OK" RUN="00003"/><TEST DATE="2004-06-03" ITERATIONS="1" PLATFORM="win32" RESULT="OK" RUN="00002"/></FILE><FILE directory="reference" name="example.py"><TEST DATE="2004-08-21" ITERATIONS="3" PLATFORM="linux2" RESULT="OK" RUN="00013"/><TEST DATE="2004-08-21" ITERATIONS="3" PLATFORM="win32" RESULT="OK" RUN="00012"/><TEST DATE="2004-08-20" ITERATIONS="3" PLATFORM="win32" RESULT="OK" RUN="00011"/><TEST DATE="2004-08-20" ITERATIONS="3" PLATFORM="win32" RESULT="OK" RUN="00010"/><TEST DATE="2004-08-19" ITERATIONS="3" PLATFORM="win32" RESULT="OK" RUN="00009"/><TEST DATE="2004-08-19" ITERATIONS="3" PLATFORM="win32" RESULT="OK" RUN="00008"/><TEST DATE="2004-08-19" ITERATIONS="3" PLATFORM="win32" RESULT="OK" RUN="00007"/><TEST DATE="2004-08-19" ITERATIONS="3" PLATFORM="win32" RESULT="OK" RUN="00006"/><TEST DATE="2004-07-15" ITERATIONS="3" PLATFORM="win32" RESULT="OK" RUN="00005"/><TEST DATE="2004-06-05" ITERATIONS="3" PLATFORM="win32" RESULT="OK" RUN="00004"/><TEST DATE="2004-06-03" ITERATIONS="1" PLATFORM="win32" RESULT="OK" RUN="00003"/><TEST DATE="2004-06-03" ITERATIONS="1" PLATFORM="win32" RESULT="OK" RUN="00002"/></FILE><FILE directory="reference" name="example2.py"><TEST DATE="2004-08-21" ITERATIONS="3" PLATFORM="linux2" RESULT="OK" RUN="00013"/><TEST DATE="2004-08-21" ITERATIONS="3" PLATFORM="win32" RESULT="OK" RUN="00012"/><TEST DATE="2004-08-20" ITERATIONS="3" PLATFORM="win32" RESULT="OK" RUN="00011"/><TEST DATE="2004-08-20" ITERATIONS="3" PLATFORM="win32" RESULT="OK" RUN="00010"/><TEST DATE="2004-08-19" ITERATIONS="3" PLATFORM="win32" RESULT="OK" RUN="00009"/><TEST DATE="2004-08-19" ITERATIONS="3" PLATFORM="win32" RESULT="OK" RUN="00008"/><TEST DATE="2004-08-19" ITERATIONS="3" PLATFORM="win32" RESULT="OK" RUN="00007"/><TEST DATE="2004-08-19" ITERATIONS="3" PLATFORM="win32" RESULT="OK" RUN="00006"/><TEST DATE="2004-07-15" ITERATIONS="3" PLATFORM="win32" RESULT="OK" RUN="00005"/><TEST DATE="2004-06-05" ITERATIONS="3" PLATFORM="win32" RESULT="OK" RUN="00004"/><TEST DATE="2004-06-03" ITERATIONS="1" PLATFORM="win32" RESULT="OK" RUN="00003"/><TEST DATE="2004-06-03" ITERATIONS="1" PLATFORM="win32" RESULT="OK" RUN="00002"/></FILE><FILE directory="reference" name="example3.py"><TEST DATE="2004-08-21" ITERATIONS="3" PLATFORM="linux2" RESULT="OK" RUN="00013"/><TEST DATE="2004-08-21" ITERATIONS="3" PLATFORM="win32" RESULT="OK" RUN="00012"/><TEST DATE="2004-08-20" ITERATIONS="3" PLATFORM="win32" RESULT="OK" RUN="00011"/><TEST DATE="2004-08-20" ITERATIONS="3" PLATFORM="win32" RESULT="OK" RUN="00010"/><TEST DATE="2004-08-19" ITERATIONS="3" PLATFORM="win32" RESULT="OK" RUN="00009"/><TEST DATE="2004-08-19" ITERATIONS="3" PLATFORM="win32" RESULT="OK" RUN="00008"/><TEST DATE="2004-08-19" ITERATIONS="3" PLATFORM="win32" RESULT="OK" RUN="00007"/><TEST DATE="2004-08-19" ITERATIONS="3" PLATFORM="win32" RESULT="OK" RUN="00006"/><TEST DATE="2004-07-15" ITERATIONS="3" PLATFORM="win32" RESULT="OK" RUN="00005"/><TEST DATE="2004-06-05" ITERATIONS="3" PLATFORM="win32" RESULT="OK" RUN="00004"/><TEST DATE="2004-06-03" ITERATIONS="1" PLATFORM="win32" RESULT="OK" RUN="00003"/><TEST DATE="2004-06-03" ITERATIONS="1" PLATFORM="win32" RESULT="OK" RUN="00002"/></FILE><FILE directory="reference" name="example_merge.py"><TEST DATE="2004-08-26" ITERATIONS="3" PLATFORM="win32" RESULT="random" RUN="00027"/><TEST DATE="2004-08-26" ITERATIONS="3" PLATFORM="win32" RESULT="random" RUN="00026"/><TEST DATE="2004-08-26" ITERATIONS="3" PLATFORM="win32" RESULT="random" RUN="00025"/><TEST DATE="2004-08-26" ITERATIONS="3" PLATFORM="win32" RESULT="" RUN="00024"/><TEST DATE="2004-08-26" ITERATIONS="3" PLATFORM="win32" RESULT="" RUN="00023"/><TEST DATE="2004-08-26" ITERATIONS="3" PLATFORM="win32" RESULT="" RUN="00022"/><TEST DATE="2004-08-26" ITERATIONS="3" PLATFORM="win32" RESULT="" RUN="00021"/><TEST DATE="2004-08-26" ITERATIONS="3" PLATFORM="win32" RESULT="" RUN="00020"/><TEST DATE="2004-08-26" ITERATIONS="3" PLATFORM="win32" RESULT="" RUN="00019"/><TEST DATE="2004-08-26" ITERATIONS="3" PLATFORM="win32" RESULT="" RUN="00018"/><TEST DATE="2004-08-26" ITERATIONS="3" PLATFORM="win32" RESULT="" RUN="00017"/><TEST DATE="2004-08-26" ITERATIONS="3" PLATFORM="win32" RESULT="" RUN="00016"/><TEST DATE="2004-08-26" ITERATIONS="3" PLATFORM="win32" RESULT="random" RUN="00015"/><TEST DATE="2004-08-26" ITERATIONS="3" PLATFORM="win32" RESULT="random" RUN="00014"/><TEST DATE="2004-08-21" ITERATIONS="3" PLATFORM="linux2" RESULT="random" RUN="00013"/><TEST DATE="2004-08-21" ITERATIONS="3" PLATFORM="win32" RESULT="random" RUN="00012"/><TEST DATE="2004-08-20" ITERATIONS="3" PLATFORM="win32" RESULT="random" RUN="00011"/><TEST DATE="2004-08-20" ITERATIONS="3" PLATFORM="win32" RESULT="random" RUN="00010"/><TEST DATE="2004-08-19" ITERATIONS="3" PLATFORM="win32" RESULT="random" RUN="00009"/><TEST DATE="2004-08-19" ITERATIONS="3" PLATFORM="win32" RESULT="random" RUN="00008"/><TEST DATE="2004-08-19" ITERATIONS="3" PLATFORM="win32" RESULT="random" RUN="00007"/><TEST DATE="2004-08-19" ITERATIONS="3" PLATFORM="win32" RESULT="random" RUN="00006"/><TEST DATE="2004-07-15" ITERATIONS="3" PLATFORM="win32" RESULT="random" RUN="00005"/><TEST DATE="2004-06-05" ITERATIONS="3" PLATFORM="win32" RESULT="random" RUN="00004"/><TEST DATE="2004-06-03" ITERATIONS="1" PLATFORM="win32" RESULT="OK" RUN="00003"/><TEST DATE="2004-06-03" ITERATIONS="1" PLATFORM="win32" RESULT="OK" RUN="00002"/></FILE><FILE directory="reference" name="examplesdistance-missing.py"><TEST DATE="2004-08-21" ITERATIONS="3" PLATFORM="linux2" RESULT="OK" RUN="00013"/><TEST DATE="2004-08-21" ITERATIONS="3" PLATFORM="win32" RESULT="OK" RUN="00012"/><TEST DATE="2004-08-20" ITERATIONS="3" PLATFORM="win32" RESULT="OK" RUN="00011"/><TEST DATE="2004-08-20" ITERATIONS="3" PLATFORM="win32" RESULT="OK" RUN="00010"/><TEST DATE="2004-08-19" ITERATIONS="3" PLATFORM="win32" RESULT="OK" RUN="00009"/><TEST DATE="2004-08-19" ITERATIONS="3" PLATFORM="win32" RESULT="OK" RUN="00008"/><TEST DATE="2004-08-19" ITERATIONS="3" PLATFORM="win32" RESULT="OK" RUN="00007"/><TEST DATE="2004-08-19" ITERATIONS="3" PLATFORM="win32" RESULT="OK" RUN="00006"/><TEST DATE="2004-07-15" ITERATIONS="3" PLATFORM="win32" RESULT="OK" RUN="00005"/><TEST DATE="2004-06-05" ITERATIONS="3" PLATFORM="win32" RESULT="OK" RUN="00004"/><TEST DATE="2004-06-03" ITERATIONS="1" PLATFORM="win32" RESULT="OK" RUN="00003"/><TEST DATE="2004-06-03" ITERATIONS="1" PLATFORM="win32" RESULT="OK" RUN="00002"/></FILE><FILE directory="reference" name="examplesdistance.py"><TEST DATE="2004-08-21" ITERATIONS="3" PLATFORM="linux2" RESULT="OK" RUN="00013"/><TEST DATE="2004-08-21" ITERATIONS="3" PLATFORM="win32" RESULT="OK" RUN="00012"/><TEST DATE="2004-08-20" ITERATIONS="3" PLATFORM="win32" RESULT="OK" RUN="00011"/><TEST DATE="2004-08-20" ITERATIONS="3" PLATFORM="win32" RESULT="OK" RUN="00010"/><TEST DATE="2004-08-19" ITERATIONS="3" PLATFORM="win32" RESULT="OK" RUN="00009"/><TEST DATE="2004-08-19" ITERATIONS="3" PLATFORM="win32" RESULT="OK" RUN="00008"/><TEST DATE="2004-08-19" ITERATIONS="3" PLATFORM="win32" RESULT="OK" RUN="00007"/><TEST DATE="2004-08-19" ITERATIONS="3" PLATFORM="win32" RESULT="OK" RUN="00006"/><TEST DATE="2004-07-15" ITERATIONS="3" PLATFORM="win32" RESULT="OK" RUN="00005"/><TEST DATE="2004-06-05" ITERATIONS="3" PLATFORM="win32" RESULT="OK" RUN="00004"/><TEST DATE="2004-06-03" ITERATIONS="1" PLATFORM="win32" RESULT="OK" RUN="00003"/><TEST DATE="2004-06-03" ITERATIONS="1" PLATFORM="win32" RESULT="OK" RUN="00002"/></FILE><FILE directory="reference" name="exampletable1.py"><TEST DATE="2004-08-21" ITERATIONS="3" PLATFORM="linux2" RESULT="OK" RUN="00013"/><TEST DATE="2004-08-21" ITERATIONS="3" PLATFORM="win32" RESULT="OK" RUN="00012"/><TEST DATE="2004-08-20" ITERATIONS="3" PLATFORM="win32" RESULT="OK" RUN="00011"/><TEST DATE="2004-08-20" ITERATIONS="3" PLATFORM="win32" RESULT="OK" RUN="00010"/><TEST DATE="2004-08-19" ITERATIONS="3" PLATFORM="win32" RESULT="OK" RUN="00009"/><TEST DATE="2004-08-19" ITERATIONS="3" PLATFORM="win32" RESULT="OK" RUN="00008"/><TEST DATE="2004-08-19" ITERATIONS="3" PLATFORM="win32" RESULT="OK" RUN="00007"/><TEST DATE="2004-08-19" ITERATIONS="3" PLATFORM="win32" RESULT="OK" RUN="00006"/><TEST DATE="2004-07-15" ITERATIONS="3" PLATFORM="win32" RESULT="OK" RUN="00005"/><TEST DATE="2004-06-05" ITERATIONS="3" PLATFORM="win32" RESULT="OK" RUN="00004"/><TEST DATE="2004-06-03" ITERATIONS="1" PLATFORM="win32" RESULT="OK" RUN="00003"/><TEST DATE="2004-06-03" ITERATIONS="1" PLATFORM="win32" RESULT="OK" RUN="00002"/></FILE><FILE directory="reference" name="exampletable2.py"><TEST DATE="2004-08-21" ITERATIONS="3" PLATFORM="linux2" RESULT="OK" RUN="00013"/><TEST DATE="2004-08-21" ITERATIONS="3" PLATFORM="win32" RESULT="OK" RUN="00012"/><TEST DATE="2004-08-20" ITERATIONS="3" PLATFORM="win32" RESULT="OK" RUN="00011"/><TEST DATE="2004-08-20" ITERATIONS="3" PLATFORM="win32" RESULT="OK" RUN="00010"/><TEST DATE="2004-08-19" ITERATIONS="3" PLATFORM="win32" RESULT="OK" RUN="00009"/><TEST DATE="2004-08-19" ITERATIONS="3" PLATFORM="win32" RESULT="OK" RUN="00008"/><TEST DATE="2004-08-19" ITERATIONS="3" PLATFORM="win32" RESULT="OK" RUN="00007"/><TEST DATE="2004-08-19" ITERATIONS="3" PLATFORM="win32" RESULT="OK" RUN="00006"/><TEST DATE="2004-07-15" ITERATIONS="3" PLATFORM="win32" RESULT="OK" RUN="00005"/><TEST DATE="2004-06-05" ITERATIONS="3" PLATFORM="win32" RESULT="OK" RUN="00004"/><TEST DATE="2004-06-03" ITERATIONS="1" PLATFORM="win32" RESULT="OK" RUN="00003"/><TEST DATE="2004-06-03" ITERATIONS="1" PLATFORM="win32" RESULT="OK" RUN="00002"/></FILE><FILE directory="reference" name="exampletable3.py"><TEST DATE="2004-08-21" ITERATIONS="3" PLATFORM="linux2" RESULT="OK" RUN="00013"/><TEST DATE="2004-08-21" ITERATIONS="3" PLATFORM="win32" RESULT="OK" RUN="00012"/><TEST DATE="2004-08-20" ITERATIONS="3" PLATFORM="win32" RESULT="OK" RUN="00011"/><TEST DATE="2004-08-20" ITERATIONS="3" PLATFORM="win32" RESULT="OK" RUN="00010"/><TEST DATE="2004-08-19" ITERATIONS="3" PLATFORM="win32" RESULT="OK" RUN="00009"/><TEST DATE="2004-08-19" ITERATIONS="3" PLATFORM="win32" RESULT="OK" RUN="00008"/><TEST DATE="2004-08-19" ITERATIONS="3" PLATFORM="win32" RESULT="OK" RUN="00007"/><TEST DATE="2004-08-19" ITERATIONS="3" PLATFORM="win32" RESULT="OK" RUN="00006"/><TEST DATE="2004-07-15" ITERATIONS="3" PLATFORM="win32" RESULT="OK" RUN="00005"/><TEST DATE="2004-06-05" ITERATIONS="3" PLATFORM="win32" RESULT="OK" RUN="00004"/><TEST DATE="2004-06-03" ITERATIONS="1" PLATFORM="win32" RESULT="OK" RUN="00003"/><TEST DATE="2004-06-03" ITERATIONS="1" PLATFORM="win32" RESULT="OK" RUN="00002"/></FILE><FILE directory="reference" name="exampletable4.py"><TEST DATE="2004-08-21" ITERATIONS="3" PLATFORM="linux2" RESULT="OK" RUN="00013"/><TEST DATE="2004-08-21" ITERATIONS="3" PLATFORM="win32" RESULT="OK" RUN="00012"/><TEST DATE="2004-08-20" ITERATIONS="3" PLATFORM="win32" RESULT="OK" RUN="00011"/><TEST DATE="2004-08-20" ITERATIONS="3" PLATFORM="win32" RESULT="OK" RUN="00010"/><TEST DATE="2004-08-19" ITERATIONS="3" PLATFORM="win32" RESULT="OK" RUN="00009"/><TEST DATE="2004-08-19" ITERATIONS="3" PLATFORM="win32" RESULT="OK" RUN="00008"/><TEST DATE="2004-08-19" ITERATIONS="3" PLATFORM="win32" RESULT="OK" RUN="00007"/><TEST DATE="2004-08-19" ITERATIONS="3" PLATFORM="win32" RESULT="OK" RUN="00006"/><TEST DATE="2004-07-15" ITERATIONS="3" PLATFORM="win32" RESULT="OK" RUN="00005"/><TEST DATE="2004-06-05" ITERATIONS="3" PLATFORM="win32" RESULT="OK" RUN="00004"/><TEST DATE="2004-06-03" ITERATIONS="1" PLATFORM="win32" RESULT="OK" RUN="00003"/><TEST DATE="2004-06-03" ITERATIONS="1" PLATFORM="win32" RESULT="OK" RUN="00002"/></FILE><FILE directory="reference" name="exampletable5.py"><TEST DATE="2004-08-21" ITERATIONS="3" PLATFORM="linux2" RESULT="OK" RUN="00013"/><TEST DATE="2004-08-21" ITERATIONS="3" PLATFORM="win32" RESULT="OK" RUN="00012"/><TEST DATE="2004-08-20" ITERATIONS="3" PLATFORM="win32" RESULT="OK" RUN="00011"/><TEST DATE="2004-08-20" ITERATIONS="3" PLATFORM="win32" RESULT="OK" RUN="00010"/><TEST DATE="2004-08-19" ITERATIONS="3" PLATFORM="win32" RESULT="OK" RUN="00009"/><TEST DATE="2004-08-19" ITERATIONS="3" PLATFORM="win32" RESULT="OK" RUN="00008"/><TEST DATE="2004-08-19" ITERATIONS="3" PLATFORM="win32" RESULT="OK" RUN="00007"/><TEST DATE="2004-08-19" ITERATIONS="3" PLATFORM="win32" RESULT="OK" RUN="00006"/><TEST DATE="2004-07-15" ITERATIONS="3" PLATFORM="win32" RESULT="OK" RUN="00005"/><TEST DATE="2004-06-05" ITERATIONS="3" PLATFORM="win32" RESULT="OK" RUN="00004"/><TEST DATE="2004-06-03" ITERATIONS="1" PLATFORM="win32" RESULT="OK" RUN="00003"/><TEST DATE="2004-06-03" ITERATIONS="1" PLATFORM="win32" RESULT="OK" RUN="00002"/></FILE><FILE directory="reference" name="exampletable_merge.py"><TEST DATE="2004-08-26" ITERATIONS="3" PLATFORM="win32" RESULT="random" RUN="00027"/><TEST DATE="2004-08-26" ITERATIONS="3" PLATFORM="win32" RESULT="random" RUN="00026"/><TEST DATE="2004-08-26" ITERATIONS="3" PLATFORM="win32" RESULT="random" RUN="00025"/><TEST DATE="2004-08-26" ITERATIONS="3" PLATFORM="win32" RESULT="" RUN="00024"/><TEST DATE="2004-08-26" ITERATIONS="3" PLATFORM="win32" RESULT="" RUN="00023"/><TEST DATE="2004-08-26" ITERATIONS="3" PLATFORM="win32" RESULT="" RUN="00022"/><TEST DATE="2004-08-26" ITERATIONS="3" PLATFORM="win32" RESULT="" RUN="00021"/><TEST DATE="2004-08-26" ITERATIONS="3" PLATFORM="win32" RESULT="" RUN="00020"/><TEST DATE="2004-08-26" ITERATIONS="3" PLATFORM="win32" RESULT="" RUN="00019"/><TEST DATE="2004-08-26" ITERATIONS="3" PLATFORM="win32" RESULT="" RUN="00018"/><TEST DATE="2004-08-26" ITERATIONS="3" PLATFORM="win32" RESULT="" RUN="00017"/><TEST DATE="2004-08-26" ITERATIONS="3" PLATFORM="win32" RESULT="" RUN="00016"/><TEST DATE="2004-08-26" ITERATIONS="3" PLATFORM="win32" RESULT="random" RUN="00015"/><TEST DATE="2004-08-26" ITERATIONS="3" PLATFORM="win32" RESULT="random" RUN="00014"/><TEST DATE="2004-08-21" ITERATIONS="3" PLATFORM="linux2" RESULT="random" RUN="00013"/><TEST DATE="2004-08-21" ITERATIONS="3" PLATFORM="win32" RESULT="random" RUN="00012"/><TEST DATE="2004-08-20" ITERATIONS="3" PLATFORM="win32" RESULT="random" RUN="00011"/><TEST DATE="2004-08-20" ITERATIONS="3" PLATFORM="win32" RESULT="random" RUN="00010"/><TEST DATE="2004-08-19" ITERATIONS="3" PLATFORM="win32" RESULT="random" RUN="00009"/><TEST DATE="2004-08-19" ITERATIONS="3" PLATFORM="win32" RESULT="random" RUN="00008"/><TEST DATE="2004-08-19" ITERATIONS="3" PLATFORM="win32" RESULT="random" RUN="00007"/><TEST DATE="2004-08-19" ITERATIONS="3" PLATFORM="win32" RESULT="random" RUN="00006"/><TEST DATE="2004-07-15" ITERATIONS="3" PLATFORM="win32" RESULT="random" RUN="00005"/><TEST DATE="2004-06-05" ITERATIONS="3" PLATFORM="win32" RESULT="random" RUN="00004"/><TEST DATE="2004-06-03" ITERATIONS="1" PLATFORM="win32" RESULT="OK" RUN="00003"/><TEST DATE="2004-06-03" ITERATIONS="1" PLATFORM="win32" RESULT="OK" RUN="00002"/></FILE><FILE directory="reference" name="filter.py"><TEST DATE="2004-08-21" ITERATIONS="3" PLATFORM="linux2" RESULT="OK" RUN="00013"/><TEST DATE="2004-08-21" ITERATIONS="3" PLATFORM="win32" RESULT="OK" RUN="00012"/><TEST DATE="2004-08-20" ITERATIONS="3" PLATFORM="win32" RESULT="OK" RUN="00011"/><TEST DATE="2004-08-20" ITERATIONS="3" PLATFORM="win32" RESULT="OK" RUN="00010"/><TEST DATE="2004-08-19" ITERATIONS="3" PLATFORM="win32" RESULT="OK" RUN="00009"/><TEST DATE="2004-08-19" ITERATIONS="3" PLATFORM="win32" RESULT="OK" RUN="00008"/><TEST DATE="2004-08-19" ITERATIONS="3" PLATFORM="win32" RESULT="OK" RUN="00007"/><TEST DATE="2004-08-19" ITERATIONS="3" PLATFORM="win32" RESULT="OK" RUN="00006"/><TEST DATE="2004-07-15" ITERATIONS="3" PLATFORM="win32" RESULT="OK" RUN="00005"/><TEST DATE="2004-06-05" ITERATIONS="3" PLATFORM="win32" RESULT="OK" RUN="00004"/><TEST DATE="2004-06-03" ITERATIONS="1" PLATFORM="win32" RESULT="OK" RUN="00003"/><TEST DATE="2004-06-03" ITERATIONS="1" PLATFORM="win32" RESULT="OK" RUN="00002"/></FILE><FILE directory="reference" name="findnearest.py"><TEST DATE="2004-08-21" ITERATIONS="3" PLATFORM="linux2" RESULT="OK" RUN="00013"/><TEST DATE="2004-08-21" ITERATIONS="3" PLATFORM="win32" RESULT="OK" RUN="00012"/><TEST DATE="2004-08-20" ITERATIONS="3" PLATFORM="win32" RESULT="OK" RUN="00011"/><TEST DATE="2004-08-20" ITERATIONS="3" PLATFORM="win32" RESULT="OK" RUN="00010"/><TEST DATE="2004-08-19" ITERATIONS="3" PLATFORM="win32" RESULT="OK" RUN="00009"/><TEST DATE="2004-08-19" ITERATIONS="3" PLATFORM="win32" RESULT="OK" RUN="00008"/><TEST DATE="2004-08-19" ITERATIONS="3" PLATFORM="win32" RESULT="OK" RUN="00007"/><TEST DATE="2004-08-19" ITERATIONS="3" PLATFORM="win32" RESULT="OK" RUN="00006"/><TEST DATE="2004-07-15" ITERATIONS="3" PLATFORM="win32" RESULT="OK" RUN="00005"/><TEST DATE="2004-06-05" ITERATIONS="3" PLATFORM="win32" RESULT="OK" RUN="00004"/><TEST DATE="2004-06-03" ITERATIONS="1" PLATFORM="win32" RESULT="OK" RUN="00003"/><TEST DATE="2004-06-03" ITERATIONS="1" PLATFORM="win32" RESULT="OK" RUN="00002"/></FILE><FILE directory="reference" name="knnlearner.py"><TEST DATE="2004-08-26" ITERATIONS="3" PLATFORM="win32" RESULT="OK" RUN="00014"/><TEST DATE="2004-08-21" ITERATIONS="3" PLATFORM="linux2" RESULT="changed" RUN="00013"/><TEST DATE="2004-08-21" ITERATIONS="3" PLATFORM="win32" RESULT="changed" RUN="00012"/><TEST DATE="2004-08-20" ITERATIONS="3" PLATFORM="win32" RESULT="changed" RUN="00011"/><TEST DATE="2004-08-20" ITERATIONS="3" PLATFORM="win32" RESULT="changed" RUN="00010"/><TEST DATE="2004-08-19" ITERATIONS="3" PLATFORM="win32" RESULT="changed" RUN="00009"/><TEST DATE="2004-08-19" ITERATIONS="3" PLATFORM="win32" RESULT="changed" RUN="00008"/><TEST DATE="2004-08-19" ITERATIONS="3" PLATFORM="win32" RESULT="changed" RUN="00007"/><TEST DATE="2004-08-19" ITERATIONS="3" PLATFORM="win32" RESULT="changed" RUN="00006"/><TEST DATE="2004-07-15" ITERATIONS="3" PLATFORM="win32" RESULT="OK" RUN="00005"/><TEST DATE="2004-06-05" ITERATIONS="3" PLATFORM="win32" RESULT="OK" RUN="00004"/><TEST DATE="2004-06-03" ITERATIONS="1" PLATFORM="win32" RESULT="OK" RUN="00003"/><TEST DATE="2004-06-03" ITERATIONS="1" PLATFORM="win32" RESULT="OK" RUN="00002"/></FILE><FILE directory="reference" name="majority.py"><TEST DATE="2004-08-21" ITERATIONS="3" PLATFORM="linux2" RESULT="OK" RUN="00013"/><TEST DATE="2004-08-21" ITERATIONS="3" PLATFORM="win32" RESULT="OK" RUN="00012"/><TEST DATE="2004-08-20" ITERATIONS="3" PLATFORM="win32" RESULT="OK" RUN="00011"/><TEST DATE="2004-08-20" ITERATIONS="3" PLATFORM="win32" RESULT="OK" RUN="00010"/><TEST DATE="2004-08-19" ITERATIONS="3" PLATFORM="win32" RESULT="OK" RUN="00009"/><TEST DATE="2004-08-19" ITERATIONS="3" PLATFORM="win32" RESULT="OK" RUN="00008"/><TEST DATE="2004-08-19" ITERATIONS="3" PLATFORM="win32" RESULT="OK" RUN="00007"/><TEST DATE="2004-08-19" ITERATIONS="3" PLATFORM="win32" RESULT="OK" RUN="00006"/><TEST DATE="2004-07-15" ITERATIONS="3" PLATFORM="win32" RESULT="OK" RUN="00005"/><TEST DATE="2004-06-05" ITERATIONS="3" PLATFORM="win32" RESULT="OK" RUN="00004"/><TEST DATE="2004-06-03" ITERATIONS="1" PLATFORM="win32" RESULT="OK" RUN="00003"/><TEST DATE="2004-06-03" ITERATIONS="1" PLATFORM="win32" RESULT="OK" RUN="00002"/></FILE><FILE directory="reference" name="output.py"><TEST DATE="2004-08-21" ITERATIONS="3" PLATFORM="linux2" RESULT="OK" RUN="00013"/><TEST DATE="2004-08-21" ITERATIONS="3" PLATFORM="win32" RESULT="OK" RUN="00012"/><TEST DATE="2004-08-20" ITERATIONS="3" PLATFORM="win32" RESULT="OK" RUN="00011"/><TEST DATE="2004-08-20" ITERATIONS="3" PLATFORM="win32" RESULT="OK" RUN="00010"/><TEST DATE="2004-08-19" ITERATIONS="3" PLATFORM="win32" RESULT="OK" RUN="00009"/><TEST DATE="2004-08-19" ITERATIONS="3" PLATFORM="win32" RESULT="OK" RUN="00008"/><TEST DATE="2004-08-19" ITERATIONS="3" PLATFORM="win32" RESULT="OK" RUN="00007"/><TEST DATE="2004-08-19" ITERATIONS="3" PLATFORM="win32" RESULT="OK" RUN="00006"/><TEST DATE="2004-07-15" ITERATIONS="3" PLATFORM="win32" RESULT="OK" RUN="00005"/><TEST DATE="2004-06-05" ITERATIONS="3" PLATFORM="win32" RESULT="OK" RUN="00004"/><TEST DATE="2004-06-03" ITERATIONS="1" PLATFORM="win32" RESULT="OK" RUN="00003"/><TEST DATE="2004-06-03" ITERATIONS="1" PLATFORM="win32" RESULT="OK" RUN="00002"/></FILE><FILE directory="reference" name="pp-attributes.py"><TEST DATE="2004-08-21" ITERATIONS="3" PLATFORM="linux2" RESULT="OK" RUN="00013"/><TEST DATE="2004-08-21" ITERATIONS="3" PLATFORM="win32" RESULT="OK" RUN="00012"/><TEST DATE="2004-08-20" ITERATIONS="3" PLATFORM="win32" RESULT="OK" RUN="00011"/><TEST DATE="2004-08-20" ITERATIONS="3" PLATFORM="win32" RESULT="OK" RUN="00010"/><TEST DATE="2004-08-19" ITERATIONS="3" PLATFORM="win32" RESULT="OK" RUN="00009"/><TEST DATE="2004-08-19" ITERATIONS="3" PLATFORM="win32" RESULT="OK" RUN="00008"/><TEST DATE="2004-08-19" ITERATIONS="3" PLATFORM="win32" RESULT="OK" RUN="00007"/><TEST DATE="2004-08-19" ITERATIONS="3" PLATFORM="win32" RESULT="OK" RUN="00006"/><TEST DATE="2004-07-15" ITERATIONS="3" PLATFORM="win32" RESULT="OK" RUN="00005"/><TEST DATE="2004-06-05" ITERATIONS="3" PLATFORM="win32" RESULT="OK" RUN="00004"/><TEST DATE="2004-06-03" ITERATIONS="1" PLATFORM="win32" RESULT="OK" RUN="00003"/><TEST DATE="2004-06-03" ITERATIONS="1" PLATFORM="win32" RESULT="OK" RUN="00002"/></FILE><FILE directory="reference" name="pp-censoring.py"><TEST DATE="2004-08-21" ITERATIONS="3" PLATFORM="linux2" RESULT="OK" RUN="00013"/><TEST DATE="2004-08-21" ITERATIONS="3" PLATFORM="win32" RESULT="OK" RUN="00012"/><TEST DATE="2004-08-20" ITERATIONS="3" PLATFORM="win32" RESULT="OK" RUN="00011"/><TEST DATE="2004-08-20" ITERATIONS="3" PLATFORM="win32" RESULT="OK" RUN="00010"/><TEST DATE="2004-08-19" ITERATIONS="3" PLATFORM="win32" RESULT="OK" RUN="00009"/><TEST DATE="2004-08-19" ITERATIONS="3" PLATFORM="win32" RESULT="OK" RUN="00008"/><TEST DATE="2004-08-19" ITERATIONS="3" PLATFORM="win32" RESULT="OK" RUN="00007"/><TEST DATE="2004-08-19" ITERATIONS="3" PLATFORM="win32" RESULT="OK" RUN="00006"/><TEST DATE="2004-07-15" ITERATIONS="3" PLATFORM="win32" RESULT="OK" RUN="00005"/><TEST DATE="2004-06-05" ITERATIONS="3" PLATFORM="win32" RESULT="OK" RUN="00004"/><TEST DATE="2004-06-03" ITERATIONS="1" PLATFORM="win32" RESULT="OK" RUN="00003"/><TEST DATE="2004-06-03" ITERATIONS="1" PLATFORM="win32" RESULT="OK" RUN="00002"/></FILE><FILE directory="reference" name="pp-discretization.py"><TEST DATE="2004-08-21" ITERATIONS="3" PLATFORM="linux2" RESULT="OK" RUN="00013"/><TEST DATE="2004-08-21" ITERATIONS="3" PLATFORM="win32" RESULT="OK" RUN="00012"/><TEST DATE="2004-08-20" ITERATIONS="3" PLATFORM="win32" RESULT="OK" RUN="00011"/><TEST DATE="2004-08-20" ITERATIONS="3" PLATFORM="win32" RESULT="OK" RUN="00010"/><TEST DATE="2004-08-19" ITERATIONS="3" PLATFORM="win32" RESULT="OK" RUN="00009"/><TEST DATE="2004-08-19" ITERATIONS="3" PLATFORM="win32" RESULT="OK" RUN="00008"/><TEST DATE="2004-08-19" ITERATIONS="3" PLATFORM="win32" RESULT="OK" RUN="00007"/><TEST DATE="2004-08-19" ITERATIONS="3" PLATFORM="win32" RESULT="OK" RUN="00006"/><TEST DATE="2004-07-15" ITERATIONS="3" PLATFORM="win32" RESULT="OK" RUN="00005"/><TEST DATE="2004-06-05" ITERATIONS="3" PLATFORM="win32" RESULT="OK" RUN="00004"/><TEST DATE="2004-06-03" ITERATIONS="1" PLATFORM="win32" RESULT="OK" RUN="00003"/><TEST DATE="2004-06-03" ITERATIONS="1" PLATFORM="win32" RESULT="OK" RUN="00002"/></FILE><FILE directory="reference" name="pp-duplicates.py"><TEST DATE="2004-08-21" ITERATIONS="3" PLATFORM="linux2" RESULT="OK" RUN="00013"/><TEST DATE="2004-08-21" ITERATIONS="3" PLATFORM="win32" RESULT="OK" RUN="00012"/><TEST DATE="2004-08-20" ITERATIONS="3" PLATFORM="win32" RESULT="OK" RUN="00011"/><TEST DATE="2004-08-20" ITERATIONS="3" PLATFORM="win32" RESULT="OK" RUN="00010"/><TEST DATE="2004-08-19" ITERATIONS="3" PLATFORM="win32" RESULT="OK" RUN="00009"/><TEST DATE="2004-08-19" ITERATIONS="3" PLATFORM="win32" RESULT="OK" RUN="00008"/><TEST DATE="2004-08-19" ITERATIONS="3" PLATFORM="win32" RESULT="OK" RUN="00007"/><TEST DATE="2004-08-19" ITERATIONS="3" PLATFORM="win32" RESULT="OK" RUN="00006"/><TEST DATE="2004-07-15" ITERATIONS="3" PLATFORM="win32" RESULT="OK" RUN="00005"/><TEST DATE="2004-06-05" ITERATIONS="3" PLATFORM="win32" RESULT="OK" RUN="00004"/><TEST DATE="2004-06-03" ITERATIONS="1" PLATFORM="win32" RESULT="OK" RUN="00003"/><TEST DATE="2004-06-03" ITERATIONS="1" PLATFORM="win32" RESULT="OK" RUN="00002"/></FILE><FILE directory="reference" name="pp-missing.py"><TEST DATE="2004-08-21" ITERATIONS="3" PLATFORM="linux2" RESULT="changed" RUN="00013"/><TEST DATE="2004-08-21" ITERATIONS="3" PLATFORM="win32" RESULT="OK" RUN="00012"/><TEST DATE="2004-08-20" ITERATIONS="3" PLATFORM="win32" RESULT="OK" RUN="00011"/><TEST DATE="2004-08-20" ITERATIONS="3" PLATFORM="win32" RESULT="OK" RUN="00010"/><TEST DATE="2004-08-19" ITERATIONS="3" PLATFORM="win32" RESULT="OK" RUN="00009"/><TEST DATE="2004-08-19" ITERATIONS="3" PLATFORM="win32" RESULT="OK" RUN="00008"/><TEST DATE="2004-08-19" ITERATIONS="3" PLATFORM="win32" RESULT="OK" RUN="00007"/><TEST DATE="2004-08-19" ITERATIONS="3" PLATFORM="win32" RESULT="changed" RUN="00006"/><TEST DATE="2004-07-15" ITERATIONS="3" PLATFORM="win32" RESULT="changed" RUN="00005"/><TEST DATE="2004-06-05" ITERATIONS="3" PLATFORM="win32" RESULT="OK" RUN="00004"/><TEST DATE="2004-06-03" ITERATIONS="1" PLATFORM="win32" RESULT="OK" RUN="00003"/><TEST DATE="2004-06-03" ITERATIONS="1" PLATFORM="win32" RESULT="OK" RUN="00002"/></FILE><FILE directory="reference" name="pp-noise.py"><TEST DATE="2004-08-21" ITERATIONS="3" PLATFORM="linux2" RESULT="OK" RUN="00013"/><TEST DATE="2004-08-21" ITERATIONS="3" PLATFORM="win32" RESULT="OK" RUN="00012"/><TEST DATE="2004-08-20" ITERATIONS="3" PLATFORM="win32" RESULT="OK" RUN="00011"/><TEST DATE="2004-08-20" ITERATIONS="3" PLATFORM="win32" RESULT="OK" RUN="00010"/><TEST DATE="2004-08-19" ITERATIONS="3" PLATFORM="win32" RESULT="OK" RUN="00009"/><TEST DATE="2004-08-19" ITERATIONS="3" PLATFORM="win32" RESULT="OK" RUN="00008"/><TEST DATE="2004-08-19" ITERATIONS="3" PLATFORM="win32" RESULT="OK" RUN="00007"/><TEST DATE="2004-08-19" ITERATIONS="3" PLATFORM="win32" RESULT="changed" RUN="00006"/><TEST DATE="2004-07-15" ITERATIONS="3" PLATFORM="win32" RESULT="changed" RUN="00005"/><TEST DATE="2004-06-05" ITERATIONS="3" PLATFORM="win32" RESULT="OK" RUN="00004"/><TEST DATE="2004-06-03" ITERATIONS="1" PLATFORM="win32" RESULT="OK" RUN="00003"/><TEST DATE="2004-06-03" ITERATIONS="1" PLATFORM="win32" RESULT="OK" RUN="00002"/></FILE><FILE directory="reference" name="pp-select.py"><TEST DATE="2004-08-21" ITERATIONS="3" PLATFORM="linux2" RESULT="OK" RUN="00013"/><TEST DATE="2004-08-21" ITERATIONS="3" PLATFORM="win32" RESULT="OK" RUN="00012"/><TEST DATE="2004-08-20" ITERATIONS="3" PLATFORM="win32" RESULT="OK" RUN="00011"/><TEST DATE="2004-08-20" ITERATIONS="3" PLATFORM="win32" RESULT="OK" RUN="00010"/><TEST DATE="2004-08-19" ITERATIONS="3" PLATFORM="win32" RESULT="OK" RUN="00009"/><TEST DATE="2004-08-19" ITERATIONS="3" PLATFORM="win32" RESULT="OK" RUN="00008"/><TEST DATE="2004-08-19" ITERATIONS="3" PLATFORM="win32" RESULT="OK" RUN="00007"/><TEST DATE="2004-08-19" ITERATIONS="3" PLATFORM="win32" RESULT="OK" RUN="00006"/><TEST DATE="2004-07-15" ITERATIONS="3" PLATFORM="win32" RESULT="OK" RUN="00005"/><TEST DATE="2004-06-05" ITERATIONS="3" PLATFORM="win32" RESULT="OK" RUN="00004"/><TEST DATE="2004-06-03" ITERATIONS="1" PLATFORM="win32" RESULT="OK" RUN="00003"/><TEST DATE="2004-06-03" ITERATIONS="1" PLATFORM="win32" RESULT="OK" RUN="00002"/></FILE><FILE directory="reference" name="pp-weights.py"><TEST DATE="2004-08-21" ITERATIONS="3" PLATFORM="linux2" RESULT="OK" RUN="00013"/><TEST DATE="2004-08-21" ITERATIONS="3" PLATFORM="win32" RESULT="OK" RUN="00012"/><TEST DATE="2004-08-20" ITERATIONS="3" PLATFORM="win32" RESULT="OK" RUN="00011"/><TEST DATE="2004-08-20" ITERATIONS="3" PLATFORM="win32" RESULT="OK" RUN="00010"/><TEST DATE="2004-08-19" ITERATIONS="3" PLATFORM="win32" RESULT="OK" RUN="00009"/><TEST DATE="2004-08-19" ITERATIONS="3" PLATFORM="win32" RESULT="OK" RUN="00008"/><TEST DATE="2004-08-19" ITERATIONS="3" PLATFORM="win32" RESULT="OK" RUN="00007"/><TEST DATE="2004-08-19" ITERATIONS="3" PLATFORM="win32" RESULT="OK" RUN="00006"/><TEST DATE="2004-07-15" ITERATIONS="3" PLATFORM="win32" RESULT="OK" RUN="00005"/><TEST DATE="2004-06-05" ITERATIONS="3" PLATFORM="win32" RESULT="OK" RUN="00004"/><TEST DATE="2004-06-03" ITERATIONS="1" PLATFORM="win32" RESULT="OK" RUN="00003"/><TEST DATE="2004-06-03" ITERATIONS="1" PLATFORM="win32" RESULT="OK" RUN="00002"/></FILE><FILE directory="reference" name="randomindices2.py"><TEST DATE="2004-08-21" ITERATIONS="3" PLATFORM="linux2" RESULT="OK" RUN="00013"/><TEST DATE="2004-08-21" ITERATIONS="3" PLATFORM="win32" RESULT="OK" RUN="00012"/><TEST DATE="2004-08-20" ITERATIONS="3" PLATFORM="win32" RESULT="OK" RUN="00011"/><TEST DATE="2004-08-20" ITERATIONS="3" PLATFORM="win32" RESULT="OK" RUN="00010"/><TEST DATE="2004-08-19" ITERATIONS="3" PLATFORM="win32" RESULT="OK" RUN="00009"/><TEST DATE="2004-08-19" ITERATIONS="3" PLATFORM="win32" RESULT="OK" RUN="00008"/><TEST DATE="2004-08-19" ITERATIONS="3" PLATFORM="win32" RESULT="OK" RUN="00007"/><TEST DATE="2004-08-19" ITERATIONS="3" PLATFORM="win32" RESULT="OK" RUN="00006"/><TEST DATE="2004-07-15" ITERATIONS="3" PLATFORM="win32" RESULT="OK" RUN="00005"/><TEST DATE="2004-06-05" ITERATIONS="3" PLATFORM="win32" RESULT="OK" RUN="00004"/><TEST DATE="2004-06-03" ITERATIONS="1" PLATFORM="win32" RESULT="OK" RUN="00003"/><TEST DATE="2004-06-03" ITERATIONS="1" PLATFORM="win32" RESULT="OK" RUN="00002"/></FILE><FILE directory="reference" name="randomindicescv.py"><TEST DATE="2004-08-21" ITERATIONS="3" PLATFORM="linux2" RESULT="OK" RUN="00013"/><TEST DATE="2004-08-21" ITERATIONS="3" PLATFORM="win32" RESULT="OK" RUN="00012"/><TEST DATE="2004-08-20" ITERATIONS="3" PLATFORM="win32" RESULT="OK" RUN="00011"/><TEST DATE="2004-08-20" ITERATIONS="3" PLATFORM="win32" RESULT="OK" RUN="00010"/><TEST DATE="2004-08-19" ITERATIONS="3" PLATFORM="win32" RESULT="OK" RUN="00009"/><TEST DATE="2004-08-19" ITERATIONS="3" PLATFORM="win32" RESULT="OK" RUN="00008"/><TEST DATE="2004-08-19" ITERATIONS="3" PLATFORM="win32" RESULT="OK" RUN="00007"/><TEST DATE="2004-08-19" ITERATIONS="3" PLATFORM="win32" RESULT="OK" RUN="00006"/><TEST DATE="2004-07-15" ITERATIONS="3" PLATFORM="win32" RESULT="OK" RUN="00005"/><TEST DATE="2004-06-05" ITERATIONS="3" PLATFORM="win32" RESULT="OK" RUN="00004"/><TEST DATE="2004-06-03" ITERATIONS="1" PLATFORM="win32" RESULT="OK" RUN="00003"/><TEST DATE="2004-06-03" ITERATIONS="1" PLATFORM="win32" RESULT="OK" RUN="00002"/></FILE><FILE directory="reference" name="randomindicesn.py"><TEST DATE="2004-08-21" ITERATIONS="3" PLATFORM="linux2" RESULT="OK" RUN="00013"/><TEST DATE="2004-08-21" ITERATIONS="3" PLATFORM="win32" RESULT="OK" RUN="00012"/><TEST DATE="2004-08-20" ITERATIONS="3" PLATFORM="win32" RESULT="OK" RUN="00011"/><TEST DATE="2004-08-20" ITERATIONS="3" PLATFORM="win32" RESULT="OK" RUN="00010"/><TEST DATE="2004-08-19" ITERATIONS="3" PLATFORM="win32" RESULT="OK" RUN="00009"/><TEST DATE="2004-08-19" ITERATIONS="3" PLATFORM="win32" RESULT="OK" RUN="00008"/><TEST DATE="2004-08-19" ITERATIONS="3" PLATFORM="win32" RESULT="OK" RUN="00007"/><TEST DATE="2004-08-19" ITERATIONS="3" PLATFORM="win32" RESULT="OK" RUN="00006"/><TEST DATE="2004-07-15" ITERATIONS="3" PLATFORM="win32" RESULT="OK" RUN="00005"/><TEST DATE="2004-06-05" ITERATIONS="3" PLATFORM="win32" RESULT="OK" RUN="00004"/><TEST DATE="2004-06-03" ITERATIONS="1" PLATFORM="win32" RESULT="OK" RUN="00003"/><TEST DATE="2004-06-03" ITERATIONS="1" PLATFORM="win32" RESULT="OK" RUN="00002"/></FILE><FILE directory="reference" name="subsetsgenerators.py"><TEST DATE="2004-08-21" ITERATIONS="3" PLATFORM="linux2" RESULT="OK" RUN="00013"/><TEST DATE="2004-08-21" ITERATIONS="3" PLATFORM="win32" RESULT="OK" RUN="00012"/><TEST DATE="2004-08-20" ITERATIONS="3" PLATFORM="win32" RESULT="OK" RUN="00011"/><TEST DATE="2004-08-20" ITERATIONS="3" PLATFORM="win32" RESULT="OK" RUN="00010"/><TEST DATE="2004-08-19" ITERATIONS="3" PLATFORM="win32" RESULT="OK" RUN="00009"/><TEST DATE="2004-08-19" ITERATIONS="3" PLATFORM="win32" RESULT="OK" RUN="00008"/><TEST DATE="2004-08-19" ITERATIONS="3" PLATFORM="win32" RESULT="OK" RUN="00007"/><TEST DATE="2004-08-19" ITERATIONS="3" PLATFORM="win32" RESULT="OK" RUN="00006"/><TEST DATE="2004-07-15" ITERATIONS="3" PLATFORM="win32" RESULT="OK" RUN="00005"/><TEST DATE="2004-06-05" ITERATIONS="3" PLATFORM="win32" RESULT="OK" RUN="00004"/><TEST DATE="2004-06-03" ITERATIONS="1" PLATFORM="win32" RESULT="OK" RUN="00003"/><TEST DATE="2004-06-03" ITERATIONS="1" PLATFORM="win32" RESULT="OK" RUN="00002"/></FILE><FILE directory="reference" name="symmatrix.py"><TEST DATE="2004-08-21" ITERATIONS="3" PLATFORM="linux2" RESULT="OK" RUN="00013"/><TEST DATE="2004-08-21" ITERATIONS="3" PLATFORM="win32" RESULT="OK" RUN="00012"/><TEST DATE="2004-08-20" ITERATIONS="3" PLATFORM="win32" RESULT="OK" RUN="00011"/><TEST DATE="2004-08-20" ITERATIONS="3" PLATFORM="win32" RESULT="OK" RUN="00010"/><TEST DATE="2004-08-19" ITERATIONS="3" PLATFORM="win32" RESULT="OK" RUN="00009"/><TEST DATE="2004-08-19" ITERATIONS="3" PLATFORM="win32" RESULT="OK" RUN="00008"/><TEST DATE="2004-08-19" ITERATIONS="3" PLATFORM="win32" RESULT="OK" RUN="00007"/><TEST DATE="2004-08-19" ITERATIONS="3" PLATFORM="win32" RESULT="OK" RUN="00006"/><TEST DATE="2004-07-15" ITERATIONS="3" PLATFORM="win32" RESULT="OK" RUN="00005"/><TEST DATE="2004-06-05" ITERATIONS="3" PLATFORM="win32" RESULT="OK" RUN="00004"/><TEST DATE="2004-06-03" ITERATIONS="1" PLATFORM="win32" RESULT="OK" RUN="00003"/><TEST DATE="2004-06-03" ITERATIONS="1" PLATFORM="win32" RESULT="OK" RUN="00002"/></FILE><FILE directory="reference" name="transformvalue-d2c.py"><TEST DATE="2004-08-21" ITERATIONS="3" PLATFORM="linux2" RESULT="OK" RUN="00013"/><TEST DATE="2004-08-21" ITERATIONS="3" PLATFORM="win32" RESULT="OK" RUN="00012"/><TEST DATE="2004-08-20" ITERATIONS="3" PLATFORM="win32" RESULT="OK" RUN="00011"/><TEST DATE="2004-08-20" ITERATIONS="3" PLATFORM="win32" RESULT="OK" RUN="00010"/><TEST DATE="2004-08-19" ITERATIONS="3" PLATFORM="win32" RESULT="OK" RUN="00009"/><TEST DATE="2004-08-19" ITERATIONS="3" PLATFORM="win32" RESULT="OK" RUN="00008"/><TEST DATE="2004-08-19" ITERATIONS="3" PLATFORM="win32" RESULT="OK" RUN="00007"/><TEST DATE="2004-08-19" ITERATIONS="3" PLATFORM="win32" RESULT="OK" RUN="00006"/><TEST DATE="2004-07-15" ITERATIONS="3" PLATFORM="win32" RESULT="OK" RUN="00005"/><TEST DATE="2004-06-05" ITERATIONS="3" PLATFORM="win32" RESULT="OK" RUN="00004"/><TEST DATE="2004-06-03" ITERATIONS="1" PLATFORM="win32" RESULT="OK" RUN="00003"/><TEST DATE="2004-06-03" ITERATIONS="1" PLATFORM="win32" RESULT="OK" RUN="00002"/></FILE><FILE directory="reference" name="transformvalue-domain.py"><TEST DATE="2004-08-21" ITERATIONS="3" PLATFORM="linux2" RESULT="OK" RUN="00013"/><TEST DATE="2004-08-21" ITERATIONS="3" PLATFORM="win32" RESULT="OK" RUN="00012"/><TEST DATE="2004-08-20" ITERATIONS="3" PLATFORM="win32" RESULT="OK" RUN="00011"/><TEST DATE="2004-08-20" ITERATIONS="3" PLATFORM="win32" RESULT="OK" RUN="00010"/><TEST DATE="2004-08-19" ITERATIONS="3" PLATFORM="win32" RESULT="OK" RUN="00009"/><TEST DATE="2004-08-19" ITERATIONS="3" PLATFORM="win32" RESULT="OK" RUN="00008"/><TEST DATE="2004-08-19" ITERATIONS="3" PLATFORM="win32" RESULT="OK" RUN="00007"/><TEST DATE="2004-08-19" ITERATIONS="3" PLATFORM="win32" RESULT="OK" RUN="00006"/><TEST DATE="2004-07-15" ITERATIONS="3" PLATFORM="win32" RESULT="OK" RUN="00005"/><TEST DATE="2004-06-05" ITERATIONS="3" PLATFORM="win32" RESULT="OK" RUN="00004"/><TEST DATE="2004-06-03" ITERATIONS="1" PLATFORM="win32" RESULT="OK" RUN="00003"/><TEST DATE="2004-06-03" ITERATIONS="1" PLATFORM="win32" RESULT="OK" RUN="00002"/></FILE><FILE directory="reference" name="transformvalue-miv.py"><TEST DATE="2004-08-21" ITERATIONS="3" PLATFORM="linux2" RESULT="OK" RUN="00013"/><TEST DATE="2004-08-21" ITERATIONS="3" PLATFORM="win32" RESULT="OK" RUN="00012"/><TEST DATE="2004-08-20" ITERATIONS="3" PLATFORM="win32" RESULT="OK" RUN="00011"/><TEST DATE="2004-08-20" ITERATIONS="3" PLATFORM="win32" RESULT="OK" RUN="00010"/><TEST DATE="2004-08-19" ITERATIONS="3" PLATFORM="win32" RESULT="OK" RUN="00009"/><TEST DATE="2004-08-19" ITERATIONS="3" PLATFORM="win32" RESULT="OK" RUN="00008"/><TEST DATE="2004-08-19" ITERATIONS="3" PLATFORM="win32" RESULT="OK" RUN="00007"/><TEST DATE="2004-08-19" ITERATIONS="3" PLATFORM="win32" RESULT="OK" RUN="00006"/><TEST DATE="2004-07-15" ITERATIONS="3" PLATFORM="win32" RESULT="OK" RUN="00005"/><TEST DATE="2004-06-05" ITERATIONS="3" PLATFORM="win32" RESULT="OK" RUN="00004"/><TEST DATE="2004-06-03" ITERATIONS="1" PLATFORM="win32" RESULT="OK" RUN="00003"/><TEST DATE="2004-06-03" ITERATIONS="1" PLATFORM="win32" RESULT="OK" RUN="00002"/></FILE><FILE directory="reference" name="transformvalue-nc.py"><TEST DATE="2004-08-21" ITERATIONS="3" PLATFORM="linux2" RESULT="OK" RUN="00013"/><TEST DATE="2004-08-21" ITERATIONS="3" PLATFORM="win32" RESULT="OK" RUN="00012"/><TEST DATE="2004-08-20" ITERATIONS="3" PLATFORM="win32" RESULT="OK" RUN="00011"/><TEST DATE="2004-08-20" ITERATIONS="3" PLATFORM="win32" RESULT="OK" RUN="00010"/><TEST DATE="2004-08-19" ITERATIONS="3" PLATFORM="win32" RESULT="OK" RUN="00009"/><TEST DATE="2004-08-19" ITERATIONS="3" PLATFORM="win32" RESULT="OK" RUN="00008"/><TEST DATE="2004-08-19" ITERATIONS="3" PLATFORM="win32" RESULT="OK" RUN="00007"/><TEST DATE="2004-08-19" ITERATIONS="3" PLATFORM="win32" RESULT="OK" RUN="00006"/><TEST DATE="2004-07-15" ITERATIONS="3" PLATFORM="win32" RESULT="OK" RUN="00005"/><TEST DATE="2004-06-05" ITERATIONS="3" PLATFORM="win32" RESULT="OK" RUN="00004"/><TEST DATE="2004-06-03" ITERATIONS="1" PLATFORM="win32" RESULT="OK" RUN="00003"/><TEST DATE="2004-06-03" ITERATIONS="1" PLATFORM="win32" RESULT="OK" RUN="00002"/></FILE><FILE directory="reference" name="transformvalue-o2c.py"><TEST DATE="2004-08-21" ITERATIONS="3" PLATFORM="linux2" RESULT="OK" RUN="00013"/><TEST DATE="2004-08-21" ITERATIONS="3" PLATFORM="win32" RESULT="OK" RUN="00012"/><TEST DATE="2004-08-20" ITERATIONS="3" PLATFORM="win32" RESULT="OK" RUN="00011"/><TEST DATE="2004-08-20" ITERATIONS="3" PLATFORM="win32" RESULT="OK" RUN="00010"/><TEST DATE="2004-08-19" ITERATIONS="3" PLATFORM="win32" RESULT="OK" RUN="00009"/><TEST DATE="2004-08-19" ITERATIONS="3" PLATFORM="win32" RESULT="OK" RUN="00008"/><TEST DATE="2004-08-19" ITERATIONS="3" PLATFORM="win32" RESULT="OK" RUN="00007"/><TEST DATE="2004-08-19" ITERATIONS="3" PLATFORM="win32" RESULT="OK" RUN="00006"/><TEST DATE="2004-07-15" ITERATIONS="3" PLATFORM="win32" RESULT="OK" RUN="00005"/><TEST DATE="2004-06-05" ITERATIONS="3" PLATFORM="win32" RESULT="OK" RUN="00004"/><TEST DATE="2004-06-03" ITERATIONS="1" PLATFORM="win32" RESULT="OK" RUN="00003"/><TEST DATE="2004-06-03" ITERATIONS="1" PLATFORM="win32" RESULT="OK" RUN="00002"/></FILE><FILE directory="reference" name="treelearner.py"><TEST DATE="2004-08-21" ITERATIONS="3" PLATFORM="linux2" RESULT="OK" RUN="00013"/><TEST DATE="2004-08-21" ITERATIONS="3" PLATFORM="win32" RESULT="OK" RUN="00012"/><TEST DATE="2004-08-20" ITERATIONS="3" PLATFORM="win32" RESULT="OK" RUN="00011"/><TEST DATE="2004-08-20" ITERATIONS="3" PLATFORM="win32" RESULT="OK" RUN="00010"/><TEST DATE="2004-08-19" ITERATIONS="3" PLATFORM="win32" RESULT="OK" RUN="00009"/><TEST DATE="2004-08-19" ITERATIONS="3" PLATFORM="win32" RESULT="OK" RUN="00008"/><TEST DATE="2004-08-19" ITERATIONS="3" PLATFORM="win32" RESULT="OK" RUN="00007"/><TEST DATE="2004-08-19" ITERATIONS="3" PLATFORM="win32" RESULT="OK" RUN="00006"/><TEST DATE="2004-07-15" ITERATIONS="3" PLATFORM="win32" RESULT="OK" RUN="00005"/><TEST DATE="2004-06-05" ITERATIONS="3" PLATFORM="win32" RESULT="OK" RUN="00004"/><TEST DATE="2004-06-03" ITERATIONS="1" PLATFORM="win32" RESULT="OK" RUN="00003"/><TEST DATE="2004-06-03" ITERATIONS="1" PLATFORM="win32" RESULT="OK" RUN="00002"/></FILE><FILE directory="reference" name="treestructure.py"><TEST DATE="2004-08-21" ITERATIONS="3" PLATFORM="linux2" RESULT="OK" RUN="00013"/><TEST DATE="2004-08-21" ITERATIONS="3" PLATFORM="win32" RESULT="OK" RUN="00012"/><TEST DATE="2004-08-20" ITERATIONS="3" PLATFORM="win32" RESULT="OK" RUN="00011"/><TEST DATE="2004-08-20" ITERATIONS="3" PLATFORM="win32" RESULT="OK" RUN="00010"/><TEST DATE="2004-08-19" ITERATIONS="3" PLATFORM="win32" RESULT="OK" RUN="00009"/><TEST DATE="2004-08-19" ITERATIONS="3" PLATFORM="win32" RESULT="OK" RUN="00008"/><TEST DATE="2004-08-19" ITERATIONS="3" PLATFORM="win32" RESULT="OK" RUN="00007"/><TEST DATE="2004-08-19" ITERATIONS="3" PLATFORM="win32" RESULT="OK" RUN="00006"/><TEST DATE="2004-07-15" ITERATIONS="3" PLATFORM="win32" RESULT="OK" RUN="00005"/><TEST DATE="2004-06-05" ITERATIONS="3" PLATFORM="win32" RESULT="OK" RUN="00004"/><TEST DATE="2004-06-03" ITERATIONS="1" PLATFORM="win32" RESULT="OK" RUN="00003"/><TEST DATE="2004-06-03" ITERATIONS="1" PLATFORM="win32" RESULT="OK" RUN="00002"/></FILE><FILE directory="reference" name="unusedValues.py"><TEST DATE="2004-08-21" ITERATIONS="3" PLATFORM="linux2" RESULT="OK" RUN="00013"/><TEST DATE="2004-08-21" ITERATIONS="3" PLATFORM="win32" RESULT="OK" RUN="00012"/><TEST DATE="2004-08-20" ITERATIONS="3" PLATFORM="win32" RESULT="OK" RUN="00011"/><TEST DATE="2004-08-20" ITERATIONS="3" PLATFORM="win32" RESULT="OK" RUN="00010"/><TEST DATE="2004-08-19" ITERATIONS="3" PLATFORM="win32" RESULT="OK" RUN="00009"/><TEST DATE="2004-08-19" ITERATIONS="3" PLATFORM="win32" RESULT="OK" RUN="00008"/><TEST DATE="2004-08-19" ITERATIONS="3" PLATFORM="win32" RESULT="OK" RUN="00007"/><TEST DATE="2004-08-19" ITERATIONS="3" PLATFORM="win32" RESULT="OK" RUN="00006"/><TEST DATE="2004-07-15" ITERATIONS="3" PLATFORM="win32" RESULT="OK" RUN="00005"/><TEST DATE="2004-06-05" ITERATIONS="3" PLATFORM="win32" RESULT="OK" RUN="00004"/><TEST DATE="2004-06-03" ITERATIONS="1" PLATFORM="win32" RESULT="OK" RUN="00003"/><TEST DATE="2004-06-03" ITERATIONS="1" PLATFORM="win32" RESULT="OK" RUN="00002"/></FILE><FILE directory="reference" name="values.py"><TEST DATE="2004-08-21" ITERATIONS="3" PLATFORM="linux2" RESULT="OK" RUN="00013"/><TEST DATE="2004-08-21" ITERATIONS="3" PLATFORM="win32" RESULT="OK" RUN="00012"/><TEST DATE="2004-08-20" ITERATIONS="3" PLATFORM="win32" RESULT="OK" RUN="00011"/><TEST DATE="2004-08-20" ITERATIONS="3" PLATFORM="win32" RESULT="OK" RUN="00010"/><TEST DATE="2004-08-19" ITERATIONS="3" PLATFORM="win32" RESULT="OK" RUN="00009"/><TEST DATE="2004-08-19" ITERATIONS="3" PLATFORM="win32" RESULT="OK" RUN="00008"/><TEST DATE="2004-08-19" ITERATIONS="3" PLATFORM="win32" RESULT="OK" RUN="00007"/><TEST DATE="2004-08-19" ITERATIONS="3" PLATFORM="win32" RESULT="OK" RUN="00006"/><TEST DATE="2004-07-15" ITERATIONS="3" PLATFORM="win32" RESULT="OK" RUN="00005"/><TEST DATE="2004-06-05" ITERATIONS="3" PLATFORM="win32" RESULT="OK" RUN="00004"/><TEST DATE="2004-06-03" ITERATIONS="1" PLATFORM="win32" RESULT="OK" RUN="00003"/><TEST DATE="2004-06-03" ITERATIONS="1" PLATFORM="win32" RESULT="OK" RUN="00002"/></FILE><FILE directory="reference" name="variable.py"><TEST DATE="2004-08-21" ITERATIONS="3" PLATFORM="linux2" RESULT="OK" RUN="00013"/><TEST DATE="2004-08-21" ITERATIONS="3" PLATFORM="win32" RESULT="OK" RUN="00012"/><TEST DATE="2004-08-20" ITERATIONS="3" PLATFORM="win32" RESULT="OK" RUN="00011"/><TEST DATE="2004-08-20" ITERATIONS="3" PLATFORM="win32" RESULT="OK" RUN="00010"/><TEST DATE="2004-08-19" ITERATIONS="3" PLATFORM="win32" RESULT="OK" RUN="00009"/><TEST DATE="2004-08-19" ITERATIONS="3" PLATFORM="win32" RESULT="OK" RUN="00008"/><TEST DATE="2004-08-19" ITERATIONS="3" PLATFORM="win32" RESULT="OK" RUN="00007"/><TEST DATE="2004-08-19" ITERATIONS="3" PLATFORM="win32" RESULT="OK" RUN="00006"/><TEST DATE="2004-07-15" ITERATIONS="3" PLATFORM="win32" RESULT="OK" RUN="00005"/><TEST DATE="2004-06-05" ITERATIONS="3" PLATFORM="win32" RESULT="OK" RUN="00004"/><TEST DATE="2004-06-03" ITERATIONS="1" PLATFORM="win32" RESULT="OK" RUN="00003"/><TEST DATE="2004-06-03" ITERATIONS="1" PLATFORM="win32" RESULT="OK" RUN="00002"/></FILE><FILE directory="reference" name="variable2.py"><TEST DATE="2004-08-21" ITERATIONS="3" PLATFORM="linux2" RESULT="OK" RUN="00013"/><TEST DATE="2004-08-21" ITERATIONS="3" PLATFORM="win32" RESULT="OK" RUN="00012"/><TEST DATE="2004-08-20" ITERATIONS="3" PLATFORM="win32" RESULT="OK" RUN="00011"/><TEST DATE="2004-08-20" ITERATIONS="3" PLATFORM="win32" RESULT="OK" RUN="00010"/><TEST DATE="2004-08-19" ITERATIONS="3" PLATFORM="win32" RESULT="OK" RUN="00009"/><TEST DATE="2004-08-19" ITERATIONS="3" PLATFORM="win32" RESULT="OK" RUN="00008"/><TEST DATE="2004-08-19" ITERATIONS="3" PLATFORM="win32" RESULT="OK" RUN="00007"/><TEST DATE="2004-08-19" ITERATIONS="3" PLATFORM="win32" RESULT="OK" RUN="00006"/><TEST DATE="2004-07-15" ITERATIONS="3" PLATFORM="win32" RESULT="OK" RUN="00005"/><TEST DATE="2004-06-05" ITERATIONS="3" PLATFORM="win32" RESULT="OK" RUN="00004"/><TEST DATE="2004-06-03" ITERATIONS="1" PLATFORM="win32" RESULT="OK" RUN="00003"/><TEST DATE="2004-06-03" ITERATIONS="1" PLATFORM="win32" RESULT="OK" RUN="00002"/></FILE><FILE directory="reference" name="filters.py"><TEST DATE="2004-08-21" ITERATIONS="3" PLATFORM="linux2" RESULT="OK" RUN="00013"/><TEST DATE="2004-08-21" ITERATIONS="3" PLATFORM="win32" RESULT="OK" RUN="00012"/><TEST DATE="2004-08-20" ITERATIONS="3" PLATFORM="win32" RESULT="OK" RUN="00011"/><TEST DATE="2004-08-20" ITERATIONS="3" PLATFORM="win32" RESULT="OK" RUN="00010"/><TEST DATE="2004-08-19" ITERATIONS="3" PLATFORM="win32" RESULT="OK" RUN="00009"/><TEST DATE="2004-08-19" ITERATIONS="3" PLATFORM="win32" RESULT="OK" RUN="00008"/><TEST DATE="2004-08-19" ITERATIONS="3" PLATFORM="win32" RESULT="OK" RUN="00007"/><TEST DATE="2004-08-19" ITERATIONS="3" PLATFORM="win32" RESULT="OK" RUN="00006"/></FILE><FILE directory="reference" name="filterv.py"><TEST DATE="2004-08-21" ITERATIONS="3" PLATFORM="linux2" RESULT="OK" RUN="00013"/><TEST DATE="2004-08-21" ITERATIONS="3" PLATFORM="win32" RESULT="OK" RUN="00012"/><TEST DATE="2004-08-20" ITERATIONS="3" PLATFORM="win32" RESULT="OK" RUN="00011"/><TEST DATE="2004-08-20" ITERATIONS="3" PLATFORM="win32" RESULT="OK" RUN="00010"/><TEST DATE="2004-08-19" ITERATIONS="3" PLATFORM="win32" RESULT="OK" RUN="00009"/><TEST DATE="2004-08-19" ITERATIONS="3" PLATFORM="win32" RESULT="OK" RUN="00008"/><TEST DATE="2004-08-19" ITERATIONS="3" PLATFORM="win32" RESULT="OK" RUN="00007"/><TEST DATE="2004-08-19" ITERATIONS="3" PLATFORM="win32" RESULT="OK" RUN="00006"/></FILE><FILE directory="reference" name="hclust.py"><TEST DATE="2004-08-26" ITERATIONS="3" PLATFORM="win32" RESULT="changed" RUN="00027"/><TEST DATE="2004-08-26" ITERATIONS="3" PLATFORM="win32" RESULT="changed" RUN="00026"/><TEST DATE="2004-08-26" ITERATIONS="3" PLATFORM="win32" RESULT="changed" RUN="00025"/><TEST DATE="2004-08-26" ITERATIONS="3" PLATFORM="win32" RESULT="" RUN="00024"/><TEST DATE="2004-08-26" ITERATIONS="3" PLATFORM="win32" RESULT="" RUN="00023"/><TEST DATE="2004-08-26" ITERATIONS="3" PLATFORM="win32" RESULT="" RUN="00022"/><TEST DATE="2004-08-26" ITERATIONS="3" PLATFORM="win32" RESULT="" RUN="00021"/><TEST DATE="2004-08-26" ITERATIONS="3" PLATFORM="win32" RESULT="" RUN="00020"/><TEST DATE="2004-08-26" ITERATIONS="3" PLATFORM="win32" RESULT="" RUN="00019"/><TEST DATE="2004-08-26" ITERATIONS="3" PLATFORM="win32" RESULT="" RUN="00018"/><TEST DATE="2004-08-26" ITERATIONS="3" PLATFORM="win32" RESULT="" RUN="00017"/><TEST DATE="2004-08-26" ITERATIONS="3" PLATFORM="win32" RESULT="" RUN="00016"/><TEST DATE="2004-08-26" ITERATIONS="3" PLATFORM="win32" RESULT="changed" RUN="00015"/><TEST DATE="2004-08-26" ITERATIONS="3" PLATFORM="win32" RESULT="changed" RUN="00014"/><TEST DATE="2004-08-21" ITERATIONS="3" PLATFORM="linux2" RESULT="changed" RUN="00013"/><TEST DATE="2004-08-21" ITERATIONS="3" PLATFORM="win32" RESULT="changed" RUN="00012"/><TEST DATE="2004-08-20" ITERATIONS="3" PLATFORM="win32" RESULT="random" RUN="00011"/><TEST DATE="2004-08-20" ITERATIONS="3" PLATFORM="win32" RESULT="random" RUN="00010"/><TEST DATE="2004-08-19" ITERATIONS="3" PLATFORM="win32" RESULT="changed" RUN="00009"/><TEST DATE="2004-08-19" ITERATIONS="3" PLATFORM="win32" RESULT="changed" RUN="00008"/><TEST DATE="2004-08-19" ITERATIONS="3" PLATFORM="win32" RESULT="changed" RUN="00007"/><TEST DATE="2004-08-19" ITERATIONS="3" PLATFORM="win32" RESULT="OK" RUN="00006"/></FILE><FILE directory="reference" name="hclust_art.py"><TEST DATE="2004-08-21" ITERATIONS="3" PLATFORM="linux2" RESULT="OK" RUN="00013"/><TEST DATE="2004-08-21" ITERATIONS="3" PLATFORM="win32" RESULT="OK" RUN="00012"/><TEST DATE="2004-08-20" ITERATIONS="3" PLATFORM="win32" RESULT="OK" RUN="00011"/><TEST DATE="2004-08-20" ITERATIONS="3" PLATFORM="win32" RESULT="OK" RUN="00010"/><TEST DATE="2004-08-19" ITERATIONS="3" PLATFORM="win32" RESULT="OK" RUN="00009"/><TEST DATE="2004-08-19" ITERATIONS="3" PLATFORM="win32" RESULT="OK" RUN="00008"/><TEST DATE="2004-08-19" ITERATIONS="3" PLATFORM="win32" RESULT="OK" RUN="00007"/><TEST DATE="2004-08-19" ITERATIONS="3" PLATFORM="win32" RESULT="OK" RUN="00006"/></FILE><FILE directory="reference" name="imputation.py"><TEST DATE="2004-08-21" ITERATIONS="3" PLATFORM="linux2" RESULT="OK" RUN="00013"/><TEST DATE="2004-08-21" ITERATIONS="3" PLATFORM="win32" RESULT="OK" RUN="00012"/><TEST DATE="2004-08-20" ITERATIONS="3" PLATFORM="win32" RESULT="OK" RUN="00011"/><TEST DATE="2004-08-20" ITERATIONS="3" PLATFORM="win32" RESULT="OK" RUN="00010"/><TEST DATE="2004-08-19" ITERATIONS="3" PLATFORM="win32" RESULT="OK" RUN="00009"/><TEST DATE="2004-08-19" ITERATIONS="3" PLATFORM="win32" RESULT="OK" RUN="00008"/><TEST DATE="2004-08-19" ITERATIONS="3" PLATFORM="win32" RESULT="OK" RUN="00007"/><TEST DATE="2004-08-19" ITERATIONS="3" PLATFORM="win32" RESULT="OK" RUN="00006"/></FILE><FILE directory="reference" name="pythonvariable1.py"><TEST DATE="2004-08-26" ITERATIONS="3" PLATFORM="win32" RESULT="random" RUN="00027"/><TEST DATE="2004-08-26" ITERATIONS="3" PLATFORM="win32" RESULT="random" RUN="00026"/><TEST DATE="2004-08-26" ITERATIONS="3" PLATFORM="win32" RESULT="random" RUN="00025"/><TEST DATE="2004-08-26" ITERATIONS="3" PLATFORM="win32" RESULT="" RUN="00024"/><TEST DATE="2004-08-26" ITERATIONS="3" PLATFORM="win32" RESULT="" RUN="00023"/><TEST DATE="2004-08-26" ITERATIONS="3" PLATFORM="win32" RESULT="" RUN="00022"/><TEST DATE="2004-08-26" ITERATIONS="3" PLATFORM="win32" RESULT="" RUN="00021"/><TEST DATE="2004-08-26" ITERATIONS="3" PLATFORM="win32" RESULT="" RUN="00020"/><TEST DATE="2004-08-26" ITERATIONS="3" PLATFORM="win32" RESULT="" RUN="00019"/><TEST DATE="2004-08-26" ITERATIONS="3" PLATFORM="win32" RESULT="" RUN="00018"/><TEST DATE="2004-08-26" ITERATIONS="3" PLATFORM="win32" RESULT="" RUN="00017"/><TEST DATE="2004-08-26" ITERATIONS="3" PLATFORM="win32" RESULT="" RUN="00016"/><TEST DATE="2004-08-26" ITERATIONS="3" PLATFORM="win32" RESULT="random" RUN="00015"/><TEST DATE="2004-08-26" ITERATION="0" ITERATIONS="3" PLATFORM="win32" RESULT="error" RUN="00014" xml:space="preserve">Traceback (most recent call last):
  File &quot;../xtest1.py&quot;, line 49, in ?
    execfile(t__name)
  File &quot;pythonvariable1.py&quot;, line 15, in ?
    data[1][&quot;foo&quot;] = &quot;a string&quot;
KernelException: 'orange.PythonVariable': cannot intepret string representations for values of type 'PythonVariable'
</TEST></FILE><FILE directory="reference" name="pythonvariable2a.py"><TEST DATE="2004-08-26" ITERATIONS="3" PLATFORM="win32" RESULT="OK" RUN="00014"/></FILE><FILE directory="reference" name="pythonvariable2b.py"><TEST DATE="2004-08-26" ITERATIONS="3" PLATFORM="win32" RESULT="OK" RUN="00014"/></FILE><FILE directory="reference" name="pythonvariable2c.py"><TEST DATE="2004-08-26" ITERATIONS="3" PLATFORM="win32" RESULT="OK" RUN="00014"/></FILE><FILE directory="reference" name="pythonvariable2d.py"><TEST DATE="2004-08-26" ITERATIONS="3" PLATFORM="win32" RESULT="OK" RUN="00014"/></FILE></FILES></XML>